#
# There is insufficient memory for the Java Runtime Environment to continue.
# Native memory allocation (malloc) failed to allocate 2711648 bytes for Chunk::new
# Possible reasons:
#   The system is out of physical RAM or swap space
#   The process is running with CompressedOops enabled, and the Java Heap may be blocking the growth of the native heap
# Possible solutions:
#   Reduce memory load on the system
#   Increase physical memory or swap space
#   Check if swap backing store is full
#   Decrease Java heap size (-Xmx/-Xms)
#   Decrease number of Java threads
#   Decrease Java thread stack sizes (-Xss)
#   Set larger code cache with -XX:ReservedCodeCacheSize=
#   JVM is running with Unscaled Compressed Oops mode in which the Java heap is
#     placed in the first 4GB address space. The Java Heap base address is the
#     maximum limit for the native heap growth. Please use -XX:HeapBaseMinAddress
#     to set the Java Heap base and to place the Java Heap above 4GB virtual address.
# This output file may be truncated or incomplete.
#
#  Out of Memory Error (arena.cpp:189), pid=27900, tid=28012
#
# JRE version: OpenJDK Runtime Environment OpenLogic-OpenJDK (17.0.5+8) (build 17.0.5+8-adhoc..jdk17u)
# Java VM: OpenJDK 64-Bit Server VM OpenLogic-OpenJDK (17.0.5+8-adhoc..jdk17u, mixed mode, tiered, compressed oops, compressed class ptrs, g1 gc, windows-amd64)
# No core dump will be written. Minidumps are not enabled by default on client versions of Windows
#

---------------  S U M M A R Y ------------

Command Line: -XX:MaxMetaspaceSize=512m --add-opens=java.base/java.util=ALL-UNNAMED --add-opens=java.base/java.lang=ALL-UNNAMED --add-opens=java.base/java.lang.invoke=ALL-UNNAMED --add-opens=java.prefs/java.util.prefs=ALL-UNNAMED --add-opens=java.base/java.nio.charset=ALL-UNNAMED --add-opens=java.base/java.net=ALL-UNNAMED --add-opens=java.base/java.util.concurrent.atomic=ALL-UNNAMED -Xmx2048m -Dfile.encoding=windows-1252 -Duser.country=IN -Duser.language=en -Duser.variant org.gradle.launcher.daemon.bootstrap.GradleDaemon 8.0.1

Host: 11th Gen Intel(R) Core(TM) i5-11300H @ 3.10GHz, 8 cores, 7G,  Windows 11 , 64 bit Build 22621 (10.0.22621.2428)
Time: Mon Nov  6 20:53:16 2023 India Standard Time elapsed time: 115.956573 seconds (0d 0h 1m 55s)

---------------  T H R E A D  ---------------

Current thread (0x000001459c01b320):  JavaThread "C2 CompilerThread0" daemon [_thread_in_native, id=28012, stack(0x0000001b4c100000,0x0000001b4c200000)]


Current CompileTask:
C2: 115956 12073       4       org.gradle.internal.instantiation.generator.AbstractClassGenerator::inspectType (560 bytes)

Stack: [0x0000001b4c100000,0x0000001b4c200000]
Native frames: (J=compiled Java code, j=interpreted, Vv=VM code, C=native code)
V  [jvm.dll+0x677b5a]
V  [jvm.dll+0x832c94]
V  [jvm.dll+0x83443e]
V  [jvm.dll+0x834aa3]
V  [jvm.dll+0x245035]
V  [jvm.dll+0xabd4c]
V  [jvm.dll+0xac31c]
V  [jvm.dll+0x363107]
V  [jvm.dll+0x32d791]
V  [jvm.dll+0x32cc3a]
V  [jvm.dll+0x217f61]
V  [jvm.dll+0x217381]
V  [jvm.dll+0x1a378d]
V  [jvm.dll+0x226d0a]
V  [jvm.dll+0x224e65]
V  [jvm.dll+0x7e861c]
V  [jvm.dll+0x7e2b8a]
V  [jvm.dll+0x676a05]
C  [ucrtbase.dll+0x29363]
C  [KERNEL32.DLL+0x1257d]
C  [ntdll.dll+0x5aa78]


---------------  P R O C E S S  ---------------

Threads class SMR info:
_java_thread_list=0x00000145a2904a10, length=135, elements={
0x00000145ff7624c0, 0x000001459b4355d0, 0x000001459b485510, 0x000001459b49e8f0,
0x000001459c015590, 0x000001459c019e70, 0x000001459c01a730, 0x000001459c01b320,
0x000001459c01bc20, 0x000001459c0a5010, 0x000001459c1c6a80, 0x000001459c1c7f60,
0x000001459cf91c10, 0x000001459d967d10, 0x000001459f819a40, 0x000001459c280b30,
0x000001459c14e1b0, 0x000001459cb445f0, 0x000001459cbebc00, 0x000001459d85dee0,
0x000001459d85da10, 0x000001459d85d540, 0x000001459d85e880, 0x000001459d85d070,
0x000001459ce51210, 0x000001459ce503a0, 0x000001459ce4f530, 0x000001459ce52a20,
0x000001459ce52ef0, 0x000001459ce4fa00, 0x000001459ce53d60, 0x000001459ce51bb0,
0x000001459ce53890, 0x000001459ce533c0, 0x000001459ce4f060, 0x000001459ce563e0,
0x000001459ce54700, 0x000001459ce4fed0, 0x000001459ce54bd0, 0x000001459ce55570,
0x000001459ce55a40, 0x000001459ce55f10, 0x000001459ce568b0, 0x000001459eb88fa0,
0x000001459eb89470, 0x000001459eb85f80, 0x000001459eb86df0, 0x000001459eb86450,
0x000001459eb86920, 0x000001459eb89940, 0x000001459eb872c0, 0x000001459eb87790,
0x000001459eb88130, 0x000001459eb88600, 0x000001459eb88ad0, 0x000001459c5ef370,
0x000001459c5ef840, 0x000001459c5eeea0, 0x000001459c5f0b80, 0x000001459c5f1520,
0x000001459c5efd10, 0x000001459c5ee500, 0x000001459c5ed1c0, 0x000001459c5ee9d0,
0x000001459c5ea1a0, 0x000001459c5ed690, 0x000001459c5eb010, 0x000001459c5f01e0,
0x000001459c5ebe80, 0x000001459c5ec350, 0x000001459c5edb60, 0x000001459c5ea670,
0x00000145a293be70, 0x00000145a293a190, 0x00000145a2939cc0, 0x00000145a293b9a0,
0x00000145a293b4d0, 0x00000145a293e020, 0x00000145a29384b0, 0x00000145a2938980,
0x00000145a293db50, 0x00000145a293a660, 0x00000145a293c340, 0x00000145a293ee90,
0x00000145a293e4f0, 0x00000145a293e9c0, 0x00000145a2939320, 0x00000145a293f360,
0x00000145a2938e50, 0x00000145a293ab30, 0x00000145a29397f0, 0x00000145a293f830,
0x00000145a293fd00, 0x00000145a293b000, 0x00000145a293c810, 0x00000145a293cce0,
0x00000145a293d1b0, 0x00000145a293d680, 0x000001459d85e3b0, 0x00000145a47bf6f0,
0x00000145a47bed50, 0x00000145a47bdee0, 0x00000145a47bfbc0, 0x00000145a47c0090,
0x00000145a47bd540, 0x00000145a47bd070, 0x00000145a47c13d0, 0x00000145a47bc200,
0x00000145a47bb860, 0x00000145a47c0560, 0x00000145a47baec0, 0x00000145a47be880,
0x00000145a47c0a30, 0x00000145a47bbd30, 0x00000145a47c0f00, 0x00000145a47bf220,
0x00000145a47be3b0, 0x00000145a47bc6d0, 0x00000145a47bcba0, 0x00000145a47bda10,
0x00000145a21854d0, 0x00000145a21859a0, 0x00000145a2184b30, 0x00000145a2187b50,
0x00000145a2186ce0, 0x00000145a2185e70, 0x00000145a2186340, 0x00000145a2186810,
0x00000145a2185000, 0x00000145a2188020, 0x00000145a2184660, 0x00000145a21871b0,
0x00000145a2187680, 0x000001459fa87cf0, 0x000001459fa87820
}

Java Threads: ( => current thread )
  0x00000145ff7624c0 JavaThread "main" [_thread_blocked, id=27960, stack(0x0000001b4b400000,0x0000001b4b500000)]
  0x000001459b4355d0 JavaThread "Reference Handler" daemon [_thread_blocked, id=27988, stack(0x0000001b4bb00000,0x0000001b4bc00000)]
  0x000001459b485510 JavaThread "Finalizer" daemon [_thread_blocked, id=27992, stack(0x0000001b4bc00000,0x0000001b4bd00000)]
  0x000001459b49e8f0 JavaThread "Signal Dispatcher" daemon [_thread_blocked, id=27996, stack(0x0000001b4bd00000,0x0000001b4be00000)]
  0x000001459c015590 JavaThread "Attach Listener" daemon [_thread_blocked, id=28000, stack(0x0000001b4be00000,0x0000001b4bf00000)]
  0x000001459c019e70 JavaThread "Service Thread" daemon [_thread_blocked, id=28004, stack(0x0000001b4bf00000,0x0000001b4c000000)]
  0x000001459c01a730 JavaThread "Monitor Deflation Thread" daemon [_thread_blocked, id=28008, stack(0x0000001b4c000000,0x0000001b4c100000)]
=>0x000001459c01b320 JavaThread "C2 CompilerThread0" daemon [_thread_in_native, id=28012, stack(0x0000001b4c100000,0x0000001b4c200000)]
  0x000001459c01bc20 JavaThread "C1 CompilerThread0" daemon [_thread_blocked, id=28016, stack(0x0000001b4c200000,0x0000001b4c300000)]
  0x000001459c0a5010 JavaThread "Sweeper thread" daemon [_thread_blocked, id=28020, stack(0x0000001b4c300000,0x0000001b4c400000)]
  0x000001459c1c6a80 JavaThread "Common-Cleaner" daemon [_thread_blocked, id=28032, stack(0x0000001b4c400000,0x0000001b4c500000)]
  0x000001459c1c7f60 JavaThread "Notification Thread" daemon [_thread_blocked, id=28044, stack(0x0000001b4c500000,0x0000001b4c600000)]
  0x000001459cf91c10 JavaThread "Daemon health stats" [_thread_blocked, id=28880, stack(0x0000001b4cc00000,0x0000001b4cd00000)]
  0x000001459d967d10 JavaThread "Incoming local TCP Connector on port 54346" [_thread_in_native, id=29004, stack(0x0000001b4cb00000,0x0000001b4cc00000)]
  0x000001459f819a40 JavaThread "Daemon periodic checks" [_thread_blocked, id=29008, stack(0x0000001b4cd00000,0x0000001b4ce00000)]
  0x000001459c280b30 JavaThread "Daemon" [_thread_blocked, id=29020, stack(0x0000001b4ce00000,0x0000001b4cf00000)]
  0x000001459c14e1b0 JavaThread "Handler for socket connection from /127.0.0.1:54346 to /127.0.0.1:54347" [_thread_in_native, id=29040, stack(0x0000001b4cf00000,0x0000001b4d000000)]
  0x000001459cb445f0 JavaThread "Cancel handler" [_thread_blocked, id=29048, stack(0x0000001b4d000000,0x0000001b4d100000)]
  0x000001459cbebc00 JavaThread "Daemon worker" [_thread_in_vm, id=29052, stack(0x0000001b4d100000,0x0000001b4d200000)]
  0x000001459d85dee0 JavaThread "Asynchronous log dispatcher for DefaultDaemonConnection: socket connection from /127.0.0.1:54346 to /127.0.0.1:54347" [_thread_blocked, id=29064, stack(0x0000001b4d200000,0x0000001b4d300000)]
  0x000001459d85da10 JavaThread "Daemon client event forwarder" [_thread_blocked, id=29072, stack(0x0000001b4d400000,0x0000001b4d500000)]
  0x000001459d85d540 JavaThread "Cache worker for journal cache (C:\Users\abhij\.gradle\caches\journal-1)" [_thread_blocked, id=29396, stack(0x0000001b4d500000,0x0000001b4d600000)]
  0x000001459d85e880 JavaThread "File lock request listener" [_thread_in_native, id=29400, stack(0x0000001b4d600000,0x0000001b4d700000)]
  0x000001459d85d070 JavaThread "File lock release action executor" [_thread_blocked, id=29416, stack(0x0000001b4d700000,0x0000001b4d800000)]
  0x000001459ce51210 JavaThread "Cache worker for file hash cache (C:\Users\abhij\.gradle\caches\8.0.1\fileHashes)" [_thread_blocked, id=29468, stack(0x0000001b4dc00000,0x0000001b4dd00000)]
  0x000001459ce503a0 JavaThread "File watcher server" daemon [_thread_in_native, id=15408, stack(0x0000001b4de00000,0x0000001b4df00000)]
  0x000001459ce4f530 JavaThread "File watcher consumer" daemon [_thread_blocked, id=13100, stack(0x0000001b4df00000,0x0000001b4e000000)]
  0x000001459ce52a20 JavaThread "Cache worker for checksums cache (D:\TikTok\reelBanao\android\.gradle\8.0.1\checksums)" [_thread_blocked, id=28804, stack(0x0000001b4dd00000,0x0000001b4de00000)]
  0x000001459ce52ef0 JavaThread "Cache worker for cache directory md-rule (C:\Users\abhij\.gradle\caches\8.0.1\md-rule)" [_thread_blocked, id=28136, stack(0x0000001b4e000000,0x0000001b4e100000)]
  0x000001459ce4fa00 JavaThread "Cache worker for file content cache (C:\Users\abhij\.gradle\caches\8.0.1\fileContent)" [_thread_blocked, id=28552, stack(0x0000001b4e100000,0x0000001b4e200000)]
  0x000001459ce53d60 JavaThread "Cache worker for file hash cache (D:\TikTok\reelBanao\android\.gradle\8.0.1\fileHashes)" [_thread_blocked, id=28560, stack(0x0000001b4e200000,0x0000001b4e300000)]
  0x000001459ce51bb0 JavaThread "Cache worker for cache directory md-supplier (C:\Users\abhij\.gradle\caches\8.0.1\md-supplier)" [_thread_blocked, id=27788, stack(0x0000001b4e300000,0x0000001b4e400000)]
  0x000001459ce53890 JavaThread "Cache worker for execution history cache (C:\Users\abhij\.gradle\caches\8.0.1\executionHistory)" [_thread_blocked, id=27732, stack(0x0000001b4e400000,0x0000001b4e500000)]
  0x000001459ce533c0 JavaThread "jar transforms" [_thread_blocked, id=17820, stack(0x0000001b4e500000,0x0000001b4e600000)]
  0x000001459ce4f060 JavaThread "jar transforms Thread 2" [_thread_blocked, id=19748, stack(0x0000001b4e600000,0x0000001b4e700000)]
  0x000001459ce563e0 JavaThread "jar transforms Thread 3" [_thread_blocked, id=28884, stack(0x0000001b4e700000,0x0000001b4e800000)]
  0x000001459ce54700 JavaThread "jar transforms Thread 4" [_thread_blocked, id=24040, stack(0x0000001b4e900000,0x0000001b4ea00000)]
  0x000001459ce4fed0 JavaThread "Cache worker for kotlin-dsl (C:\Users\abhij\.gradle\caches\8.0.1\kotlin-dsl)" [_thread_blocked, id=24188, stack(0x0000001b4ea00000,0x0000001b4eb00000)]
  0x000001459ce54bd0 JavaThread "jar transforms Thread 5" [_thread_blocked, id=28776, stack(0x0000001b4ec00000,0x0000001b4ed00000)]
  0x000001459ce55570 JavaThread "jar transforms Thread 6" [_thread_blocked, id=16648, stack(0x0000001b4ed00000,0x0000001b4ee00000)]
  0x000001459ce55a40 JavaThread "Cache worker for dependencies-accessors (D:\TikTok\reelBanao\android\.gradle\8.0.1\dependencies-accessors)" [_thread_blocked, id=28112, stack(0x0000001b4ee00000,0x0000001b4ef00000)]
  0x000001459ce55f10 JavaThread "Cache worker for Build Output Cleanup Cache (D:\TikTok\reelBanao\node_modules\@react-native\gradle-plugin\.gradle\buildOutputCleanup)" [_thread_blocked, id=2212, stack(0x0000001b4ef00000,0x0000001b4f000000)]
  0x000001459ce568b0 JavaThread "jar transforms Thread 7" [_thread_blocked, id=7156, stack(0x0000001b4f000000,0x0000001b4f100000)]
  0x000001459eb88fa0 JavaThread "Unconstrained build operations" [_thread_blocked, id=30336, stack(0x0000001b4f100000,0x0000001b4f200000)]
  0x000001459eb89470 JavaThread "Unconstrained build operations Thread 2" [_thread_blocked, id=30348, stack(0x0000001b4f200000,0x0000001b4f300000)]
  0x000001459eb85f80 JavaThread "Unconstrained build operations Thread 3" [_thread_blocked, id=30352, stack(0x0000001b4f300000,0x0000001b4f400000)]
  0x000001459eb86df0 JavaThread "Unconstrained build operations Thread 4" [_thread_blocked, id=30356, stack(0x0000001b4f400000,0x0000001b4f500000)]
  0x000001459eb86450 JavaThread "Unconstrained build operations Thread 5" [_thread_blocked, id=30360, stack(0x0000001b4f500000,0x0000001b4f600000)]
  0x000001459eb86920 JavaThread "Unconstrained build operations Thread 6" [_thread_blocked, id=30364, stack(0x0000001b4f600000,0x0000001b4f700000)]
  0x000001459eb89940 JavaThread "Unconstrained build operations Thread 7" [_thread_blocked, id=30368, stack(0x0000001b4f700000,0x0000001b4f800000)]
  0x000001459eb872c0 JavaThread "Unconstrained build operations Thread 8" [_thread_blocked, id=30372, stack(0x0000001b4f800000,0x0000001b4f900000)]
  0x000001459eb87790 JavaThread "Unconstrained build operations Thread 9" [_thread_blocked, id=30376, stack(0x0000001b4f900000,0x0000001b4fa00000)]
  0x000001459eb88130 JavaThread "Unconstrained build operations Thread 10" [_thread_blocked, id=30380, stack(0x0000001b4fa00000,0x0000001b4fb00000)]
  0x000001459eb88600 JavaThread "Unconstrained build operations Thread 11" [_thread_blocked, id=30384, stack(0x0000001b4fb00000,0x0000001b4fc00000)]
  0x000001459eb88ad0 JavaThread "Unconstrained build operations Thread 12" [_thread_blocked, id=30388, stack(0x0000001b4fc00000,0x0000001b4fd00000)]
  0x000001459c5ef370 JavaThread "Unconstrained build operations Thread 13" [_thread_blocked, id=30392, stack(0x0000001b4fd00000,0x0000001b4fe00000)]
  0x000001459c5ef840 JavaThread "Unconstrained build operations Thread 14" [_thread_blocked, id=30396, stack(0x0000001b4fe00000,0x0000001b4ff00000)]
  0x000001459c5eeea0 JavaThread "Unconstrained build operations Thread 15" [_thread_blocked, id=30400, stack(0x0000001b4ff00000,0x0000001b50000000)]
  0x000001459c5f0b80 JavaThread "Unconstrained build operations Thread 16" [_thread_blocked, id=30404, stack(0x0000001b50000000,0x0000001b50100000)]
  0x000001459c5f1520 JavaThread "Unconstrained build operations Thread 17" [_thread_blocked, id=30408, stack(0x0000001b50100000,0x0000001b50200000)]
  0x000001459c5efd10 JavaThread "Unconstrained build operations Thread 18" [_thread_blocked, id=30412, stack(0x0000001b50200000,0x0000001b50300000)]
  0x000001459c5ee500 JavaThread "Unconstrained build operations Thread 19" [_thread_blocked, id=30416, stack(0x0000001b50300000,0x0000001b50400000)]
  0x000001459c5ed1c0 JavaThread "Unconstrained build operations Thread 20" [_thread_blocked, id=30420, stack(0x0000001b50400000,0x0000001b50500000)]
  0x000001459c5ee9d0 JavaThread "Unconstrained build operations Thread 21" [_thread_blocked, id=30424, stack(0x0000001b50500000,0x0000001b50600000)]
  0x000001459c5ea1a0 JavaThread "Unconstrained build operations Thread 22" [_thread_blocked, id=30428, stack(0x0000001b50600000,0x0000001b50700000)]
  0x000001459c5ed690 JavaThread "Unconstrained build operations Thread 23" [_thread_blocked, id=30432, stack(0x0000001b50700000,0x0000001b50800000)]
  0x000001459c5eb010 JavaThread "Unconstrained build operations Thread 24" [_thread_blocked, id=30436, stack(0x0000001b50800000,0x0000001b50900000)]
  0x000001459c5f01e0 JavaThread "Unconstrained build operations Thread 25" [_thread_blocked, id=30440, stack(0x0000001b50900000,0x0000001b50a00000)]
  0x000001459c5ebe80 JavaThread "Unconstrained build operations Thread 26" [_thread_blocked, id=30444, stack(0x0000001b50a00000,0x0000001b50b00000)]
  0x000001459c5ec350 JavaThread "jar transforms Thread 8" [_thread_blocked, id=30580, stack(0x0000001b50b00000,0x0000001b50c00000)]
  0x000001459c5edb60 JavaThread "Memory manager" [_thread_blocked, id=10136, stack(0x0000001b50d00000,0x0000001b50e00000)]
  0x000001459c5ea670 JavaThread "Cache worker for Build Output Cleanup Cache (D:\TikTok\reelBanao\android\.gradle\buildOutputCleanup)" [_thread_blocked, id=30536, stack(0x0000001b4b200000,0x0000001b4b300000)]
  0x00000145a293be70 JavaThread "included builds" [_thread_blocked, id=11796, stack(0x0000001b50c00000,0x0000001b50d00000)]
  0x00000145a293a190 JavaThread "Execution worker" [_thread_blocked, id=29868, stack(0x0000001b50e00000,0x0000001b50f00000)]
  0x00000145a2939cc0 JavaThread "Execution worker Thread 2" [_thread_blocked, id=14124, stack(0x0000001b50f00000,0x0000001b51000000)]
  0x00000145a293b9a0 JavaThread "Execution worker Thread 3" [_thread_blocked, id=29872, stack(0x0000001b51000000,0x0000001b51100000)]
  0x00000145a293b4d0 JavaThread "Execution worker Thread 4" [_thread_blocked, id=29860, stack(0x0000001b51100000,0x0000001b51200000)]
  0x00000145a293e020 JavaThread "Execution worker Thread 5" [_thread_blocked, id=15248, stack(0x0000001b51200000,0x0000001b51300000)]
  0x00000145a29384b0 JavaThread "Execution worker Thread 6" [_thread_blocked, id=944, stack(0x0000001b51300000,0x0000001b51400000)]
  0x00000145a2938980 JavaThread "Execution worker Thread 7" [_thread_blocked, id=12436, stack(0x0000001b51400000,0x0000001b51500000)]
  0x00000145a293db50 JavaThread "Cache worker for execution history cache (D:\TikTok\reelBanao\node_modules\@react-native\gradle-plugin\.gradle\8.0.1\executionHistory)" [_thread_blocked, id=27324, stack(0x0000001b51500000,0x0000001b51600000)]
  0x00000145a293a660 JavaThread "Unconstrained build operations Thread 27" [_thread_blocked, id=30776, stack(0x0000001b51600000,0x0000001b51700000)]
  0x00000145a293c340 JavaThread "Unconstrained build operations Thread 28" [_thread_blocked, id=30780, stack(0x0000001b51700000,0x0000001b51800000)]
  0x00000145a293ee90 JavaThread "Unconstrained build operations Thread 29" [_thread_blocked, id=30784, stack(0x0000001b51800000,0x0000001b51900000)]
  0x00000145a293e4f0 JavaThread "Unconstrained build operations Thread 30" [_thread_blocked, id=30788, stack(0x0000001b51900000,0x0000001b51a00000)]
  0x00000145a293e9c0 JavaThread "Unconstrained build operations Thread 31" [_thread_blocked, id=30792, stack(0x0000001b4d300000,0x0000001b4d400000)]
  0x00000145a2939320 JavaThread "Unconstrained build operations Thread 32" [_thread_blocked, id=30796, stack(0x0000001b51a00000,0x0000001b51b00000)]
  0x00000145a293f360 JavaThread "Unconstrained build operations Thread 33" [_thread_blocked, id=30800, stack(0x0000001b51b00000,0x0000001b51c00000)]
  0x00000145a2938e50 JavaThread "Unconstrained build operations Thread 34" [_thread_blocked, id=30804, stack(0x0000001b51c00000,0x0000001b51d00000)]
  0x00000145a293ab30 JavaThread "Unconstrained build operations Thread 35" [_thread_blocked, id=30808, stack(0x0000001b51d00000,0x0000001b51e00000)]
  0x00000145a29397f0 JavaThread "Unconstrained build operations Thread 36" [_thread_blocked, id=30812, stack(0x0000001b51e00000,0x0000001b51f00000)]
  0x00000145a293f830 JavaThread "Unconstrained build operations Thread 37" [_thread_blocked, id=30816, stack(0x0000001b51f00000,0x0000001b52000000)]
  0x00000145a293fd00 JavaThread "Unconstrained build operations Thread 38" [_thread_blocked, id=30820, stack(0x0000001b52000000,0x0000001b52100000)]
  0x00000145a293b000 JavaThread "Unconstrained build operations Thread 39" [_thread_blocked, id=30824, stack(0x0000001b52100000,0x0000001b52200000)]
  0x00000145a293c810 JavaThread "Unconstrained build operations Thread 40" [_thread_blocked, id=30828, stack(0x0000001b52200000,0x0000001b52300000)]
  0x00000145a293cce0 JavaThread "Unconstrained build operations Thread 41" [_thread_blocked, id=30832, stack(0x0000001b52300000,0x0000001b52400000)]
  0x00000145a293d1b0 JavaThread "Unconstrained build operations Thread 42" [_thread_blocked, id=30836, stack(0x0000001b52400000,0x0000001b52500000)]
  0x00000145a293d680 JavaThread "Unconstrained build operations Thread 43" [_thread_blocked, id=30840, stack(0x0000001b52500000,0x0000001b52600000)]
  0x000001459d85e3b0 JavaThread "Unconstrained build operations Thread 44" [_thread_blocked, id=30844, stack(0x0000001b52600000,0x0000001b52700000)]
  0x00000145a47bf6f0 JavaThread "Unconstrained build operations Thread 45" [_thread_blocked, id=30848, stack(0x0000001b52700000,0x0000001b52800000)]
  0x00000145a47bed50 JavaThread "Unconstrained build operations Thread 46" [_thread_blocked, id=30852, stack(0x0000001b52800000,0x0000001b52900000)]
  0x00000145a47bdee0 JavaThread "Unconstrained build operations Thread 47" [_thread_blocked, id=30856, stack(0x0000001b52900000,0x0000001b52a00000)]
  0x00000145a47bfbc0 JavaThread "Unconstrained build operations Thread 48" [_thread_blocked, id=30860, stack(0x0000001b52a00000,0x0000001b52b00000)]
  0x00000145a47c0090 JavaThread "Unconstrained build operations Thread 49" [_thread_blocked, id=30864, stack(0x0000001b52b00000,0x0000001b52c00000)]
  0x00000145a47bd540 JavaThread "Unconstrained build operations Thread 50" [_thread_blocked, id=30868, stack(0x0000001b52c00000,0x0000001b52d00000)]
  0x00000145a47bd070 JavaThread "Unconstrained build operations Thread 51" [_thread_blocked, id=30872, stack(0x0000001b52d00000,0x0000001b52e00000)]
  0x00000145a47c13d0 JavaThread "Unconstrained build operations Thread 52" [_thread_blocked, id=31164, stack(0x0000001b4b300000,0x0000001b4b400000)]
  0x00000145a47bc200 JavaThread "Unconstrained build operations Thread 53" [_thread_blocked, id=31308, stack(0x0000001b52e00000,0x0000001b52f00000)]
  0x00000145a47bb860 JavaThread "Unconstrained build operations Thread 54" [_thread_blocked, id=31312, stack(0x0000001b52f00000,0x0000001b53000000)]
  0x00000145a47c0560 JavaThread "Unconstrained build operations Thread 55" [_thread_blocked, id=31316, stack(0x0000001b53000000,0x0000001b53100000)]
  0x00000145a47baec0 JavaThread "Unconstrained build operations Thread 56" [_thread_blocked, id=31320, stack(0x0000001b53100000,0x0000001b53200000)]
  0x00000145a47be880 JavaThread "Unconstrained build operations Thread 57" [_thread_blocked, id=31324, stack(0x0000001b53200000,0x0000001b53300000)]
  0x00000145a47c0a30 JavaThread "Unconstrained build operations Thread 58" [_thread_blocked, id=31328, stack(0x0000001b53300000,0x0000001b53400000)]
  0x00000145a47bbd30 JavaThread "Unconstrained build operations Thread 59" [_thread_blocked, id=31332, stack(0x0000001b53400000,0x0000001b53500000)]
  0x00000145a47c0f00 JavaThread "Unconstrained build operations Thread 60" [_thread_blocked, id=31336, stack(0x0000001b53500000,0x0000001b53600000)]
  0x00000145a47bf220 JavaThread "Unconstrained build operations Thread 61" [_thread_blocked, id=31340, stack(0x0000001b53600000,0x0000001b53700000)]
  0x00000145a47be3b0 JavaThread "Unconstrained build operations Thread 62" [_thread_blocked, id=31344, stack(0x0000001b53700000,0x0000001b53800000)]
  0x00000145a47bc6d0 JavaThread "Unconstrained build operations Thread 63" [_thread_blocked, id=31348, stack(0x0000001b53800000,0x0000001b53900000)]
  0x00000145a47bcba0 JavaThread "Unconstrained build operations Thread 64" [_thread_blocked, id=31352, stack(0x0000001b53900000,0x0000001b53a00000)]
  0x00000145a47bda10 JavaThread "Unconstrained build operations Thread 65" [_thread_blocked, id=31356, stack(0x0000001b53a00000,0x0000001b53b00000)]
  0x00000145a21854d0 JavaThread "Unconstrained build operations Thread 66" [_thread_blocked, id=31360, stack(0x0000001b53b00000,0x0000001b53c00000)]
  0x00000145a21859a0 JavaThread "Unconstrained build operations Thread 67" [_thread_blocked, id=31364, stack(0x0000001b53c00000,0x0000001b53d00000)]
  0x00000145a2184b30 JavaThread "Unconstrained build operations Thread 68" [_thread_blocked, id=31368, stack(0x0000001b53d00000,0x0000001b53e00000)]
  0x00000145a2187b50 JavaThread "Unconstrained build operations Thread 69" [_thread_blocked, id=31372, stack(0x0000001b53e00000,0x0000001b53f00000)]
  0x00000145a2186ce0 JavaThread "Unconstrained build operations Thread 70" [_thread_blocked, id=31376, stack(0x0000001b53f00000,0x0000001b54000000)]
  0x00000145a2185e70 JavaThread "Unconstrained build operations Thread 71" [_thread_blocked, id=31380, stack(0x0000001b54000000,0x0000001b54100000)]
  0x00000145a2186340 JavaThread "Unconstrained build operations Thread 72" [_thread_blocked, id=31384, stack(0x0000001b54100000,0x0000001b54200000)]
  0x00000145a2186810 JavaThread "Unconstrained build operations Thread 73" [_thread_blocked, id=31388, stack(0x0000001b54200000,0x0000001b54300000)]
  0x00000145a2185000 JavaThread "Unconstrained build operations Thread 74" [_thread_blocked, id=31392, stack(0x0000001b54300000,0x0000001b54400000)]
  0x00000145a2188020 JavaThread "Unconstrained build operations Thread 75" [_thread_blocked, id=31396, stack(0x0000001b54400000,0x0000001b54500000)]
  0x00000145a2184660 JavaThread "Unconstrained build operations Thread 76" [_thread_blocked, id=31400, stack(0x0000001b54500000,0x0000001b54600000)]
  0x00000145a21871b0 JavaThread "Unconstrained build operations Thread 77" [_thread_blocked, id=31404, stack(0x0000001b54600000,0x0000001b54700000)]
  0x00000145a2187680 JavaThread "Unconstrained build operations Thread 78" [_thread_blocked, id=31408, stack(0x0000001b54700000,0x0000001b54800000)]
  0x000001459fa87cf0 JavaThread "Unconstrained build operations Thread 79" [_thread_blocked, id=31412, stack(0x0000001b54800000,0x0000001b54900000)]
  0x000001459fa87820 JavaThread "Unconstrained build operations Thread 80" [_thread_blocked, id=31416, stack(0x0000001b54900000,0x0000001b54a00000)]

Other Threads:
  0x000001459b4350b0 VMThread "VM Thread" [stack: 0x0000001b4ba00000,0x0000001b4bb00000] [id=27984]
  0x000001459c1b4d60 WatcherThread [stack: 0x0000001b4c600000,0x0000001b4c700000] [id=28048]
  0x00000145ff7bcfe0 GCTaskThread "GC Thread#0" [stack: 0x0000001b4b500000,0x0000001b4b600000] [id=27964]
  0x000001459cbba180 GCTaskThread "GC Thread#1" [stack: 0x0000001b4c700000,0x0000001b4c800000] [id=28628]
  0x000001459cbba430 GCTaskThread "GC Thread#2" [stack: 0x0000001b4c800000,0x0000001b4c900000] [id=28632]
  0x000001459cd7b690 GCTaskThread "GC Thread#3" [stack: 0x0000001b4c900000,0x0000001b4ca00000] [id=27760]
  0x000001459cc43480 GCTaskThread "GC Thread#4" [stack: 0x0000001b4ca00000,0x0000001b4cb00000] [id=28548]
  0x000001459db8cb40 GCTaskThread "GC Thread#5" [stack: 0x0000001b4d800000,0x0000001b4d900000] [id=29452]
  0x000001459f3ce580 GCTaskThread "GC Thread#6" [stack: 0x0000001b4d900000,0x0000001b4da00000] [id=29456]
  0x000001459ea84e30 GCTaskThread "GC Thread#7" [stack: 0x0000001b4da00000,0x0000001b4db00000] [id=29460]
  0x00000145ff7cde30 ConcurrentGCThread "G1 Main Marker" [stack: 0x0000001b4b600000,0x0000001b4b700000] [id=27968]
  0x00000145ff7ce750 ConcurrentGCThread "G1 Conc#0" [stack: 0x0000001b4b700000,0x0000001b4b800000] [id=27972]
  0x000001459f9128a0 ConcurrentGCThread "G1 Conc#1" [stack: 0x0000001b4db00000,0x0000001b4dc00000] [id=29464]
  0x00000145ff81e670 ConcurrentGCThread "G1 Refine#0" [stack: 0x0000001b4b800000,0x0000001b4b900000] [id=27976]
  0x000001459b2da100 ConcurrentGCThread "G1 Service" [stack: 0x0000001b4b900000,0x0000001b4ba00000] [id=27980]

Threads with active compile tasks:
C2 CompilerThread0   115986 12073       4       org.gradle.internal.instantiation.generator.AbstractClassGenerator::inspectType (560 bytes)

VM state: not at safepoint (normal execution)

VM Mutex/Monitor currently owned by a thread: None

Heap address: 0x0000000080000000, size: 2048 MB, Compressed Oops mode: 32-bit

CDS archive(s) not mapped
Compressed class space mapped at: 0x0000000100000000-0x0000000119c00000, reserved size: 432013312
Narrow klass base: 0x0000000000000000, Narrow klass shift: 3, Narrow klass range: 0x119c00000

GC Precious Log:
 CPUs: 8 total, 8 available
 Memory: 7975M
 Large Page Support: Disabled
 NUMA Support: Disabled
 Compressed Oops: Enabled (32-bit)
 Heap Region Size: 1M
 Heap Min Capacity: 8M
 Heap Initial Capacity: 126M
 Heap Max Capacity: 2G
 Pre-touch: Disabled
 Parallel Workers: 8
 Concurrent Workers: 2
 Concurrent Refinement Workers: 8
 Periodic GC: Disabled

Heap:
 garbage-first heap   total 187392K, used 125654K [0x0000000080000000, 0x0000000100000000)
  region size 1024K, 6 young (6144K), 2 survivors (2048K)
 Metaspace       used 96636K, committed 97536K, reserved 512000K
  class space    used 13199K, committed 13632K, reserved 421888K

Heap Regions: E=young(eden), S=young(survivor), O=old, HS=humongous(starts), HC=humongous(continues), CS=collection set, F=free, OA=open archive, CA=closed archive, TAMS=top-at-mark-start (previous, next)
|   0|0x0000000080000000, 0x0000000080100000, 0x0000000080100000|100%|HS|  |TAMS 0x0000000080100000, 0x0000000080000000| Complete 
|   1|0x0000000080100000, 0x0000000080200000, 0x0000000080200000|100%|HC|  |TAMS 0x0000000080200000, 0x0000000080100000| Complete 
|   2|0x0000000080200000, 0x0000000080300000, 0x0000000080300000|100%|HC|  |TAMS 0x0000000080300000, 0x0000000080200000| Complete 
|   3|0x0000000080300000, 0x0000000080400000, 0x0000000080400000|100%|HC|  |TAMS 0x0000000080400000, 0x0000000080300000| Complete 
|   4|0x0000000080400000, 0x0000000080500000, 0x0000000080500000|100%| O|  |TAMS 0x0000000080500000, 0x0000000080400000| Untracked 
|   5|0x0000000080500000, 0x0000000080600000, 0x0000000080600000|100%| O|  |TAMS 0x0000000080600000, 0x0000000080500000| Untracked 
|   6|0x0000000080600000, 0x0000000080700000, 0x0000000080700000|100%| O|  |TAMS 0x0000000080700000, 0x0000000080600000| Untracked 
|   7|0x0000000080700000, 0x0000000080800000, 0x0000000080800000|100%| O|  |TAMS 0x0000000080800000, 0x0000000080700000| Untracked 
|   8|0x0000000080800000, 0x0000000080900000, 0x0000000080900000|100%| O|  |TAMS 0x0000000080900000, 0x0000000080800000| Untracked 
|   9|0x0000000080900000, 0x0000000080a00000, 0x0000000080a00000|100%| O|  |TAMS 0x0000000080a00000, 0x0000000080900000| Untracked 
|  10|0x0000000080a00000, 0x0000000080b00000, 0x0000000080b00000|100%| O|  |TAMS 0x0000000080b00000, 0x0000000080a00000| Untracked 
|  11|0x0000000080b00000, 0x0000000080c00000, 0x0000000080c00000|100%| O|  |TAMS 0x0000000080c00000, 0x0000000080b00000| Untracked 
|  12|0x0000000080c00000, 0x0000000080d00000, 0x0000000080d00000|100%| O|  |TAMS 0x0000000080d00000, 0x0000000080c00000| Untracked 
|  13|0x0000000080d00000, 0x0000000080e00000, 0x0000000080e00000|100%| O|  |TAMS 0x0000000080e00000, 0x0000000080d00000| Untracked 
|  14|0x0000000080e00000, 0x0000000080f00000, 0x0000000080f00000|100%| O|  |TAMS 0x0000000080f00000, 0x0000000080e00000| Untracked 
|  15|0x0000000080f00000, 0x0000000081000000, 0x0000000081000000|100%| O|  |TAMS 0x0000000081000000, 0x0000000080f00000| Untracked 
|  16|0x0000000081000000, 0x0000000081100000, 0x0000000081100000|100%| O|  |TAMS 0x0000000081100000, 0x0000000081000000| Untracked 
|  17|0x0000000081100000, 0x0000000081200000, 0x0000000081200000|100%| O|  |TAMS 0x0000000081200000, 0x0000000081100000| Untracked 
|  18|0x0000000081200000, 0x0000000081300000, 0x0000000081300000|100%| O|  |TAMS 0x0000000081300000, 0x0000000081200000| Untracked 
|  19|0x0000000081300000, 0x0000000081400000, 0x0000000081400000|100%| O|  |TAMS 0x0000000081400000, 0x0000000081300000| Untracked 
|  20|0x0000000081400000, 0x0000000081500000, 0x0000000081500000|100%| O|  |TAMS 0x0000000081500000, 0x0000000081400000| Untracked 
|  21|0x0000000081500000, 0x0000000081600000, 0x0000000081600000|100%| O|  |TAMS 0x0000000081600000, 0x0000000081500000| Untracked 
|  22|0x0000000081600000, 0x0000000081700000, 0x0000000081700000|100%| O|  |TAMS 0x0000000081700000, 0x0000000081600000| Untracked 
|  23|0x0000000081700000, 0x0000000081800000, 0x0000000081800000|100%| O|  |TAMS 0x0000000081800000, 0x0000000081700000| Untracked 
|  24|0x0000000081800000, 0x0000000081900000, 0x0000000081900000|100%| O|  |TAMS 0x0000000081900000, 0x0000000081800000| Untracked 
|  25|0x0000000081900000, 0x0000000081a00000, 0x0000000081a00000|100%| O|  |TAMS 0x0000000081a00000, 0x0000000081900000| Untracked 
|  26|0x0000000081a00000, 0x0000000081b00000, 0x0000000081b00000|100%| O|  |TAMS 0x0000000081b00000, 0x0000000081a00000| Untracked 
|  27|0x0000000081b00000, 0x0000000081c00000, 0x0000000081c00000|100%| O|  |TAMS 0x0000000081c00000, 0x0000000081b00000| Untracked 
|  28|0x0000000081c00000, 0x0000000081d00000, 0x0000000081d00000|100%|HS|  |TAMS 0x0000000081d00000, 0x0000000081c00000| Complete 
|  29|0x0000000081d00000, 0x0000000081e00000, 0x0000000081e00000|100%| O|  |TAMS 0x0000000081e00000, 0x0000000081d00000| Untracked 
|  30|0x0000000081e00000, 0x0000000081f00000, 0x0000000081f00000|100%| O|  |TAMS 0x0000000081f00000, 0x0000000081e00000| Untracked 
|  31|0x0000000081f00000, 0x0000000082000000, 0x0000000082000000|100%| O|  |TAMS 0x0000000082000000, 0x0000000081f00000| Untracked 
|  32|0x0000000082000000, 0x0000000082100000, 0x0000000082100000|100%| O|  |TAMS 0x0000000082100000, 0x0000000082000000| Untracked 
|  33|0x0000000082100000, 0x0000000082200000, 0x0000000082200000|100%| O|  |TAMS 0x0000000082200000, 0x0000000082100000| Untracked 
|  34|0x0000000082200000, 0x0000000082300000, 0x0000000082300000|100%|HS|  |TAMS 0x0000000082300000, 0x0000000082200000| Complete 
|  35|0x0000000082300000, 0x0000000082400000, 0x0000000082400000|100%|HC|  |TAMS 0x0000000082400000, 0x0000000082300000| Complete 
|  36|0x0000000082400000, 0x0000000082500000, 0x0000000082500000|100%| O|  |TAMS 0x0000000082500000, 0x0000000082400000| Untracked 
|  37|0x0000000082500000, 0x0000000082600000, 0x0000000082600000|100%|HS|  |TAMS 0x0000000082600000, 0x0000000082500000| Complete 
|  38|0x0000000082600000, 0x0000000082700000, 0x0000000082700000|100%|HC|  |TAMS 0x0000000082700000, 0x0000000082600000| Complete 
|  39|0x0000000082700000, 0x0000000082800000, 0x0000000082800000|100%|HC|  |TAMS 0x0000000082800000, 0x0000000082700000| Complete 
|  40|0x0000000082800000, 0x0000000082900000, 0x0000000082900000|100%|HC|  |TAMS 0x0000000082900000, 0x0000000082800000| Complete 
|  41|0x0000000082900000, 0x0000000082a00000, 0x0000000082a00000|100%| O|  |TAMS 0x0000000082a00000, 0x0000000082900000| Untracked 
|  42|0x0000000082a00000, 0x0000000082b00000, 0x0000000082b00000|100%| O|  |TAMS 0x0000000082b00000, 0x0000000082a00000| Untracked 
|  43|0x0000000082b00000, 0x0000000082c00000, 0x0000000082c00000|100%| O|  |TAMS 0x0000000082c00000, 0x0000000082b00000| Untracked 
|  44|0x0000000082c00000, 0x0000000082d00000, 0x0000000082d00000|100%| O|  |TAMS 0x0000000082d00000, 0x0000000082c00000| Untracked 
|  45|0x0000000082d00000, 0x0000000082e00000, 0x0000000082e00000|100%| O|  |TAMS 0x0000000082e00000, 0x0000000082d00000| Untracked 
|  46|0x0000000082e00000, 0x0000000082f00000, 0x0000000082f00000|100%| O|  |TAMS 0x0000000082f00000, 0x0000000082e00000| Untracked 
|  47|0x0000000082f00000, 0x0000000083000000, 0x0000000083000000|100%| O|  |TAMS 0x0000000083000000, 0x0000000082f00000| Untracked 
|  48|0x0000000083000000, 0x0000000083100000, 0x0000000083100000|100%| O|  |TAMS 0x0000000083100000, 0x0000000083000000| Untracked 
|  49|0x0000000083100000, 0x0000000083200000, 0x0000000083200000|100%| O|  |TAMS 0x0000000083200000, 0x0000000083100000| Untracked 
|  50|0x0000000083200000, 0x0000000083300000, 0x0000000083300000|100%| O|  |TAMS 0x0000000083300000, 0x0000000083200000| Untracked 
|  51|0x0000000083300000, 0x0000000083400000, 0x0000000083400000|100%| O|  |TAMS 0x0000000083400000, 0x0000000083300000| Untracked 
|  52|0x0000000083400000, 0x0000000083500000, 0x0000000083500000|100%| O|  |TAMS 0x0000000083500000, 0x0000000083400000| Untracked 
|  53|0x0000000083500000, 0x0000000083600000, 0x0000000083600000|100%| O|  |TAMS 0x0000000083500000, 0x0000000083500000| Untracked 
|  54|0x0000000083600000, 0x0000000083700000, 0x0000000083700000|100%| O|  |TAMS 0x0000000083700000, 0x0000000083600000| Untracked 
|  55|0x0000000083700000, 0x0000000083800000, 0x0000000083800000|100%| O|  |TAMS 0x0000000083800000, 0x0000000083700000| Untracked 
|  56|0x0000000083800000, 0x0000000083900000, 0x0000000083900000|100%| O|  |TAMS 0x0000000083900000, 0x0000000083800000| Untracked 
|  57|0x0000000083900000, 0x0000000083a00000, 0x0000000083a00000|100%| O|  |TAMS 0x0000000083900000, 0x0000000083900000| Untracked 
|  58|0x0000000083a00000, 0x0000000083b00000, 0x0000000083b00000|100%|HS|  |TAMS 0x0000000083b00000, 0x0000000083a00000| Complete 
|  59|0x0000000083b00000, 0x0000000083c00000, 0x0000000083c00000|100%| O|  |TAMS 0x0000000083c00000, 0x0000000083b00000| Untracked 
|  60|0x0000000083c00000, 0x0000000083d00000, 0x0000000083d00000|100%| O|  |TAMS 0x0000000083d00000, 0x0000000083c00000| Untracked 
|  61|0x0000000083d00000, 0x0000000083e00000, 0x0000000083e00000|100%| O|  |TAMS 0x0000000083e00000, 0x0000000083d00000| Untracked 
|  62|0x0000000083e00000, 0x0000000083f00000, 0x0000000083f00000|100%| O|  |TAMS 0x0000000083f00000, 0x0000000083e00000| Untracked 
|  63|0x0000000083f00000, 0x0000000084000000, 0x0000000084000000|100%| O|  |TAMS 0x0000000084000000, 0x0000000083f00000| Untracked 
|  64|0x0000000084000000, 0x0000000084100000, 0x0000000084100000|100%| O|  |TAMS 0x0000000084100000, 0x0000000084000000| Untracked 
|  65|0x0000000084100000, 0x0000000084200000, 0x0000000084200000|100%| O|  |TAMS 0x0000000084200000, 0x0000000084100000| Untracked 
|  66|0x0000000084200000, 0x0000000084300000, 0x0000000084300000|100%| O|  |TAMS 0x0000000084300000, 0x0000000084200000| Untracked 
|  67|0x0000000084300000, 0x0000000084400000, 0x0000000084400000|100%| O|  |TAMS 0x000000008435ba00, 0x0000000084300000| Untracked 
|  68|0x0000000084400000, 0x0000000084500000, 0x0000000084500000|100%| O|  |TAMS 0x0000000084400000, 0x0000000084400000| Untracked 
|  69|0x0000000084500000, 0x0000000084600000, 0x0000000084600000|100%| O|  |TAMS 0x0000000084500000, 0x0000000084500000| Untracked 
|  70|0x0000000084600000, 0x0000000084700000, 0x0000000084700000|100%| O|  |TAMS 0x0000000084600000, 0x0000000084600000| Untracked 
|  71|0x0000000084700000, 0x0000000084800000, 0x0000000084800000|100%| O|  |TAMS 0x0000000084800000, 0x0000000084700000| Untracked 
|  72|0x0000000084800000, 0x0000000084900000, 0x0000000084900000|100%| O|  |TAMS 0x0000000084900000, 0x0000000084800000| Untracked 
|  73|0x0000000084900000, 0x0000000084a00000, 0x0000000084a00000|100%| O|  |TAMS 0x0000000084900000, 0x0000000084900000| Untracked 
|  74|0x0000000084a00000, 0x0000000084b00000, 0x0000000084b00000|100%| O|  |TAMS 0x0000000084a00000, 0x0000000084a00000| Untracked 
|  75|0x0000000084b00000, 0x0000000084c00000, 0x0000000084c00000|100%| O|  |TAMS 0x0000000084b00000, 0x0000000084b00000| Untracked 
|  76|0x0000000084c00000, 0x0000000084d00000, 0x0000000084d00000|100%| O|  |TAMS 0x0000000084c00000, 0x0000000084c00000| Untracked 
|  77|0x0000000084d00000, 0x0000000084e00000, 0x0000000084e00000|100%| O|  |TAMS 0x0000000084d00000, 0x0000000084d00000| Untracked 
|  78|0x0000000084e00000, 0x0000000084f00000, 0x0000000084f00000|100%| O|  |TAMS 0x0000000084e00000, 0x0000000084e00000| Untracked 
|  79|0x0000000084f00000, 0x0000000085000000, 0x0000000085000000|100%|HS|  |TAMS 0x0000000084f00000, 0x0000000084f00000| Complete 
|  80|0x0000000085000000, 0x0000000085100000, 0x0000000085100000|100%|HS|  |TAMS 0x0000000085000000, 0x0000000085000000| Complete 
|  81|0x0000000085100000, 0x0000000085200000, 0x0000000085200000|100%|HS|  |TAMS 0x0000000085100000, 0x0000000085100000| Complete 
|  82|0x0000000085200000, 0x0000000085300000, 0x0000000085300000|100%|HS|  |TAMS 0x0000000085200000, 0x0000000085200000| Complete 
|  83|0x0000000085300000, 0x0000000085400000, 0x0000000085400000|100%|HC|  |TAMS 0x0000000085300000, 0x0000000085300000| Complete 
|  84|0x0000000085400000, 0x0000000085500000, 0x0000000085500000|100%|HC|  |TAMS 0x0000000085400000, 0x0000000085400000| Complete 
|  85|0x0000000085500000, 0x0000000085600000, 0x0000000085600000|100%|HS|  |TAMS 0x0000000085500000, 0x0000000085500000| Complete 
|  86|0x0000000085600000, 0x0000000085700000, 0x0000000085700000|100%|HC|  |TAMS 0x0000000085600000, 0x0000000085600000| Complete 
|  87|0x0000000085700000, 0x0000000085800000, 0x0000000085800000|100%| O|  |TAMS 0x0000000085700000, 0x0000000085700000| Untracked 
|  88|0x0000000085800000, 0x0000000085900000, 0x0000000085900000|100%| O|  |TAMS 0x0000000085800000, 0x0000000085800000| Untracked 
|  89|0x0000000085900000, 0x0000000085a00000, 0x0000000085a00000|100%| O|  |TAMS 0x0000000085900000, 0x0000000085900000| Untracked 
|  90|0x0000000085a00000, 0x0000000085b00000, 0x0000000085b00000|100%| O|  |TAMS 0x0000000085a00000, 0x0000000085a00000| Untracked 
|  91|0x0000000085b00000, 0x0000000085c00000, 0x0000000085c00000|100%| O|  |TAMS 0x0000000085b00000, 0x0000000085b00000| Untracked 
|  92|0x0000000085c00000, 0x0000000085d00000, 0x0000000085d00000|100%| O|  |TAMS 0x0000000085c00000, 0x0000000085c00000| Untracked 
|  93|0x0000000085d00000, 0x0000000085e00000, 0x0000000085e00000|100%| O|  |TAMS 0x0000000085d00000, 0x0000000085d00000| Untracked 
|  94|0x0000000085e00000, 0x0000000085f00000, 0x0000000085f00000|100%| O|  |TAMS 0x0000000085e00000, 0x0000000085e00000| Untracked 
|  95|0x0000000085f00000, 0x0000000086000000, 0x0000000086000000|100%| O|  |TAMS 0x0000000085f00000, 0x0000000085f00000| Untracked 
|  96|0x0000000086000000, 0x0000000086100000, 0x0000000086100000|100%|HS|  |TAMS 0x0000000086000000, 0x0000000086000000| Complete 
|  97|0x0000000086100000, 0x0000000086200000, 0x0000000086200000|100%|HS|  |TAMS 0x0000000086100000, 0x0000000086100000| Complete 
|  98|0x0000000086200000, 0x0000000086300000, 0x0000000086300000|100%| O|  |TAMS 0x0000000086200000, 0x0000000086200000| Untracked 
|  99|0x0000000086300000, 0x0000000086400000, 0x0000000086400000|100%| O|  |TAMS 0x0000000086300000, 0x0000000086300000| Untracked 
| 100|0x0000000086400000, 0x0000000086500000, 0x0000000086500000|100%| O|  |TAMS 0x0000000086400000, 0x0000000086400000| Untracked 
| 101|0x0000000086500000, 0x0000000086600000, 0x0000000086600000|100%| O|  |TAMS 0x0000000086500000, 0x0000000086500000| Untracked 
| 102|0x0000000086600000, 0x0000000086700000, 0x0000000086700000|100%| O|  |TAMS 0x0000000086600000, 0x0000000086600000| Untracked 
| 103|0x0000000086700000, 0x0000000086800000, 0x0000000086800000|100%| O|  |TAMS 0x0000000086700000, 0x0000000086700000| Untracked 
| 104|0x0000000086800000, 0x0000000086900000, 0x0000000086900000|100%| O|  |TAMS 0x0000000086800000, 0x0000000086800000| Untracked 
| 105|0x0000000086900000, 0x0000000086a00000, 0x0000000086a00000|100%| O|  |TAMS 0x0000000086900000, 0x0000000086900000| Untracked 
| 106|0x0000000086a00000, 0x0000000086b00000, 0x0000000086b00000|100%| O|  |TAMS 0x0000000086a00000, 0x0000000086a00000| Untracked 
| 107|0x0000000086b00000, 0x0000000086c00000, 0x0000000086c00000|100%| O|  |TAMS 0x0000000086b00000, 0x0000000086b00000| Untracked 
| 108|0x0000000086c00000, 0x0000000086d00000, 0x0000000086d00000|100%| O|  |TAMS 0x0000000086c00000, 0x0000000086c00000| Untracked 
| 109|0x0000000086d00000, 0x0000000086e00000, 0x0000000086e00000|100%| O|  |TAMS 0x0000000086d00000, 0x0000000086d00000| Untracked 
| 110|0x0000000086e00000, 0x0000000086f00000, 0x0000000086f00000|100%| O|  |TAMS 0x0000000086e00000, 0x0000000086e00000| Untracked 
| 111|0x0000000086f00000, 0x0000000087000000, 0x0000000087000000|100%| O|  |TAMS 0x0000000086f00000, 0x0000000086f00000| Untracked 
| 112|0x0000000087000000, 0x0000000087100000, 0x0000000087100000|100%| O|  |TAMS 0x0000000087000000, 0x0000000087000000| Untracked 
| 113|0x0000000087100000, 0x0000000087200000, 0x0000000087200000|100%| O|  |TAMS 0x0000000087100000, 0x0000000087100000| Untracked 
| 114|0x0000000087200000, 0x0000000087300000, 0x0000000087300000|100%| O|  |TAMS 0x0000000087200000, 0x0000000087200000| Untracked 
| 115|0x0000000087300000, 0x0000000087400000, 0x0000000087400000|100%| O|  |TAMS 0x0000000087300000, 0x0000000087300000| Untracked 
| 116|0x0000000087400000, 0x0000000087500000, 0x0000000087500000|100%| O|  |TAMS 0x0000000087400000, 0x0000000087400000| Untracked 
| 117|0x0000000087500000, 0x00000000875cd000, 0x0000000087600000| 80%| O|  |TAMS 0x0000000087500000, 0x0000000087500000| Untracked 
| 118|0x0000000087600000, 0x0000000087600000, 0x0000000087700000|  0%| F|  |TAMS 0x0000000087600000, 0x0000000087600000| Untracked 
| 119|0x0000000087700000, 0x0000000087700000, 0x0000000087800000|  0%| F|  |TAMS 0x0000000087700000, 0x0000000087700000| Untracked 
| 120|0x0000000087800000, 0x0000000087800000, 0x0000000087900000|  0%| F|  |TAMS 0x0000000087800000, 0x0000000087800000| Untracked 
| 121|0x0000000087900000, 0x0000000087900000, 0x0000000087a00000|  0%| F|  |TAMS 0x0000000087900000, 0x0000000087900000| Untracked 
| 122|0x0000000087a00000, 0x0000000087a00000, 0x0000000087b00000|  0%| F|  |TAMS 0x0000000087a00000, 0x0000000087a00000| Untracked 
| 123|0x0000000087b00000, 0x0000000087b00000, 0x0000000087c00000|  0%| F|  |TAMS 0x0000000087b00000, 0x0000000087b00000| Untracked 
| 124|0x0000000087c00000, 0x0000000087c00000, 0x0000000087d00000|  0%| F|  |TAMS 0x0000000087c00000, 0x0000000087c00000| Untracked 
| 125|0x0000000087d00000, 0x0000000087d00000, 0x0000000087e00000|  0%| F|  |TAMS 0x0000000087d00000, 0x0000000087d00000| Untracked 
| 126|0x0000000087e00000, 0x0000000087e00000, 0x0000000087f00000|  0%| F|  |TAMS 0x0000000087e00000, 0x0000000087e00000| Untracked 
| 127|0x0000000087f00000, 0x0000000087f00000, 0x0000000088000000|  0%| F|  |TAMS 0x0000000087f00000, 0x0000000087f00000| Untracked 
| 128|0x0000000088000000, 0x0000000088000000, 0x0000000088100000|  0%| F|  |TAMS 0x0000000088000000, 0x0000000088000000| Untracked 
| 129|0x0000000088100000, 0x0000000088100000, 0x0000000088200000|  0%| F|  |TAMS 0x0000000088100000, 0x0000000088100000| Untracked 
| 130|0x0000000088200000, 0x0000000088200000, 0x0000000088300000|  0%| F|  |TAMS 0x0000000088200000, 0x0000000088200000| Untracked 
| 131|0x0000000088300000, 0x0000000088300000, 0x0000000088400000|  0%| F|  |TAMS 0x0000000088300000, 0x0000000088300000| Untracked 
| 132|0x0000000088400000, 0x0000000088400000, 0x0000000088500000|  0%| F|  |TAMS 0x0000000088400000, 0x0000000088400000| Untracked 
| 133|0x0000000088500000, 0x0000000088500000, 0x0000000088600000|  0%| F|  |TAMS 0x0000000088500000, 0x0000000088500000| Untracked 
| 134|0x0000000088600000, 0x0000000088600000, 0x0000000088700000|  0%| F|  |TAMS 0x0000000088600000, 0x0000000088600000| Untracked 
| 135|0x0000000088700000, 0x0000000088700000, 0x0000000088800000|  0%| F|  |TAMS 0x0000000088700000, 0x0000000088700000| Untracked 
| 136|0x0000000088800000, 0x0000000088800000, 0x0000000088900000|  0%| F|  |TAMS 0x0000000088800000, 0x0000000088800000| Untracked 
| 137|0x0000000088900000, 0x0000000088900000, 0x0000000088a00000|  0%| F|  |TAMS 0x0000000088900000, 0x0000000088900000| Untracked 
| 138|0x0000000088a00000, 0x0000000088a00000, 0x0000000088b00000|  0%| F|  |TAMS 0x0000000088a00000, 0x0000000088a00000| Untracked 
| 139|0x0000000088b00000, 0x0000000088b00000, 0x0000000088c00000|  0%| F|  |TAMS 0x0000000088b00000, 0x0000000088b00000| Untracked 
| 140|0x0000000088c00000, 0x0000000088c00000, 0x0000000088d00000|  0%| F|  |TAMS 0x0000000088c00000, 0x0000000088c00000| Untracked 
| 141|0x0000000088d00000, 0x0000000088d00000, 0x0000000088e00000|  0%| F|  |TAMS 0x0000000088d00000, 0x0000000088d00000| Untracked 
| 142|0x0000000088e00000, 0x0000000088e00000, 0x0000000088f00000|  0%| F|  |TAMS 0x0000000088e00000, 0x0000000088e00000| Untracked 
| 143|0x0000000088f00000, 0x0000000088f00000, 0x0000000089000000|  0%| F|  |TAMS 0x0000000088f00000, 0x0000000088f00000| Untracked 
| 144|0x0000000089000000, 0x0000000089000000, 0x0000000089100000|  0%| F|  |TAMS 0x0000000089000000, 0x0000000089000000| Untracked 
| 145|0x0000000089100000, 0x0000000089100000, 0x0000000089200000|  0%| F|  |TAMS 0x0000000089100000, 0x0000000089100000| Untracked 
| 146|0x0000000089200000, 0x0000000089200000, 0x0000000089300000|  0%| F|  |TAMS 0x0000000089200000, 0x0000000089200000| Untracked 
| 147|0x0000000089300000, 0x0000000089300000, 0x0000000089400000|  0%| F|  |TAMS 0x0000000089300000, 0x0000000089300000| Untracked 
| 148|0x0000000089400000, 0x0000000089400000, 0x0000000089500000|  0%| F|  |TAMS 0x0000000089400000, 0x0000000089400000| Untracked 
| 149|0x0000000089500000, 0x0000000089500000, 0x0000000089600000|  0%| F|  |TAMS 0x0000000089500000, 0x0000000089500000| Untracked 
| 150|0x0000000089600000, 0x0000000089600000, 0x0000000089700000|  0%| F|  |TAMS 0x0000000089600000, 0x0000000089600000| Untracked 
| 151|0x0000000089700000, 0x00000000897e89c8, 0x0000000089800000| 90%| S|CS|TAMS 0x0000000089700000, 0x0000000089700000| Complete 
| 152|0x0000000089800000, 0x0000000089900000, 0x0000000089900000|100%| S|CS|TAMS 0x0000000089800000, 0x0000000089800000| Complete 
| 153|0x0000000089900000, 0x0000000089900000, 0x0000000089a00000|  0%| F|  |TAMS 0x0000000089900000, 0x0000000089900000| Untracked 
| 154|0x0000000089a00000, 0x0000000089a00000, 0x0000000089b00000|  0%| F|  |TAMS 0x0000000089a00000, 0x0000000089a00000| Untracked 
| 155|0x0000000089b00000, 0x0000000089b00000, 0x0000000089c00000|  0%| F|  |TAMS 0x0000000089b00000, 0x0000000089b00000| Untracked 
| 156|0x0000000089c00000, 0x0000000089c00000, 0x0000000089d00000|  0%| F|  |TAMS 0x0000000089c00000, 0x0000000089c00000| Untracked 
| 157|0x0000000089d00000, 0x0000000089d00000, 0x0000000089e00000|  0%| F|  |TAMS 0x0000000089d00000, 0x0000000089d00000| Untracked 
| 158|0x0000000089e00000, 0x0000000089e00000, 0x0000000089f00000|  0%| F|  |TAMS 0x0000000089e00000, 0x0000000089e00000| Untracked 
| 159|0x0000000089f00000, 0x0000000089f00000, 0x000000008a000000|  0%| F|  |TAMS 0x0000000089f00000, 0x0000000089f00000| Untracked 
| 160|0x000000008a000000, 0x000000008a000000, 0x000000008a100000|  0%| F|  |TAMS 0x000000008a000000, 0x000000008a000000| Untracked 
| 161|0x000000008a100000, 0x000000008a100000, 0x000000008a200000|  0%| F|  |TAMS 0x000000008a100000, 0x000000008a100000| Untracked 
| 162|0x000000008a200000, 0x000000008a200000, 0x000000008a300000|  0%| F|  |TAMS 0x000000008a200000, 0x000000008a200000| Untracked 
| 163|0x000000008a300000, 0x000000008a300000, 0x000000008a400000|  0%| F|  |TAMS 0x000000008a300000, 0x000000008a300000| Untracked 
| 164|0x000000008a400000, 0x000000008a400000, 0x000000008a500000|  0%| F|  |TAMS 0x000000008a400000, 0x000000008a400000| Untracked 
| 165|0x000000008a500000, 0x000000008a500000, 0x000000008a600000|  0%| F|  |TAMS 0x000000008a500000, 0x000000008a500000| Untracked 
| 166|0x000000008a600000, 0x000000008a600000, 0x000000008a700000|  0%| F|  |TAMS 0x000000008a600000, 0x000000008a600000| Untracked 
| 167|0x000000008a700000, 0x000000008a700000, 0x000000008a800000|  0%| F|  |TAMS 0x000000008a700000, 0x000000008a700000| Untracked 
| 168|0x000000008a800000, 0x000000008a800000, 0x000000008a900000|  0%| F|  |TAMS 0x000000008a800000, 0x000000008a800000| Untracked 
| 169|0x000000008a900000, 0x000000008a900000, 0x000000008aa00000|  0%| F|  |TAMS 0x000000008a900000, 0x000000008a900000| Untracked 
| 170|0x000000008aa00000, 0x000000008aa00000, 0x000000008ab00000|  0%| F|  |TAMS 0x000000008aa00000, 0x000000008aa00000| Untracked 
| 171|0x000000008ab00000, 0x000000008ab00000, 0x000000008ac00000|  0%| F|  |TAMS 0x000000008ab00000, 0x000000008ab00000| Untracked 
| 172|0x000000008ac00000, 0x000000008ac00000, 0x000000008ad00000|  0%| F|  |TAMS 0x000000008ac00000, 0x000000008ac00000| Untracked 
| 173|0x000000008ad00000, 0x000000008ad00000, 0x000000008ae00000|  0%| F|  |TAMS 0x000000008ad00000, 0x000000008ad00000| Untracked 
| 174|0x000000008ae00000, 0x000000008ae00000, 0x000000008af00000|  0%| F|  |TAMS 0x000000008ae00000, 0x000000008ae00000| Untracked 
| 175|0x000000008af00000, 0x000000008af00000, 0x000000008b000000|  0%| F|  |TAMS 0x000000008af00000, 0x000000008af00000| Untracked 
| 176|0x000000008b000000, 0x000000008b000000, 0x000000008b100000|  0%| F|  |TAMS 0x000000008b000000, 0x000000008b000000| Untracked 
| 177|0x000000008b100000, 0x000000008b100000, 0x000000008b200000|  0%| F|  |TAMS 0x000000008b100000, 0x000000008b100000| Untracked 
| 178|0x000000008b200000, 0x000000008b200000, 0x000000008b300000|  0%| F|  |TAMS 0x000000008b200000, 0x000000008b200000| Untracked 
| 179|0x000000008b300000, 0x000000008b380800, 0x000000008b400000| 50%| E|  |TAMS 0x000000008b300000, 0x000000008b300000| Complete 
| 180|0x000000008b400000, 0x000000008b500000, 0x000000008b500000|100%| E|CS|TAMS 0x000000008b400000, 0x000000008b400000| Complete 
| 181|0x000000008b500000, 0x000000008b600000, 0x000000008b600000|100%| E|CS|TAMS 0x000000008b500000, 0x000000008b500000| Complete 
| 182|0x000000008b600000, 0x000000008b700000, 0x000000008b700000|100%| E|CS|TAMS 0x000000008b600000, 0x000000008b600000| Complete 

Card table byte_map: [0x0000014594190000,0x0000014594590000] _byte_map_base: 0x0000014593d90000

Marking Bits (Prev, Next): (CMBitMap*) 0x00000145ff7bd500, (CMBitMap*) 0x00000145ff7bd540
 Prev Bits: [0x0000014594990000, 0x0000014596990000)
 Next Bits: [0x0000014596990000, 0x0000014598990000)

Polling page: 0x00000145ff820000

Metaspace:

Usage:
  Non-class:     81.48 MB used.
      Class:     12.89 MB used.
       Both:     94.37 MB used.

Virtual space:
  Non-class space:       88.00 MB reserved,      81.94 MB ( 93%) committed,  11 nodes.
      Class space:      412.00 MB reserved,      13.31 MB (  3%) committed,  1 nodes.
             Both:      500.00 MB reserved,      95.25 MB ( 19%) committed. 

Chunk freelists:
   Non-Class:  1.64 MB
       Class:  2.54 MB
        Both:  4.18 MB

MaxMetaspaceSize: 512.00 MB
CompressedClassSpaceSize: 412.00 MB
Initial GC threshold: 21.00 MB
Current GC threshold: 128.25 MB
CDS: off
MetaspaceReclaimPolicy: balanced
 - commit_granule_bytes: 65536.
 - commit_granule_words: 8192.
 - virtual_space_node_default_size: 1048576.
 - enlarge_chunks_in_place: 1.
 - new_chunks_are_fully_committed: 0.
 - uncommit_free_chunks: 1.
 - use_allocation_guard: 0.
 - handle_deallocations: 1.


Internal statistics:

num_allocs_failed_limit: 6.
num_arena_births: 1082.
num_arena_deaths: 0.
num_vsnodes_births: 12.
num_vsnodes_deaths: 0.
num_space_committed: 1524.
num_space_uncommitted: 0.
num_chunks_returned_to_freelist: 6.
num_chunks_taken_from_freelist: 4866.
num_chunk_merges: 6.
num_chunk_splits: 3246.
num_chunks_enlarged: 2160.
num_purges: 0.
num_inconsistent_stats: 0.

CodeHeap 'non-profiled nmethods': size=120000Kb used=6107Kb max_used=6107Kb free=113893Kb
 bounds [0x000001458c1f0000, 0x000001458c7f0000, 0x0000014593720000]
CodeHeap 'profiled nmethods': size=120000Kb used=22353Kb max_used=22353Kb free=97646Kb
 bounds [0x0000014584cc0000, 0x00000145862a0000, 0x000001458c1f0000]
CodeHeap 'non-nmethods': size=5760Kb used=2427Kb max_used=2471Kb free=3332Kb
 bounds [0x0000014584720000, 0x0000014584990000, 0x0000014584cc0000]
 total_blobs=11687 nmethods=10734 adapters=865
 compilation: enabled
              stopped_count=0, restarted_count=0
 full_count=0

Compilation events (20 events):
Event: 115.789 Thread 0x000001459c01bc20 12098       3       org.gradle.api.DefaultTask::getState (5 bytes)
Event: 115.789 Thread 0x000001459c01bc20 nmethod 12098 0x000001458627d590 code [0x000001458627d720, 0x000001458627d838]
Event: 115.791 Thread 0x000001459c01bc20 12099       3       org.gradle.internal.instantiation.generator.AsmBackedClassGenerator$ClassBuilderImpl::visitAnnotationValues (247 bytes)
Event: 115.798 Thread 0x000001459c01bc20 nmethod 12099 0x000001458627d910 code [0x000001458627df20, 0x0000014586280dc8]
Event: 115.798 Thread 0x000001459c01bc20 12100       3       org.gradle.api.internal.project.DefaultProject::getTaskDependencyFactory (30 bytes)
Event: 115.798 Thread 0x000001459c01bc20 nmethod 12100 0x0000014586282190 code [0x0000014586282380, 0x0000014586282a68]
Event: 115.812 Thread 0x000001459c01bc20 12101       3       org.gradle.internal.instantiation.generator.AsmBackedClassGenerator::access$4300 (6 bytes)
Event: 115.812 Thread 0x000001459c01bc20 nmethod 12101 0x0000014586282c90 code [0x0000014586282e20, 0x0000014586282f28]
Event: 115.812 Thread 0x000001459c01bc20 12102       3       org.gradle.internal.instantiation.generator.AsmBackedClassGenerator::rawTypeParam (88 bytes)
Event: 115.813 Thread 0x000001459c01bc20 nmethod 12102 0x0000014586283010 code [0x00000145862833a0, 0x0000014586284d08]
Event: 115.835 Thread 0x000001459c01bc20 12105       3       org.gradle.model.internal.asm.AsmClassGenerator::define (12 bytes)
Event: 115.836 Thread 0x000001459c01bc20 nmethod 12105 0x0000014586285410 code [0x0000014586285680, 0x00000145862861b8]
Event: 115.836 Thread 0x000001459c01bc20 12106       3       org.gradle.model.internal.asm.AsmClassGenerator::define (20 bytes)
Event: 115.836 Thread 0x000001459c01bc20 nmethod 12106 0x0000014586286610 code [0x00000145862867c0, 0x0000014586286978]
Event: 115.836 Thread 0x000001459c01bc20 12107       3       org.gradle.internal.classloader.ClassLoaderUtils::defineDecorator (13 bytes)
Event: 115.836 Thread 0x000001459c01bc20 nmethod 12107 0x0000014586286a90 code [0x0000014586286c40, 0x0000014586286d88]
Event: 115.836 Thread 0x000001459c01bc20 12108   !   3       org.gradle.internal.classloader.ClassLoaderUtils$LookupClassDefiner::defineDecoratorClass (47 bytes)
Event: 115.837 Thread 0x000001459c01bc20 nmethod 12108 0x0000014586286e90 code [0x0000014586287120, 0x0000014586287db8]
Event: 115.927 Thread 0x000001459c01bc20 12110       3       org.gradle.internal.instantiation.generator.AsmBackedClassGenerator$ClassBuilderImpl::access$4400 (4 bytes)
Event: 115.927 Thread 0x000001459c01bc20 nmethod 12110 0x0000014586288390 code [0x0000014586288520, 0x0000014586288618]

GC Heap History (20 events):
Event: 81.551 GC heap before
{Heap before GC invocations=45 (full 0):
 garbage-first heap   total 119808K, used 72467K [0x0000000080000000, 0x0000000100000000)
  region size 1024K, 5 young (5120K), 3 survivors (3072K)
 Metaspace       used 75731K, committed 76416K, reserved 495616K
  class space    used 10202K, committed 10496K, reserved 421888K
}
Event: 81.555 GC heap after
{Heap after GC invocations=46 (full 0):
 garbage-first heap   total 119808K, used 70280K [0x0000000080000000, 0x0000000100000000)
  region size 1024K, 1 young (1024K), 1 survivors (1024K)
 Metaspace       used 75731K, committed 76416K, reserved 495616K
  class space    used 10202K, committed 10496K, reserved 421888K
}
Event: 82.166 GC heap before
{Heap before GC invocations=46 (full 0):
 garbage-first heap   total 119808K, used 95880K [0x0000000080000000, 0x0000000100000000)
  region size 1024K, 26 young (26624K), 1 survivors (1024K)
 Metaspace       used 77897K, committed 78528K, reserved 495616K
  class space    used 10462K, committed 10752K, reserved 421888K
}
Event: 82.169 GC heap after
{Heap after GC invocations=47 (full 0):
 garbage-first heap   total 119808K, used 73014K [0x0000000080000000, 0x0000000100000000)
  region size 1024K, 3 young (3072K), 3 survivors (3072K)
 Metaspace       used 77897K, committed 78528K, reserved 495616K
  class space    used 10462K, committed 10752K, reserved 421888K
}
Event: 83.097 GC heap before
{Heap before GC invocations=48 (full 0):
 garbage-first heap   total 126976K, used 96566K [0x0000000080000000, 0x0000000100000000)
  region size 1024K, 26 young (26624K), 3 survivors (3072K)
 Metaspace       used 80255K, committed 80896K, reserved 495616K
  class space    used 10777K, committed 11072K, reserved 421888K
}
Event: 83.102 GC heap after
{Heap after GC invocations=49 (full 0):
 garbage-first heap   total 187392K, used 73958K [0x0000000080000000, 0x0000000100000000)
  region size 1024K, 2 young (2048K), 2 survivors (2048K)
 Metaspace       used 80255K, committed 80896K, reserved 495616K
  class space    used 10777K, committed 11072K, reserved 421888K
}
Event: 83.244 GC heap before
{Heap before GC invocations=49 (full 0):
 garbage-first heap   total 187392K, used 81126K [0x0000000080000000, 0x0000000100000000)
  region size 1024K, 9 young (9216K), 2 survivors (2048K)
 Metaspace       used 80369K, committed 81088K, reserved 495616K
  class space    used 10805K, committed 11136K, reserved 421888K
}
Event: 83.248 GC heap after
{Heap after GC invocations=50 (full 0):
 garbage-first heap   total 187392K, used 74600K [0x0000000080000000, 0x0000000100000000)
  region size 1024K, 2 young (2048K), 2 survivors (2048K)
 Metaspace       used 80369K, committed 81088K, reserved 495616K
  class space    used 10805K, committed 11136K, reserved 421888K
}
Event: 106.103 GC heap before
{Heap before GC invocations=50 (full 0):
 garbage-first heap   total 187392K, used 148328K [0x0000000080000000, 0x0000000100000000)
  region size 1024K, 74 young (75776K), 2 survivors (2048K)
 Metaspace       used 85400K, committed 86144K, reserved 503808K
  class space    used 11680K, committed 12032K, reserved 421888K
}
Event: 106.112 GC heap after
{Heap after GC invocations=51 (full 0):
 garbage-first heap   total 187392K, used 80136K [0x0000000080000000, 0x0000000100000000)
  region size 1024K, 7 young (7168K), 7 survivors (7168K)
 Metaspace       used 85400K, committed 86144K, reserved 503808K
  class space    used 11680K, committed 12032K, reserved 421888K
}
Event: 108.664 GC heap before
{Heap before GC invocations=51 (full 0):
 garbage-first heap   total 187392K, used 147720K [0x0000000080000000, 0x0000000100000000)
  region size 1024K, 73 young (74752K), 7 survivors (7168K)
 Metaspace       used 89102K, committed 89920K, reserved 503808K
  class space    used 12231K, committed 12608K, reserved 421888K
}
Event: 108.692 GC heap after
{Heap after GC invocations=52 (full 0):
 garbage-first heap   total 187392K, used 88368K [0x0000000080000000, 0x0000000100000000)
  region size 1024K, 9 young (9216K), 9 survivors (9216K)
 Metaspace       used 89102K, committed 89920K, reserved 503808K
  class space    used 12231K, committed 12608K, reserved 421888K
}
Event: 111.950 GC heap before
{Heap before GC invocations=52 (full 0):
 garbage-first heap   total 187392K, used 154928K [0x0000000080000000, 0x0000000100000000)
  region size 1024K, 67 young (68608K), 9 survivors (9216K)
 Metaspace       used 91339K, committed 92096K, reserved 503808K
  class space    used 12507K, committed 12864K, reserved 421888K
}
Event: 111.966 GC heap after
{Heap after GC invocations=53 (full 0):
 garbage-first heap   total 187392K, used 106735K [0x0000000080000000, 0x0000000100000000)
  region size 1024K, 9 young (9216K), 9 survivors (9216K)
 Metaspace       used 91339K, committed 92096K, reserved 503808K
  class space    used 12507K, committed 12864K, reserved 421888K
}
Event: 113.205 GC heap before
{Heap before GC invocations=53 (full 0):
 garbage-first heap   total 187392K, used 150767K [0x0000000080000000, 0x0000000100000000)
  region size 1024K, 50 young (51200K), 9 survivors (9216K)
 Metaspace       used 92239K, committed 93056K, reserved 503808K
  class space    used 12609K, committed 12992K, reserved 421888K
}
Event: 113.218 GC heap after
{Heap after GC invocations=54 (full 0):
 garbage-first heap   total 187392K, used 116736K [0x0000000080000000, 0x0000000100000000)
  region size 1024K, 7 young (7168K), 7 survivors (7168K)
 Metaspace       used 92239K, committed 93056K, reserved 503808K
  class space    used 12609K, committed 12992K, reserved 421888K
}
Event: 114.560 GC heap before
{Heap before GC invocations=54 (full 0):
 garbage-first heap   total 187392K, used 150528K [0x0000000080000000, 0x0000000100000000)
  region size 1024K, 40 young (40960K), 7 survivors (7168K)
 Metaspace       used 94882K, committed 95744K, reserved 512000K
  class space    used 12967K, committed 13376K, reserved 421888K
}
Event: 114.570 GC heap after
{Heap after GC invocations=55 (full 0):
 garbage-first heap   total 187392K, used 121012K [0x0000000080000000, 0x0000000100000000)
  region size 1024K, 5 young (5120K), 5 survivors (5120K)
 Metaspace       used 94882K, committed 95744K, reserved 512000K
  class space    used 12967K, committed 13376K, reserved 421888K
}
Event: 115.847 GC heap before
{Heap before GC invocations=55 (full 0):
 garbage-first heap   total 187392K, used 151732K [0x0000000080000000, 0x0000000100000000)
  region size 1024K, 35 young (35840K), 5 survivors (5120K)
 Metaspace       used 96426K, committed 97280K, reserved 512000K
  class space    used 13172K, committed 13568K, reserved 421888K
}
Event: 115.855 GC heap after
{Heap after GC invocations=56 (full 0):
 garbage-first heap   total 187392K, used 122582K [0x0000000080000000, 0x0000000100000000)
  region size 1024K, 2 young (2048K), 2 survivors (2048K)
 Metaspace       used 96426K, committed 97280K, reserved 512000K
  class space    used 13172K, committed 13568K, reserved 421888K
}

Dll operation events (11 events):
Event: 0.011 Loaded shared library C:\Program Files\OpenLogic\jre-17.0.5.8-hotspot\bin\java.dll
Event: 0.043 Loaded shared library C:\Program Files\OpenLogic\jre-17.0.5.8-hotspot\bin\jsvml.dll
Event: 0.205 Loaded shared library C:\Program Files\OpenLogic\jre-17.0.5.8-hotspot\bin\net.dll
Event: 0.208 Loaded shared library C:\Program Files\OpenLogic\jre-17.0.5.8-hotspot\bin\nio.dll
Event: 0.218 Loaded shared library C:\Program Files\OpenLogic\jre-17.0.5.8-hotspot\bin\zip.dll
Event: 0.863 Loaded shared library C:\Program Files\OpenLogic\jre-17.0.5.8-hotspot\bin\jimage.dll
Event: 1.065 Loaded shared library C:\Program Files\OpenLogic\jre-17.0.5.8-hotspot\bin\verify.dll
Event: 1.539 Loaded shared library C:\Users\abhij\.gradle\native\68d5fa5c4cc2d200863cafc0d521ce42e7d3e7ee720ec0a83991735586a16f82\windows-amd64\native-platform.dll
Event: 1.591 Loaded shared library C:\Users\abhij\.gradle\native\e376f236ea51e6404a007f0833ffe2c6e607c4080706a723a18a27aeea778392\windows-amd64\native-platform-file-events.dll
Event: 4.929 Loaded shared library C:\Program Files\OpenLogic\jre-17.0.5.8-hotspot\bin\management.dll
Event: 4.933 Loaded shared library C:\Program Files\OpenLogic\jre-17.0.5.8-hotspot\bin\management_ext.dll

Deoptimization events (20 events):
Event: 114.258 Thread 0x000001459cbebc00 DEOPT PACKING pc=0x000001458c5e6ccc sp=0x0000001b4d1f7e80
Event: 114.258 Thread 0x000001459cbebc00 DEOPT UNPACKING pc=0x0000014584775ba3 sp=0x0000001b4d1f7e18 mode 2
Event: 114.258 Thread 0x000001459cbebc00 Uncommon trap: trap_request=0xffffffde fr.pc=0x000001458c5e6ccc relative=0x00000000000000ac
Event: 114.258 Thread 0x000001459cbebc00 Uncommon trap: reason=class_check action=maybe_recompile pc=0x000001458c5e6ccc method=java.util.Collections$UnmodifiableList.get(I)Ljava/lang/Object; @ 5 c2
Event: 114.258 Thread 0x000001459cbebc00 DEOPT PACKING pc=0x000001458c5e6ccc sp=0x0000001b4d1f7e80
Event: 114.258 Thread 0x000001459cbebc00 DEOPT UNPACKING pc=0x0000014584775ba3 sp=0x0000001b4d1f7e18 mode 2
Event: 114.258 Thread 0x000001459cbebc00 Uncommon trap: trap_request=0xffffffde fr.pc=0x000001458c5e6ccc relative=0x00000000000000ac
Event: 114.258 Thread 0x000001459cbebc00 Uncommon trap: reason=class_check action=maybe_recompile pc=0x000001458c5e6ccc method=java.util.Collections$UnmodifiableList.get(I)Ljava/lang/Object; @ 5 c2
Event: 114.258 Thread 0x000001459cbebc00 DEOPT PACKING pc=0x000001458c5e6ccc sp=0x0000001b4d1f7e80
Event: 114.258 Thread 0x000001459cbebc00 DEOPT UNPACKING pc=0x0000014584775ba3 sp=0x0000001b4d1f7e18 mode 2
Event: 114.271 Thread 0x000001459cbebc00 Uncommon trap: trap_request=0xffffffde fr.pc=0x000001458c5e6ccc relative=0x00000000000000ac
Event: 114.271 Thread 0x000001459cbebc00 Uncommon trap: reason=class_check action=maybe_recompile pc=0x000001458c5e6ccc method=java.util.Collections$UnmodifiableList.get(I)Ljava/lang/Object; @ 5 c2
Event: 114.271 Thread 0x000001459cbebc00 DEOPT PACKING pc=0x000001458c5e6ccc sp=0x0000001b4d1f7f90
Event: 114.271 Thread 0x000001459cbebc00 DEOPT UNPACKING pc=0x0000014584775ba3 sp=0x0000001b4d1f7f28 mode 2
Event: 115.488 Thread 0x000001459cbebc00 DEOPT PACKING pc=0x0000014585d9ff76 sp=0x0000001b4d1f6070
Event: 115.488 Thread 0x000001459cbebc00 DEOPT UNPACKING pc=0x00000145847766e3 sp=0x0000001b4d1f5610 mode 0
Event: 115.714 Thread 0x000001459cbebc00 DEOPT PACKING pc=0x0000014585d9ff76 sp=0x0000001b4d1f6070
Event: 115.714 Thread 0x000001459cbebc00 DEOPT UNPACKING pc=0x00000145847766e3 sp=0x0000001b4d1f5610 mode 0
Event: 115.924 Thread 0x000001459cbebc00 DEOPT PACKING pc=0x0000014585d9ff76 sp=0x0000001b4d1f6070
Event: 115.924 Thread 0x000001459cbebc00 DEOPT UNPACKING pc=0x00000145847766e3 sp=0x0000001b4d1f5610 mode 0

Classes unloaded (0 events):
No events

Classes redefined (0 events):
No events

Internal exceptions (20 events):
Event: 113.715 Thread 0x000001459cbebc00 Exception <a 'java/lang/ClassNotFoundException'{0x000000008a473e00}: org/gradle/api/tasks/DeleteBeanInfo> (0x000000008a473e00) 
thrown [s\src\hotspot\share\classfile\systemDictionary.cpp, line 256]
Event: 113.716 Thread 0x000001459cbebc00 Exception <a 'java/lang/ClassNotFoundException'{0x000000008a489908}: org/gradle/api/tasks/DeleteCustomizer> (0x000000008a489908) 
thrown [s\src\hotspot\share\classfile\systemDictionary.cpp, line 256]
Event: 113.719 Thread 0x000001459cbebc00 Exception <a 'java/lang/ClassNotFoundException'{0x000000008a4b3508}: org/gradle/api/tasks/Delete_DecoratedCustomizer> (0x000000008a4b3508) 
thrown [s\src\hotspot\share\classfile\systemDictionary.cpp, line 256]
Event: 113.896 Thread 0x000001459cbebc00 Exception <a 'java/lang/ClassNotFoundException'{0x000000008a1a79a0}: org/gradle/api/tasks/compile/JavaCompile_DecoratedBeanInfo> (0x000000008a1a79a0) 
thrown [s\src\hotspot\share\classfile\systemDictionary.cpp, line 256]
Event: 113.898 Thread 0x000001459cbebc00 Exception <a 'java/lang/ClassNotFoundException'{0x000000008a1b8068}: org/gradle/api/tasks/compile/JavaCompileBeanInfo> (0x000000008a1b8068) 
thrown [s\src\hotspot\share\classfile\systemDictionary.cpp, line 256]
Event: 113.899 Thread 0x000001459cbebc00 Exception <a 'java/lang/ClassNotFoundException'{0x000000008a1c87a8}: org/gradle/api/tasks/compile/AbstractCompileBeanInfo> (0x000000008a1c87a8) 
thrown [s\src\hotspot\share\classfile\systemDictionary.cpp, line 256]
Event: 113.900 Thread 0x000001459cbebc00 Exception <a 'java/lang/ClassNotFoundException'{0x000000008a1d62a0}: org/gradle/api/tasks/SourceTaskBeanInfo> (0x000000008a1d62a0) 
thrown [s\src\hotspot\share\classfile\systemDictionary.cpp, line 256]
Event: 113.900 Thread 0x000001459cbebc00 Exception <a 'java/lang/ClassNotFoundException'{0x000000008a1e3db8}: org/gradle/api/tasks/SourceTaskCustomizer> (0x000000008a1e3db8) 
thrown [s\src\hotspot\share\classfile\systemDictionary.cpp, line 256]
Event: 113.930 Thread 0x000001459cbebc00 Exception <a 'java/lang/ClassNotFoundException'{0x000000008a0187a0}: org/gradle/api/tasks/compile/AbstractCompileCustomizer> (0x000000008a0187a0) 
thrown [s\src\hotspot\share\classfile\systemDictionary.cpp, line 256]
Event: 113.932 Thread 0x000001459cbebc00 Exception <a 'java/lang/ClassNotFoundException'{0x000000008a041568}: org/gradle/api/tasks/compile/JavaCompileCustomizer> (0x000000008a041568) 
thrown [s\src\hotspot\share\classfile\systemDictionary.cpp, line 256]
Event: 113.933 Thread 0x000001459cbebc00 Exception <a 'java/lang/ClassNotFoundException'{0x000000008a06ad20}: org/gradle/api/tasks/compile/JavaCompile_DecoratedCustomizer> (0x000000008a06ad20) 
thrown [s\src\hotspot\share\classfile\systemDictionary.cpp, line 256]
Event: 114.045 Thread 0x000001459cbebc00 Exception <a 'sun/nio/fs/WindowsException'{0x0000000089e8ac20}> (0x0000000089e8ac20) 
thrown [s\src\hotspot\share\prims\jni.cpp, line 516]
Event: 114.341 Thread 0x000001459cbebc00 Exception <a 'sun/nio/fs/WindowsException'{0x00000000899e3e38}> (0x00000000899e3e38) 
thrown [s\src\hotspot\share\prims\jni.cpp, line 516]
Event: 114.557 Thread 0x000001459cbebc00 Exception <a 'sun/nio/fs/WindowsException'{0x00000000896e8420}> (0x00000000896e8420) 
thrown [s\src\hotspot\share\prims\jni.cpp, line 516]
Event: 114.749 Thread 0x000001459cbebc00 Exception <a 'sun/nio/fs/WindowsException'{0x000000008b177a18}> (0x000000008b177a18) 
thrown [s\src\hotspot\share\prims\jni.cpp, line 516]
Event: 114.930 Thread 0x000001459cbebc00 Exception <a 'java/lang/NoSuchMethodError'{0x000000008ad4f8c0}: 'java.lang.Object java.lang.invoke.DirectMethodHandle$Holder.invokeSpecial(java.lang.Object, java.lang.Object, java.lang.Object, java.lang.Object, long)'> (0x000000008ad4f8c0) 
thrown [s\src\hotspot\share\interpreter\linkResolver.cpp, line 759]
Event: 114.931 Thread 0x000001459cbebc00 Exception <a 'java/lang/NoSuchMethodError'{0x000000008ad54190}: 'java.lang.Object java.lang.invoke.Invokers$Holder.linkToTargetMethod(java.lang.Object, java.lang.Object, long, java.lang.Object)'> (0x000000008ad54190) 
thrown [s\src\hotspot\share\interpreter\linkResolver.cpp, line 759]
Event: 114.937 Thread 0x000001459cbebc00 Exception <a 'sun/nio/fs/WindowsException'{0x000000008ad7ba70}> (0x000000008ad7ba70) 
thrown [s\src\hotspot\share\prims\jni.cpp, line 516]
Event: 115.030 Thread 0x000001459cbebc00 Exception <a 'sun/nio/fs/WindowsException'{0x000000008aa29200}> (0x000000008aa29200) 
thrown [s\src\hotspot\share\prims\jni.cpp, line 516]
Event: 115.272 Thread 0x000001459cbebc00 Exception <a 'java/lang/NoClassDefFoundError'{0x000000008a528d68}: org/jetbrains/kotlin/gradle/plugin/KotlinBasePluginWrapper> (0x000000008a528d68) 
thrown [s\src\hotspot\share\oops\constantPool.cpp, line 835]

VM Operations (20 events):
Event: 111.985 Executing VM operation: HandshakeAllThreads
Event: 111.985 Executing VM operation: HandshakeAllThreads done
Event: 112.831 Executing VM operation: ICBufferFull
Event: 112.831 Executing VM operation: ICBufferFull done
Event: 113.205 Executing VM operation: G1CollectForAllocation
Event: 113.219 Executing VM operation: G1CollectForAllocation done
Event: 113.285 Executing VM operation: HandshakeAllThreads
Event: 113.286 Executing VM operation: HandshakeAllThreads done
Event: 113.397 Executing VM operation: HandshakeAllThreads
Event: 113.404 Executing VM operation: HandshakeAllThreads done
Event: 114.351 Executing VM operation: HandshakeAllThreads
Event: 114.351 Executing VM operation: HandshakeAllThreads done
Event: 114.351 Executing VM operation: Cleanup
Event: 114.351 Executing VM operation: Cleanup done
Event: 114.560 Executing VM operation: G1CollectForAllocation
Event: 114.570 Executing VM operation: G1CollectForAllocation done
Event: 115.582 Executing VM operation: Cleanup
Event: 115.599 Executing VM operation: Cleanup done
Event: 115.847 Executing VM operation: G1CollectForAllocation
Event: 115.855 Executing VM operation: G1CollectForAllocation done

Events (20 events):
Event: 113.840 loading class java/io/ObjectOutputStream$ReplaceTable
Event: 113.840 loading class java/io/ObjectOutputStream$ReplaceTable done
Event: 113.840 loading class java/io/Bits
Event: 113.840 loading class java/io/Bits done
Event: 114.032 loading class java/net/Proxy
Event: 114.033 loading class java/net/Proxy done
Event: 114.033 loading class java/net/Proxy$Type
Event: 114.033 loading class java/net/Proxy$Type done
Event: 114.135 loading class java/nio/charset/UnsupportedCharsetException
Event: 114.135 loading class java/nio/charset/UnsupportedCharsetException done
Event: 114.246 loading class jdk/internal/access/foreign/MemorySegmentProxy
Event: 114.246 loading class jdk/internal/access/foreign/MemorySegmentProxy done
Event: 114.311 loading class jdk/internal/reflect/UnsafeIntegerFieldAccessorImpl
Event: 114.311 loading class jdk/internal/reflect/UnsafeIntegerFieldAccessorImpl done
Event: 114.311 loading class jdk/internal/reflect/UnsafeByteFieldAccessorImpl
Event: 114.311 loading class jdk/internal/reflect/UnsafeByteFieldAccessorImpl done
Event: 114.330 loading class jdk/internal/reflect/UnsafeQualifiedIntegerFieldAccessorImpl
Event: 114.332 loading class jdk/internal/reflect/UnsafeQualifiedIntegerFieldAccessorImpl done
Event: 114.360 loading class jdk/internal/reflect/UnsafeQualifiedBooleanFieldAccessorImpl
Event: 114.360 loading class jdk/internal/reflect/UnsafeQualifiedBooleanFieldAccessorImpl done


Dynamic libraries:
0x00007ff6e5640000 - 0x00007ff6e564e000 	C:\Program Files\OpenLogic\jre-17.0.5.8-hotspot\bin\java.exe
0x00007ffac8ad0000 - 0x00007ffac8ce7000 	C:\WINDOWS\SYSTEM32\ntdll.dll
0x00007ffac7f10000 - 0x00007ffac7fd4000 	C:\WINDOWS\System32\KERNEL32.DLL
0x00007ffac61f0000 - 0x00007ffac6596000 	C:\WINDOWS\System32\KERNELBASE.dll
0x00007ffac5ef0000 - 0x00007ffac6001000 	C:\WINDOWS\System32\ucrtbase.dll
0x00007ffa945f0000 - 0x00007ffa94607000 	C:\Program Files\OpenLogic\jre-17.0.5.8-hotspot\bin\jli.dll
0x00007ffac8440000 - 0x00007ffac85ed000 	C:\WINDOWS\System32\USER32.dll
0x00007ffac65a0000 - 0x00007ffac65c6000 	C:\WINDOWS\System32\win32u.dll
0x00007ffac7840000 - 0x00007ffac7869000 	C:\WINDOWS\System32\GDI32.dll
0x00007ffac65d0000 - 0x00007ffac66e8000 	C:\WINDOWS\System32\gdi32full.dll
0x00007ffac5e50000 - 0x00007ffac5eea000 	C:\WINDOWS\System32\msvcp_win.dll
0x00007ffa49e10000 - 0x00007ffa49e2b000 	C:\Program Files\OpenLogic\jre-17.0.5.8-hotspot\bin\VCRUNTIME140.dll
0x00007ffaaed00000 - 0x00007ffaaef93000 	C:\WINDOWS\WinSxS\amd64_microsoft.windows.common-controls_6595b64144ccf1df_6.0.22621.2361_none_2712ced57382f843\COMCTL32.dll
0x00007ffac8350000 - 0x00007ffac83f7000 	C:\WINDOWS\System32\msvcrt.dll
0x00007ffac8400000 - 0x00007ffac8431000 	C:\WINDOWS\System32\IMM32.DLL
0x00007ffaaeb10000 - 0x00007ffaaeb1c000 	C:\Program Files\OpenLogic\jre-17.0.5.8-hotspot\bin\vcruntime140_1.dll
0x00007ffa49790000 - 0x00007ffa4981d000 	C:\Program Files\OpenLogic\jre-17.0.5.8-hotspot\bin\msvcp140.dll
0x00007ffa3b580000 - 0x00007ffa3c1db000 	C:\Program Files\OpenLogic\jre-17.0.5.8-hotspot\bin\server\jvm.dll
0x00007ffac87f0000 - 0x00007ffac88a0000 	C:\WINDOWS\System32\ADVAPI32.dll
0x00007ffac89c0000 - 0x00007ffac8a66000 	C:\WINDOWS\System32\sechost.dll
0x00007ffac6840000 - 0x00007ffac6957000 	C:\WINDOWS\System32\RPCRT4.dll
0x00007ffa97b10000 - 0x00007ffa97b19000 	C:\WINDOWS\SYSTEM32\WSOCK32.dll
0x00007ffac7a10000 - 0x00007ffac7a81000 	C:\WINDOWS\System32\WS2_32.dll
0x00007ffabb530000 - 0x00007ffabb564000 	C:\WINDOWS\SYSTEM32\WINMM.dll
0x00007ffaba0d0000 - 0x00007ffaba0da000 	C:\WINDOWS\SYSTEM32\VERSION.dll
0x00007ffac4e30000 - 0x00007ffac4e48000 	C:\WINDOWS\SYSTEM32\kernel.appcore.dll
0x00007ffa97a50000 - 0x00007ffa97a5a000 	C:\Program Files\OpenLogic\jre-17.0.5.8-hotspot\bin\jimage.dll
0x00007ffac35e0000 - 0x00007ffac380e000 	C:\WINDOWS\SYSTEM32\DBGHELP.DLL
0x00007ffac6960000 - 0x00007ffac6cea000 	C:\WINDOWS\System32\combase.dll
0x00007ffac8100000 - 0x00007ffac81d7000 	C:\WINDOWS\System32\OLEAUT32.dll
0x00007ffaa5000000 - 0x00007ffaa5032000 	C:\WINDOWS\SYSTEM32\dbgcore.DLL
0x00007ffac66f0000 - 0x00007ffac676a000 	C:\WINDOWS\System32\bcryptPrimitives.dll
0x00007ffa49c60000 - 0x00007ffa49c85000 	C:\Program Files\OpenLogic\jre-17.0.5.8-hotspot\bin\java.dll
0x00007ffa49c40000 - 0x00007ffa49c58000 	C:\Program Files\OpenLogic\jre-17.0.5.8-hotspot\bin\zip.dll
0x00007ffa496b0000 - 0x00007ffa49786000 	C:\Program Files\OpenLogic\jre-17.0.5.8-hotspot\bin\jsvml.dll
0x00007ffac6d70000 - 0x00007ffac75c8000 	C:\WINDOWS\System32\SHELL32.dll
0x00007ffac3db0000 - 0x00007ffac46a2000 	C:\WINDOWS\SYSTEM32\windows.storage.dll
0x00007ffac3c70000 - 0x00007ffac3dae000 	C:\WINDOWS\SYSTEM32\wintypes.dll
0x00007ffac8250000 - 0x00007ffac8343000 	C:\WINDOWS\System32\SHCORE.dll
0x00007ffac6d10000 - 0x00007ffac6d6e000 	C:\WINDOWS\System32\shlwapi.dll
0x00007ffac5d80000 - 0x00007ffac5da6000 	C:\WINDOWS\SYSTEM32\profapi.dll
0x00007ffa49c20000 - 0x00007ffa49c39000 	C:\Program Files\OpenLogic\jre-17.0.5.8-hotspot\bin\net.dll
0x00007ffabca30000 - 0x00007ffabcb67000 	C:\WINDOWS\SYSTEM32\WINHTTP.dll
0x00007ffac5380000 - 0x00007ffac53e9000 	C:\WINDOWS\system32\mswsock.dll
0x00007ffa49980000 - 0x00007ffa49996000 	C:\Program Files\OpenLogic\jre-17.0.5.8-hotspot\bin\nio.dll
0x00007ffaa6540000 - 0x00007ffaa6550000 	C:\Program Files\OpenLogic\jre-17.0.5.8-hotspot\bin\verify.dll
0x00007ffa86c10000 - 0x00007ffa86c37000 	C:\Users\abhij\.gradle\native\68d5fa5c4cc2d200863cafc0d521ce42e7d3e7ee720ec0a83991735586a16f82\windows-amd64\native-platform.dll
0x00007ffa3d1a0000 - 0x00007ffa3d2e4000 	C:\Users\abhij\.gradle\native\e376f236ea51e6404a007f0833ffe2c6e607c4080706a723a18a27aeea778392\windows-amd64\native-platform-file-events.dll
0x00007ffa94610000 - 0x00007ffa94619000 	C:\Program Files\OpenLogic\jre-17.0.5.8-hotspot\bin\management.dll
0x00007ffa945c0000 - 0x00007ffa945cb000 	C:\Program Files\OpenLogic\jre-17.0.5.8-hotspot\bin\management_ext.dll
0x00007ffac6830000 - 0x00007ffac6838000 	C:\WINDOWS\System32\PSAPI.DLL
0x00007ffac55d0000 - 0x00007ffac55eb000 	C:\WINDOWS\SYSTEM32\CRYPTSP.dll
0x00007ffac4df0000 - 0x00007ffac4e25000 	C:\WINDOWS\system32\rsaenh.dll
0x00007ffac5470000 - 0x00007ffac549c000 	C:\WINDOWS\SYSTEM32\USERENV.dll
0x00007ffac5810000 - 0x00007ffac5838000 	C:\WINDOWS\SYSTEM32\bcrypt.dll
0x00007ffac5600000 - 0x00007ffac560c000 	C:\WINDOWS\SYSTEM32\CRYPTBASE.dll
0x00007ffac4910000 - 0x00007ffac493d000 	C:\WINDOWS\SYSTEM32\IPHLPAPI.DLL
0x00007ffac6cf0000 - 0x00007ffac6cf9000 	C:\WINDOWS\System32\NSI.dll
0x00007ffaba130000 - 0x00007ffaba149000 	C:\WINDOWS\SYSTEM32\dhcpcsvc6.DLL
0x00007ffaba110000 - 0x00007ffaba12f000 	C:\WINDOWS\SYSTEM32\dhcpcsvc.DLL
0x00007ffac4980000 - 0x00007ffac4a79000 	C:\WINDOWS\SYSTEM32\DNSAPI.dll
0x00007ffa94620000 - 0x00007ffa94628000 	C:\WINDOWS\system32\wshunix.dll

dbghelp: loaded successfully - version: 4.0.5 - missing functions: none
symbol engine: initialized successfully - sym options: 0x614 - pdb path: .;C:\Program Files\OpenLogic\jre-17.0.5.8-hotspot\bin;C:\WINDOWS\SYSTEM32;C:\WINDOWS\WinSxS\amd64_microsoft.windows.common-controls_6595b64144ccf1df_6.0.22621.2361_none_2712ced57382f843;C:\Program Files\OpenLogic\jre-17.0.5.8-hotspot\bin\server;C:\Users\abhij\.gradle\native\68d5fa5c4cc2d200863cafc0d521ce42e7d3e7ee720ec0a83991735586a16f82\windows-amd64;C:\Users\abhij\.gradle\native\e376f236ea51e6404a007f0833ffe2c6e607c4080706a723a18a27aeea778392\windows-amd64

VM Arguments:
jvm_args: -XX:MaxMetaspaceSize=512m --add-opens=java.base/java.util=ALL-UNNAMED --add-opens=java.base/java.lang=ALL-UNNAMED --add-opens=java.base/java.lang.invoke=ALL-UNNAMED --add-opens=java.prefs/java.util.prefs=ALL-UNNAMED --add-opens=java.base/java.nio.charset=ALL-UNNAMED --add-opens=java.base/java.net=ALL-UNNAMED --add-opens=java.base/java.util.concurrent.atomic=ALL-UNNAMED -Xmx2048m -Dfile.encoding=windows-1252 -Duser.country=IN -Duser.language=en -Duser.variant 
java_command: org.gradle.launcher.daemon.bootstrap.GradleDaemon 8.0.1
java_class_path (initial): C:\Users\abhij\.gradle\wrapper\dists\gradle-8.0.1-all\aro4hu1c3oeioove7l0i4i14o\gradle-8.0.1\lib\gradle-launcher-8.0.1.jar
Launcher Type: SUN_STANDARD

[Global flags]
     intx CICompilerCount                          = 4                                         {product} {ergonomic}
   size_t CompressedClassSpaceSize                 = 432013312                                 {product} {ergonomic}
     uint ConcGCThreads                            = 2                                         {product} {ergonomic}
     uint G1ConcRefinementThreads                  = 8                                         {product} {ergonomic}
   size_t G1HeapRegionSize                         = 1048576                                   {product} {ergonomic}
    uintx GCDrainStackTargetSize                   = 64                                        {product} {ergonomic}
   size_t InitialHeapSize                          = 132120576                                 {product} {ergonomic}
   size_t MarkStackSize                            = 4194304                                   {product} {ergonomic}
   size_t MaxHeapSize                              = 2147483648                                {product} {command line}
   size_t MaxMetaspaceSize                         = 536870912                                 {product} {command line}
   size_t MaxNewSize                               = 1287651328                                {product} {ergonomic}
   size_t MinHeapDeltaBytes                        = 1048576                                   {product} {ergonomic}
   size_t MinHeapSize                              = 8388608                                   {product} {ergonomic}
    uintx NonNMethodCodeHeapSize                   = 5839372                                {pd product} {ergonomic}
    uintx NonProfiledCodeHeapSize                  = 122909434                              {pd product} {ergonomic}
    uintx ProfiledCodeHeapSize                     = 122909434                              {pd product} {ergonomic}
    uintx ReservedCodeCacheSize                    = 251658240                              {pd product} {ergonomic}
     bool SegmentedCodeCache                       = true                                      {product} {ergonomic}
   size_t SoftMaxHeapSize                          = 2147483648                             {manageable} {ergonomic}
     bool UseCompressedClassPointers               = true                           {product lp64_product} {ergonomic}
     bool UseCompressedOops                        = true                           {product lp64_product} {ergonomic}
     bool UseG1GC                                  = true                                      {product} {ergonomic}
     bool UseLargePagesIndividualAllocation        = false                                  {pd product} {ergonomic}

Logging:
Log output configuration:
 #0: stdout all=warning uptime,level,tags
 #1: stderr all=off uptime,level,tags

Environment Variables:
JAVA_HOME=C:\Program Files\OpenLogic\jre-17.0.5.8-hotspot\
CLASSPATH=D:\TikTok\reelBanao\android\\gradle\wrapper\gradle-wrapper.jar
PATH=D:\TikTok\reelBanao\node_modules\.bin;D:\TikTok\reelBanao\node_modules\.bin;D:\TikTok\node_modules\.bin;D:\node_modules\.bin;C:\Program Files\nodejs\node_modules\npm\node_modules\@npmcli\run-script\lib\node-gyp-bin;D:\TikTok\reelBanao\node_modules\.bin;D:\TikTok\node_modules\.bin;D:\node_modules\.bin;C:\Program Files\nodejs\node_modules\npm\node_modules\@npmcli\run-script\lib\node-gyp-bin;C:\Program Files\Python311\Scripts\;C:\Program Files\Python311\;C:\Program Files\OpenLogic\jre-17.0.5.8-hotspot\bin;C:\WINDOWS\system32;C:\WINDOWS;C:\WINDOWS\System32\Wbem;C:\WINDOWS\System32\WindowsPowerShell\v1.0\;C:\WINDOWS\System32\OpenSSH\;C:\Program Files\Git\cmd;C:\Users\abhij\Downloads\mongosh-1.8.0-win32-x64\mongosh-1.8.0-win32-x64\bin;C:\Program Files\MongoDB\Server\6.0\bin;C:\Program Files\MongoDB\Server\6.0\bin;C:\Program Files\nodejs\;C:\ProgramData\chocolatey\bin;C:\Program Files\Go\bin;C:\Users\abhij\AppData\Local\Microsoft\WindowsApps;C:\Users\abhij\AppData\Local\Programs\Microsoft VS Code\bin;C:\Users\abhij\AppData\Local\GitHubDesktop\bin;C:\Users\abhij\AppData\Roaming\npm;C:\Users\abhij\AppData\Local\Android\Sdk;C:\Users\abhij\AppData\Local\Android\Sdk\platform-tools;C:\Users\abhij\AppData\Local\Android\Sdk\emulator;C:\Users\abhij\AppData\Local\Android\Sdk\tools;C:\Users\abhij\AppData\Local\Android\Sdk\tools\bin;C:\Users\abhij\go\bin
USERNAME=abhij
OS=Windows_NT
PROCESSOR_IDENTIFIER=Intel64 Family 6 Model 140 Stepping 1, GenuineIntel
TMP=C:\Users\abhij\AppData\Local\Temp
TEMP=C:\Users\abhij\AppData\Local\Temp



---------------  S Y S T E M  ---------------

OS:
 Windows 11 , 64 bit Build 22621 (10.0.22621.2428)
OS uptime: 0 days 5:04 hours

CPU: total 8 (initial active 8) (4 cores per cpu, 2 threads per core) family 6 model 140 stepping 1 microcode 0x86, cx8, cmov, fxsr, ht, mmx, 3dnowpref, sse, sse2, sse3, ssse3, sse4.1, sse4.2, popcnt, lzcnt, tsc, tscinvbit, avx, avx2, aes, erms, clmul, bmi1, bmi2, adx, avx512f, avx512dq, avx512cd, avx512bw, avx512vl, sha, fma, vzeroupper, avx512_vpopcntdq, avx512_vpclmulqdq, avx512_vaes, avx512_vnni, clflush, clflushopt, clwb, avx512_vbmi2, avx512_vbmi

Memory: 4k page, system-wide physical 7975M (117M free)
TotalPageFile size 26725M (AvailPageFile size 5M)
current process WorkingSet (physical memory assigned to process): 332M, peak: 365M
current process commit charge ("private bytes"): 484M, peak: 487M

vm_info: OpenJDK 64-Bit Server VM (17.0.5+8-adhoc..jdk17u) for windows-amd64 JRE (17.0.5+8-adhoc..jdk17u), built on Jun  8 2023 10:23:55 by "" with MS VC++ 16.10 / 16.11 (VS2019)

END.
