#
# There is insufficient memory for the Java Runtime Environment to continue.
# Native memory allocation (malloc) failed to allocate 206016 bytes for Chunk::new
# Possible reasons:
#   The system is out of physical RAM or swap space
#   The process is running with CompressedOops enabled, and the Java Heap may be blocking the growth of the native heap
# Possible solutions:
#   Reduce memory load on the system
#   Increase physical memory or swap space
#   Check if swap backing store is full
#   Decrease Java heap size (-Xmx/-Xms)
#   Decrease number of Java threads
#   Decrease Java thread stack sizes (-Xss)
#   Set larger code cache with -XX:ReservedCodeCacheSize=
#   JVM is running with Unscaled Compressed Oops mode in which the Java heap is
#     placed in the first 4GB address space. The Java Heap base address is the
#     maximum limit for the native heap growth. Please use -XX:HeapBaseMinAddress
#     to set the Java Heap base and to place the Java Heap above 4GB virtual address.
# This output file may be truncated or incomplete.
#
#  Out of Memory Error (arena.cpp:189), pid=32524, tid=32700
#
# JRE version: OpenJDK Runtime Environment OpenLogic-OpenJDK (17.0.5+8) (build 17.0.5+8-adhoc..jdk17u)
# Java VM: OpenJDK 64-Bit Server VM OpenLogic-OpenJDK (17.0.5+8-adhoc..jdk17u, mixed mode, tiered, compressed oops, compressed class ptrs, g1 gc, windows-amd64)
# No core dump will be written. Minidumps are not enabled by default on client versions of Windows
#

---------------  S U M M A R Y ------------

Command Line: -XX:MaxMetaspaceSize=512m --add-opens=java.base/java.util=ALL-UNNAMED --add-opens=java.base/java.lang=ALL-UNNAMED --add-opens=java.base/java.lang.invoke=ALL-UNNAMED --add-opens=java.prefs/java.util.prefs=ALL-UNNAMED --add-opens=java.base/java.nio.charset=ALL-UNNAMED --add-opens=java.base/java.net=ALL-UNNAMED --add-opens=java.base/java.util.concurrent.atomic=ALL-UNNAMED -Xmx2048m -Dfile.encoding=windows-1252 -Duser.country=IN -Duser.language=en -Duser.variant org.gradle.launcher.daemon.bootstrap.GradleDaemon 8.0.1

Host: 11th Gen Intel(R) Core(TM) i5-11300H @ 3.10GHz, 8 cores, 7G,  Windows 11 , 64 bit Build 22621 (10.0.22621.2428)
Time: Mon Nov  6 21:02:59 2023 India Standard Time elapsed time: 416.870724 seconds (0d 0h 6m 56s)

---------------  T H R E A D  ---------------

Current thread (0x000001b15906ab70):  JavaThread "C2 CompilerThread0" daemon [_thread_in_native, id=32700, stack(0x0000005f27c00000,0x0000005f27d00000)]


Current CompileTask:
C2: 416870 13582       4       java.util.HashMap$ValueSpliterator::forEachRemaining (186 bytes)

Stack: [0x0000005f27c00000,0x0000005f27d00000]
Native frames: (J=compiled Java code, j=interpreted, Vv=VM code, C=native code)
V  [jvm.dll+0x677b5a]
V  [jvm.dll+0x832c94]
V  [jvm.dll+0x83443e]
V  [jvm.dll+0x834aa3]
V  [jvm.dll+0x245035]
V  [jvm.dll+0xabd4c]
V  [jvm.dll+0xac31c]
V  [jvm.dll+0x2ac17f]
V  [jvm.dll+0x57e517]
V  [jvm.dll+0x220112]
V  [jvm.dll+0x21961f]
V  [jvm.dll+0x21727b]
V  [jvm.dll+0x1a378d]
V  [jvm.dll+0x226d0a]
V  [jvm.dll+0x224e65]
V  [jvm.dll+0x7e861c]
V  [jvm.dll+0x7e2b8a]
V  [jvm.dll+0x676a05]
C  [ucrtbase.dll+0x29363]
C  [KERNEL32.DLL+0x1257d]
C  [ntdll.dll+0x5aa78]


---------------  P R O C E S S  ---------------

Threads class SMR info:
_java_thread_list=0x000001b1627e3ac0, length=133, elements={
0x000001b13e7f2a60, 0x000001b158128aa0, 0x000001b15812a570, 0x000001b1590405b0,
0x000001b159042e80, 0x000001b159069430, 0x000001b159069de0, 0x000001b15906ab70,
0x000001b15906b610, 0x000001b159074010, 0x000001b159212000, 0x000001b1592124d0,
0x000001b15aafbda0, 0x000001b15ab4d6a0, 0x000001b15ba966d0, 0x000001b15bbe1260,
0x000001b15bae6930, 0x000001b15a4e7660, 0x000001b15a5e8d00, 0x000001b15aa0f530,
0x000001b15aa0fa00, 0x000001b15aa11210, 0x000001b15aa0d850, 0x000001b15aa103a0,
0x000001b15aa0fed0, 0x000001b15aa10870, 0x000001b15aa10d40, 0x000001b15aa0dd20,
0x000001b15aa0e6c0, 0x000001b15aa0e1f0, 0x000001b15aa0f060, 0x000001b15bdd22d0,
0x000001b15bdd8310, 0x000001b15bdd3ae0, 0x000001b15bdd5c90, 0x000001b15bdd3fb0,
0x000001b15bdd1460, 0x000001b15bdd3140, 0x000001b15bdd87e0, 0x000001b15bdd74a0,
0x000001b15bdd7e40, 0x000001b15bdd0f90, 0x000001b15bdd6160, 0x000001b15bdd1930,
0x000001b15bdd1e00, 0x000001b15bdd6630, 0x000001b15bdd2c70, 0x000001b15bdd3610,
0x000001b15bdd4480, 0x000001b15bdd6b00, 0x000001b15bdd4950, 0x000001b15bdd4e20,
0x000001b15bdd52f0, 0x000001b15bdd57c0, 0x000001b15fde6ed0, 0x000001b15fde8bb0,
0x000001b15fde73a0, 0x000001b15fde7870, 0x000001b15fde7d40, 0x000001b15fde8210,
0x000001b15fdec0a0, 0x000001b15fde86e0, 0x000001b15fdecf10, 0x000001b15fde6060,
0x000001b15fde9080, 0x000001b15fde6530, 0x000001b15fde9ef0, 0x000001b15fde6a00,
0x000001b15fded8b0, 0x000001b15fde9550, 0x000001b15fdea890, 0x000001b15fdebbd0,
0x000001b15fdeca40, 0x000001b15fa87390, 0x000001b15fa86ec0, 0x000001b15fa86520,
0x000001b15fa839d0, 0x000001b15fa869f0, 0x000001b15fa856b0, 0x000001b15fa86050,
0x000001b15fa84840, 0x000001b15fa88ba0, 0x000001b15fa87860, 0x000001b15fa85b80,
0x000001b15fa84d10, 0x000001b15fa87d30, 0x000001b15fa851e0, 0x000001b15fa88200,
0x000001b15fa82b60, 0x000001b15fa886d0, 0x000001b15fa89070, 0x000001b15fa81820,
0x000001b15fa81cf0, 0x000001b15fa84370, 0x000001b15fa821c0, 0x000001b15fa82690,
0x000001b15fa83030, 0x000001b15fa83500, 0x000001b15fa83ea0, 0x000001b15fa7faf0,
0x000001b15fa7c600, 0x000001b15fa78770, 0x000001b15fa7adf0, 0x000001b15fa7de10,
0x000001b15fa7bc60, 0x000001b15fa7e2e0, 0x000001b15fa79f80, 0x000001b15fa7cad0,
0x000001b15fa7f620, 0x000001b15fa7c130, 0x000001b15fa7d470, 0x000001b15fa7cfa0,
0x000001b15fa7a450, 0x000001b15fa782a0, 0x000001b15fa7d940, 0x000001b15fa7a920,
0x000001b15fa78c40, 0x000001b15fa79110, 0x000001b15fa7b2c0, 0x000001b15fa795e0,
0x000001b15fa7e7b0, 0x000001b15fa79ab0, 0x000001b15fc43ab0, 0x000001b15fc42770,
0x000001b15fc3fc20, 0x000001b15fc3e8e0, 0x000001b15fc40f60, 0x000001b15fc3df40,
0x000001b15fc3e410, 0x000001b15fc41430, 0x000001b15fc3f750, 0x000001b15fc42c40,
0x000001b15fc41900
}

Java Threads: ( => current thread )
  0x000001b13e7f2a60 JavaThread "main" [_thread_blocked, id=32632, stack(0x0000005f26f00000,0x0000005f27000000)]
  0x000001b158128aa0 JavaThread "Reference Handler" daemon [_thread_blocked, id=31932, stack(0x0000005f27600000,0x0000005f27700000)]
  0x000001b15812a570 JavaThread "Finalizer" daemon [_thread_blocked, id=31796, stack(0x0000005f27700000,0x0000005f27800000)]
  0x000001b1590405b0 JavaThread "Signal Dispatcher" daemon [_thread_blocked, id=20684, stack(0x0000005f27800000,0x0000005f27900000)]
  0x000001b159042e80 JavaThread "Attach Listener" daemon [_thread_blocked, id=32316, stack(0x0000005f27900000,0x0000005f27a00000)]
  0x000001b159069430 JavaThread "Service Thread" daemon [_thread_blocked, id=32640, stack(0x0000005f27a00000,0x0000005f27b00000)]
  0x000001b159069de0 JavaThread "Monitor Deflation Thread" daemon [_thread_blocked, id=28288, stack(0x0000005f27b00000,0x0000005f27c00000)]
=>0x000001b15906ab70 JavaThread "C2 CompilerThread0" daemon [_thread_in_native, id=32700, stack(0x0000005f27c00000,0x0000005f27d00000)]
  0x000001b15906b610 JavaThread "C1 CompilerThread0" daemon [_thread_blocked, id=31552, stack(0x0000005f27d00000,0x0000005f27e00000)]
  0x000001b159074010 JavaThread "Sweeper thread" daemon [_thread_blocked, id=32236, stack(0x0000005f27e00000,0x0000005f27f00000)]
  0x000001b159212000 JavaThread "Common-Cleaner" daemon [_thread_blocked, id=31752, stack(0x0000005f27f00000,0x0000005f28000000)]
  0x000001b1592124d0 JavaThread "Notification Thread" daemon [_thread_blocked, id=31368, stack(0x0000005f28000000,0x0000005f28100000)]
  0x000001b15aafbda0 JavaThread "Daemon health stats" [_thread_blocked, id=32328, stack(0x0000005f28800000,0x0000005f28900000)]
  0x000001b15ab4d6a0 JavaThread "Incoming local TCP Connector on port 54494" [_thread_in_native, id=32256, stack(0x0000005f28900000,0x0000005f28a00000)]
  0x000001b15ba966d0 JavaThread "Daemon periodic checks" [_thread_blocked, id=4696, stack(0x0000005f28a00000,0x0000005f28b00000)]
  0x000001b15bbe1260 JavaThread "Daemon" [_thread_blocked, id=32668, stack(0x0000005f28b00000,0x0000005f28c00000)]
  0x000001b15bae6930 JavaThread "Handler for socket connection from /127.0.0.1:54494 to /127.0.0.1:54495" [_thread_in_native, id=31336, stack(0x0000005f28c00000,0x0000005f28d00000)]
  0x000001b15a4e7660 JavaThread "Cancel handler" [_thread_blocked, id=15308, stack(0x0000005f28d00000,0x0000005f28e00000)]
  0x000001b15a5e8d00 JavaThread "Daemon worker" [_thread_blocked, id=32292, stack(0x0000005f28e00000,0x0000005f28f00000)]
  0x000001b15aa0f530 JavaThread "Asynchronous log dispatcher for DefaultDaemonConnection: socket connection from /127.0.0.1:54494 to /127.0.0.1:54495" [_thread_blocked, id=31960, stack(0x0000005f28f00000,0x0000005f29000000)]
  0x000001b15aa0fa00 JavaThread "Daemon client event forwarder" [_thread_blocked, id=24416, stack(0x0000005f29100000,0x0000005f29200000)]
  0x000001b15aa11210 JavaThread "Cache worker for journal cache (C:\Users\abhij\.gradle\caches\journal-1)" [_thread_blocked, id=31996, stack(0x0000005f29200000,0x0000005f29300000)]
  0x000001b15aa0d850 JavaThread "File lock request listener" [_thread_in_native, id=32000, stack(0x0000005f29300000,0x0000005f29400000)]
  0x000001b15aa103a0 JavaThread "Cache worker for file hash cache (C:\Users\abhij\.gradle\caches\8.0.1\fileHashes)" [_thread_blocked, id=32032, stack(0x0000005f29800000,0x0000005f29900000)]
  0x000001b15aa0fed0 JavaThread "File watcher server" daemon [_thread_in_native, id=32016, stack(0x0000005f29900000,0x0000005f29a00000)]
  0x000001b15aa10870 JavaThread "File watcher consumer" daemon [_thread_blocked, id=32020, stack(0x0000005f29a00000,0x0000005f29b00000)]
  0x000001b15aa10d40 JavaThread "Cache worker for checksums cache (D:\TikTok\reelBanao\android\.gradle\8.0.1\checksums)" [_thread_blocked, id=31980, stack(0x0000005f29b00000,0x0000005f29c00000)]
  0x000001b15aa0dd20 JavaThread "Cache worker for cache directory md-rule (C:\Users\abhij\.gradle\caches\8.0.1\md-rule)" [_thread_blocked, id=32008, stack(0x0000005f29c00000,0x0000005f29d00000)]
  0x000001b15aa0e6c0 JavaThread "Cache worker for file content cache (C:\Users\abhij\.gradle\caches\8.0.1\fileContent)" [_thread_blocked, id=32012, stack(0x0000005f29d00000,0x0000005f29e00000)]
  0x000001b15aa0e1f0 JavaThread "Cache worker for file hash cache (D:\TikTok\reelBanao\android\.gradle\8.0.1\fileHashes)" [_thread_blocked, id=21188, stack(0x0000005f29e00000,0x0000005f29f00000)]
  0x000001b15aa0f060 JavaThread "Cache worker for cache directory md-supplier (C:\Users\abhij\.gradle\caches\8.0.1\md-supplier)" [_thread_blocked, id=31364, stack(0x0000005f29f00000,0x0000005f2a000000)]
  0x000001b15bdd22d0 JavaThread "Cache worker for execution history cache (C:\Users\abhij\.gradle\caches\8.0.1\executionHistory)" [_thread_blocked, id=28692, stack(0x0000005f2a000000,0x0000005f2a100000)]
  0x000001b15bdd8310 JavaThread "jar transforms" [_thread_blocked, id=32212, stack(0x0000005f2a100000,0x0000005f2a200000)]
  0x000001b15bdd3ae0 JavaThread "jar transforms Thread 2" [_thread_blocked, id=32352, stack(0x0000005f2a200000,0x0000005f2a300000)]
  0x000001b15bdd5c90 JavaThread "jar transforms Thread 3" [_thread_blocked, id=19124, stack(0x0000005f2a300000,0x0000005f2a400000)]
  0x000001b15bdd3fb0 JavaThread "jar transforms Thread 4" [_thread_blocked, id=8944, stack(0x0000005f2a400000,0x0000005f2a500000)]
  0x000001b15bdd1460 JavaThread "Cache worker for kotlin-dsl (C:\Users\abhij\.gradle\caches\8.0.1\kotlin-dsl)" [_thread_blocked, id=21160, stack(0x0000005f2a500000,0x0000005f2a600000)]
  0x000001b15bdd3140 JavaThread "jar transforms Thread 5" [_thread_blocked, id=32604, stack(0x0000005f2a600000,0x0000005f2a700000)]
  0x000001b15bdd87e0 JavaThread "jar transforms Thread 6" [_thread_blocked, id=32656, stack(0x0000005f2a700000,0x0000005f2a800000)]
  0x000001b15bdd74a0 JavaThread "Cache worker for dependencies-accessors (D:\TikTok\reelBanao\android\.gradle\8.0.1\dependencies-accessors)" [_thread_blocked, id=32616, stack(0x0000005f2a800000,0x0000005f2a900000)]
  0x000001b15bdd7e40 JavaThread "Cache worker for Build Output Cleanup Cache (D:\TikTok\reelBanao\node_modules\@react-native\gradle-plugin\.gradle\buildOutputCleanup)" [_thread_blocked, id=32252, stack(0x0000005f2a900000,0x0000005f2aa00000)]
  0x000001b15bdd0f90 JavaThread "jar transforms Thread 7" [_thread_blocked, id=22988, stack(0x0000005f2aa00000,0x0000005f2ab00000)]
  0x000001b15bdd6160 JavaThread "Unconstrained build operations" [_thread_blocked, id=30584, stack(0x0000005f2ab00000,0x0000005f2ac00000)]
  0x000001b15bdd1930 JavaThread "Unconstrained build operations Thread 2" [_thread_blocked, id=24012, stack(0x0000005f2ac00000,0x0000005f2ad00000)]
  0x000001b15bdd1e00 JavaThread "Unconstrained build operations Thread 3" [_thread_in_native, id=2256, stack(0x0000005f2ad00000,0x0000005f2ae00000)]
  0x000001b15bdd6630 JavaThread "Unconstrained build operations Thread 4" [_thread_blocked, id=27856, stack(0x0000005f2ae00000,0x0000005f2af00000)]
  0x000001b15bdd2c70 JavaThread "Unconstrained build operations Thread 5" [_thread_blocked, id=28864, stack(0x0000005f2af00000,0x0000005f2b000000)]
  0x000001b15bdd3610 JavaThread "Unconstrained build operations Thread 6" [_thread_blocked, id=26288, stack(0x0000005f2b000000,0x0000005f2b100000)]
  0x000001b15bdd4480 JavaThread "Unconstrained build operations Thread 7" [_thread_blocked, id=32608, stack(0x0000005f2b100000,0x0000005f2b200000)]
  0x000001b15bdd6b00 JavaThread "Unconstrained build operations Thread 8" [_thread_blocked, id=32648, stack(0x0000005f2b200000,0x0000005f2b300000)]
  0x000001b15bdd4950 JavaThread "Unconstrained build operations Thread 9" [_thread_blocked, id=17236, stack(0x0000005f2b300000,0x0000005f2b400000)]
  0x000001b15bdd4e20 JavaThread "Unconstrained build operations Thread 10" [_thread_blocked, id=8024, stack(0x0000005f2b400000,0x0000005f2b500000)]
  0x000001b15bdd52f0 JavaThread "Unconstrained build operations Thread 11" [_thread_blocked, id=31656, stack(0x0000005f2b500000,0x0000005f2b600000)]
  0x000001b15bdd57c0 JavaThread "Unconstrained build operations Thread 12" [_thread_blocked, id=30240, stack(0x0000005f2b600000,0x0000005f2b700000)]
  0x000001b15fde6ed0 JavaThread "Unconstrained build operations Thread 13" [_thread_blocked, id=22536, stack(0x0000005f2b700000,0x0000005f2b800000)]
  0x000001b15fde8bb0 JavaThread "Unconstrained build operations Thread 14" [_thread_in_native, id=31756, stack(0x0000005f2b800000,0x0000005f2b900000)]
  0x000001b15fde73a0 JavaThread "Unconstrained build operations Thread 15" [_thread_blocked, id=30424, stack(0x0000005f2b900000,0x0000005f2ba00000)]
  0x000001b15fde7870 JavaThread "Unconstrained build operations Thread 16" [_thread_blocked, id=16024, stack(0x0000005f2ba00000,0x0000005f2bb00000)]
  0x000001b15fde7d40 JavaThread "Unconstrained build operations Thread 17" [_thread_blocked, id=14780, stack(0x0000005f2bb00000,0x0000005f2bc00000)]
  0x000001b15fde8210 JavaThread "Unconstrained build operations Thread 18" [_thread_blocked, id=30780, stack(0x0000005f2bc00000,0x0000005f2bd00000)]
  0x000001b15fdec0a0 JavaThread "Unconstrained build operations Thread 19" [_thread_blocked, id=8644, stack(0x0000005f2bd00000,0x0000005f2be00000)]
  0x000001b15fde86e0 JavaThread "Unconstrained build operations Thread 20" [_thread_blocked, id=30412, stack(0x0000005f2be00000,0x0000005f2bf00000)]
  0x000001b15fdecf10 JavaThread "Unconstrained build operations Thread 21" [_thread_blocked, id=32424, stack(0x0000005f2bf00000,0x0000005f2c000000)]
  0x000001b15fde6060 JavaThread "Unconstrained build operations Thread 22" [_thread_blocked, id=20080, stack(0x0000005f2c000000,0x0000005f2c100000)]
  0x000001b15fde9080 JavaThread "Unconstrained build operations Thread 23" [_thread_blocked, id=32412, stack(0x0000005f2c100000,0x0000005f2c200000)]
  0x000001b15fde6530 JavaThread "Unconstrained build operations Thread 24" [_thread_blocked, id=32408, stack(0x0000005f2c200000,0x0000005f2c300000)]
  0x000001b15fde9ef0 JavaThread "Unconstrained build operations Thread 25" [_thread_blocked, id=18068, stack(0x0000005f2c300000,0x0000005f2c400000)]
  0x000001b15fde6a00 JavaThread "Unconstrained build operations Thread 26" [_thread_blocked, id=29432, stack(0x0000005f2c400000,0x0000005f2c500000)]
  0x000001b15fded8b0 JavaThread "jar transforms Thread 8" [_thread_blocked, id=27288, stack(0x0000005f2c500000,0x0000005f2c600000)]
  0x000001b15fde9550 JavaThread "Memory manager" [_thread_blocked, id=25908, stack(0x0000005f2c600000,0x0000005f2c700000)]
  0x000001b15fdea890 JavaThread "Cache worker for Build Output Cleanup Cache (D:\TikTok\reelBanao\android\.gradle\buildOutputCleanup)" [_thread_blocked, id=30864, stack(0x0000005f2c700000,0x0000005f2c800000)]
  0x000001b15fdebbd0 JavaThread "Execution worker" [_thread_blocked, id=31308, stack(0x0000005f2c900000,0x0000005f2ca00000)]
  0x000001b15fdeca40 JavaThread "Execution worker Thread 2" [_thread_blocked, id=31576, stack(0x0000005f2ca00000,0x0000005f2cb00000)]
  0x000001b15fa87390 JavaThread "Execution worker Thread 3" [_thread_blocked, id=29056, stack(0x0000005f2cb00000,0x0000005f2cc00000)]
  0x000001b15fa86ec0 JavaThread "Execution worker Thread 4" [_thread_blocked, id=26804, stack(0x0000005f2cc00000,0x0000005f2cd00000)]
  0x000001b15fa86520 JavaThread "Execution worker Thread 5" [_thread_blocked, id=26716, stack(0x0000005f2cd00000,0x0000005f2ce00000)]
  0x000001b15fa839d0 JavaThread "Execution worker Thread 6" [_thread_blocked, id=3068, stack(0x0000005f2ce00000,0x0000005f2cf00000)]
  0x000001b15fa869f0 JavaThread "Execution worker Thread 7" [_thread_blocked, id=31300, stack(0x0000005f2cf00000,0x0000005f2d000000)]
  0x000001b15fa856b0 JavaThread "Cache worker for execution history cache (D:\TikTok\reelBanao\node_modules\@react-native\gradle-plugin\.gradle\8.0.1\executionHistory)" [_thread_blocked, id=31736, stack(0x0000005f2d000000,0x0000005f2d100000)]
  0x000001b15fa86050 JavaThread "Unconstrained build operations Thread 27" [_thread_blocked, id=14980, stack(0x0000005f2d100000,0x0000005f2d200000)]
  0x000001b15fa84840 JavaThread "Unconstrained build operations Thread 28" [_thread_blocked, id=8624, stack(0x0000005f2d200000,0x0000005f2d300000)]
  0x000001b15fa88ba0 JavaThread "Unconstrained build operations Thread 29" [_thread_blocked, id=30816, stack(0x0000005f2d300000,0x0000005f2d400000)]
  0x000001b15fa87860 JavaThread "Unconstrained build operations Thread 30" [_thread_blocked, id=31384, stack(0x0000005f2d400000,0x0000005f2d500000)]
  0x000001b15fa85b80 JavaThread "Unconstrained build operations Thread 31" [_thread_blocked, id=30892, stack(0x0000005f2d500000,0x0000005f2d600000)]
  0x000001b15fa84d10 JavaThread "Unconstrained build operations Thread 32" [_thread_blocked, id=29772, stack(0x0000005f2d600000,0x0000005f2d700000)]
  0x000001b15fa87d30 JavaThread "Unconstrained build operations Thread 33" [_thread_blocked, id=17968, stack(0x0000005f2d700000,0x0000005f2d800000)]
  0x000001b15fa851e0 JavaThread "Unconstrained build operations Thread 34" [_thread_blocked, id=31380, stack(0x0000005f2d800000,0x0000005f2d900000)]
  0x000001b15fa88200 JavaThread "Unconstrained build operations Thread 35" [_thread_blocked, id=32748, stack(0x0000005f2d900000,0x0000005f2da00000)]
  0x000001b15fa82b60 JavaThread "Unconstrained build operations Thread 36" [_thread_blocked, id=29532, stack(0x0000005f2da00000,0x0000005f2db00000)]
  0x000001b15fa886d0 JavaThread "Unconstrained build operations Thread 37" [_thread_blocked, id=12592, stack(0x0000005f2db00000,0x0000005f2dc00000)]
  0x000001b15fa89070 JavaThread "Unconstrained build operations Thread 38" [_thread_blocked, id=21752, stack(0x0000005f2dc00000,0x0000005f2dd00000)]
  0x000001b15fa81820 JavaThread "Unconstrained build operations Thread 39" [_thread_blocked, id=10120, stack(0x0000005f2dd00000,0x0000005f2de00000)]
  0x000001b15fa81cf0 JavaThread "Unconstrained build operations Thread 40" [_thread_blocked, id=28532, stack(0x0000005f2de00000,0x0000005f2df00000)]
  0x000001b15fa84370 JavaThread "Unconstrained build operations Thread 41" [_thread_blocked, id=20560, stack(0x0000005f2df00000,0x0000005f2e000000)]
  0x000001b15fa821c0 JavaThread "Unconstrained build operations Thread 42" [_thread_blocked, id=29612, stack(0x0000005f2e000000,0x0000005f2e100000)]
  0x000001b15fa82690 JavaThread "Unconstrained build operations Thread 43" [_thread_blocked, id=28796, stack(0x0000005f2e100000,0x0000005f2e200000)]
  0x000001b15fa83030 JavaThread "Unconstrained build operations Thread 44" [_thread_blocked, id=10768, stack(0x0000005f2e200000,0x0000005f2e300000)]
  0x000001b15fa83500 JavaThread "Unconstrained build operations Thread 45" [_thread_blocked, id=30536, stack(0x0000005f2e300000,0x0000005f2e400000)]
  0x000001b15fa83ea0 JavaThread "Unconstrained build operations Thread 46" [_thread_blocked, id=28508, stack(0x0000005f2e400000,0x0000005f2e500000)]
  0x000001b15fa7faf0 JavaThread "Unconstrained build operations Thread 47" [_thread_blocked, id=1636, stack(0x0000005f2e500000,0x0000005f2e600000)]
  0x000001b15fa7c600 JavaThread "Unconstrained build operations Thread 48" [_thread_blocked, id=31580, stack(0x0000005f2e600000,0x0000005f2e700000)]
  0x000001b15fa78770 JavaThread "Unconstrained build operations Thread 49" [_thread_blocked, id=8224, stack(0x0000005f2e700000,0x0000005f2e800000)]
  0x000001b15fa7adf0 JavaThread "Unconstrained build operations Thread 50" [_thread_blocked, id=28456, stack(0x0000005f2e800000,0x0000005f2e900000)]
  0x000001b15fa7de10 JavaThread "Unconstrained build operations Thread 51" [_thread_blocked, id=29616, stack(0x0000005f2e900000,0x0000005f2ea00000)]
  0x000001b15fa7bc60 JavaThread "Unconstrained build operations Thread 52" [_thread_blocked, id=2008, stack(0x0000005f2ea00000,0x0000005f2eb00000)]
  0x000001b15fa7e2e0 JavaThread "Unconstrained build operations Thread 53" [_thread_blocked, id=26844, stack(0x0000005f2eb00000,0x0000005f2ec00000)]
  0x000001b15fa79f80 JavaThread "Unconstrained build operations Thread 54" [_thread_blocked, id=31480, stack(0x0000005f2ec00000,0x0000005f2ed00000)]
  0x000001b15fa7cad0 JavaThread "Unconstrained build operations Thread 55" [_thread_blocked, id=31476, stack(0x0000005f2ed00000,0x0000005f2ee00000)]
  0x000001b15fa7f620 JavaThread "Unconstrained build operations Thread 56" [_thread_blocked, id=32716, stack(0x0000005f2ee00000,0x0000005f2ef00000)]
  0x000001b15fa7c130 JavaThread "Unconstrained build operations Thread 57" [_thread_blocked, id=31492, stack(0x0000005f2ef00000,0x0000005f2f000000)]
  0x000001b15fa7d470 JavaThread "Unconstrained build operations Thread 58" [_thread_blocked, id=31496, stack(0x0000005f2f000000,0x0000005f2f100000)]
  0x000001b15fa7cfa0 JavaThread "Unconstrained build operations Thread 59" [_thread_blocked, id=31500, stack(0x0000005f2f100000,0x0000005f2f200000)]
  0x000001b15fa7a450 JavaThread "Unconstrained build operations Thread 60" [_thread_blocked, id=31504, stack(0x0000005f2f200000,0x0000005f2f300000)]
  0x000001b15fa782a0 JavaThread "Unconstrained build operations Thread 61" [_thread_blocked, id=31524, stack(0x0000005f2f300000,0x0000005f2f400000)]
  0x000001b15fa7d940 JavaThread "Unconstrained build operations Thread 62" [_thread_blocked, id=31536, stack(0x0000005f2f400000,0x0000005f2f500000)]
  0x000001b15fa7a920 JavaThread "Unconstrained build operations Thread 63" [_thread_in_native, id=31532, stack(0x0000005f2f500000,0x0000005f2f600000)]
  0x000001b15fa78c40 JavaThread "Unconstrained build operations Thread 64" [_thread_blocked, id=31528, stack(0x0000005f2f600000,0x0000005f2f700000)]
  0x000001b15fa79110 JavaThread "Unconstrained build operations Thread 65" [_thread_blocked, id=31692, stack(0x0000005f2f700000,0x0000005f2f800000)]
  0x000001b15fa7b2c0 JavaThread "Unconstrained build operations Thread 66" [_thread_blocked, id=17308, stack(0x0000005f2f800000,0x0000005f2f900000)]
  0x000001b15fa795e0 JavaThread "Unconstrained build operations Thread 67" [_thread_in_native, id=17532, stack(0x0000005f2f900000,0x0000005f2fa00000)]
  0x000001b15fa7e7b0 JavaThread "Unconstrained build operations Thread 68" [_thread_in_native, id=9096, stack(0x0000005f2fa00000,0x0000005f2fb00000)]
  0x000001b15fa79ab0 JavaThread "Unconstrained build operations Thread 69" [_thread_blocked, id=26084, stack(0x0000005f2fb00000,0x0000005f2fc00000)]
  0x000001b15fc43ab0 JavaThread "Unconstrained build operations Thread 70" [_thread_blocked, id=25372, stack(0x0000005f2fc00000,0x0000005f2fd00000)]
  0x000001b15fc42770 JavaThread "Unconstrained build operations Thread 71" [_thread_blocked, id=27292, stack(0x0000005f2fd00000,0x0000005f2fe00000)]
  0x000001b15fc3fc20 JavaThread "Unconstrained build operations Thread 72" [_thread_blocked, id=29060, stack(0x0000005f2fe00000,0x0000005f2ff00000)]
  0x000001b15fc3e8e0 JavaThread "Unconstrained build operations Thread 73" [_thread_blocked, id=32592, stack(0x0000005f2ff00000,0x0000005f30000000)]
  0x000001b15fc40f60 JavaThread "Unconstrained build operations Thread 74" [_thread_blocked, id=27032, stack(0x0000005f30000000,0x0000005f30100000)]
  0x000001b15fc3df40 JavaThread "Unconstrained build operations Thread 75" [_thread_blocked, id=2608, stack(0x0000005f30100000,0x0000005f30200000)]
  0x000001b15fc3e410 JavaThread "Unconstrained build operations Thread 76" [_thread_blocked, id=31276, stack(0x0000005f30200000,0x0000005f30300000)]
  0x000001b15fc41430 JavaThread "Unconstrained build operations Thread 77" [_thread_blocked, id=21396, stack(0x0000005f30300000,0x0000005f30400000)]
  0x000001b15fc3f750 JavaThread "Unconstrained build operations Thread 78" [_thread_blocked, id=27528, stack(0x0000005f30400000,0x0000005f30500000)]
  0x000001b15fc42c40 JavaThread "Unconstrained build operations Thread 79" [_thread_blocked, id=27532, stack(0x0000005f30500000,0x0000005f30600000)]
  0x000001b15fc41900 JavaThread "Unconstrained build operations Thread 80" [_thread_blocked, id=22908, stack(0x0000005f30600000,0x0000005f30700000)]

Other Threads:
  0x000001b15900b8a0 VMThread "VM Thread" [stack: 0x0000005f27500000,0x0000005f27600000] [id=13396]
  0x000001b13e879be0 WatcherThread [stack: 0x0000005f28100000,0x0000005f28200000] [id=27764]
  0x000001b13e853000 GCTaskThread "GC Thread#0" [stack: 0x0000005f27000000,0x0000005f27100000] [id=5608]
  0x000001b159cc2a60 GCTaskThread "GC Thread#1" [stack: 0x0000005f28400000,0x0000005f28500000] [id=9064]
  0x000001b159cc2d10 GCTaskThread "GC Thread#2" [stack: 0x0000005f28500000,0x0000005f28600000] [id=20956]
  0x000001b159faed10 GCTaskThread "GC Thread#3" [stack: 0x0000005f28600000,0x0000005f28700000] [id=31400]
  0x000001b159f37250 GCTaskThread "GC Thread#4" [stack: 0x0000005f28700000,0x0000005f28800000] [id=30900]
  0x000001b15c10c9a0 GCTaskThread "GC Thread#5" [stack: 0x0000005f29400000,0x0000005f29500000] [id=31992]
  0x000001b15c03b290 GCTaskThread "GC Thread#6" [stack: 0x0000005f29500000,0x0000005f29600000] [id=31988]
  0x000001b15d7e49d0 GCTaskThread "GC Thread#7" [stack: 0x0000005f29600000,0x0000005f29700000] [id=32040]
  0x000001b13e863f40 ConcurrentGCThread "G1 Main Marker" [stack: 0x0000005f27100000,0x0000005f27200000] [id=28688]
  0x000001b13e864950 ConcurrentGCThread "G1 Conc#0" [stack: 0x0000005f27200000,0x0000005f27300000] [id=32720]
  0x000001b15c263290 ConcurrentGCThread "G1 Conc#1" [stack: 0x0000005f29700000,0x0000005f29800000] [id=29652]
  0x000001b157fa5f50 ConcurrentGCThread "G1 Refine#0" [stack: 0x0000005f27300000,0x0000005f27400000] [id=32724]
  0x000001b157fa6970 ConcurrentGCThread "G1 Service" [stack: 0x0000005f27400000,0x0000005f27500000] [id=31904]

Threads with active compile tasks:
C2 CompilerThread0   416906 13582       4       java.util.HashMap$ValueSpliterator::forEachRemaining (186 bytes)

VM state: not at safepoint (normal execution)

VM Mutex/Monitor currently owned by a thread: None

Heap address: 0x0000000080000000, size: 2048 MB, Compressed Oops mode: 32-bit

CDS archive(s) not mapped
Compressed class space mapped at: 0x0000000100000000-0x0000000119c00000, reserved size: 432013312
Narrow klass base: 0x0000000000000000, Narrow klass shift: 3, Narrow klass range: 0x119c00000

GC Precious Log:
 CPUs: 8 total, 8 available
 Memory: 7975M
 Large Page Support: Disabled
 NUMA Support: Disabled
 Compressed Oops: Enabled (32-bit)
 Heap Region Size: 1M
 Heap Min Capacity: 8M
 Heap Initial Capacity: 126M
 Heap Max Capacity: 2G
 Pre-touch: Disabled
 Parallel Workers: 8
 Concurrent Workers: 2
 Concurrent Refinement Workers: 8
 Periodic GC: Disabled

Heap:
 garbage-first heap   total 221184K, used 182555K [0x0000000080000000, 0x0000000100000000)
  region size 1024K, 29 young (29696K), 4 survivors (4096K)
 Metaspace       used 106597K, committed 107584K, reserved 520192K
  class space    used 14538K, committed 14976K, reserved 421888K

Heap Regions: E=young(eden), S=young(survivor), O=old, HS=humongous(starts), HC=humongous(continues), CS=collection set, F=free, OA=open archive, CA=closed archive, TAMS=top-at-mark-start (previous, next)
|   0|0x0000000080000000, 0x0000000080100000, 0x0000000080100000|100%|HS|  |TAMS 0x0000000080100000, 0x0000000080000000| Complete 
|   1|0x0000000080100000, 0x0000000080200000, 0x0000000080200000|100%|HC|  |TAMS 0x0000000080200000, 0x0000000080100000| Complete 
|   2|0x0000000080200000, 0x0000000080300000, 0x0000000080300000|100%|HC|  |TAMS 0x0000000080300000, 0x0000000080200000| Complete 
|   3|0x0000000080300000, 0x0000000080400000, 0x0000000080400000|100%|HC|  |TAMS 0x0000000080400000, 0x0000000080300000| Complete 
|   4|0x0000000080400000, 0x0000000080500000, 0x0000000080500000|100%| O|  |TAMS 0x0000000080500000, 0x0000000080400000| Untracked 
|   5|0x0000000080500000, 0x0000000080600000, 0x0000000080600000|100%| O|  |TAMS 0x0000000080600000, 0x0000000080500000| Untracked 
|   6|0x0000000080600000, 0x0000000080700000, 0x0000000080700000|100%| O|  |TAMS 0x0000000080700000, 0x0000000080600000| Untracked 
|   7|0x0000000080700000, 0x0000000080800000, 0x0000000080800000|100%| O|  |TAMS 0x0000000080800000, 0x0000000080700000| Untracked 
|   8|0x0000000080800000, 0x0000000080900000, 0x0000000080900000|100%| O|  |TAMS 0x0000000080900000, 0x0000000080800000| Untracked 
|   9|0x0000000080900000, 0x0000000080a00000, 0x0000000080a00000|100%| O|  |TAMS 0x0000000080a00000, 0x0000000080900000| Untracked 
|  10|0x0000000080a00000, 0x0000000080b00000, 0x0000000080b00000|100%| O|  |TAMS 0x0000000080b00000, 0x0000000080a00000| Untracked 
|  11|0x0000000080b00000, 0x0000000080c00000, 0x0000000080c00000|100%| O|  |TAMS 0x0000000080c00000, 0x0000000080b00000| Untracked 
|  12|0x0000000080c00000, 0x0000000080d00000, 0x0000000080d00000|100%| O|  |TAMS 0x0000000080d00000, 0x0000000080c00000| Untracked 
|  13|0x0000000080d00000, 0x0000000080e00000, 0x0000000080e00000|100%| O|  |TAMS 0x0000000080e00000, 0x0000000080d00000| Untracked 
|  14|0x0000000080e00000, 0x0000000080f00000, 0x0000000080f00000|100%| O|  |TAMS 0x0000000080f00000, 0x0000000080e00000| Untracked 
|  15|0x0000000080f00000, 0x0000000081000000, 0x0000000081000000|100%| O|  |TAMS 0x0000000081000000, 0x0000000080f00000| Untracked 
|  16|0x0000000081000000, 0x0000000081100000, 0x0000000081100000|100%| O|  |TAMS 0x0000000081100000, 0x0000000081000000| Untracked 
|  17|0x0000000081100000, 0x0000000081200000, 0x0000000081200000|100%| O|  |TAMS 0x0000000081200000, 0x0000000081100000| Untracked 
|  18|0x0000000081200000, 0x0000000081300000, 0x0000000081300000|100%| O|  |TAMS 0x0000000081300000, 0x0000000081200000| Untracked 
|  19|0x0000000081300000, 0x0000000081400000, 0x0000000081400000|100%| O|  |TAMS 0x0000000081400000, 0x0000000081300000| Untracked 
|  20|0x0000000081400000, 0x0000000081500000, 0x0000000081500000|100%| O|  |TAMS 0x0000000081500000, 0x0000000081400000| Untracked 
|  21|0x0000000081500000, 0x0000000081600000, 0x0000000081600000|100%| O|  |TAMS 0x0000000081600000, 0x0000000081500000| Untracked 
|  22|0x0000000081600000, 0x0000000081700000, 0x0000000081700000|100%|HS|  |TAMS 0x0000000081600000, 0x0000000081600000| Complete 
|  23|0x0000000081700000, 0x0000000081800000, 0x0000000081800000|100%| O|  |TAMS 0x0000000081800000, 0x0000000081700000| Untracked 
|  24|0x0000000081800000, 0x0000000081900000, 0x0000000081900000|100%| O|  |TAMS 0x0000000081900000, 0x0000000081800000| Untracked 
|  25|0x0000000081900000, 0x0000000081a00000, 0x0000000081a00000|100%| O|  |TAMS 0x0000000081a00000, 0x0000000081900000| Untracked 
|  26|0x0000000081a00000, 0x0000000081b00000, 0x0000000081b00000|100%| O|  |TAMS 0x0000000081a00000, 0x0000000081a00000| Untracked 
|  27|0x0000000081b00000, 0x0000000081c00000, 0x0000000081c00000|100%| O|  |TAMS 0x0000000081c00000, 0x0000000081b00000| Untracked 
|  28|0x0000000081c00000, 0x0000000081d00000, 0x0000000081d00000|100%| O|  |TAMS 0x0000000081d00000, 0x0000000081c00000| Untracked 
|  29|0x0000000081d00000, 0x0000000081e00000, 0x0000000081e00000|100%| O|  |TAMS 0x0000000081e00000, 0x0000000081d00000| Untracked 
|  30|0x0000000081e00000, 0x0000000081f00000, 0x0000000081f00000|100%| O|  |TAMS 0x0000000081f00000, 0x0000000081e00000| Untracked 
|  31|0x0000000081f00000, 0x0000000082000000, 0x0000000082000000|100%| O|  |TAMS 0x0000000082000000, 0x0000000081f00000| Untracked 
|  32|0x0000000082000000, 0x0000000082100000, 0x0000000082100000|100%| O|  |TAMS 0x0000000082100000, 0x0000000082000000| Untracked 
|  33|0x0000000082100000, 0x0000000082200000, 0x0000000082200000|100%| O|  |TAMS 0x0000000082200000, 0x0000000082100000| Untracked 
|  34|0x0000000082200000, 0x0000000082300000, 0x0000000082300000|100%|HS|  |TAMS 0x0000000082300000, 0x0000000082200000| Complete 
|  35|0x0000000082300000, 0x0000000082400000, 0x0000000082400000|100%|HC|  |TAMS 0x0000000082400000, 0x0000000082300000| Complete 
|  36|0x0000000082400000, 0x0000000082500000, 0x0000000082500000|100%| O|  |TAMS 0x0000000082500000, 0x0000000082400000| Untracked 
|  37|0x0000000082500000, 0x0000000082600000, 0x0000000082600000|100%| O|  |TAMS 0x0000000082600000, 0x0000000082500000| Untracked 
|  38|0x0000000082600000, 0x0000000082700000, 0x0000000082700000|100%|HS|  |TAMS 0x0000000082700000, 0x0000000082600000| Complete 
|  39|0x0000000082700000, 0x0000000082800000, 0x0000000082800000|100%|HC|  |TAMS 0x0000000082800000, 0x0000000082700000| Complete 
|  40|0x0000000082800000, 0x0000000082900000, 0x0000000082900000|100%|HC|  |TAMS 0x0000000082900000, 0x0000000082800000| Complete 
|  41|0x0000000082900000, 0x0000000082a00000, 0x0000000082a00000|100%|HC|  |TAMS 0x0000000082a00000, 0x0000000082900000| Complete 
|  42|0x0000000082a00000, 0x0000000082b00000, 0x0000000082b00000|100%| O|  |TAMS 0x0000000082b00000, 0x0000000082a00000| Untracked 
|  43|0x0000000082b00000, 0x0000000082c00000, 0x0000000082c00000|100%| O|  |TAMS 0x0000000082c00000, 0x0000000082b00000| Untracked 
|  44|0x0000000082c00000, 0x0000000082d00000, 0x0000000082d00000|100%| O|  |TAMS 0x0000000082d00000, 0x0000000082c00000| Untracked 
|  45|0x0000000082d00000, 0x0000000082e00000, 0x0000000082e00000|100%| O|  |TAMS 0x0000000082e00000, 0x0000000082d00000| Untracked 
|  46|0x0000000082e00000, 0x0000000082f00000, 0x0000000082f00000|100%| O|  |TAMS 0x0000000082f00000, 0x0000000082e00000| Untracked 
|  47|0x0000000082f00000, 0x0000000083000000, 0x0000000083000000|100%| O|  |TAMS 0x0000000083000000, 0x0000000082f00000| Untracked 
|  48|0x0000000083000000, 0x0000000083100000, 0x0000000083100000|100%| O|  |TAMS 0x0000000083100000, 0x0000000083000000| Untracked 
|  49|0x0000000083100000, 0x0000000083200000, 0x0000000083200000|100%| O|  |TAMS 0x0000000083200000, 0x0000000083100000| Untracked 
|  50|0x0000000083200000, 0x0000000083300000, 0x0000000083300000|100%| O|  |TAMS 0x0000000083300000, 0x0000000083200000| Untracked 
|  51|0x0000000083300000, 0x0000000083400000, 0x0000000083400000|100%| O|  |TAMS 0x0000000083400000, 0x0000000083300000| Untracked 
|  52|0x0000000083400000, 0x0000000083500000, 0x0000000083500000|100%| O|  |TAMS 0x0000000083500000, 0x0000000083400000| Untracked 
|  53|0x0000000083500000, 0x0000000083600000, 0x0000000083600000|100%| O|  |TAMS 0x0000000083600000, 0x0000000083500000| Untracked 
|  54|0x0000000083600000, 0x0000000083700000, 0x0000000083700000|100%| O|  |TAMS 0x0000000083700000, 0x0000000083600000| Untracked 
|  55|0x0000000083700000, 0x0000000083800000, 0x0000000083800000|100%| O|  |TAMS 0x0000000083800000, 0x0000000083700000| Untracked 
|  56|0x0000000083800000, 0x0000000083900000, 0x0000000083900000|100%| O|  |TAMS 0x0000000083900000, 0x0000000083800000| Untracked 
|  57|0x0000000083900000, 0x0000000083a00000, 0x0000000083a00000|100%| O|  |TAMS 0x0000000083a00000, 0x0000000083900000| Untracked 
|  58|0x0000000083a00000, 0x0000000083b00000, 0x0000000083b00000|100%| O|  |TAMS 0x0000000083a43600, 0x0000000083a00000| Untracked 
|  59|0x0000000083b00000, 0x0000000083c00000, 0x0000000083c00000|100%|HS|  |TAMS 0x0000000083b00000, 0x0000000083b00000| Complete 
|  60|0x0000000083c00000, 0x0000000083d00000, 0x0000000083d00000|100%| O|  |TAMS 0x0000000083c00000, 0x0000000083c00000| Untracked 
|  61|0x0000000083d00000, 0x0000000083e00000, 0x0000000083e00000|100%| O|  |TAMS 0x0000000083d00000, 0x0000000083d00000| Untracked 
|  62|0x0000000083e00000, 0x0000000083f00000, 0x0000000083f00000|100%| O|  |TAMS 0x0000000083e00000, 0x0000000083e00000| Untracked 
|  63|0x0000000083f00000, 0x0000000084000000, 0x0000000084000000|100%| O|  |TAMS 0x0000000083f00000, 0x0000000083f00000| Untracked 
|  64|0x0000000084000000, 0x0000000084100000, 0x0000000084100000|100%| O|  |TAMS 0x0000000084000000, 0x0000000084000000| Untracked 
|  65|0x0000000084100000, 0x0000000084200000, 0x0000000084200000|100%| O|  |TAMS 0x0000000084100000, 0x0000000084100000| Untracked 
|  66|0x0000000084200000, 0x0000000084300000, 0x0000000084300000|100%| O|  |TAMS 0x0000000084200000, 0x0000000084200000| Untracked 
|  67|0x0000000084300000, 0x0000000084400000, 0x0000000084400000|100%| O|  |TAMS 0x0000000084300000, 0x0000000084300000| Untracked 
|  68|0x0000000084400000, 0x0000000084500000, 0x0000000084500000|100%| O|  |TAMS 0x0000000084400000, 0x0000000084400000| Untracked 
|  69|0x0000000084500000, 0x0000000084600000, 0x0000000084600000|100%| O|  |TAMS 0x0000000084500000, 0x0000000084500000| Untracked 
|  70|0x0000000084600000, 0x0000000084700000, 0x0000000084700000|100%| O|  |TAMS 0x0000000084600000, 0x0000000084600000| Untracked 
|  71|0x0000000084700000, 0x0000000084800000, 0x0000000084800000|100%| O|  |TAMS 0x0000000084700000, 0x0000000084700000| Untracked 
|  72|0x0000000084800000, 0x0000000084900000, 0x0000000084900000|100%| O|  |TAMS 0x0000000084800000, 0x0000000084800000| Untracked 
|  73|0x0000000084900000, 0x0000000084a00000, 0x0000000084a00000|100%| O|  |TAMS 0x0000000084900000, 0x0000000084900000| Untracked 
|  74|0x0000000084a00000, 0x0000000084b00000, 0x0000000084b00000|100%| O|  |TAMS 0x0000000084a00000, 0x0000000084a00000| Untracked 
|  75|0x0000000084b00000, 0x0000000084c00000, 0x0000000084c00000|100%| O|  |TAMS 0x0000000084b00000, 0x0000000084b00000| Untracked 
|  76|0x0000000084c00000, 0x0000000084d00000, 0x0000000084d00000|100%| O|  |TAMS 0x0000000084c00000, 0x0000000084c00000| Untracked 
|  77|0x0000000084d00000, 0x0000000084e00000, 0x0000000084e00000|100%| O|  |TAMS 0x0000000084d00000, 0x0000000084d00000| Untracked 
|  78|0x0000000084e00000, 0x0000000084f00000, 0x0000000084f00000|100%| O|  |TAMS 0x0000000084e00000, 0x0000000084e00000| Untracked 
|  79|0x0000000084f00000, 0x0000000085000000, 0x0000000085000000|100%| O|  |TAMS 0x0000000084f00000, 0x0000000084f00000| Untracked 
|  80|0x0000000085000000, 0x0000000085100000, 0x0000000085100000|100%| O|  |TAMS 0x0000000085000000, 0x0000000085000000| Untracked 
|  81|0x0000000085100000, 0x0000000085200000, 0x0000000085200000|100%|HS|  |TAMS 0x0000000085100000, 0x0000000085100000| Complete 
|  82|0x0000000085200000, 0x0000000085300000, 0x0000000085300000|100%|HS|  |TAMS 0x0000000085200000, 0x0000000085200000| Complete 
|  83|0x0000000085300000, 0x0000000085400000, 0x0000000085400000|100%|HS|  |TAMS 0x0000000085300000, 0x0000000085300000| Complete 
|  84|0x0000000085400000, 0x0000000085500000, 0x0000000085500000|100%|HS|  |TAMS 0x0000000085400000, 0x0000000085400000| Complete 
|  85|0x0000000085500000, 0x0000000085600000, 0x0000000085600000|100%|HC|  |TAMS 0x0000000085500000, 0x0000000085500000| Complete 
|  86|0x0000000085600000, 0x0000000085700000, 0x0000000085700000|100%|HC|  |TAMS 0x0000000085600000, 0x0000000085600000| Complete 
|  87|0x0000000085700000, 0x0000000085800000, 0x0000000085800000|100%|HS|  |TAMS 0x0000000085700000, 0x0000000085700000| Complete 
|  88|0x0000000085800000, 0x0000000085900000, 0x0000000085900000|100%|HC|  |TAMS 0x0000000085800000, 0x0000000085800000| Complete 
|  89|0x0000000085900000, 0x0000000085a00000, 0x0000000085a00000|100%|HS|  |TAMS 0x0000000085900000, 0x0000000085900000| Complete 
|  90|0x0000000085a00000, 0x0000000085b00000, 0x0000000085b00000|100%|HS|  |TAMS 0x0000000085a00000, 0x0000000085a00000| Complete 
|  91|0x0000000085b00000, 0x0000000085c00000, 0x0000000085c00000|100%| O|  |TAMS 0x0000000085b00000, 0x0000000085b00000| Untracked 
|  92|0x0000000085c00000, 0x0000000085d00000, 0x0000000085d00000|100%| O|  |TAMS 0x0000000085c00000, 0x0000000085c00000| Untracked 
|  93|0x0000000085d00000, 0x0000000085e00000, 0x0000000085e00000|100%| O|  |TAMS 0x0000000085d00000, 0x0000000085d00000| Untracked 
|  94|0x0000000085e00000, 0x0000000085f00000, 0x0000000085f00000|100%| O|  |TAMS 0x0000000085e00000, 0x0000000085e00000| Untracked 
|  95|0x0000000085f00000, 0x0000000086000000, 0x0000000086000000|100%| O|  |TAMS 0x0000000085f00000, 0x0000000085f00000| Untracked 
|  96|0x0000000086000000, 0x0000000086100000, 0x0000000086100000|100%| O|  |TAMS 0x0000000086000000, 0x0000000086000000| Untracked 
|  97|0x0000000086100000, 0x0000000086200000, 0x0000000086200000|100%| O|  |TAMS 0x0000000086100000, 0x0000000086100000| Untracked 
|  98|0x0000000086200000, 0x0000000086300000, 0x0000000086300000|100%| O|  |TAMS 0x0000000086200000, 0x0000000086200000| Untracked 
|  99|0x0000000086300000, 0x0000000086400000, 0x0000000086400000|100%| O|  |TAMS 0x0000000086300000, 0x0000000086300000| Untracked 
| 100|0x0000000086400000, 0x0000000086500000, 0x0000000086500000|100%| O|  |TAMS 0x0000000086400000, 0x0000000086400000| Untracked 
| 101|0x0000000086500000, 0x0000000086600000, 0x0000000086600000|100%| O|  |TAMS 0x0000000086500000, 0x0000000086500000| Untracked 
| 102|0x0000000086600000, 0x0000000086700000, 0x0000000086700000|100%| O|  |TAMS 0x0000000086600000, 0x0000000086600000| Untracked 
| 103|0x0000000086700000, 0x0000000086800000, 0x0000000086800000|100%| O|  |TAMS 0x0000000086700000, 0x0000000086700000| Untracked 
| 104|0x0000000086800000, 0x0000000086900000, 0x0000000086900000|100%| O|  |TAMS 0x0000000086800000, 0x0000000086800000| Untracked 
| 105|0x0000000086900000, 0x0000000086a00000, 0x0000000086a00000|100%| O|  |TAMS 0x0000000086900000, 0x0000000086900000| Untracked 
| 106|0x0000000086a00000, 0x0000000086b00000, 0x0000000086b00000|100%| O|  |TAMS 0x0000000086a00000, 0x0000000086a00000| Untracked 
| 107|0x0000000086b00000, 0x0000000086c00000, 0x0000000086c00000|100%| O|  |TAMS 0x0000000086b00000, 0x0000000086b00000| Untracked 
| 108|0x0000000086c00000, 0x0000000086d00000, 0x0000000086d00000|100%| O|  |TAMS 0x0000000086c00000, 0x0000000086c00000| Untracked 
| 109|0x0000000086d00000, 0x0000000086e00000, 0x0000000086e00000|100%| O|  |TAMS 0x0000000086d00000, 0x0000000086d00000| Untracked 
| 110|0x0000000086e00000, 0x0000000086f00000, 0x0000000086f00000|100%| O|  |TAMS 0x0000000086e00000, 0x0000000086e00000| Untracked 
| 111|0x0000000086f00000, 0x0000000087000000, 0x0000000087000000|100%| O|  |TAMS 0x0000000086f00000, 0x0000000086f00000| Untracked 
| 112|0x0000000087000000, 0x0000000087100000, 0x0000000087100000|100%| O|  |TAMS 0x0000000087000000, 0x0000000087000000| Untracked 
| 113|0x0000000087100000, 0x0000000087200000, 0x0000000087200000|100%| O|  |TAMS 0x0000000087100000, 0x0000000087100000| Untracked 
| 114|0x0000000087200000, 0x0000000087300000, 0x0000000087300000|100%| O|  |TAMS 0x0000000087200000, 0x0000000087200000| Untracked 
| 115|0x0000000087300000, 0x0000000087400000, 0x0000000087400000|100%| O|  |TAMS 0x0000000087300000, 0x0000000087300000| Untracked 
| 116|0x0000000087400000, 0x0000000087500000, 0x0000000087500000|100%| O|  |TAMS 0x0000000087400000, 0x0000000087400000| Untracked 
| 117|0x0000000087500000, 0x0000000087600000, 0x0000000087600000|100%| O|  |TAMS 0x0000000087500000, 0x0000000087500000| Untracked 
| 118|0x0000000087600000, 0x0000000087700000, 0x0000000087700000|100%| O|  |TAMS 0x0000000087600000, 0x0000000087600000| Untracked 
| 119|0x0000000087700000, 0x0000000087800000, 0x0000000087800000|100%| O|  |TAMS 0x0000000087700000, 0x0000000087700000| Untracked 
| 120|0x0000000087800000, 0x0000000087900000, 0x0000000087900000|100%| O|  |TAMS 0x0000000087800000, 0x0000000087800000| Untracked 
| 121|0x0000000087900000, 0x0000000087a00000, 0x0000000087a00000|100%| O|  |TAMS 0x0000000087900000, 0x0000000087900000| Untracked 
| 122|0x0000000087a00000, 0x0000000087b00000, 0x0000000087b00000|100%| O|  |TAMS 0x0000000087a00000, 0x0000000087a00000| Untracked 
| 123|0x0000000087b00000, 0x0000000087c00000, 0x0000000087c00000|100%| O|  |TAMS 0x0000000087b00000, 0x0000000087b00000| Untracked 
| 124|0x0000000087c00000, 0x0000000087d00000, 0x0000000087d00000|100%| O|  |TAMS 0x0000000087c00000, 0x0000000087c00000| Untracked 
| 125|0x0000000087d00000, 0x0000000087e00000, 0x0000000087e00000|100%| O|  |TAMS 0x0000000087d00000, 0x0000000087d00000| Untracked 
| 126|0x0000000087e00000, 0x0000000087f00000, 0x0000000087f00000|100%| O|  |TAMS 0x0000000087e00000, 0x0000000087e00000| Untracked 
| 127|0x0000000087f00000, 0x0000000088000000, 0x0000000088000000|100%| O|  |TAMS 0x0000000087f00000, 0x0000000087f00000| Untracked 
| 128|0x0000000088000000, 0x0000000088100000, 0x0000000088100000|100%|HS|  |TAMS 0x0000000088000000, 0x0000000088000000| Complete 
| 129|0x0000000088100000, 0x0000000088200000, 0x0000000088200000|100%|HS|  |TAMS 0x0000000088100000, 0x0000000088100000| Complete 
| 130|0x0000000088200000, 0x0000000088300000, 0x0000000088300000|100%|HC|  |TAMS 0x0000000088200000, 0x0000000088200000| Complete 
| 131|0x0000000088300000, 0x0000000088400000, 0x0000000088400000|100%|HC|  |TAMS 0x0000000088300000, 0x0000000088300000| Complete 
| 132|0x0000000088400000, 0x0000000088500000, 0x0000000088500000|100%| O|  |TAMS 0x0000000088400000, 0x0000000088400000| Untracked 
| 133|0x0000000088500000, 0x0000000088600000, 0x0000000088600000|100%| O|  |TAMS 0x0000000088500000, 0x0000000088500000| Untracked 
| 134|0x0000000088600000, 0x0000000088700000, 0x0000000088700000|100%| O|  |TAMS 0x0000000088600000, 0x0000000088600000| Untracked 
| 135|0x0000000088700000, 0x0000000088800000, 0x0000000088800000|100%| O|  |TAMS 0x0000000088700000, 0x0000000088700000| Untracked 
| 136|0x0000000088800000, 0x0000000088900000, 0x0000000088900000|100%| O|  |TAMS 0x0000000088800000, 0x0000000088800000| Untracked 
| 137|0x0000000088900000, 0x0000000088a00000, 0x0000000088a00000|100%| O|  |TAMS 0x0000000088900000, 0x0000000088900000| Untracked 
| 138|0x0000000088a00000, 0x0000000088b00000, 0x0000000088b00000|100%| O|  |TAMS 0x0000000088a00000, 0x0000000088a00000| Untracked 
| 139|0x0000000088b00000, 0x0000000088c00000, 0x0000000088c00000|100%| O|  |TAMS 0x0000000088b00000, 0x0000000088b00000| Untracked 
| 140|0x0000000088c00000, 0x0000000088d00000, 0x0000000088d00000|100%| O|  |TAMS 0x0000000088c00000, 0x0000000088c00000| Untracked 
| 141|0x0000000088d00000, 0x0000000088e00000, 0x0000000088e00000|100%| O|  |TAMS 0x0000000088d00000, 0x0000000088d00000| Untracked 
| 142|0x0000000088e00000, 0x0000000088f00000, 0x0000000088f00000|100%| O|  |TAMS 0x0000000088e00000, 0x0000000088e00000| Untracked 
| 143|0x0000000088f00000, 0x0000000089000000, 0x0000000089000000|100%| O|  |TAMS 0x0000000088f00000, 0x0000000088f00000| Untracked 
| 144|0x0000000089000000, 0x0000000089100000, 0x0000000089100000|100%| O|  |TAMS 0x0000000089000000, 0x0000000089000000| Untracked 
| 145|0x0000000089100000, 0x0000000089200000, 0x0000000089200000|100%| O|  |TAMS 0x0000000089100000, 0x0000000089100000| Untracked 
| 146|0x0000000089200000, 0x0000000089300000, 0x0000000089300000|100%| O|  |TAMS 0x0000000089200000, 0x0000000089200000| Untracked 
| 147|0x0000000089300000, 0x0000000089400000, 0x0000000089400000|100%| O|  |TAMS 0x0000000089300000, 0x0000000089300000| Untracked 
| 148|0x0000000089400000, 0x0000000089500000, 0x0000000089500000|100%| O|  |TAMS 0x0000000089400000, 0x0000000089400000| Untracked 
| 149|0x0000000089500000, 0x0000000089600000, 0x0000000089600000|100%| O|  |TAMS 0x0000000089500000, 0x0000000089500000| Untracked 
| 150|0x0000000089600000, 0x0000000089700000, 0x0000000089700000|100%| O|  |TAMS 0x0000000089600000, 0x0000000089600000| Untracked 
| 151|0x0000000089700000, 0x0000000089729600, 0x0000000089800000| 16%| O|  |TAMS 0x0000000089700000, 0x0000000089700000| Untracked 
| 152|0x0000000089800000, 0x0000000089800000, 0x0000000089900000|  0%| F|  |TAMS 0x0000000089800000, 0x0000000089800000| Untracked 
| 153|0x0000000089900000, 0x0000000089900000, 0x0000000089a00000|  0%| F|  |TAMS 0x0000000089900000, 0x0000000089900000| Untracked 
| 154|0x0000000089a00000, 0x0000000089a00000, 0x0000000089b00000|  0%| F|  |TAMS 0x0000000089a00000, 0x0000000089a00000| Untracked 
| 155|0x0000000089b00000, 0x0000000089b00000, 0x0000000089c00000|  0%| F|  |TAMS 0x0000000089b00000, 0x0000000089b00000| Untracked 
| 156|0x0000000089c00000, 0x0000000089c00000, 0x0000000089d00000|  0%| F|  |TAMS 0x0000000089c00000, 0x0000000089c00000| Untracked 
| 157|0x0000000089d00000, 0x0000000089d00000, 0x0000000089e00000|  0%| F|  |TAMS 0x0000000089d00000, 0x0000000089d00000| Untracked 
| 158|0x0000000089e00000, 0x0000000089e00000, 0x0000000089f00000|  0%| F|  |TAMS 0x0000000089e00000, 0x0000000089e00000| Untracked 
| 159|0x0000000089f00000, 0x0000000089f00000, 0x000000008a000000|  0%| F|  |TAMS 0x0000000089f00000, 0x0000000089f00000| Untracked 
| 160|0x000000008a000000, 0x000000008a000000, 0x000000008a100000|  0%| F|  |TAMS 0x000000008a000000, 0x000000008a000000| Untracked 
| 161|0x000000008a100000, 0x000000008a100000, 0x000000008a200000|  0%| F|  |TAMS 0x000000008a100000, 0x000000008a100000| Untracked 
| 162|0x000000008a200000, 0x000000008a200000, 0x000000008a300000|  0%| F|  |TAMS 0x000000008a200000, 0x000000008a200000| Untracked 
| 163|0x000000008a300000, 0x000000008a300000, 0x000000008a400000|  0%| F|  |TAMS 0x000000008a300000, 0x000000008a300000| Untracked 
| 164|0x000000008a400000, 0x000000008a400000, 0x000000008a500000|  0%| F|  |TAMS 0x000000008a400000, 0x000000008a400000| Untracked 
| 165|0x000000008a500000, 0x000000008a500000, 0x000000008a600000|  0%| F|  |TAMS 0x000000008a500000, 0x000000008a500000| Untracked 
| 166|0x000000008a600000, 0x000000008a600000, 0x000000008a700000|  0%| F|  |TAMS 0x000000008a600000, 0x000000008a600000| Untracked 
| 167|0x000000008a700000, 0x000000008a700000, 0x000000008a800000|  0%| F|  |TAMS 0x000000008a700000, 0x000000008a700000| Untracked 
| 168|0x000000008a800000, 0x000000008a800000, 0x000000008a900000|  0%| F|  |TAMS 0x000000008a800000, 0x000000008a800000| Untracked 
| 169|0x000000008a900000, 0x000000008a900000, 0x000000008aa00000|  0%| F|  |TAMS 0x000000008a900000, 0x000000008a900000| Untracked 
| 170|0x000000008aa00000, 0x000000008aa00000, 0x000000008ab00000|  0%| F|  |TAMS 0x000000008aa00000, 0x000000008aa00000| Untracked 
| 171|0x000000008ab00000, 0x000000008ab00000, 0x000000008ac00000|  0%| F|  |TAMS 0x000000008ab00000, 0x000000008ab00000| Untracked 
| 172|0x000000008ac00000, 0x000000008ac00000, 0x000000008ad00000|  0%| F|  |TAMS 0x000000008ac00000, 0x000000008ac00000| Untracked 
| 173|0x000000008ad00000, 0x000000008ad00000, 0x000000008ae00000|  0%| F|  |TAMS 0x000000008ad00000, 0x000000008ad00000| Untracked 
| 174|0x000000008ae00000, 0x000000008ae00000, 0x000000008af00000|  0%| F|  |TAMS 0x000000008ae00000, 0x000000008ae00000| Untracked 
| 175|0x000000008af00000, 0x000000008af00000, 0x000000008b000000|  0%| F|  |TAMS 0x000000008af00000, 0x000000008af00000| Untracked 
| 176|0x000000008b000000, 0x000000008b000000, 0x000000008b100000|  0%| F|  |TAMS 0x000000008b000000, 0x000000008b000000| Untracked 
| 177|0x000000008b100000, 0x000000008b11d920, 0x000000008b200000| 11%| S|CS|TAMS 0x000000008b100000, 0x000000008b100000| Complete 
| 178|0x000000008b200000, 0x000000008b200000, 0x000000008b300000|  0%| F|  |TAMS 0x000000008b200000, 0x000000008b200000| Untracked 
| 179|0x000000008b300000, 0x000000008b300000, 0x000000008b400000|  0%| F|  |TAMS 0x000000008b300000, 0x000000008b300000| Untracked 
| 180|0x000000008b400000, 0x000000008b400000, 0x000000008b500000|  0%| F|  |TAMS 0x000000008b400000, 0x000000008b400000| Untracked 
| 181|0x000000008b500000, 0x000000008b500000, 0x000000008b600000|  0%| F|  |TAMS 0x000000008b500000, 0x000000008b500000| Untracked 
| 182|0x000000008b600000, 0x000000008b600000, 0x000000008b700000|  0%| F|  |TAMS 0x000000008b600000, 0x000000008b600000| Untracked 
| 183|0x000000008b700000, 0x000000008b800000, 0x000000008b800000|100%| S|CS|TAMS 0x000000008b700000, 0x000000008b700000| Complete 
| 184|0x000000008b800000, 0x000000008b900000, 0x000000008b900000|100%| S|CS|TAMS 0x000000008b800000, 0x000000008b800000| Complete 
| 185|0x000000008b900000, 0x000000008ba00000, 0x000000008ba00000|100%| S|CS|TAMS 0x000000008b900000, 0x000000008b900000| Complete 
| 186|0x000000008ba00000, 0x000000008ba00000, 0x000000008bb00000|  0%| F|  |TAMS 0x000000008ba00000, 0x000000008ba00000| Untracked 
| 187|0x000000008bb00000, 0x000000008bb00000, 0x000000008bc00000|  0%| F|  |TAMS 0x000000008bb00000, 0x000000008bb00000| Untracked 
| 188|0x000000008bc00000, 0x000000008bc00000, 0x000000008bd00000|  0%| F|  |TAMS 0x000000008bc00000, 0x000000008bc00000| Untracked 
| 189|0x000000008bd00000, 0x000000008bd00000, 0x000000008be00000|  0%| F|  |TAMS 0x000000008bd00000, 0x000000008bd00000| Untracked 
| 190|0x000000008be00000, 0x000000008be00000, 0x000000008bf00000|  0%| F|  |TAMS 0x000000008be00000, 0x000000008be00000| Untracked 
| 191|0x000000008bf00000, 0x000000008bf88dd0, 0x000000008c000000| 53%| E|  |TAMS 0x000000008bf00000, 0x000000008bf00000| Complete 
| 192|0x000000008c000000, 0x000000008c100000, 0x000000008c100000|100%| E|CS|TAMS 0x000000008c000000, 0x000000008c000000| Complete 
| 193|0x000000008c100000, 0x000000008c200000, 0x000000008c200000|100%| E|CS|TAMS 0x000000008c100000, 0x000000008c100000| Complete 
| 194|0x000000008c200000, 0x000000008c300000, 0x000000008c300000|100%| E|CS|TAMS 0x000000008c200000, 0x000000008c200000| Complete 
| 195|0x000000008c300000, 0x000000008c400000, 0x000000008c400000|100%| E|CS|TAMS 0x000000008c300000, 0x000000008c300000| Complete 
| 196|0x000000008c400000, 0x000000008c500000, 0x000000008c500000|100%| E|CS|TAMS 0x000000008c400000, 0x000000008c400000| Complete 
| 197|0x000000008c500000, 0x000000008c600000, 0x000000008c600000|100%| E|CS|TAMS 0x000000008c500000, 0x000000008c500000| Complete 
| 198|0x000000008c600000, 0x000000008c700000, 0x000000008c700000|100%| E|CS|TAMS 0x000000008c600000, 0x000000008c600000| Complete 
| 199|0x000000008c700000, 0x000000008c800000, 0x000000008c800000|100%| E|CS|TAMS 0x000000008c700000, 0x000000008c700000| Complete 
| 200|0x000000008c800000, 0x000000008c900000, 0x000000008c900000|100%| E|CS|TAMS 0x000000008c800000, 0x000000008c800000| Complete 
| 201|0x000000008c900000, 0x000000008ca00000, 0x000000008ca00000|100%| E|CS|TAMS 0x000000008c900000, 0x000000008c900000| Complete 
| 202|0x000000008ca00000, 0x000000008cb00000, 0x000000008cb00000|100%| E|CS|TAMS 0x000000008ca00000, 0x000000008ca00000| Complete 
| 203|0x000000008cb00000, 0x000000008cc00000, 0x000000008cc00000|100%| E|CS|TAMS 0x000000008cb00000, 0x000000008cb00000| Complete 
| 204|0x000000008cc00000, 0x000000008cd00000, 0x000000008cd00000|100%| E|CS|TAMS 0x000000008cc00000, 0x000000008cc00000| Complete 
| 205|0x000000008cd00000, 0x000000008ce00000, 0x000000008ce00000|100%| E|CS|TAMS 0x000000008cd00000, 0x000000008cd00000| Complete 
| 206|0x000000008ce00000, 0x000000008cf00000, 0x000000008cf00000|100%| E|CS|TAMS 0x000000008ce00000, 0x000000008ce00000| Complete 
| 207|0x000000008cf00000, 0x000000008d000000, 0x000000008d000000|100%| E|CS|TAMS 0x000000008cf00000, 0x000000008cf00000| Complete 
| 208|0x000000008d000000, 0x000000008d100000, 0x000000008d100000|100%| E|CS|TAMS 0x000000008d000000, 0x000000008d000000| Complete 
| 209|0x000000008d100000, 0x000000008d200000, 0x000000008d200000|100%| E|CS|TAMS 0x000000008d100000, 0x000000008d100000| Complete 
| 210|0x000000008d200000, 0x000000008d300000, 0x000000008d300000|100%| E|CS|TAMS 0x000000008d200000, 0x000000008d200000| Complete 
| 211|0x000000008d300000, 0x000000008d400000, 0x000000008d400000|100%| E|CS|TAMS 0x000000008d300000, 0x000000008d300000| Complete 
| 212|0x000000008d400000, 0x000000008d500000, 0x000000008d500000|100%| E|CS|TAMS 0x000000008d400000, 0x000000008d400000| Complete 
| 213|0x000000008d500000, 0x000000008d600000, 0x000000008d600000|100%| E|CS|TAMS 0x000000008d500000, 0x000000008d500000| Complete 
| 214|0x000000008d600000, 0x000000008d700000, 0x000000008d700000|100%| E|CS|TAMS 0x000000008d600000, 0x000000008d600000| Complete 
| 215|0x000000008d700000, 0x000000008d800000, 0x000000008d800000|100%| E|CS|TAMS 0x000000008d700000, 0x000000008d700000| Complete 

Card table byte_map: [0x000001b1512f0000,0x000001b1516f0000] _byte_map_base: 0x000001b150ef0000

Marking Bits (Prev, Next): (CMBitMap*) 0x000001b13e853650, (CMBitMap*) 0x000001b13e853610
 Prev Bits: [0x000001b153af0000, 0x000001b155af0000)
 Next Bits: [0x000001b151af0000, 0x000001b153af0000)

Polling page: 0x000001b13dfb0000

Metaspace:

Usage:
  Non-class:     89.90 MB used.
      Class:     14.20 MB used.
       Both:    104.10 MB used.

Virtual space:
  Non-class space:       96.00 MB reserved,      90.44 MB ( 94%) committed,  12 nodes.
      Class space:      412.00 MB reserved,      14.62 MB (  4%) committed,  1 nodes.
             Both:      508.00 MB reserved,     105.06 MB ( 21%) committed. 

Chunk freelists:
   Non-Class:  938.00 KB
       Class:  1.22 MB
        Both:  2.13 MB

MaxMetaspaceSize: 512.00 MB
CompressedClassSpaceSize: 412.00 MB
Initial GC threshold: 21.00 MB
Current GC threshold: 114.00 MB
CDS: off
MetaspaceReclaimPolicy: balanced
 - commit_granule_bytes: 65536.
 - commit_granule_words: 8192.
 - virtual_space_node_default_size: 1048576.
 - enlarge_chunks_in_place: 1.
 - new_chunks_are_fully_committed: 0.
 - uncommit_free_chunks: 1.
 - use_allocation_guard: 0.
 - handle_deallocations: 1.


Internal statistics:

num_allocs_failed_limit: 6.
num_arena_births: 1170.
num_arena_deaths: 0.
num_vsnodes_births: 13.
num_vsnodes_deaths: 0.
num_space_committed: 1681.
num_space_uncommitted: 0.
num_chunks_returned_to_freelist: 6.
num_chunks_taken_from_freelist: 5311.
num_chunk_merges: 3.
num_chunk_splits: 3510.
num_chunks_enlarged: 2316.
num_purges: 0.
num_inconsistent_stats: 0.

CodeHeap 'non-profiled nmethods': size=120000Kb used=7431Kb max_used=7444Kb free=112569Kb
 bounds [0x000001b149690000, 0x000001b149de0000, 0x000001b150bc0000]
CodeHeap 'profiled nmethods': size=120000Kb used=22601Kb max_used=23527Kb free=97398Kb
 bounds [0x000001b142160000, 0x000001b143870000, 0x000001b149690000]
CodeHeap 'non-nmethods': size=5760Kb used=2467Kb max_used=2520Kb free=3293Kb
 bounds [0x000001b141bc0000, 0x000001b141e40000, 0x000001b142160000]
 total_blobs=12472 nmethods=11471 adapters=913
 compilation: enabled
              stopped_count=0, restarted_count=0
 full_count=0

Compilation events (20 events):
Event: 401.070 Thread 0x000001b15906b610 nmethod 13572 0x000001b14993d490 code [0x000001b14993d620, 0x000001b14993d6d8]
Event: 408.859 Thread 0x000001b15906ab70 13573       4       java.util.Spliterators$EmptySpliterator$OfRef::forEachRemaining (6 bytes)
Event: 408.860 Thread 0x000001b15906ab70 nmethod 13573 0x000001b14993d190 code [0x000001b14993d300, 0x000001b14993d398]
Event: 409.647 Thread 0x000001b15906b610 13574       3       com.sun.crypto.provider.ChaCha20Cipher::engineGetOutputSize (12 bytes)
Event: 409.648 Thread 0x000001b15906b610 nmethod 13574 0x000001b142ad8c10 code [0x000001b142ad8dc0, 0x000001b142ad8f88]
Event: 411.079 Thread 0x000001b15906b610 13575       3       java.util.HashMap::remove (26 bytes)
Event: 411.080 Thread 0x000001b15906b610 nmethod 13575 0x000001b1437eba90 code [0x000001b1437ebc60, 0x000001b1437ebfd8]
Event: 412.633 Thread 0x000001b15906b610 13576       3       com.sun.crypto.provider.ChaCha20Cipher::engineInit (162 bytes)
Event: 412.635 Thread 0x000001b15906b610 nmethod 13576 0x000001b14222f910 code [0x000001b14222fba0, 0x000001b142230968]
Event: 412.635 Thread 0x000001b15906b610 13577       3       com.sun.crypto.provider.ChaCha20Cipher::init (182 bytes)
Event: 412.635 Thread 0x000001b15906b610 nmethod 13577 0x000001b142dafa10 code [0x000001b142dafcc0, 0x000001b142db0958]
Event: 412.635 Thread 0x000001b15906b610 13578       3       com.sun.crypto.provider.ChaCha20Cipher::getEncodedKey (66 bytes)
Event: 412.636 Thread 0x000001b15906b610 nmethod 13578 0x000001b1437f9090 code [0x000001b1437f92a0, 0x000001b1437f9818]
Event: 415.710 Thread 0x000001b15906b610 13579       3       com.sun.crypto.provider.ChaCha20Cipher$EngineAEADDec::getOutputSize (27 bytes)
Event: 415.714 Thread 0x000001b15906b610 nmethod 13579 0x000001b142216a90 code [0x000001b142216c60, 0x000001b1422171c8]
Event: 415.714 Thread 0x000001b15906b610 13580       3       java.lang.Integer::max (6 bytes)
Event: 415.714 Thread 0x000001b15906b610 nmethod 13580 0x000001b142216690 code [0x000001b142216820, 0x000001b1422169b8]
Event: 415.714 Thread 0x000001b15906b610 13581   !   3       com.sun.crypto.provider.ChaCha20Cipher$EngineAEADDec::doFinal (230 bytes)
Event: 415.719 Thread 0x000001b15906b610 nmethod 13581 0x000001b142a7b490 code [0x000001b142a7b920, 0x000001b142a7de08]
Event: 416.860 Thread 0x000001b15906ab70 13582       4       java.util.HashMap$ValueSpliterator::forEachRemaining (186 bytes)

GC Heap History (20 events):
Event: 10.367 GC heap before
{Heap before GC invocations=30 (full 0):
 garbage-first heap   total 221184K, used 77081K [0x0000000080000000, 0x0000000100000000)
  region size 1024K, 14 young (14336K), 13 survivors (13312K)
 Metaspace       used 79200K, committed 79872K, reserved 495616K
  class space    used 10651K, committed 10944K, reserved 421888K
}
Event: 10.374 GC heap after
{Heap after GC invocations=31 (full 0):
 garbage-first heap   total 221184K, used 76323K [0x0000000080000000, 0x0000000100000000)
  region size 1024K, 2 young (2048K), 2 survivors (2048K)
 Metaspace       used 79200K, committed 79872K, reserved 495616K
  class space    used 10651K, committed 10944K, reserved 421888K
}
Event: 13.602 GC heap before
{Heap before GC invocations=31 (full 0):
 garbage-first heap   total 221184K, used 164387K [0x0000000080000000, 0x0000000100000000)
  region size 1024K, 88 young (90112K), 2 survivors (2048K)
 Metaspace       used 85025K, committed 85760K, reserved 495616K
  class space    used 11682K, committed 12032K, reserved 421888K
}
Event: 13.607 GC heap after
{Heap after GC invocations=32 (full 0):
 garbage-first heap   total 221184K, used 82203K [0x0000000080000000, 0x0000000100000000)
  region size 1024K, 7 young (7168K), 7 survivors (7168K)
 Metaspace       used 85025K, committed 85760K, reserved 495616K
  class space    used 11682K, committed 12032K, reserved 421888K
}
Event: 14.399 GC heap before
{Heap before GC invocations=32 (full 0):
 garbage-first heap   total 221184K, used 169243K [0x0000000080000000, 0x0000000100000000)
  region size 1024K, 92 young (94208K), 7 survivors (7168K)
 Metaspace       used 88961K, committed 89728K, reserved 503808K
  class space    used 12238K, committed 12608K, reserved 421888K
}
Event: 14.410 GC heap after
{Heap after GC invocations=33 (full 0):
 garbage-first heap   total 221184K, used 91265K [0x0000000080000000, 0x0000000100000000)
  region size 1024K, 9 young (9216K), 9 survivors (9216K)
 Metaspace       used 88961K, committed 89728K, reserved 503808K
  class space    used 12238K, committed 12608K, reserved 421888K
}
Event: 15.306 GC heap before
{Heap before GC invocations=33 (full 0):
 garbage-first heap   total 221184K, used 181377K [0x0000000080000000, 0x0000000100000000)
  region size 1024K, 87 young (89088K), 9 survivors (9216K)
 Metaspace       used 92138K, committed 93056K, reserved 503808K
  class space    used 12686K, committed 13120K, reserved 421888K
}
Event: 15.319 GC heap after
{Heap after GC invocations=34 (full 0):
 garbage-first heap   total 221184K, used 118299K [0x0000000080000000, 0x0000000100000000)
  region size 1024K, 11 young (11264K), 11 survivors (11264K)
 Metaspace       used 92138K, committed 93056K, reserved 503808K
  class space    used 12686K, committed 13120K, reserved 421888K
}
Event: 16.015 GC heap before
{Heap before GC invocations=34 (full 0):
 garbage-first heap   total 221184K, used 175643K [0x0000000080000000, 0x0000000100000000)
  region size 1024K, 67 young (68608K), 11 survivors (11264K)
 Metaspace       used 95964K, committed 96832K, reserved 512000K
  class space    used 13176K, committed 13568K, reserved 421888K
}
Event: 16.024 GC heap after
{Heap after GC invocations=35 (full 0):
 garbage-first heap   total 221184K, used 123992K [0x0000000080000000, 0x0000000100000000)
  region size 1024K, 5 young (5120K), 5 survivors (5120K)
 Metaspace       used 95964K, committed 96832K, reserved 512000K
  class space    used 13176K, committed 13568K, reserved 421888K
}
Event: 16.504 GC heap before
{Heap before GC invocations=35 (full 0):
 garbage-first heap   total 221184K, used 178264K [0x0000000080000000, 0x0000000100000000)
  region size 1024K, 58 young (59392K), 5 survivors (5120K)
 Metaspace       used 98405K, committed 99328K, reserved 512000K
  class space    used 13518K, committed 13952K, reserved 421888K
}
Event: 16.511 GC heap after
{Heap after GC invocations=36 (full 0):
 garbage-first heap   total 221184K, used 129205K [0x0000000080000000, 0x0000000100000000)
  region size 1024K, 5 young (5120K), 5 survivors (5120K)
 Metaspace       used 98405K, committed 99328K, reserved 512000K
  class space    used 13518K, committed 13952K, reserved 421888K
}
Event: 16.768 GC heap before
{Heap before GC invocations=36 (full 0):
 garbage-first heap   total 221184K, used 181429K [0x0000000080000000, 0x0000000100000000)
  region size 1024K, 56 young (57344K), 5 survivors (5120K)
 Metaspace       used 98626K, committed 99584K, reserved 512000K
  class space    used 13538K, committed 13952K, reserved 421888K
}
Event: 16.777 GC heap after
{Heap after GC invocations=37 (full 0):
 garbage-first heap   total 221184K, used 138184K [0x0000000080000000, 0x0000000100000000)
  region size 1024K, 7 young (7168K), 7 survivors (7168K)
 Metaspace       used 98626K, committed 99584K, reserved 512000K
  class space    used 13538K, committed 13952K, reserved 421888K
}
Event: 17.076 GC heap before
{Heap before GC invocations=37 (full 0):
 garbage-first heap   total 221184K, used 187336K [0x0000000080000000, 0x0000000100000000)
  region size 1024K, 50 young (51200K), 7 survivors (7168K)
 Metaspace       used 99023K, committed 99968K, reserved 512000K
  class space    used 13586K, committed 14016K, reserved 421888K
}
Event: 17.085 GC heap after
{Heap after GC invocations=38 (full 0):
 garbage-first heap   total 221184K, used 149949K [0x0000000080000000, 0x0000000100000000)
  region size 1024K, 7 young (7168K), 7 survivors (7168K)
 Metaspace       used 99023K, committed 99968K, reserved 512000K
  class space    used 13586K, committed 14016K, reserved 421888K
}
Event: 17.549 GC heap before
{Heap before GC invocations=38 (full 0):
 garbage-first heap   total 221184K, used 183741K [0x0000000080000000, 0x0000000100000000)
  region size 1024K, 40 young (40960K), 7 survivors (7168K)
 Metaspace       used 101990K, committed 103040K, reserved 512000K
  class space    used 13957K, committed 14464K, reserved 421888K
}
Event: 17.557 GC heap after
{Heap after GC invocations=39 (full 0):
 garbage-first heap   total 221184K, used 154938K [0x0000000080000000, 0x0000000100000000)
  region size 1024K, 5 young (5120K), 5 survivors (5120K)
 Metaspace       used 101990K, committed 103040K, reserved 512000K
  class space    used 13957K, committed 14464K, reserved 421888K
}
Event: 135.948 GC heap before
{Heap before GC invocations=39 (full 0):
 garbage-first heap   total 221184K, used 184634K [0x0000000080000000, 0x0000000100000000)
  region size 1024K, 35 young (35840K), 5 survivors (5120K)
 Metaspace       used 106541K, committed 107520K, reserved 520192K
  class space    used 14537K, committed 14976K, reserved 421888K
}
Event: 136.022 GC heap after
{Heap after GC invocations=40 (full 0):
 garbage-first heap   total 221184K, used 157979K [0x0000000080000000, 0x0000000100000000)
  region size 1024K, 4 young (4096K), 4 survivors (4096K)
 Metaspace       used 106541K, committed 107520K, reserved 520192K
  class space    used 14537K, committed 14976K, reserved 421888K
}

Dll operation events (11 events):
Event: 0.004 Loaded shared library C:\Program Files\OpenLogic\jre-17.0.5.8-hotspot\bin\java.dll
Event: 0.019 Loaded shared library C:\Program Files\OpenLogic\jre-17.0.5.8-hotspot\bin\jsvml.dll
Event: 0.071 Loaded shared library C:\Program Files\OpenLogic\jre-17.0.5.8-hotspot\bin\net.dll
Event: 0.072 Loaded shared library C:\Program Files\OpenLogic\jre-17.0.5.8-hotspot\bin\nio.dll
Event: 0.077 Loaded shared library C:\Program Files\OpenLogic\jre-17.0.5.8-hotspot\bin\zip.dll
Event: 0.192 Loaded shared library C:\Program Files\OpenLogic\jre-17.0.5.8-hotspot\bin\jimage.dll
Event: 0.234 Loaded shared library C:\Program Files\OpenLogic\jre-17.0.5.8-hotspot\bin\verify.dll
Event: 0.340 Loaded shared library C:\Users\abhij\.gradle\native\68d5fa5c4cc2d200863cafc0d521ce42e7d3e7ee720ec0a83991735586a16f82\windows-amd64\native-platform.dll
Event: 0.344 Loaded shared library C:\Users\abhij\.gradle\native\e376f236ea51e6404a007f0833ffe2c6e607c4080706a723a18a27aeea778392\windows-amd64\native-platform-file-events.dll
Event: 0.834 Loaded shared library C:\Program Files\OpenLogic\jre-17.0.5.8-hotspot\bin\management.dll
Event: 0.836 Loaded shared library C:\Program Files\OpenLogic\jre-17.0.5.8-hotspot\bin\management_ext.dll

Deoptimization events (20 events):
Event: 21.249 Thread 0x000001b15fde8bb0 DEOPT PACKING pc=0x000001b1421f543a sp=0x0000005f2b8fc5c0
Event: 21.249 Thread 0x000001b15fde8bb0 DEOPT UNPACKING pc=0x000001b141c166e3 sp=0x0000005f2b8fbab0 mode 0
Event: 51.074 Thread 0x000001b15ba966d0 Uncommon trap: trap_request=0xffffff45 fr.pc=0x000001b149b64c48 relative=0x0000000000000808
Event: 51.074 Thread 0x000001b15ba966d0 Uncommon trap: reason=unstable_if action=reinterpret pc=0x000001b149b64c48 method=java.lang.AbstractStringBuilder.append(Ljava/lang/String;)Ljava/lang/AbstractStringBuilder; @ 1 c2
Event: 51.074 Thread 0x000001b15ba966d0 DEOPT PACKING pc=0x000001b149b64c48 sp=0x0000005f28afe7b0
Event: 51.074 Thread 0x000001b15ba966d0 DEOPT UNPACKING pc=0x000001b141c15ba3 sp=0x0000005f28afe740 mode 2
Event: 121.768 Thread 0x000001b15fa7e7b0 Uncommon trap: trap_request=0xffffff45 fr.pc=0x000001b1499f517c relative=0x00000000000000dc
Event: 121.768 Thread 0x000001b15fa7e7b0 Uncommon trap: reason=unstable_if action=reinterpret pc=0x000001b1499f517c method=java.math.BigDecimal.precision()I @ 6 c2
Event: 121.768 Thread 0x000001b15fa7e7b0 DEOPT PACKING pc=0x000001b1499f517c sp=0x0000005f2fafca60
Event: 121.768 Thread 0x000001b15fa7e7b0 DEOPT UNPACKING pc=0x000001b141c15ba3 sp=0x0000005f2fafc9e0 mode 2
Event: 121.768 Thread 0x000001b15fa7e7b0 Uncommon trap: trap_request=0xffffff45 fr.pc=0x000001b1497f5524 relative=0x0000000000000104
Event: 121.768 Thread 0x000001b15fa7e7b0 Uncommon trap: reason=unstable_if action=reinterpret pc=0x000001b1497f5524 method=java.math.BigDecimal.longMultiplyPowerTen(JI)J @ 42 c2
Event: 121.768 Thread 0x000001b15fa7e7b0 DEOPT PACKING pc=0x000001b1497f5524 sp=0x0000005f2fafcd70
Event: 121.768 Thread 0x000001b15fa7e7b0 DEOPT UNPACKING pc=0x000001b141c15ba3 sp=0x0000005f2fafcce8 mode 2
Event: 123.549 Thread 0x000001b15fa7e7b0 DEOPT PACKING pc=0x000001b1428df67d sp=0x0000005f2fafc2a0
Event: 123.549 Thread 0x000001b15fa7e7b0 DEOPT UNPACKING pc=0x000001b141c166e3 sp=0x0000005f2fafb7d0 mode 0
Event: 273.761 Thread 0x000001b15bdd1e00 Uncommon trap: trap_request=0xffffff45 fr.pc=0x000001b149ab123c relative=0x0000000000004fdc
Event: 273.761 Thread 0x000001b15bdd1e00 Uncommon trap: reason=unstable_if action=reinterpret pc=0x000001b149ab123c method=org.gradle.internal.resource.transfer.ResourceOperation.logProcessedBytes(J)V @ 25 c2
Event: 273.761 Thread 0x000001b15bdd1e00 DEOPT PACKING pc=0x000001b149ab123c sp=0x0000005f2adfd270
Event: 273.761 Thread 0x000001b15bdd1e00 DEOPT UNPACKING pc=0x000001b141c15ba3 sp=0x0000005f2adfd260 mode 2

Classes unloaded (0 events):
No events

Classes redefined (0 events):
No events

Internal exceptions (20 events):
Event: 17.255 Thread 0x000001b15a5e8d00 Exception <a 'java/lang/ClassNotFoundException'{0x000000008cc39c68}: build_cjczyudvgt1upa8doww4fshjl$_run_closure1BeanInfo> (0x000000008cc39c68) 
thrown [s\src\hotspot\share\classfile\systemDictionary.cpp, line 256]
Event: 17.255 Thread 0x000001b15a5e8d00 Exception <a 'java/lang/ClassNotFoundException'{0x000000008cc45908}: build_cjczyudvgt1upa8doww4fshjl$_run_closure1Customizer> (0x000000008cc45908) 
thrown [s\src\hotspot\share\classfile\systemDictionary.cpp, line 256]
Event: 17.258 Thread 0x000001b15a5e8d00 Exception <a 'java/lang/ClassNotFoundException'{0x000000008cc8e170}: com/android/build/gradle/internal/dsl/NdkOptions_DecoratedBeanInfo> (0x000000008cc8e170) 
thrown [s\src\hotspot\share\classfile\systemDictionary.cpp, line 256]
Event: 17.258 Thread 0x000001b15a5e8d00 Exception <a 'java/lang/ClassNotFoundException'{0x000000008cc9df20}: com/android/build/gradle/internal/dsl/NdkOptionsBeanInfo> (0x000000008cc9df20) 
thrown [s\src\hotspot\share\classfile\systemDictionary.cpp, line 256]
Event: 17.259 Thread 0x000001b15a5e8d00 Exception <a 'java/lang/ClassNotFoundException'{0x000000008ccadce8}: com/android/build/gradle/internal/dsl/NdkOptionsCustomizer> (0x000000008ccadce8) 
thrown [s\src\hotspot\share\classfile\systemDictionary.cpp, line 256]
Event: 17.260 Thread 0x000001b15a5e8d00 Exception <a 'java/lang/ClassNotFoundException'{0x000000008ccd1708}: com/android/build/gradle/internal/dsl/NdkOptions_DecoratedCustomizer> (0x000000008ccd1708) 
thrown [s\src\hotspot\share\classfile\systemDictionary.cpp, line 256]
Event: 17.267 Thread 0x000001b15a5e8d00 Exception <a 'java/lang/ClassNotFoundException'{0x000000008cb67380}: org/jetbrains/kotlin/gradle/plugin/sources/DefaultKotlinSourceSetBeanInfo> (0x000000008cb67380) 
thrown [s\src\hotspot\share\classfile\systemDictionary.cpp, line 256]
Event: 17.267 Thread 0x000001b15a5e8d00 Exception <a 'java/lang/ClassNotFoundException'{0x000000008cb764e0}: org/jetbrains/kotlin/gradle/plugin/sources/DefaultKotlinSourceSetCustomizer> (0x000000008cb764e0) 
thrown [s\src\hotspot\share\classfile\systemDictionary.cpp, line 256]
Event: 17.328 Thread 0x000001b15a5e8d00 Exception <a 'java/lang/NoClassDefFoundError'{0x000000008c6dee58}: org/jetbrains/kotlin/gradle/plugin/KotlinBasePluginWrapper> (0x000000008c6dee58) 
thrown [s\src\hotspot\share\oops\constantPool.cpp, line 835]
Event: 17.374 Thread 0x000001b15a5e8d00 Exception <a 'java/lang/ClassNotFoundException'{0x000000008c3bbe18}: build_2vy621b64gitedj5oz5pxv09eBeanInfo> (0x000000008c3bbe18) 
thrown [s\src\hotspot\share\classfile\systemDictionary.cpp, line 256]
Event: 17.374 Thread 0x000001b15a5e8d00 Exception <a 'java/lang/ClassNotFoundException'{0x000000008c3c2698}: build_2vy621b64gitedj5oz5pxv09eCustomizer> (0x000000008c3c2698) 
thrown [s\src\hotspot\share\classfile\systemDictionary.cpp, line 256]
Event: 17.379 Thread 0x000001b15a5e8d00 Exception <a 'java/lang/ClassNotFoundException'{0x000000008c2243f0}: build_2vy621b64gitedj5oz5pxv09e$_run_closure1BeanInfo> (0x000000008c2243f0) 
thrown [s\src\hotspot\share\classfile\systemDictionary.cpp, line 256]
Event: 17.379 Thread 0x000001b15a5e8d00 Exception <a 'java/lang/ClassNotFoundException'{0x000000008c22b348}: build_2vy621b64gitedj5oz5pxv09e$_run_closure1Customizer> (0x000000008c22b348) 
thrown [s\src\hotspot\share\classfile\systemDictionary.cpp, line 256]
Event: 17.470 Thread 0x000001b15fa795e0 Implicit null exception at 0x000001b1496ec572 to 0x000001b1496ecd20
Event: 17.479 Thread 0x000001b15fa7a920 Implicit null exception at 0x000001b1498956cb to 0x000001b1498956f0
Event: 17.479 Thread 0x000001b15bdd1e00 Implicit null exception at 0x000001b1498956cb to 0x000001b1498956f0
Event: 17.479 Thread 0x000001b15fde8bb0 Implicit null exception at 0x000001b1498956cb to 0x000001b1498956f0
Event: 17.507 Thread 0x000001b15fa7e7b0 Exception <a 'sun/nio/fs/WindowsException'{0x000000008b70fe18}> (0x000000008b70fe18) 
thrown [s\src\hotspot\share\prims\jni.cpp, line 516]
Event: 17.614 Thread 0x000001b15fa7a920 Implicit null exception at 0x000001b14996fb29 to 0x000001b1499702cc
Event: 51.074 Thread 0x000001b15ba966d0 Implicit null exception at 0x000001b149b64475 to 0x000001b149b64c30

VM Operations (20 events):
Event: 266.733 Executing VM operation: Cleanup
Event: 266.733 Executing VM operation: Cleanup done
Event: 277.784 Executing VM operation: Cleanup
Event: 277.785 Executing VM operation: Cleanup done
Event: 279.789 Executing VM operation: Cleanup
Event: 279.789 Executing VM operation: Cleanup done
Event: 301.918 Executing VM operation: Cleanup
Event: 301.918 Executing VM operation: Cleanup done
Event: 315.022 Executing VM operation: Cleanup
Event: 315.022 Executing VM operation: Cleanup done
Event: 341.194 Executing VM operation: Cleanup
Event: 341.194 Executing VM operation: Cleanup done
Event: 375.352 Executing VM operation: Cleanup
Event: 375.352 Executing VM operation: Cleanup done
Event: 391.458 Executing VM operation: Cleanup
Event: 391.458 Executing VM operation: Cleanup done
Event: 392.459 Executing VM operation: Cleanup
Event: 392.459 Executing VM operation: Cleanup done
Event: 411.614 Executing VM operation: Cleanup
Event: 411.614 Executing VM operation: Cleanup done

Events (20 events):
Event: 22.662 Thread 0x000001b159074010 flushing nmethod 0x000001b1437e8610
Event: 22.662 Thread 0x000001b159074010 flushing nmethod 0x000001b1437e9d90
Event: 22.662 Thread 0x000001b159074010 flushing nmethod 0x000001b1437eb490
Event: 22.662 Thread 0x000001b159074010 flushing nmethod 0x000001b1437f8d90
Event: 22.662 Thread 0x000001b159074010 flushing nmethod 0x000001b1437f9090
Event: 22.662 Thread 0x000001b159074010 flushing nmethod 0x000001b1437f9510
Event: 22.662 Thread 0x000001b159074010 flushing nmethod 0x000001b1437f9d10
Event: 22.662 Thread 0x000001b159074010 flushing nmethod 0x000001b1437fa010
Event: 22.662 Thread 0x000001b159074010 flushing nmethod 0x000001b1437fa490
Event: 22.662 Thread 0x000001b159074010 flushing nmethod 0x000001b1437fa910
Event: 22.662 Thread 0x000001b159074010 flushing nmethod 0x000001b1437fac10
Event: 22.662 Thread 0x000001b159074010 flushing nmethod 0x000001b1437fb090
Event: 22.662 Thread 0x000001b159074010 flushing nmethod 0x000001b1437fbb10
Event: 22.662 Thread 0x000001b159074010 flushing nmethod 0x000001b1437fd210
Event: 22.662 Thread 0x000001b159074010 flushing nmethod 0x000001b14382c010
Event: 61.165 Thread 0x000001b15aa0eb90 Thread exited: 0x000001b15aa0eb90
Event: 69.052 Thread 0x000001b15fdec570 Thread exited: 0x000001b15fdec570
Event: 117.562 Thread 0x000001b15fc405c0 Thread exited: 0x000001b15fc405c0
Event: 224.376 loading class jdk/internal/misc/ScopedMemoryAccess$Scope$Handle
Event: 224.377 loading class jdk/internal/misc/ScopedMemoryAccess$Scope$Handle done


Dynamic libraries:
0x00007ff6e5640000 - 0x00007ff6e564e000 	C:\Program Files\OpenLogic\jre-17.0.5.8-hotspot\bin\java.exe
0x00007ffac8ad0000 - 0x00007ffac8ce7000 	C:\WINDOWS\SYSTEM32\ntdll.dll
0x00007ffac7f10000 - 0x00007ffac7fd4000 	C:\WINDOWS\System32\KERNEL32.DLL
0x00007ffac61f0000 - 0x00007ffac6596000 	C:\WINDOWS\System32\KERNELBASE.dll
0x00007ffac5ef0000 - 0x00007ffac6001000 	C:\WINDOWS\System32\ucrtbase.dll
0x00007ffa945f0000 - 0x00007ffa94607000 	C:\Program Files\OpenLogic\jre-17.0.5.8-hotspot\bin\jli.dll
0x00007ffa49e10000 - 0x00007ffa49e2b000 	C:\Program Files\OpenLogic\jre-17.0.5.8-hotspot\bin\VCRUNTIME140.dll
0x00007ffac8440000 - 0x00007ffac85ed000 	C:\WINDOWS\System32\USER32.dll
0x00007ffaaed00000 - 0x00007ffaaef93000 	C:\WINDOWS\WinSxS\amd64_microsoft.windows.common-controls_6595b64144ccf1df_6.0.22621.2361_none_2712ced57382f843\COMCTL32.dll
0x00007ffac65a0000 - 0x00007ffac65c6000 	C:\WINDOWS\System32\win32u.dll
0x00007ffac7840000 - 0x00007ffac7869000 	C:\WINDOWS\System32\GDI32.dll
0x00007ffac8350000 - 0x00007ffac83f7000 	C:\WINDOWS\System32\msvcrt.dll
0x00007ffac65d0000 - 0x00007ffac66e8000 	C:\WINDOWS\System32\gdi32full.dll
0x00007ffac5e50000 - 0x00007ffac5eea000 	C:\WINDOWS\System32\msvcp_win.dll
0x00007ffac8400000 - 0x00007ffac8431000 	C:\WINDOWS\System32\IMM32.DLL
0x00007ffaaeb10000 - 0x00007ffaaeb1c000 	C:\Program Files\OpenLogic\jre-17.0.5.8-hotspot\bin\vcruntime140_1.dll
0x00007ffa49790000 - 0x00007ffa4981d000 	C:\Program Files\OpenLogic\jre-17.0.5.8-hotspot\bin\msvcp140.dll
0x00007ffa3b580000 - 0x00007ffa3c1db000 	C:\Program Files\OpenLogic\jre-17.0.5.8-hotspot\bin\server\jvm.dll
0x00007ffac87f0000 - 0x00007ffac88a0000 	C:\WINDOWS\System32\ADVAPI32.dll
0x00007ffac89c0000 - 0x00007ffac8a66000 	C:\WINDOWS\System32\sechost.dll
0x00007ffac6840000 - 0x00007ffac6957000 	C:\WINDOWS\System32\RPCRT4.dll
0x00007ffa97b10000 - 0x00007ffa97b19000 	C:\WINDOWS\SYSTEM32\WSOCK32.dll
0x00007ffac7a10000 - 0x00007ffac7a81000 	C:\WINDOWS\System32\WS2_32.dll
0x00007ffabb530000 - 0x00007ffabb564000 	C:\WINDOWS\SYSTEM32\WINMM.dll
0x00007ffaba0d0000 - 0x00007ffaba0da000 	C:\WINDOWS\SYSTEM32\VERSION.dll
0x00007ffac4e30000 - 0x00007ffac4e48000 	C:\WINDOWS\SYSTEM32\kernel.appcore.dll
0x00007ffa97a50000 - 0x00007ffa97a5a000 	C:\Program Files\OpenLogic\jre-17.0.5.8-hotspot\bin\jimage.dll
0x00007ffac35e0000 - 0x00007ffac380e000 	C:\WINDOWS\SYSTEM32\DBGHELP.DLL
0x00007ffac6960000 - 0x00007ffac6cea000 	C:\WINDOWS\System32\combase.dll
0x00007ffac8100000 - 0x00007ffac81d7000 	C:\WINDOWS\System32\OLEAUT32.dll
0x00007ffaa5000000 - 0x00007ffaa5032000 	C:\WINDOWS\SYSTEM32\dbgcore.DLL
0x00007ffac66f0000 - 0x00007ffac676a000 	C:\WINDOWS\System32\bcryptPrimitives.dll
0x00007ffa49c60000 - 0x00007ffa49c85000 	C:\Program Files\OpenLogic\jre-17.0.5.8-hotspot\bin\java.dll
0x00007ffa49c40000 - 0x00007ffa49c58000 	C:\Program Files\OpenLogic\jre-17.0.5.8-hotspot\bin\zip.dll
0x00007ffa496b0000 - 0x00007ffa49786000 	C:\Program Files\OpenLogic\jre-17.0.5.8-hotspot\bin\jsvml.dll
0x00007ffac6d70000 - 0x00007ffac75c8000 	C:\WINDOWS\System32\SHELL32.dll
0x00007ffac3db0000 - 0x00007ffac46a2000 	C:\WINDOWS\SYSTEM32\windows.storage.dll
0x00007ffac3c70000 - 0x00007ffac3dae000 	C:\WINDOWS\SYSTEM32\wintypes.dll
0x00007ffac8250000 - 0x00007ffac8343000 	C:\WINDOWS\System32\SHCORE.dll
0x00007ffac6d10000 - 0x00007ffac6d6e000 	C:\WINDOWS\System32\shlwapi.dll
0x00007ffac5d80000 - 0x00007ffac5da6000 	C:\WINDOWS\SYSTEM32\profapi.dll
0x00007ffa49c20000 - 0x00007ffa49c39000 	C:\Program Files\OpenLogic\jre-17.0.5.8-hotspot\bin\net.dll
0x00007ffabca30000 - 0x00007ffabcb67000 	C:\WINDOWS\SYSTEM32\WINHTTP.dll
0x00007ffac5380000 - 0x00007ffac53e9000 	C:\WINDOWS\system32\mswsock.dll
0x00007ffa49980000 - 0x00007ffa49996000 	C:\Program Files\OpenLogic\jre-17.0.5.8-hotspot\bin\nio.dll
0x00007ffaa6540000 - 0x00007ffaa6550000 	C:\Program Files\OpenLogic\jre-17.0.5.8-hotspot\bin\verify.dll
0x00007ffa86c10000 - 0x00007ffa86c37000 	C:\Users\abhij\.gradle\native\68d5fa5c4cc2d200863cafc0d521ce42e7d3e7ee720ec0a83991735586a16f82\windows-amd64\native-platform.dll
0x00007ffa3d1a0000 - 0x00007ffa3d2e4000 	C:\Users\abhij\.gradle\native\e376f236ea51e6404a007f0833ffe2c6e607c4080706a723a18a27aeea778392\windows-amd64\native-platform-file-events.dll
0x00007ffa94610000 - 0x00007ffa94619000 	C:\Program Files\OpenLogic\jre-17.0.5.8-hotspot\bin\management.dll
0x00007ffa945c0000 - 0x00007ffa945cb000 	C:\Program Files\OpenLogic\jre-17.0.5.8-hotspot\bin\management_ext.dll
0x00007ffac6830000 - 0x00007ffac6838000 	C:\WINDOWS\System32\PSAPI.DLL
0x00007ffac55d0000 - 0x00007ffac55eb000 	C:\WINDOWS\SYSTEM32\CRYPTSP.dll
0x00007ffac4df0000 - 0x00007ffac4e25000 	C:\WINDOWS\system32\rsaenh.dll
0x00007ffac5470000 - 0x00007ffac549c000 	C:\WINDOWS\SYSTEM32\USERENV.dll
0x00007ffac5810000 - 0x00007ffac5838000 	C:\WINDOWS\SYSTEM32\bcrypt.dll
0x00007ffac5600000 - 0x00007ffac560c000 	C:\WINDOWS\SYSTEM32\CRYPTBASE.dll
0x00007ffac4910000 - 0x00007ffac493d000 	C:\WINDOWS\SYSTEM32\IPHLPAPI.DLL
0x00007ffac6cf0000 - 0x00007ffac6cf9000 	C:\WINDOWS\System32\NSI.dll
0x00007ffaba130000 - 0x00007ffaba149000 	C:\WINDOWS\SYSTEM32\dhcpcsvc6.DLL
0x00007ffaba110000 - 0x00007ffaba12f000 	C:\WINDOWS\SYSTEM32\dhcpcsvc.DLL
0x00007ffac4980000 - 0x00007ffac4a79000 	C:\WINDOWS\SYSTEM32\DNSAPI.dll
0x00007ffa94620000 - 0x00007ffa94628000 	C:\WINDOWS\system32\wshunix.dll
0x000000006c8b0000 - 0x000000006c8d6000 	C:\Program Files\Bonjour\mdnsNSP.dll
0x00007ffaba100000 - 0x00007ffaba10a000 	C:\Windows\System32\rasadhlp.dll
0x00007ffab9000000 - 0x00007ffab9084000 	C:\WINDOWS\System32\fwpuclnt.dll

dbghelp: loaded successfully - version: 4.0.5 - missing functions: none
symbol engine: initialized successfully - sym options: 0x614 - pdb path: .;C:\Program Files\OpenLogic\jre-17.0.5.8-hotspot\bin;C:\WINDOWS\SYSTEM32;C:\WINDOWS\WinSxS\amd64_microsoft.windows.common-controls_6595b64144ccf1df_6.0.22621.2361_none_2712ced57382f843;C:\Program Files\OpenLogic\jre-17.0.5.8-hotspot\bin\server;C:\Users\abhij\.gradle\native\68d5fa5c4cc2d200863cafc0d521ce42e7d3e7ee720ec0a83991735586a16f82\windows-amd64;C:\Users\abhij\.gradle\native\e376f236ea51e6404a007f0833ffe2c6e607c4080706a723a18a27aeea778392\windows-amd64;C:\Program Files\Bonjour

VM Arguments:
jvm_args: -XX:MaxMetaspaceSize=512m --add-opens=java.base/java.util=ALL-UNNAMED --add-opens=java.base/java.lang=ALL-UNNAMED --add-opens=java.base/java.lang.invoke=ALL-UNNAMED --add-opens=java.prefs/java.util.prefs=ALL-UNNAMED --add-opens=java.base/java.nio.charset=ALL-UNNAMED --add-opens=java.base/java.net=ALL-UNNAMED --add-opens=java.base/java.util.concurrent.atomic=ALL-UNNAMED -Xmx2048m -Dfile.encoding=windows-1252 -Duser.country=IN -Duser.language=en -Duser.variant 
java_command: org.gradle.launcher.daemon.bootstrap.GradleDaemon 8.0.1
java_class_path (initial): C:\Users\abhij\.gradle\wrapper\dists\gradle-8.0.1-all\aro4hu1c3oeioove7l0i4i14o\gradle-8.0.1\lib\gradle-launcher-8.0.1.jar
Launcher Type: SUN_STANDARD

[Global flags]
     intx CICompilerCount                          = 4                                         {product} {ergonomic}
   size_t CompressedClassSpaceSize                 = 432013312                                 {product} {ergonomic}
     uint ConcGCThreads                            = 2                                         {product} {ergonomic}
     uint G1ConcRefinementThreads                  = 8                                         {product} {ergonomic}
   size_t G1HeapRegionSize                         = 1048576                                   {product} {ergonomic}
    uintx GCDrainStackTargetSize                   = 64                                        {product} {ergonomic}
   size_t InitialHeapSize                          = 132120576                                 {product} {ergonomic}
   size_t MarkStackSize                            = 4194304                                   {product} {ergonomic}
   size_t MaxHeapSize                              = 2147483648                                {product} {command line}
   size_t MaxMetaspaceSize                         = 536870912                                 {product} {command line}
   size_t MaxNewSize                               = 1287651328                                {product} {ergonomic}
   size_t MinHeapDeltaBytes                        = 1048576                                   {product} {ergonomic}
   size_t MinHeapSize                              = 8388608                                   {product} {ergonomic}
    uintx NonNMethodCodeHeapSize                   = 5839372                                {pd product} {ergonomic}
    uintx NonProfiledCodeHeapSize                  = 122909434                              {pd product} {ergonomic}
    uintx ProfiledCodeHeapSize                     = 122909434                              {pd product} {ergonomic}
    uintx ReservedCodeCacheSize                    = 251658240                              {pd product} {ergonomic}
     bool SegmentedCodeCache                       = true                                      {product} {ergonomic}
   size_t SoftMaxHeapSize                          = 2147483648                             {manageable} {ergonomic}
     bool UseCompressedClassPointers               = true                           {product lp64_product} {ergonomic}
     bool UseCompressedOops                        = true                           {product lp64_product} {ergonomic}
     bool UseG1GC                                  = true                                      {product} {ergonomic}
     bool UseLargePagesIndividualAllocation        = false                                  {pd product} {ergonomic}

Logging:
Log output configuration:
 #0: stdout all=warning uptime,level,tags
 #1: stderr all=off uptime,level,tags

Environment Variables:
JAVA_HOME=C:\Program Files\OpenLogic\jre-17.0.5.8-hotspot\
CLASSPATH=D:\TikTok\reelBanao\android\\gradle\wrapper\gradle-wrapper.jar
PATH=D:\TikTok\reelBanao\node_modules\.bin;D:\TikTok\reelBanao\node_modules\.bin;D:\TikTok\node_modules\.bin;D:\node_modules\.bin;C:\Program Files\nodejs\node_modules\npm\node_modules\@npmcli\run-script\lib\node-gyp-bin;D:\TikTok\reelBanao\node_modules\.bin;D:\TikTok\node_modules\.bin;D:\node_modules\.bin;C:\Program Files\nodejs\node_modules\npm\node_modules\@npmcli\run-script\lib\node-gyp-bin;C:\Program Files\Python311\Scripts\;C:\Program Files\Python311\;C:\Program Files\OpenLogic\jre-17.0.5.8-hotspot\bin;C:\WINDOWS\system32;C:\WINDOWS;C:\WINDOWS\System32\Wbem;C:\WINDOWS\System32\WindowsPowerShell\v1.0\;C:\WINDOWS\System32\OpenSSH\;C:\Program Files\Git\cmd;C:\Users\abhij\Downloads\mongosh-1.8.0-win32-x64\mongosh-1.8.0-win32-x64\bin;C:\Program Files\MongoDB\Server\6.0\bin;C:\Program Files\MongoDB\Server\6.0\bin;C:\Program Files\nodejs\;C:\ProgramData\chocolatey\bin;C:\Program Files\Go\bin;C:\Users\abhij\AppData\Local\Microsoft\WindowsApps;C:\Users\abhij\AppData\Local\Programs\Microsoft VS Code\bin;C:\Users\abhij\AppData\Local\GitHubDesktop\bin;C:\Users\abhij\AppData\Roaming\npm;C:\Users\abhij\AppData\Local\Android\Sdk;C:\Users\abhij\AppData\Local\Android\Sdk\platform-tools;C:\Users\abhij\AppData\Local\Android\Sdk\emulator;C:\Users\abhij\AppData\Local\Android\Sdk\tools;C:\Users\abhij\AppData\Local\Android\Sdk\tools\bin;C:\Users\abhij\go\bin
USERNAME=abhij
OS=Windows_NT
PROCESSOR_IDENTIFIER=Intel64 Family 6 Model 140 Stepping 1, GenuineIntel
TMP=C:\Users\abhij\AppData\Local\Temp
TEMP=C:\Users\abhij\AppData\Local\Temp



---------------  S Y S T E M  ---------------

OS:
 Windows 11 , 64 bit Build 22621 (10.0.22621.2428)
OS uptime: 0 days 5:14 hours

CPU: total 8 (initial active 8) (4 cores per cpu, 2 threads per core) family 6 model 140 stepping 1 microcode 0x86, cx8, cmov, fxsr, ht, mmx, 3dnowpref, sse, sse2, sse3, ssse3, sse4.1, sse4.2, popcnt, lzcnt, tsc, tscinvbit, avx, avx2, aes, erms, clmul, bmi1, bmi2, adx, avx512f, avx512dq, avx512cd, avx512bw, avx512vl, sha, fma, vzeroupper, avx512_vpopcntdq, avx512_vpclmulqdq, avx512_vaes, avx512_vnni, clflush, clflushopt, clwb, avx512_vbmi2, avx512_vbmi

Memory: 4k page, system-wide physical 7975M (403M free)
TotalPageFile size 26725M (AvailPageFile size 0M)
current process WorkingSet (physical memory assigned to process): 101M, peak: 513M
current process commit charge ("private bytes"): 515M, peak: 552M

vm_info: OpenJDK 64-Bit Server VM (17.0.5+8-adhoc..jdk17u) for windows-amd64 JRE (17.0.5+8-adhoc..jdk17u), built on Jun  8 2023 10:23:55 by "" with MS VC++ 16.10 / 16.11 (VS2019)

END.
