#
# There is insufficient memory for the Java Runtime Environment to continue.
# Native memory allocation (malloc) failed to allocate 1234576 bytes for Chunk::new
# Possible reasons:
#   The system is out of physical RAM or swap space
#   The process is running with CompressedOops enabled, and the Java Heap may be blocking the growth of the native heap
# Possible solutions:
#   Reduce memory load on the system
#   Increase physical memory or swap space
#   Check if swap backing store is full
#   Decrease Java heap size (-Xmx/-Xms)
#   Decrease number of Java threads
#   Decrease Java thread stack sizes (-Xss)
#   Set larger code cache with -XX:ReservedCodeCacheSize=
#   JVM is running with Unscaled Compressed Oops mode in which the Java heap is
#     placed in the first 4GB address space. The Java Heap base address is the
#     maximum limit for the native heap growth. Please use -XX:HeapBaseMinAddress
#     to set the Java Heap base and to place the Java Heap above 4GB virtual address.
# This output file may be truncated or incomplete.
#
#  Out of Memory Error (arena.cpp:189), pid=19316, tid=29192
#
# JRE version: OpenJDK Runtime Environment OpenLogic-OpenJDK (17.0.5+8) (build 17.0.5+8-adhoc..jdk17u)
# Java VM: OpenJDK 64-Bit Server VM OpenLogic-OpenJDK (17.0.5+8-adhoc..jdk17u, mixed mode, tiered, compressed oops, compressed class ptrs, g1 gc, windows-amd64)
# No core dump will be written. Minidumps are not enabled by default on client versions of Windows
#

---------------  S U M M A R Y ------------

Command Line: -XX:MaxMetaspaceSize=512m --add-opens=java.base/java.util=ALL-UNNAMED --add-opens=java.base/java.lang=ALL-UNNAMED --add-opens=java.base/java.lang.invoke=ALL-UNNAMED --add-opens=java.prefs/java.util.prefs=ALL-UNNAMED --add-opens=java.base/java.nio.charset=ALL-UNNAMED --add-opens=java.base/java.net=ALL-UNNAMED --add-opens=java.base/java.util.concurrent.atomic=ALL-UNNAMED -Xmx2048m -Dfile.encoding=windows-1252 -Duser.country=IN -Duser.language=en -Duser.variant org.gradle.launcher.daemon.bootstrap.GradleDaemon 8.0.1

Host: 11th Gen Intel(R) Core(TM) i5-11300H @ 3.10GHz, 8 cores, 7G,  Windows 11 , 64 bit Build 22621 (10.0.22621.2428)
Time: Mon Nov  6 20:56:50 2023 India Standard Time elapsed time: 9.052087 seconds (0d 0h 0m 9s)

---------------  T H R E A D  ---------------

Current thread (0x0000019fc4031bb0):  JavaThread "C2 CompilerThread0" daemon [_thread_in_native, id=29192, stack(0x0000002d0cd00000,0x0000002d0ce00000)]


Current CompileTask:
C2:   9052 2958  s!   4       jdk.internal.loader.URLClassPath::getLoader (196 bytes)

Stack: [0x0000002d0cd00000,0x0000002d0ce00000]
Native frames: (J=compiled Java code, j=interpreted, Vv=VM code, C=native code)
V  [jvm.dll+0x677b5a]
V  [jvm.dll+0x832c94]
V  [jvm.dll+0x83443e]
V  [jvm.dll+0x834aa3]
V  [jvm.dll+0x245035]
V  [jvm.dll+0xabd4c]
V  [jvm.dll+0xac31c]
V  [jvm.dll+0x3630b2]
V  [jvm.dll+0x32d791]
V  [jvm.dll+0x32cc3a]
V  [jvm.dll+0x217f61]
V  [jvm.dll+0x217381]
V  [jvm.dll+0x1a378d]
V  [jvm.dll+0x226d0a]
V  [jvm.dll+0x224e65]
V  [jvm.dll+0x7e861c]
V  [jvm.dll+0x7e2b8a]
V  [jvm.dll+0x676a05]
C  [ucrtbase.dll+0x29363]
C  [KERNEL32.DLL+0x1257d]
C  [ntdll.dll+0x5aa78]


---------------  P R O C E S S  ---------------

Threads class SMR info:
_java_thread_list=0x0000019fc8b783a0, length=34, elements={
0x0000019fa78e08e0, 0x0000019fc3603020, 0x0000019fc36084a0, 0x0000019fc40126d0,
0x0000019fc402be20, 0x0000019fc4030700, 0x0000019fc4030fc0, 0x0000019fc4031bb0,
0x0000019fc4088390, 0x0000019fc409c380, 0x0000019fc41c93d0, 0x0000019fc41d2ee0,
0x0000019fc5bbebf0, 0x0000019fc526f8a0, 0x0000019fc6495130, 0x0000019fc565cfa0,
0x0000019fc685e920, 0x0000019fc5abaed0, 0x0000019fc5b86a50, 0x0000019fc6def0f0,
0x0000019fc6def5c0, 0x0000019fc6defa90, 0x0000019fc6deff60, 0x0000019fc6df25e0,
0x0000019fc6df1c40, 0x0000019fc6df2ab0, 0x0000019fc6df2110, 0x0000019fc6df0dd0,
0x0000019fc6df12a0, 0x0000019fc6df1770, 0x0000019fc70c1a10, 0x0000019fc70c36f0,
0x0000019fc70c53d0, 0x0000019fc70c88c0
}

Java Threads: ( => current thread )
  0x0000019fa78e08e0 JavaThread "main" [_thread_blocked, id=32512, stack(0x0000002d0c000000,0x0000002d0c100000)]
  0x0000019fc3603020 JavaThread "Reference Handler" daemon [_thread_blocked, id=32560, stack(0x0000002d0c700000,0x0000002d0c800000)]
  0x0000019fc36084a0 JavaThread "Finalizer" daemon [_thread_blocked, id=30948, stack(0x0000002d0c800000,0x0000002d0c900000)]
  0x0000019fc40126d0 JavaThread "Signal Dispatcher" daemon [_thread_blocked, id=11928, stack(0x0000002d0c900000,0x0000002d0ca00000)]
  0x0000019fc402be20 JavaThread "Attach Listener" daemon [_thread_blocked, id=32264, stack(0x0000002d0ca00000,0x0000002d0cb00000)]
  0x0000019fc4030700 JavaThread "Service Thread" daemon [_thread_blocked, id=32528, stack(0x0000002d0cb00000,0x0000002d0cc00000)]
  0x0000019fc4030fc0 JavaThread "Monitor Deflation Thread" daemon [_thread_blocked, id=28516, stack(0x0000002d0cc00000,0x0000002d0cd00000)]
=>0x0000019fc4031bb0 JavaThread "C2 CompilerThread0" daemon [_thread_in_native, id=29192, stack(0x0000002d0cd00000,0x0000002d0ce00000)]
  0x0000019fc4088390 JavaThread "C1 CompilerThread0" daemon [_thread_blocked, id=32576, stack(0x0000002d0ce00000,0x0000002d0cf00000)]
  0x0000019fc409c380 JavaThread "Sweeper thread" daemon [_thread_blocked, id=32692, stack(0x0000002d0cf00000,0x0000002d0d000000)]
  0x0000019fc41c93d0 JavaThread "Common-Cleaner" daemon [_thread_blocked, id=11036, stack(0x0000002d0d000000,0x0000002d0d100000)]
  0x0000019fc41d2ee0 JavaThread "Notification Thread" daemon [_thread_blocked, id=9932, stack(0x0000002d0d100000,0x0000002d0d200000)]
  0x0000019fc5bbebf0 JavaThread "Daemon health stats" [_thread_blocked, id=13040, stack(0x0000002d0d800000,0x0000002d0d900000)]
  0x0000019fc526f8a0 JavaThread "Incoming local TCP Connector on port 54555" [_thread_in_native, id=31516, stack(0x0000002d0d300000,0x0000002d0d400000)]
  0x0000019fc6495130 JavaThread "Daemon periodic checks" [_thread_blocked, id=21316, stack(0x0000002d0d900000,0x0000002d0da00000)]
  0x0000019fc565cfa0 JavaThread "Daemon" [_thread_blocked, id=11892, stack(0x0000002d0da00000,0x0000002d0db00000)]
  0x0000019fc685e920 JavaThread "Handler for socket connection from /127.0.0.1:54555 to /127.0.0.1:54557" [_thread_in_native, id=12476, stack(0x0000002d0db00000,0x0000002d0dc00000)]
  0x0000019fc5abaed0 JavaThread "Cancel handler" [_thread_blocked, id=4208, stack(0x0000002d0dc00000,0x0000002d0dd00000)]
  0x0000019fc5b86a50 JavaThread "Daemon worker" [_thread_in_Java, id=12568, stack(0x0000002d0dd00000,0x0000002d0de00000)]
  0x0000019fc6def0f0 JavaThread "Asynchronous log dispatcher for DefaultDaemonConnection: socket connection from /127.0.0.1:54555 to /127.0.0.1:54557" [_thread_blocked, id=29400, stack(0x0000002d0de00000,0x0000002d0df00000)]
  0x0000019fc6def5c0 JavaThread "Stdin handler" [_thread_blocked, id=31644, stack(0x0000002d0df00000,0x0000002d0e000000)]
  0x0000019fc6defa90 JavaThread "Daemon client event forwarder" [_thread_blocked, id=18620, stack(0x0000002d0e000000,0x0000002d0e100000)]
  0x0000019fc6deff60 JavaThread "Cache worker for journal cache (C:\Users\abhij\.gradle\caches\journal-1)" [_thread_blocked, id=27524, stack(0x0000002d0e100000,0x0000002d0e200000)]
  0x0000019fc6df25e0 JavaThread "File lock request listener" [_thread_in_native, id=8728, stack(0x0000002d0e200000,0x0000002d0e300000)]
  0x0000019fc6df1c40 JavaThread "File lock release action executor" [_thread_blocked, id=27076, stack(0x0000002d0e300000,0x0000002d0e400000)]
  0x0000019fc6df2ab0 JavaThread "Cache worker for file hash cache (C:\Users\abhij\.gradle\caches\8.0.1\fileHashes)" [_thread_blocked, id=12524, stack(0x0000002d0e800000,0x0000002d0e900000)]
  0x0000019fc6df2110 JavaThread "File watcher server" daemon [_thread_in_native, id=30044, stack(0x0000002d0ea00000,0x0000002d0eb00000)]
  0x0000019fc6df0dd0 JavaThread "File watcher consumer" daemon [_thread_blocked, id=20416, stack(0x0000002d0eb00000,0x0000002d0ec00000)]
  0x0000019fc6df12a0 JavaThread "Cache worker for checksums cache (D:\TikTok\reelBanao\android\.gradle\8.0.1\checksums)" [_thread_blocked, id=29868, stack(0x0000002d0e900000,0x0000002d0ea00000)]
  0x0000019fc6df1770 JavaThread "Cache worker for cache directory md-rule (C:\Users\abhij\.gradle\caches\8.0.1\md-rule)" [_thread_blocked, id=19540, stack(0x0000002d0ec00000,0x0000002d0ed00000)]
  0x0000019fc70c1a10 JavaThread "Cache worker for file content cache (C:\Users\abhij\.gradle\caches\8.0.1\fileContent)" [_thread_blocked, id=31544, stack(0x0000002d0ed00000,0x0000002d0ee00000)]
  0x0000019fc70c36f0 JavaThread "Cache worker for file hash cache (D:\TikTok\reelBanao\android\.gradle\8.0.1\fileHashes)" [_thread_blocked, id=29428, stack(0x0000002d0ee00000,0x0000002d0ef00000)]
  0x0000019fc70c53d0 JavaThread "Cache worker for cache directory md-supplier (C:\Users\abhij\.gradle\caches\8.0.1\md-supplier)" [_thread_blocked, id=19232, stack(0x0000002d0ef00000,0x0000002d0f000000)]
  0x0000019fc70c88c0 JavaThread "Cache worker for execution history cache (C:\Users\abhij\.gradle\caches\8.0.1\executionHistory)" [_thread_blocked, id=16708, stack(0x0000002d0f000000,0x0000002d0f100000)]

Other Threads:
  0x0000019fc35b3a40 VMThread "VM Thread" [stack: 0x0000002d0c600000,0x0000002d0c700000] [id=28744]
  0x0000019fa7954a60 WatcherThread [stack: 0x0000002d0d200000,0x0000002d0d300000] [id=23780]
  0x0000019fa793b4a0 GCTaskThread "GC Thread#0" [stack: 0x0000002d0c100000,0x0000002d0c200000] [id=17796]
  0x0000019fc4edbb10 GCTaskThread "GC Thread#1" [stack: 0x0000002d0d400000,0x0000002d0d500000] [id=23700]
  0x0000019fc4e59840 GCTaskThread "GC Thread#2" [stack: 0x0000002d0d500000,0x0000002d0d600000] [id=18460]
  0x0000019fc4ff7cc0 GCTaskThread "GC Thread#3" [stack: 0x0000002d0d600000,0x0000002d0d700000] [id=13616]
  0x0000019fc4db95f0 GCTaskThread "GC Thread#4" [stack: 0x0000002d0d700000,0x0000002d0d800000] [id=29456]
  0x0000019fc6be1440 GCTaskThread "GC Thread#5" [stack: 0x0000002d0e400000,0x0000002d0e500000] [id=26744]
  0x0000019fc4554640 GCTaskThread "GC Thread#6" [stack: 0x0000002d0e500000,0x0000002d0e600000] [id=28696]
  0x0000019fc45548f0 GCTaskThread "GC Thread#7" [stack: 0x0000002d0e600000,0x0000002d0e700000] [id=16488]
  0x0000019fa794c900 ConcurrentGCThread "G1 Main Marker" [stack: 0x0000002d0c200000,0x0000002d0c300000] [id=27768]
  0x0000019fa794d9c0 ConcurrentGCThread "G1 Conc#0" [stack: 0x0000002d0c300000,0x0000002d0c400000] [id=30876]
  0x0000019fc708d850 ConcurrentGCThread "G1 Conc#1" [stack: 0x0000002d0e700000,0x0000002d0e800000] [id=31296]
  0x0000019fa799e310 ConcurrentGCThread "G1 Refine#0" [stack: 0x0000002d0c400000,0x0000002d0c500000] [id=8296]
  0x0000019fa799ec40 ConcurrentGCThread "G1 Service" [stack: 0x0000002d0c500000,0x0000002d0c600000] [id=31840]

Threads with active compile tasks:
C2 CompilerThread0     9078 2958  s!   4       jdk.internal.loader.URLClassPath::getLoader (196 bytes)

VM state: not at safepoint (normal execution)

VM Mutex/Monitor currently owned by a thread: None

Heap address: 0x0000000080000000, size: 2048 MB, Compressed Oops mode: 32-bit

CDS archive(s) not mapped
Compressed class space mapped at: 0x0000000100000000-0x0000000119c00000, reserved size: 432013312
Narrow klass base: 0x0000000000000000, Narrow klass shift: 3, Narrow klass range: 0x119c00000

GC Precious Log:
 CPUs: 8 total, 8 available
 Memory: 7975M
 Large Page Support: Disabled
 NUMA Support: Disabled
 Compressed Oops: Enabled (32-bit)
 Heap Region Size: 1M
 Heap Min Capacity: 8M
 Heap Initial Capacity: 126M
 Heap Max Capacity: 2G
 Pre-touch: Disabled
 Parallel Workers: 8
 Concurrent Workers: 2
 Concurrent Refinement Workers: 8
 Periodic GC: Disabled

Heap:
 garbage-first heap   total 71680K, used 41539K [0x0000000080000000, 0x0000000100000000)
  region size 1024K, 19 young (19456K), 4 survivors (4096K)
 Metaspace       used 36073K, committed 36416K, reserved 454656K
  class space    used 4815K, committed 4992K, reserved 421888K

Heap Regions: E=young(eden), S=young(survivor), O=old, HS=humongous(starts), HC=humongous(continues), CS=collection set, F=free, OA=open archive, CA=closed archive, TAMS=top-at-mark-start (previous, next)
|   0|0x0000000080000000, 0x0000000080100000, 0x0000000080100000|100%|HS|  |TAMS 0x0000000080100000, 0x0000000080000000| Complete 
|   1|0x0000000080100000, 0x0000000080200000, 0x0000000080200000|100%|HC|  |TAMS 0x0000000080200000, 0x0000000080100000| Complete 
|   2|0x0000000080200000, 0x0000000080300000, 0x0000000080300000|100%|HC|  |TAMS 0x0000000080300000, 0x0000000080200000| Complete 
|   3|0x0000000080300000, 0x0000000080400000, 0x0000000080400000|100%|HC|  |TAMS 0x0000000080400000, 0x0000000080300000| Complete 
|   4|0x0000000080400000, 0x0000000080500000, 0x0000000080500000|100%| O|  |TAMS 0x0000000080500000, 0x0000000080400000| Untracked 
|   5|0x0000000080500000, 0x0000000080600000, 0x0000000080600000|100%| O|  |TAMS 0x0000000080600000, 0x0000000080500000| Untracked 
|   6|0x0000000080600000, 0x0000000080700000, 0x0000000080700000|100%| O|  |TAMS 0x0000000080700000, 0x0000000080600000| Untracked 
|   7|0x0000000080700000, 0x0000000080800000, 0x0000000080800000|100%| O|  |TAMS 0x0000000080800000, 0x0000000080700000| Untracked 
|   8|0x0000000080800000, 0x0000000080900000, 0x0000000080900000|100%| O|  |TAMS 0x0000000080900000, 0x0000000080800000| Untracked 
|   9|0x0000000080900000, 0x0000000080a00000, 0x0000000080a00000|100%| O|  |TAMS 0x0000000080a00000, 0x0000000080900000| Untracked 
|  10|0x0000000080a00000, 0x0000000080b00000, 0x0000000080b00000|100%| O|  |TAMS 0x0000000080b00000, 0x0000000080a00000| Untracked 
|  11|0x0000000080b00000, 0x0000000080b39600, 0x0000000080c00000| 22%| O|  |TAMS 0x0000000080b39600, 0x0000000080b00000| Untracked 
|  12|0x0000000080c00000, 0x0000000080d00000, 0x0000000080d00000|100%| O|  |TAMS 0x0000000080d00000, 0x0000000080c00000| Untracked 
|  13|0x0000000080d00000, 0x0000000080e00000, 0x0000000080e00000|100%| O|  |TAMS 0x0000000080e00000, 0x0000000080d00000| Untracked 
|  14|0x0000000080e00000, 0x0000000080f00000, 0x0000000080f00000|100%| O|  |TAMS 0x0000000080f00000, 0x0000000080e00000| Untracked 
|  15|0x0000000080f00000, 0x0000000081000000, 0x0000000081000000|100%| O|  |TAMS 0x0000000081000000, 0x0000000080f00000| Untracked 
|  16|0x0000000081000000, 0x0000000081100000, 0x0000000081100000|100%| O|  |TAMS 0x0000000081100000, 0x0000000081000000| Untracked 
|  17|0x0000000081100000, 0x0000000081200000, 0x0000000081200000|100%| O|  |TAMS 0x0000000081200000, 0x0000000081100000| Untracked 
|  18|0x0000000081200000, 0x0000000081300000, 0x0000000081300000|100%| O|  |TAMS 0x0000000081300000, 0x0000000081200000| Untracked 
|  19|0x0000000081300000, 0x0000000081400000, 0x0000000081400000|100%| O|  |TAMS 0x0000000081400000, 0x0000000081300000| Untracked 
|  20|0x0000000081400000, 0x0000000081500000, 0x0000000081500000|100%| O|  |TAMS 0x0000000081500000, 0x0000000081400000| Untracked 
|  21|0x0000000081500000, 0x0000000081600000, 0x0000000081600000|100%| O|  |TAMS 0x0000000081600000, 0x0000000081500000| Untracked 
|  22|0x0000000081600000, 0x0000000081700000, 0x0000000081700000|100%| O|  |TAMS 0x0000000081600000, 0x0000000081600000| Untracked 
|  23|0x0000000081700000, 0x0000000081757800, 0x0000000081800000| 34%| O|  |TAMS 0x0000000081700000, 0x0000000081700000| Untracked 
|  24|0x0000000081800000, 0x0000000081800000, 0x0000000081900000|  0%| F|  |TAMS 0x0000000081800000, 0x0000000081800000| Untracked 
|  25|0x0000000081900000, 0x0000000081900000, 0x0000000081a00000|  0%| F|  |TAMS 0x0000000081900000, 0x0000000081900000| Untracked 
|  26|0x0000000081a00000, 0x0000000081a00000, 0x0000000081b00000|  0%| F|  |TAMS 0x0000000081a00000, 0x0000000081a00000| Untracked 
|  27|0x0000000081b00000, 0x0000000081b00000, 0x0000000081c00000|  0%| F|  |TAMS 0x0000000081b00000, 0x0000000081b00000| Untracked 
|  28|0x0000000081c00000, 0x0000000081c00000, 0x0000000081d00000|  0%| F|  |TAMS 0x0000000081c00000, 0x0000000081c00000| Untracked 
|  29|0x0000000081d00000, 0x0000000081d00000, 0x0000000081e00000|  0%| F|  |TAMS 0x0000000081d00000, 0x0000000081d00000| Untracked 
|  30|0x0000000081e00000, 0x0000000081e00000, 0x0000000081f00000|  0%| F|  |TAMS 0x0000000081e00000, 0x0000000081e00000| Untracked 
|  31|0x0000000081f00000, 0x0000000081f00000, 0x0000000082000000|  0%| F|  |TAMS 0x0000000081f00000, 0x0000000081f00000| Untracked 
|  32|0x0000000082000000, 0x0000000082000000, 0x0000000082100000|  0%| F|  |TAMS 0x0000000082000000, 0x0000000082000000| Untracked 
|  33|0x0000000082100000, 0x0000000082100000, 0x0000000082200000|  0%| F|  |TAMS 0x0000000082100000, 0x0000000082100000| Untracked 
|  34|0x0000000082200000, 0x0000000082200000, 0x0000000082300000|  0%| F|  |TAMS 0x0000000082200000, 0x0000000082200000| Untracked 
|  35|0x0000000082300000, 0x0000000082300000, 0x0000000082400000|  0%| F|  |TAMS 0x0000000082300000, 0x0000000082300000| Untracked 
|  36|0x0000000082400000, 0x0000000082400000, 0x0000000082500000|  0%| F|  |TAMS 0x0000000082400000, 0x0000000082400000| Untracked 
|  37|0x0000000082500000, 0x0000000082500000, 0x0000000082600000|  0%| F|  |TAMS 0x0000000082500000, 0x0000000082500000| Untracked 
|  38|0x0000000082600000, 0x0000000082600000, 0x0000000082700000|  0%| F|  |TAMS 0x0000000082600000, 0x0000000082600000| Untracked 
|  39|0x0000000082700000, 0x0000000082700000, 0x0000000082800000|  0%| F|  |TAMS 0x0000000082700000, 0x0000000082700000| Untracked 
|  40|0x0000000082800000, 0x0000000082800000, 0x0000000082900000|  0%| F|  |TAMS 0x0000000082800000, 0x0000000082800000| Untracked 
|  41|0x0000000082900000, 0x0000000082900000, 0x0000000082a00000|  0%| F|  |TAMS 0x0000000082900000, 0x0000000082900000| Untracked 
|  42|0x0000000082a00000, 0x0000000082a00000, 0x0000000082b00000|  0%| F|  |TAMS 0x0000000082a00000, 0x0000000082a00000| Untracked 
|  43|0x0000000082b00000, 0x0000000082b00000, 0x0000000082c00000|  0%| F|  |TAMS 0x0000000082b00000, 0x0000000082b00000| Untracked 
|  44|0x0000000082c00000, 0x0000000082c00000, 0x0000000082d00000|  0%| F|  |TAMS 0x0000000082c00000, 0x0000000082c00000| Untracked 
|  45|0x0000000082d00000, 0x0000000082e00000, 0x0000000082e00000|100%| S|CS|TAMS 0x0000000082d00000, 0x0000000082d00000| Complete 
|  46|0x0000000082e00000, 0x0000000082f00000, 0x0000000082f00000|100%| S|CS|TAMS 0x0000000082e00000, 0x0000000082e00000| Complete 
|  47|0x0000000082f00000, 0x0000000083000000, 0x0000000083000000|100%| S|CS|TAMS 0x0000000082f00000, 0x0000000082f00000| Complete 
|  48|0x0000000083000000, 0x0000000083100000, 0x0000000083100000|100%| S|CS|TAMS 0x0000000083000000, 0x0000000083000000| Complete 
|  49|0x0000000083100000, 0x0000000083100000, 0x0000000083200000|  0%| F|  |TAMS 0x0000000083100000, 0x0000000083100000| Untracked 
|  50|0x0000000083200000, 0x0000000083200000, 0x0000000083300000|  0%| F|  |TAMS 0x0000000083200000, 0x0000000083200000| Untracked 
|  51|0x0000000083300000, 0x0000000083300000, 0x0000000083400000|  0%| F|  |TAMS 0x0000000083300000, 0x0000000083300000| Untracked 
|  52|0x0000000083400000, 0x0000000083400000, 0x0000000083500000|  0%| F|  |TAMS 0x0000000083400000, 0x0000000083400000| Untracked 
|  53|0x0000000083500000, 0x0000000083500000, 0x0000000083600000|  0%| F|  |TAMS 0x0000000083500000, 0x0000000083500000| Untracked 
|  54|0x0000000083600000, 0x0000000083600000, 0x0000000083700000|  0%| F|  |TAMS 0x0000000083600000, 0x0000000083600000| Untracked 
|  55|0x0000000083700000, 0x00000000837d2180, 0x0000000083800000| 82%| E|  |TAMS 0x0000000083700000, 0x0000000083700000| Complete 
|  56|0x0000000083800000, 0x0000000083900000, 0x0000000083900000|100%| E|CS|TAMS 0x0000000083800000, 0x0000000083800000| Complete 
|  57|0x0000000083900000, 0x0000000083a00000, 0x0000000083a00000|100%| E|CS|TAMS 0x0000000083900000, 0x0000000083900000| Complete 
|  58|0x0000000083a00000, 0x0000000083b00000, 0x0000000083b00000|100%| E|CS|TAMS 0x0000000083a00000, 0x0000000083a00000| Complete 
|  59|0x0000000083b00000, 0x0000000083c00000, 0x0000000083c00000|100%| E|CS|TAMS 0x0000000083b00000, 0x0000000083b00000| Complete 
|  62|0x0000000083e00000, 0x0000000083f00000, 0x0000000083f00000|100%| E|CS|TAMS 0x0000000083e00000, 0x0000000083e00000| Complete 
|  63|0x0000000083f00000, 0x0000000084000000, 0x0000000084000000|100%| E|CS|TAMS 0x0000000083f00000, 0x0000000083f00000| Complete 
|  64|0x0000000084000000, 0x0000000084100000, 0x0000000084100000|100%| E|CS|TAMS 0x0000000084000000, 0x0000000084000000| Complete 
|  65|0x0000000084100000, 0x0000000084200000, 0x0000000084200000|100%| E|CS|TAMS 0x0000000084100000, 0x0000000084100000| Complete 
|  66|0x0000000084200000, 0x0000000084300000, 0x0000000084300000|100%| E|CS|TAMS 0x0000000084200000, 0x0000000084200000| Complete 
|  67|0x0000000084300000, 0x0000000084400000, 0x0000000084400000|100%| E|CS|TAMS 0x0000000084300000, 0x0000000084300000| Complete 
|  68|0x0000000084400000, 0x0000000084500000, 0x0000000084500000|100%| E|CS|TAMS 0x0000000084400000, 0x0000000084400000| Complete 
|  69|0x0000000084500000, 0x0000000084600000, 0x0000000084600000|100%| E|CS|TAMS 0x0000000084500000, 0x0000000084500000| Complete 
|  70|0x0000000084600000, 0x0000000084700000, 0x0000000084700000|100%| E|CS|TAMS 0x0000000084600000, 0x0000000084600000| Complete 
| 125|0x0000000087d00000, 0x0000000087e00000, 0x0000000087e00000|100%| E|CS|TAMS 0x0000000087d00000, 0x0000000087d00000| Complete 

Card table byte_map: [0x0000019fbc2f0000,0x0000019fbc6f0000] _byte_map_base: 0x0000019fbbef0000

Marking Bits (Prev, Next): (CMBitMap*) 0x0000019fa793b9c0, (CMBitMap*) 0x0000019fa793ba00
 Prev Bits: [0x0000019fbcaf0000, 0x0000019fbeaf0000)
 Next Bits: [0x0000019fbeaf0000, 0x0000019fc0af0000)

Polling page: 0x0000019fa79a0000

Metaspace:

Usage:
  Non-class:     30.53 MB used.
      Class:      4.70 MB used.
       Both:     35.23 MB used.

Virtual space:
  Non-class space:       32.00 MB reserved,      30.69 MB ( 96%) committed,  4 nodes.
      Class space:      412.00 MB reserved,       4.88 MB (  1%) committed,  1 nodes.
             Both:      444.00 MB reserved,      35.56 MB (  8%) committed. 

Chunk freelists:
   Non-Class:  400.00 KB
       Class:  2.98 MB
        Both:  3.38 MB

MaxMetaspaceSize: 512.00 MB
CompressedClassSpaceSize: 412.00 MB
Initial GC threshold: 21.00 MB
Current GC threshold: 59.00 MB
CDS: off
MetaspaceReclaimPolicy: balanced
 - commit_granule_bytes: 65536.
 - commit_granule_words: 8192.
 - virtual_space_node_default_size: 1048576.
 - enlarge_chunks_in_place: 1.
 - new_chunks_are_fully_committed: 0.
 - uncommit_free_chunks: 1.
 - use_allocation_guard: 0.
 - handle_deallocations: 1.


Internal statistics:

num_allocs_failed_limit: 6.
num_arena_births: 294.
num_arena_deaths: 0.
num_vsnodes_births: 5.
num_vsnodes_deaths: 0.
num_space_committed: 569.
num_space_uncommitted: 0.
num_chunks_returned_to_freelist: 6.
num_chunks_taken_from_freelist: 1285.
num_chunk_merges: 0.
num_chunk_splits: 864.
num_chunks_enlarged: 624.
num_purges: 0.
num_inconsistent_stats: 0.

CodeHeap 'non-profiled nmethods': size=120000Kb used=1605Kb max_used=1605Kb free=118394Kb
 bounds [0x0000019fb3f50000, 0x0000019fb41c0000, 0x0000019fbb480000]
CodeHeap 'profiled nmethods': size=120000Kb used=7183Kb max_used=7183Kb free=112816Kb
 bounds [0x0000019faca20000, 0x0000019fad130000, 0x0000019fb3f50000]
CodeHeap 'non-nmethods': size=5760Kb used=1593Kb max_used=1647Kb free=4166Kb
 bounds [0x0000019fac480000, 0x0000019fac6f0000, 0x0000019faca20000]
 total_blobs=4206 nmethods=3561 adapters=557
 compilation: enabled
              stopped_count=0, restarted_count=0
 full_count=0

Compilation events (20 events):
Event: 9.043 Thread 0x0000019fc4088390 3601       3       jdk.internal.jrtfs.JrtFileSystem$$Lambda$410/0x00000001004cacc8::apply (16 bytes)
Event: 9.044 Thread 0x0000019fc4088390 nmethod 3601 0x0000019fad11bf90 code [0x0000019fad11c140, 0x0000019fad11c388]
Event: 9.044 Thread 0x0000019fc4088390 3602       3       jdk.internal.jrtfs.JrtFileSystem::lambda$iteratorOf$2 (20 bytes)
Event: 9.044 Thread 0x0000019fc4088390 nmethod 3602 0x0000019fad11c490 code [0x0000019fad11c680, 0x0000019fad11ca88]
Event: 9.044 Thread 0x0000019fc4088390 3603       3       jdk.internal.jrtfs.JrtPath::getFileName (78 bytes)
Event: 9.045 Thread 0x0000019fc4088390 nmethod 3603 0x0000019fad11cc10 code [0x0000019fad11cf00, 0x0000019fad11df28]
Event: 9.046 Thread 0x0000019fc4088390 3604       3       jdk.internal.jrtfs.JrtPath::checkPath (48 bytes)
Event: 9.046 Thread 0x0000019fc4088390 nmethod 3604 0x0000019fad11e490 code [0x0000019fad11e720, 0x0000019fad11f298]
Event: 9.046 Thread 0x0000019fc4088390 3605       3       jdk.internal.jrtfs.JrtPath::resolve (125 bytes)
Event: 9.048 Thread 0x0000019fc4088390 nmethod 3605 0x0000019fad11f610 code [0x0000019fad11f9a0, 0x0000019fad1211c8]
Event: 9.048 Thread 0x0000019fc4088390 3606       3       jdk.internal.jrtfs.JrtFileSystem$$Lambda$411/0x00000001004caf08::test (12 bytes)
Event: 9.049 Thread 0x0000019fc4088390 nmethod 3606 0x0000019fad121a90 code [0x0000019fad121c60, 0x0000019fad1220f8]
Event: 9.049 Thread 0x0000019fc4088390 3608       3       java.util.stream.SpinedBuffer::get (123 bytes)
Event: 9.049 Thread 0x0000019fc4088390 nmethod 3608 0x0000019fad122310 code [0x0000019fad122560, 0x0000019fad122d58]
Event: 9.049 Thread 0x0000019fc4088390 3609       3       jdk.internal.jrtfs.JrtDirectoryStream$1::next (5 bytes)
Event: 9.049 Thread 0x0000019fc4088390 nmethod 3609 0x0000019fad123110 code [0x0000019fad1232a0, 0x0000019fad1233e8]
Event: 9.049 Thread 0x0000019fc4088390 3610   !   3       jdk.internal.jrtfs.JrtDirectoryStream$1::next (48 bytes)
Event: 9.050 Thread 0x0000019fc4088390 nmethod 3610 0x0000019fad123490 code [0x0000019fad123660, 0x0000019fad123b38]
Event: 9.050 Thread 0x0000019fc4088390 3612       1       java.nio.DirectByteBuffer::attachment (5 bytes)
Event: 9.050 Thread 0x0000019fc4088390 nmethod 3612 0x0000019fb40e1210 code [0x0000019fb40e13a0, 0x0000019fb40e1478]

GC Heap History (12 events):
Event: 1.372 GC heap before
{Heap before GC invocations=0 (full 0):
 garbage-first heap   total 129024K, used 26624K [0x0000000080000000, 0x0000000100000000)
  region size 1024K, 23 young (23552K), 0 survivors (0K)
 Metaspace       used 9012K, committed 9216K, reserved 430080K
  class space    used 993K, committed 1088K, reserved 421888K
}
Event: 1.379 GC heap after
{Heap after GC invocations=1 (full 0):
 garbage-first heap   total 129024K, used 10304K [0x0000000080000000, 0x0000000100000000)
  region size 1024K, 3 young (3072K), 3 survivors (3072K)
 Metaspace       used 9012K, committed 9216K, reserved 430080K
  class space    used 993K, committed 1088K, reserved 421888K
}
Event: 2.344 GC heap before
{Heap before GC invocations=1 (full 0):
 garbage-first heap   total 129024K, used 40000K [0x0000000080000000, 0x0000000100000000)
  region size 1024K, 31 young (31744K), 3 survivors (3072K)
 Metaspace       used 9928K, committed 10112K, reserved 438272K
  class space    used 1089K, committed 1216K, reserved 421888K
}
Event: 2.351 GC heap after
{Heap after GC invocations=2 (full 0):
 garbage-first heap   total 129024K, used 13994K [0x0000000080000000, 0x0000000100000000)
  region size 1024K, 4 young (4096K), 4 survivors (4096K)
 Metaspace       used 9928K, committed 10112K, reserved 438272K
  class space    used 1089K, committed 1216K, reserved 421888K
}
Event: 5.830 GC heap before
{Heap before GC invocations=2 (full 0):
 garbage-first heap   total 129024K, used 65194K [0x0000000080000000, 0x0000000100000000)
  region size 1024K, 55 young (56320K), 4 survivors (4096K)
 Metaspace       used 21203K, committed 21504K, reserved 446464K
  class space    used 2734K, committed 2880K, reserved 421888K
}
Event: 5.839 GC heap after
{Heap after GC invocations=3 (full 0):
 garbage-first heap   total 129024K, used 19640K [0x0000000080000000, 0x0000000100000000)
  region size 1024K, 9 young (9216K), 9 survivors (9216K)
 Metaspace       used 21203K, committed 21504K, reserved 446464K
  class space    used 2734K, committed 2880K, reserved 421888K
}
Event: 7.241 GC heap before
{Heap before GC invocations=4 (full 0):
 garbage-first heap   total 71680K, used 53432K [0x0000000080000000, 0x0000000100000000)
  region size 1024K, 42 young (43008K), 9 survivors (9216K)
 Metaspace       used 26331K, committed 26688K, reserved 446464K
  class space    used 3570K, committed 3712K, reserved 421888K
}
Event: 7.249 GC heap after
{Heap after GC invocations=5 (full 0):
 garbage-first heap   total 71680K, used 21831K [0x0000000080000000, 0x0000000100000000)
  region size 1024K, 3 young (3072K), 3 survivors (3072K)
 Metaspace       used 26331K, committed 26688K, reserved 446464K
  class space    used 3570K, committed 3712K, reserved 421888K
}
Event: 8.097 GC heap before
{Heap before GC invocations=5 (full 0):
 garbage-first heap   total 71680K, used 48455K [0x0000000080000000, 0x0000000100000000)
  region size 1024K, 30 young (30720K), 3 survivors (3072K)
 Metaspace       used 30016K, committed 30400K, reserved 454656K
  class space    used 4159K, committed 4352K, reserved 421888K
}
Event: 8.100 GC heap after
{Heap after GC invocations=6 (full 0):
 garbage-first heap   total 71680K, used 23248K [0x0000000080000000, 0x0000000100000000)
  region size 1024K, 2 young (2048K), 2 survivors (2048K)
 Metaspace       used 30016K, committed 30400K, reserved 454656K
  class space    used 4159K, committed 4352K, reserved 421888K
}
Event: 8.817 GC heap before
{Heap before GC invocations=6 (full 0):
 garbage-first heap   total 71680K, used 42704K [0x0000000080000000, 0x0000000100000000)
  region size 1024K, 23 young (23552K), 2 survivors (2048K)
 Metaspace       used 35664K, committed 35968K, reserved 454656K
  class space    used 4773K, committed 4928K, reserved 421888K
}
Event: 8.822 GC heap after
{Heap after GC invocations=7 (full 0):
 garbage-first heap   total 71680K, used 27203K [0x0000000080000000, 0x0000000100000000)
  region size 1024K, 4 young (4096K), 4 survivors (4096K)
 Metaspace       used 35664K, committed 35968K, reserved 454656K
  class space    used 4773K, committed 4928K, reserved 421888K
}

Dll operation events (11 events):
Event: 0.012 Loaded shared library C:\Program Files\OpenLogic\jre-17.0.5.8-hotspot\bin\java.dll
Event: 0.037 Loaded shared library C:\Program Files\OpenLogic\jre-17.0.5.8-hotspot\bin\jsvml.dll
Event: 0.184 Loaded shared library C:\Program Files\OpenLogic\jre-17.0.5.8-hotspot\bin\net.dll
Event: 0.186 Loaded shared library C:\Program Files\OpenLogic\jre-17.0.5.8-hotspot\bin\nio.dll
Event: 0.200 Loaded shared library C:\Program Files\OpenLogic\jre-17.0.5.8-hotspot\bin\zip.dll
Event: 0.590 Loaded shared library C:\Program Files\OpenLogic\jre-17.0.5.8-hotspot\bin\jimage.dll
Event: 0.850 Loaded shared library C:\Program Files\OpenLogic\jre-17.0.5.8-hotspot\bin\verify.dll
Event: 1.188 Loaded shared library C:\Users\abhij\.gradle\native\68d5fa5c4cc2d200863cafc0d521ce42e7d3e7ee720ec0a83991735586a16f82\windows-amd64\native-platform.dll
Event: 1.193 Loaded shared library C:\Users\abhij\.gradle\native\e376f236ea51e6404a007f0833ffe2c6e607c4080706a723a18a27aeea778392\windows-amd64\native-platform-file-events.dll
Event: 2.975 Loaded shared library C:\Program Files\OpenLogic\jre-17.0.5.8-hotspot\bin\management.dll
Event: 2.978 Loaded shared library C:\Program Files\OpenLogic\jre-17.0.5.8-hotspot\bin\management_ext.dll

Deoptimization events (20 events):
Event: 8.795 Thread 0x0000019fc5b86a50 DEOPT PACKING pc=0x0000019fad08fb30 sp=0x0000002d0ddf8db0
Event: 8.795 Thread 0x0000019fc5b86a50 DEOPT UNPACKING pc=0x0000019fac4d66e3 sp=0x0000002d0ddf8258 mode 0
Event: 8.796 Thread 0x0000019fc5b86a50 DEOPT PACKING pc=0x0000019fad08f0a4 sp=0x0000002d0ddf8cd0
Event: 8.796 Thread 0x0000019fc5b86a50 DEOPT UNPACKING pc=0x0000019fac4d66e3 sp=0x0000002d0ddf8150 mode 0
Event: 8.797 Thread 0x0000019fc5b86a50 DEOPT PACKING pc=0x0000019fad0901b1 sp=0x0000002d0ddf8dd0
Event: 8.797 Thread 0x0000019fc5b86a50 DEOPT UNPACKING pc=0x0000019fac4d66e3 sp=0x0000002d0ddf8260 mode 0
Event: 8.809 Thread 0x0000019fc5b86a50 DEOPT PACKING pc=0x0000019fad09ab3e sp=0x0000002d0ddf8cb0
Event: 8.809 Thread 0x0000019fc5b86a50 DEOPT UNPACKING pc=0x0000019fac4d66e3 sp=0x0000002d0ddf8150 mode 0
Event: 8.810 Thread 0x0000019fc5b86a50 DEOPT PACKING pc=0x0000019fad09b61e sp=0x0000002d0ddf8c70
Event: 8.810 Thread 0x0000019fc5b86a50 DEOPT UNPACKING pc=0x0000019fac4d66e3 sp=0x0000002d0ddf80f0 mode 0
Event: 8.891 Thread 0x0000019fc5b86a50 Uncommon trap: trap_request=0xffffff45 fr.pc=0x0000019fb403ec00 relative=0x00000000000000e0
Event: 8.891 Thread 0x0000019fc5b86a50 Uncommon trap: reason=unstable_if action=reinterpret pc=0x0000019fb403ec00 method=java.lang.ClassLoader.getClassLoadingLock(Ljava/lang/String;)Ljava/lang/Object; @ 6 c2
Event: 8.891 Thread 0x0000019fc5b86a50 DEOPT PACKING pc=0x0000019fb403ec00 sp=0x0000002d0ddf9110
Event: 8.891 Thread 0x0000019fc5b86a50 DEOPT UNPACKING pc=0x0000019fac4d5ba3 sp=0x0000002d0ddf90a0 mode 2
Event: 8.923 Thread 0x0000019fc5b86a50 DEOPT PACKING pc=0x0000019fad0c78f9 sp=0x0000002d0ddf8620
Event: 8.923 Thread 0x0000019fc5b86a50 DEOPT UNPACKING pc=0x0000019fac4d66e3 sp=0x0000002d0ddf7ae0 mode 0
Event: 8.924 Thread 0x0000019fc5b86a50 DEOPT PACKING pc=0x0000019fad0c7128 sp=0x0000002d0ddf85f0
Event: 8.924 Thread 0x0000019fc5b86a50 DEOPT UNPACKING pc=0x0000019fac4d66e3 sp=0x0000002d0ddf7a98 mode 0
Event: 8.941 Thread 0x0000019fc5b86a50 DEOPT PACKING pc=0x0000019fad0ce4c0 sp=0x0000002d0ddf8a60
Event: 8.941 Thread 0x0000019fc5b86a50 DEOPT UNPACKING pc=0x0000019fac4d66e3 sp=0x0000002d0ddf7f78 mode 0

Classes unloaded (0 events):
No events

Classes redefined (0 events):
No events

Internal exceptions (20 events):
Event: 7.649 Thread 0x0000019fc5b86a50 Exception <a 'java/lang/NoSuchMethodError'{0x00000000838111e8}: 'java.lang.Object java.lang.invoke.DirectMethodHandle$Holder.invokeSpecial(java.lang.Object, java.lang.Object, java.lang.Object, java.lang.Object, java.lang.Object, java.lang.Object, java.lang.Object, java.lang.Object, java.lang.Object, java.lang.Object, java.lang.Object, java.lang.Object, java.lang.Object, java.lang.Object)'> (0x00000000838111e8) 
thrown [s\src\hotspot\share\interpreter\linkResolver.cpp, line 759]
Event: 7.650 Thread 0x0000019fc5b86a50 Exception <a 'java/lang/NoSuchMethodError'{0x0000000083823810}: 'java.lang.Object java.lang.invoke.DirectMethodHandle$Holder.newInvokeSpecial(java.lang.Object, java.lang.Object, java.lang.Object, java.lang.Object, java.lang.Object, java.lang.Object, java.lang.Object, java.lang.Object, java.lang.Object, java.lang.Object, java.lang.Object, java.lang.Object)'> (0x0000000083823810) 
thrown [s\src\hotspot\share\interpreter\linkResolver.cpp, line 759]
Event: 7.651 Thread 0x0000019fc5b86a50 Exception <a 'java/lang/NoSuchMethodError'{0x00000000838291a8}: 'java.lang.Object java.lang.invoke.Invokers$Holder.linkToTargetMethod(java.lang.Object, java.lang.Object, java.lang.Object, java.lang.Object, java.lang.Object, java.lang.Object, java.lang.Object, java.lang.Object, java.lang.Object, java.lang.Object, java.lang.Object, java.lang.Object)'> (0x00000000838291a8) 
thrown [s\src\hotspot\share\interpreter\linkResolver.cpp, line 759]
Event: 7.696 Thread 0x0000019fc5b86a50 Exception <a 'java/lang/NoSuchMethodError'{0x00000000838d3418}: 'java.lang.Object java.lang.invoke.DirectMethodHandle$Holder.invokeStaticInit(java.lang.Object, java.lang.Object, java.lang.Object, java.lang.Object)'> (0x00000000838d3418) 
thrown [s\src\hotspot\share\interpreter\linkResolver.cpp, line 759]
Event: 8.010 Thread 0x0000019fc5b86a50 Exception <a 'java/lang/NoSuchMethodError'{0x0000000082e1bd80}: 'java.lang.Object java.lang.invoke.DirectMethodHandle$Holder.newInvokeSpecial(java.lang.Object, java.lang.Object, java.lang.Object, java.lang.Object, java.lang.Object, java.lang.Object, java.lang.Object, java.lang.Object)'> (0x0000000082e1bd80) 
thrown [s\src\hotspot\share\interpreter\linkResolver.cpp, line 759]
Event: 8.010 Thread 0x0000019fc5b86a50 Exception <a 'java/lang/NoSuchMethodError'{0x0000000082e21b60}: 'java.lang.Object java.lang.invoke.Invokers$Holder.linkToTargetMethod(java.lang.Object, java.lang.Object, java.lang.Object, java.lang.Object, java.lang.Object, java.lang.Object, java.lang.Object, java.lang.Object)'> (0x0000000082e21b60) 
thrown [s\src\hotspot\share\interpreter\linkResolver.cpp, line 759]
Event: 8.022 Thread 0x0000019fc5b86a50 Exception <a 'java/lang/IncompatibleClassChangeError'{0x0000000082e84a98}: Found class java.lang.Object, but interface was expected> (0x0000000082e84a98) 
thrown [s\src\hotspot\share\interpreter\linkResolver.cpp, line 826]
Event: 8.142 Thread 0x0000019fc5b86a50 Exception <a 'java/lang/NoSuchMethodError'{0x00000000846917a0}: 'java.lang.Object java.lang.invoke.DirectMethodHandle$Holder.newInvokeSpecial(java.lang.Object, java.lang.Object, int, int)'> (0x00000000846917a0) 
thrown [s\src\hotspot\share\interpreter\linkResolver.cpp, line 759]
Event: 8.328 Thread 0x0000019fc5b86a50 Exception <a 'java/lang/NoSuchMethodError'{0x000000008402b988}: 'void java.lang.invoke.DirectMethodHandle$Holder.invokeStaticInit(java.lang.Object, java.lang.Object, java.lang.Object)'> (0x000000008402b988) 
thrown [s\src\hotspot\share\interpreter\linkResolver.cpp, line 759]
Event: 8.329 Thread 0x0000019fc5b86a50 Exception <a 'java/lang/NoSuchMethodError'{0x0000000084032e28}: 'void java.lang.invoke.DirectMethodHandle$Holder.invokeStaticInit(java.lang.Object, java.lang.Object, java.lang.Object, java.lang.Object)'> (0x0000000084032e28) 
thrown [s\src\hotspot\share\interpreter\linkResolver.cpp, line 759]
Event: 8.332 Thread 0x0000019fc5b86a50 Exception <a 'java/lang/NoSuchMethodError'{0x0000000084053d00}: 'void java.lang.invoke.DirectMethodHandle$Holder.invokeStaticInit(java.lang.Object, java.lang.Object, java.lang.Object, java.lang.Object, java.lang.Object)'> (0x0000000084053d00) 
thrown [s\src\hotspot\share\interpreter\linkResolver.cpp, line 759]
Event: 8.334 Thread 0x0000019fc5b86a50 Exception <a 'java/lang/NoSuchMethodError'{0x000000008405bac8}: 'int java.lang.invoke.DirectMethodHandle$Holder.invokeStaticInit(java.lang.Object, java.lang.Object, java.lang.Object)'> (0x000000008405bac8) 
thrown [s\src\hotspot\share\interpreter\linkResolver.cpp, line 759]
Event: 8.346 Thread 0x0000019fc5b86a50 Exception <a 'java/lang/NoSuchMethodError'{0x00000000840c5848}: 'int java.lang.invoke.DirectMethodHandle$Holder.invokeStaticInit(java.lang.Object, java.lang.Object, java.lang.Object, java.lang.Object)'> (0x00000000840c5848) 
thrown [s\src\hotspot\share\interpreter\linkResolver.cpp, line 759]
Event: 8.663 Thread 0x0000019fc5b86a50 Exception <a 'java/lang/ClassNotFoundException'{0x0000000083621058}: groovy/lang/ExpandoMetaClassBeanInfo> (0x0000000083621058) 
thrown [s\src\hotspot\share\classfile\systemDictionary.cpp, line 256]
Event: 8.664 Thread 0x0000019fc5b86a50 Exception <a 'java/lang/ClassNotFoundException'{0x0000000083637fe0}: groovy/lang/MetaClassImplBeanInfo> (0x0000000083637fe0) 
thrown [s\src\hotspot\share\classfile\systemDictionary.cpp, line 256]
Event: 8.664 Thread 0x0000019fc5b86a50 Exception <a 'java/lang/ClassNotFoundException'{0x000000008363d2b8}: java/lang/ObjectBeanInfo> (0x000000008363d2b8) 
thrown [s\src\hotspot\share\classfile\systemDictionary.cpp, line 256]
Event: 8.665 Thread 0x0000019fc5b86a50 Exception <a 'java/lang/ClassNotFoundException'{0x0000000083642c48}: java/lang/ObjectCustomizer> (0x0000000083642c48) 
thrown [s\src\hotspot\share\classfile\systemDictionary.cpp, line 256]
Event: 8.668 Thread 0x0000019fc5b86a50 Exception <a 'java/lang/IncompatibleClassChangeError'{0x0000000083647670}: Found class java.lang.Object, but interface was expected> (0x0000000083647670) 
thrown [s\src\hotspot\share\interpreter\linkResolver.cpp, line 826]
Event: 8.672 Thread 0x0000019fc5b86a50 Exception <a 'java/lang/ClassNotFoundException'{0x00000000836635b8}: groovy/lang/MetaClassImplCustomizer> (0x00000000836635b8) 
thrown [s\src\hotspot\share\classfile\systemDictionary.cpp, line 256]
Event: 8.676 Thread 0x0000019fc5b86a50 Exception <a 'java/lang/ClassNotFoundException'{0x00000000836992b8}: groovy/lang/ExpandoMetaClassCustomizer> (0x00000000836992b8) 
thrown [s\src\hotspot\share\classfile\systemDictionary.cpp, line 256]

VM Operations (20 events):
Event: 8.558 Executing VM operation: HandshakeAllThreads
Event: 8.558 Executing VM operation: HandshakeAllThreads done
Event: 8.744 Executing VM operation: HandshakeAllThreads
Event: 8.744 Executing VM operation: HandshakeAllThreads done
Event: 8.759 Executing VM operation: HandshakeAllThreads
Event: 8.759 Executing VM operation: HandshakeAllThreads done
Event: 8.760 Executing VM operation: HandshakeAllThreads
Event: 8.760 Executing VM operation: HandshakeAllThreads done
Event: 8.764 Executing VM operation: HandshakeAllThreads
Event: 8.764 Executing VM operation: HandshakeAllThreads done
Event: 8.770 Executing VM operation: HandshakeAllThreads
Event: 8.770 Executing VM operation: HandshakeAllThreads done
Event: 8.816 Executing VM operation: CollectForMetadataAllocation
Event: 8.822 Executing VM operation: CollectForMetadataAllocation done
Event: 8.841 Executing VM operation: G1Concurrent
Event: 8.843 Executing VM operation: G1Concurrent done
Event: 8.852 Executing VM operation: G1Concurrent
Event: 8.852 Executing VM operation: G1Concurrent done
Event: 8.900 Executing VM operation: HandshakeAllThreads
Event: 8.900 Executing VM operation: HandshakeAllThreads done

Events (20 events):
Event: 8.898 loading class jdk/internal/jimage/ImageReader$Directory
Event: 8.898 loading class jdk/internal/jimage/ImageReader$Node
Event: 8.899 loading class jdk/internal/jimage/ImageReader$Node done
Event: 8.899 loading class jdk/internal/jimage/ImageReader$Directory done
Event: 8.899 loading class jdk/internal/jrtfs/SystemImage$1
Event: 8.899 loading class jdk/internal/jrtfs/SystemImage$1 done
Event: 8.899 loading class jdk/internal/jimage/ImageReader$SharedImageReader$LocationVisitor
Event: 8.899 loading class jdk/internal/jimage/ImageReader$SharedImageReader$LocationVisitor done
Event: 8.900 loading class java/nio/ByteBufferAsIntBufferL
Event: 8.900 loading class java/nio/ByteBufferAsIntBufferL done
Event: 8.901 loading class jdk/internal/jrtfs/JrtFileAttributes
Event: 8.901 loading class jdk/internal/jrtfs/JrtFileAttributes done
Event: 8.901 loading class jdk/internal/jrtfs/JrtDirectoryStream
Event: 8.901 loading class jdk/internal/jrtfs/JrtDirectoryStream done
Event: 8.902 loading class jdk/internal/jrtfs/JrtDirectoryStream$1
Event: 8.902 loading class jdk/internal/jrtfs/JrtDirectoryStream$1 done
Event: 8.903 loading class java/util/function/BooleanSupplier
Event: 8.903 loading class java/util/function/BooleanSupplier done
Event: 8.903 loading class jdk/internal/jimage/ImageReader$Resource
Event: 8.903 loading class jdk/internal/jimage/ImageReader$Resource done


Dynamic libraries:
0x00007ff6e5640000 - 0x00007ff6e564e000 	C:\Program Files\OpenLogic\jre-17.0.5.8-hotspot\bin\java.exe
0x00007ffac8ad0000 - 0x00007ffac8ce7000 	C:\WINDOWS\SYSTEM32\ntdll.dll
0x00007ffac7f10000 - 0x00007ffac7fd4000 	C:\WINDOWS\System32\KERNEL32.DLL
0x00007ffac61f0000 - 0x00007ffac6596000 	C:\WINDOWS\System32\KERNELBASE.dll
0x00007ffac5ef0000 - 0x00007ffac6001000 	C:\WINDOWS\System32\ucrtbase.dll
0x00007ffa945f0000 - 0x00007ffa94607000 	C:\Program Files\OpenLogic\jre-17.0.5.8-hotspot\bin\jli.dll
0x00007ffac8440000 - 0x00007ffac85ed000 	C:\WINDOWS\System32\USER32.dll
0x00007ffac65a0000 - 0x00007ffac65c6000 	C:\WINDOWS\System32\win32u.dll
0x00007ffac7840000 - 0x00007ffac7869000 	C:\WINDOWS\System32\GDI32.dll
0x00007ffac65d0000 - 0x00007ffac66e8000 	C:\WINDOWS\System32\gdi32full.dll
0x00007ffac5e50000 - 0x00007ffac5eea000 	C:\WINDOWS\System32\msvcp_win.dll
0x00007ffaaed00000 - 0x00007ffaaef93000 	C:\WINDOWS\WinSxS\amd64_microsoft.windows.common-controls_6595b64144ccf1df_6.0.22621.2361_none_2712ced57382f843\COMCTL32.dll
0x00007ffac8350000 - 0x00007ffac83f7000 	C:\WINDOWS\System32\msvcrt.dll
0x00007ffa49e10000 - 0x00007ffa49e2b000 	C:\Program Files\OpenLogic\jre-17.0.5.8-hotspot\bin\VCRUNTIME140.dll
0x00007ffac8400000 - 0x00007ffac8431000 	C:\WINDOWS\System32\IMM32.DLL
0x00007ffaaeb10000 - 0x00007ffaaeb1c000 	C:\Program Files\OpenLogic\jre-17.0.5.8-hotspot\bin\vcruntime140_1.dll
0x00007ffa49790000 - 0x00007ffa4981d000 	C:\Program Files\OpenLogic\jre-17.0.5.8-hotspot\bin\msvcp140.dll
0x00007ffa3b580000 - 0x00007ffa3c1db000 	C:\Program Files\OpenLogic\jre-17.0.5.8-hotspot\bin\server\jvm.dll
0x00007ffac87f0000 - 0x00007ffac88a0000 	C:\WINDOWS\System32\ADVAPI32.dll
0x00007ffac89c0000 - 0x00007ffac8a66000 	C:\WINDOWS\System32\sechost.dll
0x00007ffac6840000 - 0x00007ffac6957000 	C:\WINDOWS\System32\RPCRT4.dll
0x00007ffa97b10000 - 0x00007ffa97b19000 	C:\WINDOWS\SYSTEM32\WSOCK32.dll
0x00007ffac7a10000 - 0x00007ffac7a81000 	C:\WINDOWS\System32\WS2_32.dll
0x00007ffabb530000 - 0x00007ffabb564000 	C:\WINDOWS\SYSTEM32\WINMM.dll
0x00007ffaba0d0000 - 0x00007ffaba0da000 	C:\WINDOWS\SYSTEM32\VERSION.dll
0x00007ffac4e30000 - 0x00007ffac4e48000 	C:\WINDOWS\SYSTEM32\kernel.appcore.dll
0x00007ffa97a50000 - 0x00007ffa97a5a000 	C:\Program Files\OpenLogic\jre-17.0.5.8-hotspot\bin\jimage.dll
0x00007ffac35e0000 - 0x00007ffac380e000 	C:\WINDOWS\SYSTEM32\DBGHELP.DLL
0x00007ffac6960000 - 0x00007ffac6cea000 	C:\WINDOWS\System32\combase.dll
0x00007ffac8100000 - 0x00007ffac81d7000 	C:\WINDOWS\System32\OLEAUT32.dll
0x00007ffaa5000000 - 0x00007ffaa5032000 	C:\WINDOWS\SYSTEM32\dbgcore.DLL
0x00007ffac66f0000 - 0x00007ffac676a000 	C:\WINDOWS\System32\bcryptPrimitives.dll
0x00007ffa49c60000 - 0x00007ffa49c85000 	C:\Program Files\OpenLogic\jre-17.0.5.8-hotspot\bin\java.dll
0x00007ffa49c40000 - 0x00007ffa49c58000 	C:\Program Files\OpenLogic\jre-17.0.5.8-hotspot\bin\zip.dll
0x00007ffa496b0000 - 0x00007ffa49786000 	C:\Program Files\OpenLogic\jre-17.0.5.8-hotspot\bin\jsvml.dll
0x00007ffac6d70000 - 0x00007ffac75c8000 	C:\WINDOWS\System32\SHELL32.dll
0x00007ffac3db0000 - 0x00007ffac46a2000 	C:\WINDOWS\SYSTEM32\windows.storage.dll
0x00007ffac3c70000 - 0x00007ffac3dae000 	C:\WINDOWS\SYSTEM32\wintypes.dll
0x00007ffac8250000 - 0x00007ffac8343000 	C:\WINDOWS\System32\SHCORE.dll
0x00007ffac6d10000 - 0x00007ffac6d6e000 	C:\WINDOWS\System32\shlwapi.dll
0x00007ffac5d80000 - 0x00007ffac5da6000 	C:\WINDOWS\SYSTEM32\profapi.dll
0x00007ffa49c20000 - 0x00007ffa49c39000 	C:\Program Files\OpenLogic\jre-17.0.5.8-hotspot\bin\net.dll
0x00007ffabca30000 - 0x00007ffabcb67000 	C:\WINDOWS\SYSTEM32\WINHTTP.dll
0x00007ffac5380000 - 0x00007ffac53e9000 	C:\WINDOWS\system32\mswsock.dll
0x00007ffa49980000 - 0x00007ffa49996000 	C:\Program Files\OpenLogic\jre-17.0.5.8-hotspot\bin\nio.dll
0x00007ffaa6540000 - 0x00007ffaa6550000 	C:\Program Files\OpenLogic\jre-17.0.5.8-hotspot\bin\verify.dll
0x00007ffa86c10000 - 0x00007ffa86c37000 	C:\Users\abhij\.gradle\native\68d5fa5c4cc2d200863cafc0d521ce42e7d3e7ee720ec0a83991735586a16f82\windows-amd64\native-platform.dll
0x00007ffa3d1a0000 - 0x00007ffa3d2e4000 	C:\Users\abhij\.gradle\native\e376f236ea51e6404a007f0833ffe2c6e607c4080706a723a18a27aeea778392\windows-amd64\native-platform-file-events.dll
0x00007ffa94610000 - 0x00007ffa94619000 	C:\Program Files\OpenLogic\jre-17.0.5.8-hotspot\bin\management.dll
0x00007ffa945c0000 - 0x00007ffa945cb000 	C:\Program Files\OpenLogic\jre-17.0.5.8-hotspot\bin\management_ext.dll
0x00007ffac6830000 - 0x00007ffac6838000 	C:\WINDOWS\System32\PSAPI.DLL
0x00007ffac55d0000 - 0x00007ffac55eb000 	C:\WINDOWS\SYSTEM32\CRYPTSP.dll
0x00007ffac4df0000 - 0x00007ffac4e25000 	C:\WINDOWS\system32\rsaenh.dll
0x00007ffac5470000 - 0x00007ffac549c000 	C:\WINDOWS\SYSTEM32\USERENV.dll
0x00007ffac5810000 - 0x00007ffac5838000 	C:\WINDOWS\SYSTEM32\bcrypt.dll
0x00007ffac5600000 - 0x00007ffac560c000 	C:\WINDOWS\SYSTEM32\CRYPTBASE.dll
0x00007ffac4910000 - 0x00007ffac493d000 	C:\WINDOWS\SYSTEM32\IPHLPAPI.DLL
0x00007ffac6cf0000 - 0x00007ffac6cf9000 	C:\WINDOWS\System32\NSI.dll
0x00007ffaba130000 - 0x00007ffaba149000 	C:\WINDOWS\SYSTEM32\dhcpcsvc6.DLL
0x00007ffaba110000 - 0x00007ffaba12f000 	C:\WINDOWS\SYSTEM32\dhcpcsvc.DLL
0x00007ffac4980000 - 0x00007ffac4a79000 	C:\WINDOWS\SYSTEM32\DNSAPI.dll
0x00007ffa94620000 - 0x00007ffa94628000 	C:\WINDOWS\system32\wshunix.dll

dbghelp: loaded successfully - version: 4.0.5 - missing functions: none
symbol engine: initialized successfully - sym options: 0x614 - pdb path: .;C:\Program Files\OpenLogic\jre-17.0.5.8-hotspot\bin;C:\WINDOWS\SYSTEM32;C:\WINDOWS\WinSxS\amd64_microsoft.windows.common-controls_6595b64144ccf1df_6.0.22621.2361_none_2712ced57382f843;C:\Program Files\OpenLogic\jre-17.0.5.8-hotspot\bin\server;C:\Users\abhij\.gradle\native\68d5fa5c4cc2d200863cafc0d521ce42e7d3e7ee720ec0a83991735586a16f82\windows-amd64;C:\Users\abhij\.gradle\native\e376f236ea51e6404a007f0833ffe2c6e607c4080706a723a18a27aeea778392\windows-amd64

VM Arguments:
jvm_args: -XX:MaxMetaspaceSize=512m --add-opens=java.base/java.util=ALL-UNNAMED --add-opens=java.base/java.lang=ALL-UNNAMED --add-opens=java.base/java.lang.invoke=ALL-UNNAMED --add-opens=java.prefs/java.util.prefs=ALL-UNNAMED --add-opens=java.base/java.nio.charset=ALL-UNNAMED --add-opens=java.base/java.net=ALL-UNNAMED --add-opens=java.base/java.util.concurrent.atomic=ALL-UNNAMED -Xmx2048m -Dfile.encoding=windows-1252 -Duser.country=IN -Duser.language=en -Duser.variant 
java_command: org.gradle.launcher.daemon.bootstrap.GradleDaemon 8.0.1
java_class_path (initial): C:\Users\abhij\.gradle\wrapper\dists\gradle-8.0.1-all\aro4hu1c3oeioove7l0i4i14o\gradle-8.0.1\lib\gradle-launcher-8.0.1.jar
Launcher Type: SUN_STANDARD

[Global flags]
     intx CICompilerCount                          = 4                                         {product} {ergonomic}
   size_t CompressedClassSpaceSize                 = 432013312                                 {product} {ergonomic}
     uint ConcGCThreads                            = 2                                         {product} {ergonomic}
     uint G1ConcRefinementThreads                  = 8                                         {product} {ergonomic}
   size_t G1HeapRegionSize                         = 1048576                                   {product} {ergonomic}
    uintx GCDrainStackTargetSize                   = 64                                        {product} {ergonomic}
   size_t InitialHeapSize                          = 132120576                                 {product} {ergonomic}
   size_t MarkStackSize                            = 4194304                                   {product} {ergonomic}
   size_t MaxHeapSize                              = 2147483648                                {product} {command line}
   size_t MaxMetaspaceSize                         = 536870912                                 {product} {command line}
   size_t MaxNewSize                               = 1287651328                                {product} {ergonomic}
   size_t MinHeapDeltaBytes                        = 1048576                                   {product} {ergonomic}
   size_t MinHeapSize                              = 8388608                                   {product} {ergonomic}
    uintx NonNMethodCodeHeapSize                   = 5839372                                {pd product} {ergonomic}
    uintx NonProfiledCodeHeapSize                  = 122909434                              {pd product} {ergonomic}
    uintx ProfiledCodeHeapSize                     = 122909434                              {pd product} {ergonomic}
    uintx ReservedCodeCacheSize                    = 251658240                              {pd product} {ergonomic}
     bool SegmentedCodeCache                       = true                                      {product} {ergonomic}
   size_t SoftMaxHeapSize                          = 2147483648                             {manageable} {ergonomic}
     bool UseCompressedClassPointers               = true                           {product lp64_product} {ergonomic}
     bool UseCompressedOops                        = true                           {product lp64_product} {ergonomic}
     bool UseG1GC                                  = true                                      {product} {ergonomic}
     bool UseLargePagesIndividualAllocation        = false                                  {pd product} {ergonomic}

Logging:
Log output configuration:
 #0: stdout all=warning uptime,level,tags
 #1: stderr all=off uptime,level,tags

Environment Variables:
JAVA_HOME=C:\Program Files\OpenLogic\jre-17.0.5.8-hotspot\
CLASSPATH=D:\TikTok\reelBanao\android\\gradle\wrapper\gradle-wrapper.jar
PATH=D:\TikTok\reelBanao\node_modules\.bin;D:\TikTok\reelBanao\node_modules\.bin;D:\TikTok\node_modules\.bin;D:\node_modules\.bin;C:\Program Files\nodejs\node_modules\npm\node_modules\@npmcli\run-script\lib\node-gyp-bin;D:\TikTok\reelBanao\node_modules\.bin;D:\TikTok\node_modules\.bin;D:\node_modules\.bin;C:\Program Files\nodejs\node_modules\npm\node_modules\@npmcli\run-script\lib\node-gyp-bin;C:\Program Files\Python311\Scripts\;C:\Program Files\Python311\;C:\Program Files\OpenLogic\jre-17.0.5.8-hotspot\bin;C:\WINDOWS\system32;C:\WINDOWS;C:\WINDOWS\System32\Wbem;C:\WINDOWS\System32\WindowsPowerShell\v1.0\;C:\WINDOWS\System32\OpenSSH\;C:\Program Files\Git\cmd;C:\Users\abhij\Downloads\mongosh-1.8.0-win32-x64\mongosh-1.8.0-win32-x64\bin;C:\Program Files\MongoDB\Server\6.0\bin;C:\Program Files\MongoDB\Server\6.0\bin;C:\Program Files\nodejs\;C:\ProgramData\chocolatey\bin;C:\Program Files\Go\bin;C:\Users\abhij\AppData\Local\Microsoft\WindowsApps;C:\Users\abhij\AppData\Local\Programs\Microsoft VS Code\bin;C:\Users\abhij\AppData\Local\GitHubDesktop\bin;C:\Users\abhij\AppData\Roaming\npm;C:\Users\abhij\AppData\Local\Android\Sdk;C:\Users\abhij\AppData\Local\Android\Sdk\platform-tools;C:\Users\abhij\AppData\Local\Android\Sdk\emulator;C:\Users\abhij\AppData\Local\Android\Sdk\tools;C:\Users\abhij\AppData\Local\Android\Sdk\tools\bin;C:\Users\abhij\go\bin
USERNAME=abhij
OS=Windows_NT
PROCESSOR_IDENTIFIER=Intel64 Family 6 Model 140 Stepping 1, GenuineIntel
TMP=C:\Users\abhij\AppData\Local\Temp
TEMP=C:\Users\abhij\AppData\Local\Temp



---------------  S Y S T E M  ---------------

OS:
 Windows 11 , 64 bit Build 22621 (10.0.22621.2428)
OS uptime: 0 days 5:08 hours

CPU: total 8 (initial active 8) (4 cores per cpu, 2 threads per core) family 6 model 140 stepping 1 microcode 0x86, cx8, cmov, fxsr, ht, mmx, 3dnowpref, sse, sse2, sse3, ssse3, sse4.1, sse4.2, popcnt, lzcnt, tsc, tscinvbit, avx, avx2, aes, erms, clmul, bmi1, bmi2, adx, avx512f, avx512dq, avx512cd, avx512bw, avx512vl, sha, fma, vzeroupper, avx512_vpopcntdq, avx512_vpclmulqdq, avx512_vaes, avx512_vnni, clflush, clflushopt, clwb, avx512_vbmi2, avx512_vbmi

Memory: 4k page, system-wide physical 7975M (329M free)
TotalPageFile size 26725M (AvailPageFile size 3M)
current process WorkingSet (physical memory assigned to process): 204M, peak: 209M
current process commit charge ("private bytes"): 244M, peak: 267M

vm_info: OpenJDK 64-Bit Server VM (17.0.5+8-adhoc..jdk17u) for windows-amd64 JRE (17.0.5+8-adhoc..jdk17u), built on Jun  8 2023 10:23:55 by "" with MS VC++ 16.10 / 16.11 (VS2019)

END.
