#
# There is insufficient memory for the Java Runtime Environment to continue.
# Native memory allocation (malloc) failed to allocate 601584 bytes for Chunk::new
# Possible reasons:
#   The system is out of physical RAM or swap space
#   The process is running with CompressedOops enabled, and the Java Heap may be blocking the growth of the native heap
# Possible solutions:
#   Reduce memory load on the system
#   Increase physical memory or swap space
#   Check if swap backing store is full
#   Decrease Java heap size (-Xmx/-Xms)
#   Decrease number of Java threads
#   Decrease Java thread stack sizes (-Xss)
#   Set larger code cache with -XX:ReservedCodeCacheSize=
#   JVM is running with Unscaled Compressed Oops mode in which the Java heap is
#     placed in the first 4GB address space. The Java Heap base address is the
#     maximum limit for the native heap growth. Please use -XX:HeapBaseMinAddress
#     to set the Java Heap base and to place the Java Heap above 4GB virtual address.
# This output file may be truncated or incomplete.
#
#  Out of Memory Error (arena.cpp:189), pid=28696, tid=31168
#
# JRE version: OpenJDK Runtime Environment OpenLogic-OpenJDK (17.0.5+8) (build 17.0.5+8-adhoc..jdk17u)
# Java VM: OpenJDK 64-Bit Server VM OpenLogic-OpenJDK (17.0.5+8-adhoc..jdk17u, mixed mode, tiered, compressed oops, compressed class ptrs, g1 gc, windows-amd64)
# No core dump will be written. Minidumps are not enabled by default on client versions of Windows
#

---------------  S U M M A R Y ------------

Command Line: -Xmx64m -Xms64m -Dorg.gradle.appname=gradlew org.gradle.wrapper.GradleWrapperMain tasks

Host: 11th Gen Intel(R) Core(TM) i5-11300H @ 3.10GHz, 8 cores, 7G,  Windows 11 , 64 bit Build 22621 (10.0.22621.2428)
Time: Mon Nov  6 20:56:35 2023 India Standard Time elapsed time: 2.142724 seconds (0d 0h 0m 2s)

---------------  T H R E A D  ---------------

Current thread (0x000001e9ad11b340):  JavaThread "C2 CompilerThread0" daemon [_thread_in_native, id=31168, stack(0x0000000a9d300000,0x0000000a9d400000)]


Current CompileTask:
C2:   2142  796  s!   4       jdk.internal.loader.URLClassPath::getLoader (196 bytes)

Stack: [0x0000000a9d300000,0x0000000a9d400000]
Native frames: (J=compiled Java code, j=interpreted, Vv=VM code, C=native code)
V  [jvm.dll+0x677b5a]
V  [jvm.dll+0x832c94]
V  [jvm.dll+0x83443e]
V  [jvm.dll+0x834aa3]
V  [jvm.dll+0x245035]
V  [jvm.dll+0xabd4c]
V  [jvm.dll+0xac31c]
V  [jvm.dll+0x363107]
V  [jvm.dll+0x32d791]
V  [jvm.dll+0x32cc3a]
V  [jvm.dll+0x217f61]
V  [jvm.dll+0x217381]
V  [jvm.dll+0x1a378d]
V  [jvm.dll+0x226d0a]
V  [jvm.dll+0x224e65]
V  [jvm.dll+0x7e861c]
V  [jvm.dll+0x7e2b8a]
V  [jvm.dll+0x676a05]
C  [ucrtbase.dll+0x29363]
C  [KERNEL32.DLL+0x1257d]
C  [ntdll.dll+0x5aa78]


---------------  P R O C E S S  ---------------

Threads class SMR info:
_java_thread_list=0x000001e9adcf8e90, length=12, elements={
0x000001e997dfeb90, 0x000001e9ad0e7270, 0x000001e9ad0e7e20, 0x000001e9ad114a20,
0x000001e9ad1172f0, 0x000001e9ad119cb0, 0x000001e9ad11a660, 0x000001e9ad11b340,
0x000001e9ad140f40, 0x000001e9ad16dc30, 0x000001e9add25a60, 0x000001e9add51b70
}

Java Threads: ( => current thread )
  0x000001e997dfeb90 JavaThread "main" [_thread_in_vm, id=7980, stack(0x0000000a9c600000,0x0000000a9c700000)]
  0x000001e9ad0e7270 JavaThread "Reference Handler" daemon [_thread_blocked, id=15452, stack(0x0000000a9cd00000,0x0000000a9ce00000)]
  0x000001e9ad0e7e20 JavaThread "Finalizer" daemon [_thread_blocked, id=21104, stack(0x0000000a9ce00000,0x0000000a9cf00000)]
  0x000001e9ad114a20 JavaThread "Signal Dispatcher" daemon [_thread_blocked, id=32356, stack(0x0000000a9cf00000,0x0000000a9d000000)]
  0x000001e9ad1172f0 JavaThread "Attach Listener" daemon [_thread_blocked, id=31516, stack(0x0000000a9d000000,0x0000000a9d100000)]
  0x000001e9ad119cb0 JavaThread "Service Thread" daemon [_thread_blocked, id=27940, stack(0x0000000a9d100000,0x0000000a9d200000)]
  0x000001e9ad11a660 JavaThread "Monitor Deflation Thread" daemon [_thread_blocked, id=30396, stack(0x0000000a9d200000,0x0000000a9d300000)]
=>0x000001e9ad11b340 JavaThread "C2 CompilerThread0" daemon [_thread_in_native, id=31168, stack(0x0000000a9d300000,0x0000000a9d400000)]
  0x000001e9ad140f40 JavaThread "C1 CompilerThread0" daemon [_thread_in_vm, id=32180, stack(0x0000000a9d400000,0x0000000a9d500000)]
  0x000001e9ad16dc30 JavaThread "Sweeper thread" daemon [_thread_blocked, id=27344, stack(0x0000000a9d500000,0x0000000a9d600000)]
  0x000001e9add25a60 JavaThread "Notification Thread" daemon [_thread_blocked, id=27088, stack(0x0000000a9d600000,0x0000000a9d700000)]
  0x000001e9add51b70 JavaThread "Common-Cleaner" daemon [_thread_blocked, id=17496, stack(0x0000000a9d800000,0x0000000a9d900000)]

Other Threads:
  0x000001e9ad0c05b0 VMThread "VM Thread" [stack: 0x0000000a9cc00000,0x0000000a9cd00000] [id=28884]
  0x000001e9add45f40 WatcherThread [stack: 0x0000000a9d700000,0x0000000a9d800000] [id=29872]
  0x000001e997e1dd90 GCTaskThread "GC Thread#0" [stack: 0x0000000a9c700000,0x0000000a9c800000] [id=31000]
  0x000001e997e204e0 ConcurrentGCThread "G1 Main Marker" [stack: 0x0000000a9c800000,0x0000000a9c900000] [id=28716]
  0x000001e997e20ef0 ConcurrentGCThread "G1 Conc#0" [stack: 0x0000000a9c900000,0x0000000a9ca00000] [id=26744]
  0x000001e997e7ffd0 ConcurrentGCThread "G1 Refine#0" [stack: 0x0000000a9ca00000,0x0000000a9cb00000] [id=20068]
  0x000001e997e809f0 ConcurrentGCThread "G1 Service" [stack: 0x0000000a9cb00000,0x0000000a9cc00000] [id=19856]

Threads with active compile tasks:
C2 CompilerThread0     2156  796  s!   4       jdk.internal.loader.URLClassPath::getLoader (196 bytes)
C1 CompilerThread0     2156  817       3       java.util.jar.JarFile$JarFileEntry::<init> (16 bytes)

VM state: not at safepoint (normal execution)

VM Mutex/Monitor currently owned by a thread: None

Heap address: 0x00000000fc000000, size: 64 MB, Compressed Oops mode: 32-bit

CDS archive(s) not mapped
Compressed class space mapped at: 0x0000000100000000-0x0000000140000000, reserved size: 1073741824
Narrow klass base: 0x0000000000000000, Narrow klass shift: 3, Narrow klass range: 0x140000000

GC Precious Log:
 CPUs: 8 total, 8 available
 Memory: 7975M
 Large Page Support: Disabled
 NUMA Support: Disabled
 Compressed Oops: Enabled (32-bit)
 Heap Region Size: 1M
 Heap Min Capacity: 64M
 Heap Initial Capacity: 64M
 Heap Max Capacity: 64M
 Pre-touch: Disabled
 Parallel Workers: 8
 Concurrent Workers: 2
 Concurrent Refinement Workers: 8
 Periodic GC: Disabled

Heap:
 garbage-first heap   total 65536K, used 24576K [0x00000000fc000000, 0x0000000100000000)
  region size 1024K, 22 young (22528K), 0 survivors (0K)
 Metaspace       used 9539K, committed 9728K, reserved 1064960K
  class space    used 1051K, committed 1152K, reserved 1048576K

Heap Regions: E=young(eden), S=young(survivor), O=old, HS=humongous(starts), HC=humongous(continues), CS=collection set, F=free, OA=open archive, CA=closed archive, TAMS=top-at-mark-start (previous, next)
|   0|0x00000000fc000000, 0x00000000fc100000, 0x00000000fc100000|100%|HS|  |TAMS 0x00000000fc000000, 0x00000000fc000000| Complete 
|   1|0x00000000fc100000, 0x00000000fc200000, 0x00000000fc200000|100%|HC|  |TAMS 0x00000000fc100000, 0x00000000fc100000| Complete 
|   2|0x00000000fc200000, 0x00000000fc300000, 0x00000000fc300000|100%|HC|  |TAMS 0x00000000fc200000, 0x00000000fc200000| Complete 
|   3|0x00000000fc300000, 0x00000000fc400000, 0x00000000fc400000|100%|HC|  |TAMS 0x00000000fc300000, 0x00000000fc300000| Complete 
|   4|0x00000000fc400000, 0x00000000fc400000, 0x00000000fc500000|  0%| F|  |TAMS 0x00000000fc400000, 0x00000000fc400000| Untracked 
|   5|0x00000000fc500000, 0x00000000fc500000, 0x00000000fc600000|  0%| F|  |TAMS 0x00000000fc500000, 0x00000000fc500000| Untracked 
|   6|0x00000000fc600000, 0x00000000fc600000, 0x00000000fc700000|  0%| F|  |TAMS 0x00000000fc600000, 0x00000000fc600000| Untracked 
|   7|0x00000000fc700000, 0x00000000fc700000, 0x00000000fc800000|  0%| F|  |TAMS 0x00000000fc700000, 0x00000000fc700000| Untracked 
|   8|0x00000000fc800000, 0x00000000fc800000, 0x00000000fc900000|  0%| F|  |TAMS 0x00000000fc800000, 0x00000000fc800000| Untracked 
|   9|0x00000000fc900000, 0x00000000fc900000, 0x00000000fca00000|  0%| F|  |TAMS 0x00000000fc900000, 0x00000000fc900000| Untracked 
|  10|0x00000000fca00000, 0x00000000fca00000, 0x00000000fcb00000|  0%| F|  |TAMS 0x00000000fca00000, 0x00000000fca00000| Untracked 
|  11|0x00000000fcb00000, 0x00000000fcb00000, 0x00000000fcc00000|  0%| F|  |TAMS 0x00000000fcb00000, 0x00000000fcb00000| Untracked 
|  12|0x00000000fcc00000, 0x00000000fcc00000, 0x00000000fcd00000|  0%| F|  |TAMS 0x00000000fcc00000, 0x00000000fcc00000| Untracked 
|  13|0x00000000fcd00000, 0x00000000fcd00000, 0x00000000fce00000|  0%| F|  |TAMS 0x00000000fcd00000, 0x00000000fcd00000| Untracked 
|  14|0x00000000fce00000, 0x00000000fce00000, 0x00000000fcf00000|  0%| F|  |TAMS 0x00000000fce00000, 0x00000000fce00000| Untracked 
|  15|0x00000000fcf00000, 0x00000000fcf00000, 0x00000000fd000000|  0%| F|  |TAMS 0x00000000fcf00000, 0x00000000fcf00000| Untracked 
|  16|0x00000000fd000000, 0x00000000fd000000, 0x00000000fd100000|  0%| F|  |TAMS 0x00000000fd000000, 0x00000000fd000000| Untracked 
|  17|0x00000000fd100000, 0x00000000fd100000, 0x00000000fd200000|  0%| F|  |TAMS 0x00000000fd100000, 0x00000000fd100000| Untracked 
|  18|0x00000000fd200000, 0x00000000fd200000, 0x00000000fd300000|  0%| F|  |TAMS 0x00000000fd200000, 0x00000000fd200000| Untracked 
|  19|0x00000000fd300000, 0x00000000fd300000, 0x00000000fd400000|  0%| F|  |TAMS 0x00000000fd300000, 0x00000000fd300000| Untracked 
|  20|0x00000000fd400000, 0x00000000fd400000, 0x00000000fd500000|  0%| F|  |TAMS 0x00000000fd400000, 0x00000000fd400000| Untracked 
|  21|0x00000000fd500000, 0x00000000fd500000, 0x00000000fd600000|  0%| F|  |TAMS 0x00000000fd500000, 0x00000000fd500000| Untracked 
|  22|0x00000000fd600000, 0x00000000fd600000, 0x00000000fd700000|  0%| F|  |TAMS 0x00000000fd600000, 0x00000000fd600000| Untracked 
|  23|0x00000000fd700000, 0x00000000fd700000, 0x00000000fd800000|  0%| F|  |TAMS 0x00000000fd700000, 0x00000000fd700000| Untracked 
|  24|0x00000000fd800000, 0x00000000fd800000, 0x00000000fd900000|  0%| F|  |TAMS 0x00000000fd800000, 0x00000000fd800000| Untracked 
|  25|0x00000000fd900000, 0x00000000fd900000, 0x00000000fda00000|  0%| F|  |TAMS 0x00000000fd900000, 0x00000000fd900000| Untracked 
|  26|0x00000000fda00000, 0x00000000fda00000, 0x00000000fdb00000|  0%| F|  |TAMS 0x00000000fda00000, 0x00000000fda00000| Untracked 
|  27|0x00000000fdb00000, 0x00000000fdb00000, 0x00000000fdc00000|  0%| F|  |TAMS 0x00000000fdb00000, 0x00000000fdb00000| Untracked 
|  28|0x00000000fdc00000, 0x00000000fdc00000, 0x00000000fdd00000|  0%| F|  |TAMS 0x00000000fdc00000, 0x00000000fdc00000| Untracked 
|  29|0x00000000fdd00000, 0x00000000fdd00000, 0x00000000fde00000|  0%| F|  |TAMS 0x00000000fdd00000, 0x00000000fdd00000| Untracked 
|  30|0x00000000fde00000, 0x00000000fde00000, 0x00000000fdf00000|  0%| F|  |TAMS 0x00000000fde00000, 0x00000000fde00000| Untracked 
|  31|0x00000000fdf00000, 0x00000000fdf00000, 0x00000000fe000000|  0%| F|  |TAMS 0x00000000fdf00000, 0x00000000fdf00000| Untracked 
|  32|0x00000000fe000000, 0x00000000fe000000, 0x00000000fe100000|  0%| F|  |TAMS 0x00000000fe000000, 0x00000000fe000000| Untracked 
|  33|0x00000000fe100000, 0x00000000fe100000, 0x00000000fe200000|  0%| F|  |TAMS 0x00000000fe100000, 0x00000000fe100000| Untracked 
|  34|0x00000000fe200000, 0x00000000fe200000, 0x00000000fe300000|  0%| F|  |TAMS 0x00000000fe200000, 0x00000000fe200000| Untracked 
|  35|0x00000000fe300000, 0x00000000fe300000, 0x00000000fe400000|  0%| F|  |TAMS 0x00000000fe300000, 0x00000000fe300000| Untracked 
|  36|0x00000000fe400000, 0x00000000fe400000, 0x00000000fe500000|  0%| F|  |TAMS 0x00000000fe400000, 0x00000000fe400000| Untracked 
|  37|0x00000000fe500000, 0x00000000fe500000, 0x00000000fe600000|  0%| F|  |TAMS 0x00000000fe500000, 0x00000000fe500000| Untracked 
|  38|0x00000000fe600000, 0x00000000fe600000, 0x00000000fe700000|  0%| F|  |TAMS 0x00000000fe600000, 0x00000000fe600000| Untracked 
|  39|0x00000000fe700000, 0x00000000fe700000, 0x00000000fe800000|  0%| F|  |TAMS 0x00000000fe700000, 0x00000000fe700000| Untracked 
|  40|0x00000000fe800000, 0x00000000fe800000, 0x00000000fe900000|  0%| F|  |TAMS 0x00000000fe800000, 0x00000000fe800000| Untracked 
|  41|0x00000000fe900000, 0x00000000fe900000, 0x00000000fea00000|  0%| F|  |TAMS 0x00000000fe900000, 0x00000000fe900000| Untracked 
|  42|0x00000000fea00000, 0x00000000feaf0008, 0x00000000feb00000| 93%| E|  |TAMS 0x00000000fea00000, 0x00000000fea00000| Complete 
|  43|0x00000000feb00000, 0x00000000fec00000, 0x00000000fec00000|100%| E|CS|TAMS 0x00000000feb00000, 0x00000000feb00000| Complete 
|  44|0x00000000fec00000, 0x00000000fed00000, 0x00000000fed00000|100%| E|CS|TAMS 0x00000000fec00000, 0x00000000fec00000| Complete 
|  45|0x00000000fed00000, 0x00000000fee00000, 0x00000000fee00000|100%| E|CS|TAMS 0x00000000fed00000, 0x00000000fed00000| Complete 
|  46|0x00000000fee00000, 0x00000000fef00000, 0x00000000fef00000|100%| E|CS|TAMS 0x00000000fee00000, 0x00000000fee00000| Complete 
|  47|0x00000000fef00000, 0x00000000ff000000, 0x00000000ff000000|100%| E|CS|TAMS 0x00000000fef00000, 0x00000000fef00000| Complete 
|  48|0x00000000ff000000, 0x00000000ff100000, 0x00000000ff100000|100%| E|  |TAMS 0x00000000ff000000, 0x00000000ff000000| Complete 
|  49|0x00000000ff100000, 0x00000000ff200000, 0x00000000ff200000|100%| E|CS|TAMS 0x00000000ff100000, 0x00000000ff100000| Complete 
|  50|0x00000000ff200000, 0x00000000ff300000, 0x00000000ff300000|100%| E|CS|TAMS 0x00000000ff200000, 0x00000000ff200000| Complete 
|  51|0x00000000ff300000, 0x00000000ff400000, 0x00000000ff400000|100%| E|CS|TAMS 0x00000000ff300000, 0x00000000ff300000| Complete 
|  52|0x00000000ff400000, 0x00000000ff500000, 0x00000000ff500000|100%| E|CS|TAMS 0x00000000ff400000, 0x00000000ff400000| Complete 
|  53|0x00000000ff500000, 0x00000000ff600000, 0x00000000ff600000|100%| E|CS|TAMS 0x00000000ff500000, 0x00000000ff500000| Complete 
|  54|0x00000000ff600000, 0x00000000ff700000, 0x00000000ff700000|100%| E|CS|TAMS 0x00000000ff600000, 0x00000000ff600000| Complete 
|  55|0x00000000ff700000, 0x00000000ff800000, 0x00000000ff800000|100%| E|CS|TAMS 0x00000000ff700000, 0x00000000ff700000| Complete 
|  56|0x00000000ff800000, 0x00000000ff900000, 0x00000000ff900000|100%| E|CS|TAMS 0x00000000ff800000, 0x00000000ff800000| Complete 
|  57|0x00000000ff900000, 0x00000000ffa00000, 0x00000000ffa00000|100%| E|CS|TAMS 0x00000000ff900000, 0x00000000ff900000| Complete 
|  58|0x00000000ffa00000, 0x00000000ffb00000, 0x00000000ffb00000|100%| E|CS|TAMS 0x00000000ffa00000, 0x00000000ffa00000| Complete 
|  59|0x00000000ffb00000, 0x00000000ffc00000, 0x00000000ffc00000|100%| E|CS|TAMS 0x00000000ffb00000, 0x00000000ffb00000| Complete 
|  60|0x00000000ffc00000, 0x00000000ffd00000, 0x00000000ffd00000|100%| E|CS|TAMS 0x00000000ffc00000, 0x00000000ffc00000| Complete 
|  61|0x00000000ffd00000, 0x00000000ffe00000, 0x00000000ffe00000|100%| E|CS|TAMS 0x00000000ffd00000, 0x00000000ffd00000| Complete 
|  62|0x00000000ffe00000, 0x00000000fff00000, 0x00000000fff00000|100%| E|CS|TAMS 0x00000000ffe00000, 0x00000000ffe00000| Complete 
|  63|0x00000000fff00000, 0x0000000100000000, 0x0000000100000000|100%| E|CS|TAMS 0x00000000fff00000, 0x00000000fff00000| Complete 

Card table byte_map: [0x000001e997d40000,0x000001e997d60000] _byte_map_base: 0x000001e997560000

Marking Bits (Prev, Next): (CMBitMap*) 0x000001e997e1f3b0, (CMBitMap*) 0x000001e997e1f3f0
 Prev Bits: [0x000001e9aa500000, 0x000001e9aa600000)
 Next Bits: [0x000001e9aa600000, 0x000001e9aa700000)

Polling page: 0x000001e9975c0000

Metaspace:

Usage:
  Non-class:      8.30 MB used.
      Class:      1.03 MB used.
       Both:      9.33 MB used.

Virtual space:
  Non-class space:       16.00 MB reserved,       8.38 MB ( 52%) committed,  2 nodes.
      Class space:        1.00 GB reserved,       1.12 MB ( <1%) committed,  1 nodes.
             Both:        1.02 GB reserved,       9.50 MB ( <1%) committed. 

Chunk freelists:
   Non-Class:  3.52 MB
       Class:  2.72 MB
        Both:  6.23 MB

MaxMetaspaceSize: unlimited
CompressedClassSpaceSize: 1.00 GB
Initial GC threshold: 21.00 MB
Current GC threshold: 21.00 MB
CDS: off
MetaspaceReclaimPolicy: balanced
 - commit_granule_bytes: 65536.
 - commit_granule_words: 8192.
 - virtual_space_node_default_size: 1048576.
 - enlarge_chunks_in_place: 1.
 - new_chunks_are_fully_committed: 0.
 - uncommit_free_chunks: 1.
 - use_allocation_guard: 0.
 - handle_deallocations: 1.


Internal statistics:

num_allocs_failed_limit: 0.
num_arena_births: 18.
num_arena_deaths: 0.
num_vsnodes_births: 3.
num_vsnodes_deaths: 0.
num_space_committed: 152.
num_space_uncommitted: 0.
num_chunks_returned_to_freelist: 0.
num_chunks_taken_from_freelist: 119.
num_chunk_merges: 0.
num_chunk_splits: 67.
num_chunks_enlarged: 55.
num_purges: 0.
num_inconsistent_stats: 0.

CodeHeap 'non-profiled nmethods': size=120000Kb used=305Kb max_used=305Kb free=119694Kb
 bounds [0x000001e9a2ca0000, 0x000001e9a2f10000, 0x000001e9aa1d0000]
CodeHeap 'profiled nmethods': size=120000Kb used=1528Kb max_used=1528Kb free=118471Kb
 bounds [0x000001e99b770000, 0x000001e99b9e0000, 0x000001e9a2ca0000]
CodeHeap 'non-nmethods': size=5760Kb used=1137Kb max_used=1156Kb free=4622Kb
 bounds [0x000001e99b1d0000, 0x000001e99b440000, 0x000001e99b770000]
 total_blobs=1225 nmethods=816 adapters=322
 compilation: enabled
              stopped_count=0, restarted_count=0
 full_count=0

Compilation events (20 events):
Event: 2.090 Thread 0x000001e9ad140f40 nmethod 795 0x000001e9a2ceba90 code [0x000001e9a2cebc20, 0x000001e9a2cebcf8]
Event: 2.095 Thread 0x000001e9ad11b340  796  s!   4       jdk.internal.loader.URLClassPath::getLoader (196 bytes)
Event: 2.099 Thread 0x000001e9ad140f40  797       3       java.util.jar.Manifest$FastInputStream::readLine (9 bytes)
Event: 2.099 Thread 0x000001e9ad140f40 nmethod 797 0x000001e99b8dd890 code [0x000001e99b8dda40, 0x000001e99b8ddba8]
Event: 2.102 Thread 0x000001e9ad140f40  799       3       java.util.regex.Pattern::sequence (647 bytes)
Event: 2.104 Thread 0x000001e9ad140f40 nmethod 799 0x000001e99b8ddc90 code [0x000001e99b8de2a0, 0x000001e99b8e13d8]
Event: 2.104 Thread 0x000001e9ad140f40  801       3       jdk.internal.jimage.ImageStringsReader::hashCode (33 bytes)
Event: 2.105 Thread 0x000001e9ad140f40 nmethod 801 0x000001e99b8e2210 code [0x000001e99b8e23c0, 0x000001e99b8e2538]
Event: 2.105 Thread 0x000001e9ad140f40  800       3       java.util.regex.Pattern$CharProperty::<init> (10 bytes)
Event: 2.105 Thread 0x000001e9ad140f40 nmethod 800 0x000001e99b8e2610 code [0x000001e99b8e27c0, 0x000001e99b8e2a58]
Event: 2.108 Thread 0x000001e9ad140f40  804   !   3       jdk.internal.loader.URLClassPath$JarLoader::getResource (354 bytes)
Event: 2.111 Thread 0x000001e9ad140f40 nmethod 804 0x000001e99b8e2b10 code [0x000001e99b8e2fa0, 0x000001e99b8e4fd8]
Event: 2.111 Thread 0x000001e9ad140f40  806       2       java.util.jar.JarFile::getJarEntry (9 bytes)
Event: 2.111 Thread 0x000001e9ad140f40 nmethod 806 0x000001e99b8e6290 code [0x000001e99b8e6440, 0x000001e99b8e65a8]
Event: 2.135 Thread 0x000001e9ad140f40  808       3       java.util.jar.JarFile::maybeInstantiateVerifier (42 bytes)
Event: 2.135 Thread 0x000001e9ad140f40 nmethod 808 0x000001e99b8e6690 code [0x000001e99b8e6860, 0x000001e99b8e6bd8]
Event: 2.136 Thread 0x000001e9ad140f40  809       3       java.lang.ClassLoader::getDefinedPackage (36 bytes)
Event: 2.136 Thread 0x000001e9ad140f40 nmethod 809 0x000001e99b8e6d10 code [0x000001e99b8e6f00, 0x000001e99b8e7468]
Event: 2.141 Thread 0x000001e9ad140f40  811       3       java.net.URL::<init> (8 bytes)
Event: 2.141 Thread 0x000001e9ad140f40 nmethod 811 0x000001e99b8e7690 code [0x000001e99b8e7840, 0x000001e99b8e7988]

GC Heap History (0 events):
No events

Dll operation events (7 events):
Event: 0.009 Loaded shared library C:\Program Files\OpenLogic\jre-17.0.5.8-hotspot\bin\java.dll
Event: 0.037 Loaded shared library C:\Program Files\OpenLogic\jre-17.0.5.8-hotspot\bin\jsvml.dll
Event: 0.157 Loaded shared library C:\Program Files\OpenLogic\jre-17.0.5.8-hotspot\bin\net.dll
Event: 0.158 Loaded shared library C:\Program Files\OpenLogic\jre-17.0.5.8-hotspot\bin\nio.dll
Event: 0.165 Loaded shared library C:\Program Files\OpenLogic\jre-17.0.5.8-hotspot\bin\zip.dll
Event: 0.750 Loaded shared library C:\Program Files\OpenLogic\jre-17.0.5.8-hotspot\bin\jimage.dll
Event: 0.959 Loaded shared library C:\Program Files\OpenLogic\jre-17.0.5.8-hotspot\bin\verify.dll

Deoptimization events (20 events):
Event: 2.066 Thread 0x000001e997dfeb90 Uncommon trap: trap_request=0xffffffde fr.pc=0x000001e9a2cbea2c relative=0x000000000000030c
Event: 2.066 Thread 0x000001e997dfeb90 Uncommon trap: reason=class_check action=maybe_recompile pc=0x000001e9a2cbea2c method=java.util.regex.Matcher.match(II)Z @ 121 c2
Event: 2.066 Thread 0x000001e997dfeb90 DEOPT PACKING pc=0x000001e9a2cbea2c sp=0x0000000a9c6fd0e0
Event: 2.066 Thread 0x000001e997dfeb90 DEOPT UNPACKING pc=0x000001e99b225ba3 sp=0x0000000a9c6fd078 mode 2
Event: 2.066 Thread 0x000001e997dfeb90 Uncommon trap: trap_request=0xffffffde fr.pc=0x000001e9a2cbea2c relative=0x000000000000030c
Event: 2.066 Thread 0x000001e997dfeb90 Uncommon trap: reason=class_check action=maybe_recompile pc=0x000001e9a2cbea2c method=java.util.regex.Matcher.match(II)Z @ 121 c2
Event: 2.066 Thread 0x000001e997dfeb90 DEOPT PACKING pc=0x000001e9a2cbea2c sp=0x0000000a9c6fcf60
Event: 2.066 Thread 0x000001e997dfeb90 DEOPT UNPACKING pc=0x000001e99b225ba3 sp=0x0000000a9c6fcef8 mode 2
Event: 2.066 Thread 0x000001e997dfeb90 Uncommon trap: trap_request=0xffffffde fr.pc=0x000001e9a2cbea2c relative=0x000000000000030c
Event: 2.066 Thread 0x000001e997dfeb90 Uncommon trap: reason=class_check action=maybe_recompile pc=0x000001e9a2cbea2c method=java.util.regex.Matcher.match(II)Z @ 121 c2
Event: 2.066 Thread 0x000001e997dfeb90 DEOPT PACKING pc=0x000001e9a2cbea2c sp=0x0000000a9c6fcf60
Event: 2.066 Thread 0x000001e997dfeb90 DEOPT UNPACKING pc=0x000001e99b225ba3 sp=0x0000000a9c6fcef8 mode 2
Event: 2.075 Thread 0x000001e997dfeb90 Uncommon trap: trap_request=0xffffff45 fr.pc=0x000001e9a2cc4ed8 relative=0x0000000000000058
Event: 2.075 Thread 0x000001e997dfeb90 Uncommon trap: reason=unstable_if action=reinterpret pc=0x000001e9a2cc4ed8 method=java.util.regex.Pattern.has(I)Z @ 6 c2
Event: 2.075 Thread 0x000001e997dfeb90 DEOPT PACKING pc=0x000001e9a2cc4ed8 sp=0x0000000a9c6fcd50
Event: 2.075 Thread 0x000001e997dfeb90 DEOPT UNPACKING pc=0x000001e99b225ba3 sp=0x0000000a9c6fcce0 mode 2
Event: 2.105 Thread 0x000001e997dfeb90 Uncommon trap: trap_request=0xffffff45 fr.pc=0x000001e9a2cea3f8 relative=0x0000000000000418
Event: 2.105 Thread 0x000001e997dfeb90 Uncommon trap: reason=unstable_if action=reinterpret pc=0x000001e9a2cea3f8 method=java.util.regex.Matcher.match(II)Z @ 76 c2
Event: 2.105 Thread 0x000001e997dfeb90 DEOPT PACKING pc=0x000001e9a2cea3f8 sp=0x0000000a9c6fbdc0
Event: 2.105 Thread 0x000001e997dfeb90 DEOPT UNPACKING pc=0x000001e99b225ba3 sp=0x0000000a9c6fbd78 mode 2

Classes unloaded (0 events):
No events

Classes redefined (0 events):
No events

Internal exceptions (3 events):
Event: 0.346 Thread 0x000001e997dfeb90 Exception <a 'java/lang/NoSuchMethodError'{0x00000000ffc6eec0}: 'int java.lang.invoke.DirectMethodHandle$Holder.invokeStaticInit(java.lang.Object, java.lang.Object)'> (0x00000000ffc6eec0) 
thrown [s\src\hotspot\share\interpreter\linkResolver.cpp, line 759]
Event: 2.077 Thread 0x000001e997dfeb90 Exception <a 'java/lang/NoSuchMethodError'{0x00000000feba8630}: 'void java.lang.invoke.DirectMethodHandle$Holder.invokeStatic(java.lang.Object, java.lang.Object)'> (0x00000000feba8630) 
thrown [s\src\hotspot\share\interpreter\linkResolver.cpp, line 759]
Event: 2.111 Thread 0x000001e997dfeb90 Exception <a 'java/lang/NoClassDefFoundError'{0x00000000fea2e8a0}: org/slf4j/impl/StaticMarkerBinder> (0x00000000fea2e8a0) 
thrown [s\src\hotspot\share\classfile\systemDictionary.cpp, line 245]

VM Operations (10 events):
Event: 0.167 Executing VM operation: HandshakeAllThreads
Event: 0.167 Executing VM operation: HandshakeAllThreads done
Event: 1.168 Executing VM operation: Cleanup
Event: 1.169 Executing VM operation: Cleanup done
Event: 1.900 Executing VM operation: HandshakeAllThreads
Event: 1.900 Executing VM operation: HandshakeAllThreads done
Event: 2.103 Executing VM operation: HandshakeAllThreads
Event: 2.103 Executing VM operation: HandshakeAllThreads done
Event: 2.104 Executing VM operation: HandshakeAllThreads
Event: 2.104 Executing VM operation: HandshakeAllThreads done

Events (20 events):
Event: 2.104 loading class sun/net/www/protocol/jar/JarURLConnection$JarURLInputStream
Event: 2.104 loading class sun/net/www/protocol/jar/JarURLConnection$JarURLInputStream done
Event: 2.106 loading class java/util/Formatter
Event: 2.106 loading class java/util/Formatter done
Event: 2.106 loading class java/util/Locale$Category
Event: 2.106 loading class java/util/Locale$Category done
Event: 2.107 loading class java/util/Formatter$FixedString
Event: 2.107 loading class java/util/Formatter$FormatString
Event: 2.107 loading class java/util/Formatter$FormatString done
Event: 2.107 loading class java/util/Formatter$FixedString done
Event: 2.107 loading class java/util/Formatter$Conversion
Event: 2.107 loading class java/util/Formatter$Conversion done
Event: 2.107 loading class java/util/Formatter$FormatSpecifier
Event: 2.107 loading class java/util/Formatter$FormatSpecifier done
Event: 2.107 loading class java/util/Formatter$Flags
Event: 2.108 loading class java/util/Formatter$Flags done
Event: 2.108 loading class java/util/Formattable
Event: 2.108 loading class java/util/Formattable done
Event: 2.136 loading class java/net/UnknownHostException
Event: 2.136 loading class java/net/UnknownHostException done


Dynamic libraries:
0x00007ff6e5640000 - 0x00007ff6e564e000 	C:\Program Files\OpenLogic\jre-17.0.5.8-hotspot\bin\java.exe
0x00007ffac8ad0000 - 0x00007ffac8ce7000 	C:\WINDOWS\SYSTEM32\ntdll.dll
0x00007ffac7f10000 - 0x00007ffac7fd4000 	C:\WINDOWS\System32\KERNEL32.DLL
0x00007ffac61f0000 - 0x00007ffac6596000 	C:\WINDOWS\System32\KERNELBASE.dll
0x00007ffac5ef0000 - 0x00007ffac6001000 	C:\WINDOWS\System32\ucrtbase.dll
0x00007ffa945f0000 - 0x00007ffa94607000 	C:\Program Files\OpenLogic\jre-17.0.5.8-hotspot\bin\jli.dll
0x00007ffac8440000 - 0x00007ffac85ed000 	C:\WINDOWS\System32\USER32.dll
0x00007ffac65a0000 - 0x00007ffac65c6000 	C:\WINDOWS\System32\win32u.dll
0x00007ffac7840000 - 0x00007ffac7869000 	C:\WINDOWS\System32\GDI32.dll
0x00007ffac65d0000 - 0x00007ffac66e8000 	C:\WINDOWS\System32\gdi32full.dll
0x00007ffac5e50000 - 0x00007ffac5eea000 	C:\WINDOWS\System32\msvcp_win.dll
0x00007ffa49e10000 - 0x00007ffa49e2b000 	C:\Program Files\OpenLogic\jre-17.0.5.8-hotspot\bin\VCRUNTIME140.dll
0x00007ffaaed00000 - 0x00007ffaaef93000 	C:\WINDOWS\WinSxS\amd64_microsoft.windows.common-controls_6595b64144ccf1df_6.0.22621.2361_none_2712ced57382f843\COMCTL32.dll
0x00007ffac8350000 - 0x00007ffac83f7000 	C:\WINDOWS\System32\msvcrt.dll
0x00007ffac8400000 - 0x00007ffac8431000 	C:\WINDOWS\System32\IMM32.DLL
0x00007ffaaeb10000 - 0x00007ffaaeb1c000 	C:\Program Files\OpenLogic\jre-17.0.5.8-hotspot\bin\vcruntime140_1.dll
0x00007ffa49790000 - 0x00007ffa4981d000 	C:\Program Files\OpenLogic\jre-17.0.5.8-hotspot\bin\msvcp140.dll
0x00007ffa3b580000 - 0x00007ffa3c1db000 	C:\Program Files\OpenLogic\jre-17.0.5.8-hotspot\bin\server\jvm.dll
0x00007ffac87f0000 - 0x00007ffac88a0000 	C:\WINDOWS\System32\ADVAPI32.dll
0x00007ffac89c0000 - 0x00007ffac8a66000 	C:\WINDOWS\System32\sechost.dll
0x00007ffac6840000 - 0x00007ffac6957000 	C:\WINDOWS\System32\RPCRT4.dll
0x00007ffa97b10000 - 0x00007ffa97b19000 	C:\WINDOWS\SYSTEM32\WSOCK32.dll
0x00007ffabb530000 - 0x00007ffabb564000 	C:\WINDOWS\SYSTEM32\WINMM.dll
0x00007ffac7a10000 - 0x00007ffac7a81000 	C:\WINDOWS\System32\WS2_32.dll
0x00007ffaba0d0000 - 0x00007ffaba0da000 	C:\WINDOWS\SYSTEM32\VERSION.dll
0x00007ffac4e30000 - 0x00007ffac4e48000 	C:\WINDOWS\SYSTEM32\kernel.appcore.dll
0x00007ffa97a50000 - 0x00007ffa97a5a000 	C:\Program Files\OpenLogic\jre-17.0.5.8-hotspot\bin\jimage.dll
0x00007ffac35e0000 - 0x00007ffac380e000 	C:\WINDOWS\SYSTEM32\DBGHELP.DLL
0x00007ffac6960000 - 0x00007ffac6cea000 	C:\WINDOWS\System32\combase.dll
0x00007ffac8100000 - 0x00007ffac81d7000 	C:\WINDOWS\System32\OLEAUT32.dll
0x00007ffaa5000000 - 0x00007ffaa5032000 	C:\WINDOWS\SYSTEM32\dbgcore.DLL
0x00007ffac66f0000 - 0x00007ffac676a000 	C:\WINDOWS\System32\bcryptPrimitives.dll
0x00007ffa49c60000 - 0x00007ffa49c85000 	C:\Program Files\OpenLogic\jre-17.0.5.8-hotspot\bin\java.dll
0x00007ffa49c40000 - 0x00007ffa49c58000 	C:\Program Files\OpenLogic\jre-17.0.5.8-hotspot\bin\zip.dll
0x00007ffa496b0000 - 0x00007ffa49786000 	C:\Program Files\OpenLogic\jre-17.0.5.8-hotspot\bin\jsvml.dll
0x00007ffac6d70000 - 0x00007ffac75c8000 	C:\WINDOWS\System32\SHELL32.dll
0x00007ffac3db0000 - 0x00007ffac46a2000 	C:\WINDOWS\SYSTEM32\windows.storage.dll
0x00007ffac3c70000 - 0x00007ffac3dae000 	C:\WINDOWS\SYSTEM32\wintypes.dll
0x00007ffac8250000 - 0x00007ffac8343000 	C:\WINDOWS\System32\SHCORE.dll
0x00007ffac6d10000 - 0x00007ffac6d6e000 	C:\WINDOWS\System32\shlwapi.dll
0x00007ffac5d80000 - 0x00007ffac5da6000 	C:\WINDOWS\SYSTEM32\profapi.dll
0x00007ffa49c20000 - 0x00007ffa49c39000 	C:\Program Files\OpenLogic\jre-17.0.5.8-hotspot\bin\net.dll
0x00007ffabca30000 - 0x00007ffabcb67000 	C:\WINDOWS\SYSTEM32\WINHTTP.dll
0x00007ffac5380000 - 0x00007ffac53e9000 	C:\WINDOWS\system32\mswsock.dll
0x00007ffa49980000 - 0x00007ffa49996000 	C:\Program Files\OpenLogic\jre-17.0.5.8-hotspot\bin\nio.dll
0x00007ffaa6540000 - 0x00007ffaa6550000 	C:\Program Files\OpenLogic\jre-17.0.5.8-hotspot\bin\verify.dll

dbghelp: loaded successfully - version: 4.0.5 - missing functions: none
symbol engine: initialized successfully - sym options: 0x614 - pdb path: .;C:\Program Files\OpenLogic\jre-17.0.5.8-hotspot\bin;C:\WINDOWS\SYSTEM32;C:\WINDOWS\WinSxS\amd64_microsoft.windows.common-controls_6595b64144ccf1df_6.0.22621.2361_none_2712ced57382f843;C:\Program Files\OpenLogic\jre-17.0.5.8-hotspot\bin\server

VM Arguments:
jvm_args: -Xmx64m -Xms64m -Dorg.gradle.appname=gradlew 
java_command: org.gradle.wrapper.GradleWrapperMain tasks
java_class_path (initial): D:\TikTok\reelBanao\android\\gradle\wrapper\gradle-wrapper.jar
Launcher Type: SUN_STANDARD

[Global flags]
     intx CICompilerCount                          = 4                                         {product} {ergonomic}
     uint ConcGCThreads                            = 2                                         {product} {ergonomic}
     uint G1ConcRefinementThreads                  = 8                                         {product} {ergonomic}
   size_t G1HeapRegionSize                         = 1048576                                   {product} {ergonomic}
    uintx GCDrainStackTargetSize                   = 64                                        {product} {ergonomic}
   size_t InitialHeapSize                          = 67108864                                  {product} {command line}
   size_t MarkStackSize                            = 4194304                                   {product} {ergonomic}
   size_t MaxHeapSize                              = 67108864                                  {product} {command line}
   size_t MaxNewSize                               = 39845888                                  {product} {ergonomic}
   size_t MinHeapDeltaBytes                        = 1048576                                   {product} {ergonomic}
   size_t MinHeapSize                              = 67108864                                  {product} {command line}
    uintx NonNMethodCodeHeapSize                   = 5839372                                {pd product} {ergonomic}
    uintx NonProfiledCodeHeapSize                  = 122909434                              {pd product} {ergonomic}
    uintx ProfiledCodeHeapSize                     = 122909434                              {pd product} {ergonomic}
    uintx ReservedCodeCacheSize                    = 251658240                              {pd product} {ergonomic}
     bool SegmentedCodeCache                       = true                                      {product} {ergonomic}
   size_t SoftMaxHeapSize                          = 67108864                               {manageable} {ergonomic}
     bool UseCompressedClassPointers               = true                           {product lp64_product} {ergonomic}
     bool UseCompressedOops                        = true                           {product lp64_product} {ergonomic}
     bool UseG1GC                                  = true                                      {product} {ergonomic}
     bool UseLargePagesIndividualAllocation        = false                                  {pd product} {ergonomic}

Logging:
Log output configuration:
 #0: stdout all=warning uptime,level,tags
 #1: stderr all=off uptime,level,tags

Environment Variables:
JAVA_HOME=C:\Program Files\OpenLogic\jre-17.0.5.8-hotspot\
CLASSPATH=D:\TikTok\reelBanao\android\\gradle\wrapper\gradle-wrapper.jar
PATH=D:\TikTok\reelBanao\node_modules\.bin;D:\TikTok\reelBanao\node_modules\.bin;D:\TikTok\node_modules\.bin;D:\node_modules\.bin;C:\Program Files\nodejs\node_modules\npm\node_modules\@npmcli\run-script\lib\node-gyp-bin;D:\TikTok\reelBanao\node_modules\.bin;D:\TikTok\node_modules\.bin;D:\node_modules\.bin;C:\Program Files\nodejs\node_modules\npm\node_modules\@npmcli\run-script\lib\node-gyp-bin;C:\Program Files\Python311\Scripts\;C:\Program Files\Python311\;C:\Program Files\OpenLogic\jre-17.0.5.8-hotspot\bin;C:\WINDOWS\system32;C:\WINDOWS;C:\WINDOWS\System32\Wbem;C:\WINDOWS\System32\WindowsPowerShell\v1.0\;C:\WINDOWS\System32\OpenSSH\;C:\Program Files\Git\cmd;C:\Users\abhij\Downloads\mongosh-1.8.0-win32-x64\mongosh-1.8.0-win32-x64\bin;C:\Program Files\MongoDB\Server\6.0\bin;C:\Program Files\MongoDB\Server\6.0\bin;C:\Program Files\nodejs\;C:\ProgramData\chocolatey\bin;C:\Program Files\Go\bin;C:\Users\abhij\AppData\Local\Microsoft\WindowsApps;C:\Users\abhij\AppData\Local\Programs\Microsoft VS Code\bin;C:\Users\abhij\AppData\Local\GitHubDesktop\bin;C:\Users\abhij\AppData\Roaming\npm;C:\Users\abhij\AppData\Local\Android\Sdk;C:\Users\abhij\AppData\Local\Android\Sdk\platform-tools;C:\Users\abhij\AppData\Local\Android\Sdk\emulator;C:\Users\abhij\AppData\Local\Android\Sdk\tools;C:\Users\abhij\AppData\Local\Android\Sdk\tools\bin;C:\Users\abhij\go\bin
USERNAME=abhij
OS=Windows_NT
PROCESSOR_IDENTIFIER=Intel64 Family 6 Model 140 Stepping 1, GenuineIntel
TMP=C:\Users\abhij\AppData\Local\Temp
TEMP=C:\Users\abhij\AppData\Local\Temp



---------------  S Y S T E M  ---------------

OS:
 Windows 11 , 64 bit Build 22621 (10.0.22621.2428)
OS uptime: 0 days 5:08 hours

CPU: total 8 (initial active 8) (4 cores per cpu, 2 threads per core) family 6 model 140 stepping 1 microcode 0x86, cx8, cmov, fxsr, ht, mmx, 3dnowpref, sse, sse2, sse3, ssse3, sse4.1, sse4.2, popcnt, lzcnt, tsc, tscinvbit, avx, avx2, aes, erms, clmul, bmi1, bmi2, adx, avx512f, avx512dq, avx512cd, avx512bw, avx512vl, sha, fma, vzeroupper, avx512_vpopcntdq, avx512_vpclmulqdq, avx512_vaes, avx512_vnni, clflush, clflushopt, clwb, avx512_vbmi2, avx512_vbmi

Memory: 4k page, system-wide physical 7975M (193M free)
TotalPageFile size 26725M (AvailPageFile size 0M)
current process WorkingSet (physical memory assigned to process): 71M, peak: 71M
current process commit charge ("private bytes"): 152M, peak: 153M

vm_info: OpenJDK 64-Bit Server VM (17.0.5+8-adhoc..jdk17u) for windows-amd64 JRE (17.0.5+8-adhoc..jdk17u), built on Jun  8 2023 10:23:55 by "" with MS VC++ 16.10 / 16.11 (VS2019)

END.
