#
# There is insufficient memory for the Java Runtime Environment to continue.
# Native memory allocation (mmap) failed to map 67108864 bytes for G1 virtual space
# Possible reasons:
#   The system is out of physical RAM or swap space
#   The process is running with CompressedOops enabled, and the Java Heap may be blocking the growth of the native heap
# Possible solutions:
#   Reduce memory load on the system
#   Increase physical memory or swap space
#   Check if swap backing store is full
#   Decrease Java heap size (-Xmx/-Xms)
#   Decrease number of Java threads
#   Decrease Java thread stack sizes (-Xss)
#   Set larger code cache with -XX:ReservedCodeCacheSize=
#   JVM is running with Unscaled Compressed Oops mode in which the Java heap is
#     placed in the first 4GB address space. The Java Heap base address is the
#     maximum limit for the native heap growth. Please use -XX:HeapBaseMinAddress
#     to set the Java Heap base and to place the Java Heap above 4GB virtual address.
# This output file may be truncated or incomplete.
#
#  Out of Memory Error (os_windows.cpp:3548), pid=23544, tid=21340
#
# JRE version:  (17.0.5+8) (build )
# Java VM: OpenJDK 64-Bit Server VM (17.0.5+8-adhoc..jdk17u, mixed mode, sharing, tiered, compressed oops, compressed class ptrs, g1 gc, windows-amd64)
# No core dump will be written. Minidumps are not enabled by default on client versions of Windows
#

---------------  S U M M A R Y ------------

Command Line: -Xmx64m -Xms64m -Dorg.gradle.appname=gradlew org.gradle.wrapper.GradleWrapperMain tasks

Host: 11th Gen Intel(R) Core(TM) i5-11300H @ 3.10GHz, 8 cores, 7G,  Windows 11 , 64 bit Build 22621 (10.0.22621.2428)
Time: Mon Nov  6 20:56:31 2023 India Standard Time elapsed time: 0.031638 seconds (0d 0h 0m 0s)

---------------  T H R E A D  ---------------

Current thread (0x000002302d4fcc80):  JavaThread "Unknown thread" [_thread_in_vm, id=21340, stack(0x000000dccdf00000,0x000000dcce000000)]

Stack: [0x000000dccdf00000,0x000000dcce000000]
Native frames: (J=compiled Java code, j=interpreted, Vv=VM code, C=native code)
V  [jvm.dll+0x677b5a]
V  [jvm.dll+0x832c94]
V  [jvm.dll+0x83443e]
V  [jvm.dll+0x834aa3]
V  [jvm.dll+0x245035]
V  [jvm.dll+0x674a99]
V  [jvm.dll+0x66916a]
V  [jvm.dll+0x303fab]
V  [jvm.dll+0x30b466]
V  [jvm.dll+0x35b16e]
V  [jvm.dll+0x35b39f]
V  [jvm.dll+0x2daeb8]
V  [jvm.dll+0x2dbe24]
V  [jvm.dll+0x8045c1]
V  [jvm.dll+0x368f61]
V  [jvm.dll+0x7e39fc]
V  [jvm.dll+0x3eb8df]
V  [jvm.dll+0x3ed421]
C  [jli.dll+0x526b]
C  [ucrtbase.dll+0x29363]
C  [KERNEL32.DLL+0x1257d]
C  [ntdll.dll+0x5aa78]


---------------  P R O C E S S  ---------------

Threads class SMR info:
_java_thread_list=0x00007ffa3c0a9f18, length=0, elements={
}

Java Threads: ( => current thread )

Other Threads:
  0x000002302d51c020 GCTaskThread "GC Thread#0" [stack: 0x000000dcce000000,0x000000dcce100000] [id=10720]
  0x000002302d51e770 ConcurrentGCThread "G1 Main Marker" [stack: 0x000000dcce100000,0x000000dcce200000] [id=7056]
  0x000002302d51f180 ConcurrentGCThread "G1 Conc#0" [stack: 0x000000dcce200000,0x000000dcce300000] [id=27580]

[error occurred during error reporting (printing all threads), id 0xc0000005, EXCEPTION_ACCESS_VIOLATION (0xc0000005) at pc=0x00007ffa3b86b8f7]

VM state: not at safepoint (not fully initialized)

VM Mutex/Monitor currently owned by a thread:  ([mutex/lock_event])
[0x000002302d4f7b00] Heap_lock - owner thread: 0x000002302d4fcc80

Heap address: 0x00000000fc000000, size: 64 MB, Compressed Oops mode: 32-bit

CDS archive(s) mapped at: [0x0000000000000000-0x0000000000000000-0x0000000000000000), size 0, SharedBaseAddress: 0x0000000800000000, ArchiveRelocationMode: 0.
Narrow klass base: 0x0000000000000000, Narrow klass shift: 0, Narrow klass range: 0x0

GC Precious Log:
<Empty>

Heap:
 garbage-first heap   total 0K, used 0K [0x00000000fc000000, 0x0000000100000000)
  region size 1024K, 0 young (0K), 0 survivors (0K)

[error occurred during error reporting (printing heap information), id 0xc0000005, EXCEPTION_ACCESS_VIOLATION (0xc0000005) at pc=0x00007ffa3bc50e39]

GC Heap History (0 events):
No events

Dll operation events (1 events):
Event: 0.012 Loaded shared library C:\Program Files\OpenLogic\jre-17.0.5.8-hotspot\bin\java.dll

Deoptimization events (0 events):
No events

Classes unloaded (0 events):
No events

Classes redefined (0 events):
No events

Internal exceptions (0 events):
No events

VM Operations (0 events):
No events

Events (0 events):
No events


Dynamic libraries:
0x00007ff6e5640000 - 0x00007ff6e564e000 	C:\Program Files\OpenLogic\jre-17.0.5.8-hotspot\bin\java.exe
0x00007ffac8ad0000 - 0x00007ffac8ce7000 	C:\WINDOWS\SYSTEM32\ntdll.dll
0x00007ffac7f10000 - 0x00007ffac7fd4000 	C:\WINDOWS\System32\KERNEL32.DLL
0x00007ffac61f0000 - 0x00007ffac6596000 	C:\WINDOWS\System32\KERNELBASE.dll
0x00007ffac5ef0000 - 0x00007ffac6001000 	C:\WINDOWS\System32\ucrtbase.dll
0x00007ffa945f0000 - 0x00007ffa94607000 	C:\Program Files\OpenLogic\jre-17.0.5.8-hotspot\bin\jli.dll
0x00007ffac8440000 - 0x00007ffac85ed000 	C:\WINDOWS\System32\USER32.dll
0x00007ffac65a0000 - 0x00007ffac65c6000 	C:\WINDOWS\System32\win32u.dll
0x00007ffac7840000 - 0x00007ffac7869000 	C:\WINDOWS\System32\GDI32.dll
0x00007ffac65d0000 - 0x00007ffac66e8000 	C:\WINDOWS\System32\gdi32full.dll
0x00007ffac5e50000 - 0x00007ffac5eea000 	C:\WINDOWS\System32\msvcp_win.dll
0x00007ffa49e10000 - 0x00007ffa49e2b000 	C:\Program Files\OpenLogic\jre-17.0.5.8-hotspot\bin\VCRUNTIME140.dll
0x00007ffaaed00000 - 0x00007ffaaef93000 	C:\WINDOWS\WinSxS\amd64_microsoft.windows.common-controls_6595b64144ccf1df_6.0.22621.2361_none_2712ced57382f843\COMCTL32.dll
0x00007ffac8350000 - 0x00007ffac83f7000 	C:\WINDOWS\System32\msvcrt.dll
0x00007ffac8400000 - 0x00007ffac8431000 	C:\WINDOWS\System32\IMM32.DLL
0x00007ffaaeb10000 - 0x00007ffaaeb1c000 	C:\Program Files\OpenLogic\jre-17.0.5.8-hotspot\bin\vcruntime140_1.dll
0x00007ffa49790000 - 0x00007ffa4981d000 	C:\Program Files\OpenLogic\jre-17.0.5.8-hotspot\bin\msvcp140.dll
0x00007ffa3b580000 - 0x00007ffa3c1db000 	C:\Program Files\OpenLogic\jre-17.0.5.8-hotspot\bin\server\jvm.dll
0x00007ffac87f0000 - 0x00007ffac88a0000 	C:\WINDOWS\System32\ADVAPI32.dll
0x00007ffac89c0000 - 0x00007ffac8a66000 	C:\WINDOWS\System32\sechost.dll
0x00007ffac6840000 - 0x00007ffac6957000 	C:\WINDOWS\System32\RPCRT4.dll
0x00007ffabb530000 - 0x00007ffabb564000 	C:\WINDOWS\SYSTEM32\WINMM.dll
0x00007ffaba0d0000 - 0x00007ffaba0da000 	C:\WINDOWS\SYSTEM32\VERSION.dll
0x00007ffa97b10000 - 0x00007ffa97b19000 	C:\WINDOWS\SYSTEM32\WSOCK32.dll
0x00007ffac7a10000 - 0x00007ffac7a81000 	C:\WINDOWS\System32\WS2_32.dll
0x00007ffac4e30000 - 0x00007ffac4e48000 	C:\WINDOWS\SYSTEM32\kernel.appcore.dll
0x00007ffa97a50000 - 0x00007ffa97a5a000 	C:\Program Files\OpenLogic\jre-17.0.5.8-hotspot\bin\jimage.dll
0x00007ffac35e0000 - 0x00007ffac380e000 	C:\WINDOWS\SYSTEM32\DBGHELP.DLL
0x00007ffac6960000 - 0x00007ffac6cea000 	C:\WINDOWS\System32\combase.dll
0x00007ffac8100000 - 0x00007ffac81d7000 	C:\WINDOWS\System32\OLEAUT32.dll
0x00007ffaa5000000 - 0x00007ffaa5032000 	C:\WINDOWS\SYSTEM32\dbgcore.DLL
0x00007ffac66f0000 - 0x00007ffac676a000 	C:\WINDOWS\System32\bcryptPrimitives.dll
0x00007ffa49c60000 - 0x00007ffa49c85000 	C:\Program Files\OpenLogic\jre-17.0.5.8-hotspot\bin\java.dll

dbghelp: loaded successfully - version: 4.0.5 - missing functions: none
symbol engine: initialized successfully - sym options: 0x614 - pdb path: .;C:\Program Files\OpenLogic\jre-17.0.5.8-hotspot\bin;C:\WINDOWS\SYSTEM32;C:\WINDOWS\WinSxS\amd64_microsoft.windows.common-controls_6595b64144ccf1df_6.0.22621.2361_none_2712ced57382f843;C:\Program Files\OpenLogic\jre-17.0.5.8-hotspot\bin\server

VM Arguments:
jvm_args: -Xmx64m -Xms64m -Dorg.gradle.appname=gradlew 
java_command: org.gradle.wrapper.GradleWrapperMain tasks
java_class_path (initial): D:\TikTok\reelBanao\android\\gradle\wrapper\gradle-wrapper.jar
Launcher Type: SUN_STANDARD

[Global flags]
     intx CICompilerCount                          = 4                                         {product} {ergonomic}
     uint ConcGCThreads                            = 2                                         {product} {ergonomic}
     uint G1ConcRefinementThreads                  = 8                                         {product} {ergonomic}
   size_t G1HeapRegionSize                         = 1048576                                   {product} {ergonomic}
    uintx GCDrainStackTargetSize                   = 64                                        {product} {ergonomic}
   size_t InitialHeapSize                          = 67108864                                  {product} {command line}
   size_t MarkStackSize                            = 4194304                                   {product} {ergonomic}
   size_t MaxHeapSize                              = 67108864                                  {product} {command line}
   size_t MinHeapDeltaBytes                        = 1048576                                   {product} {ergonomic}
   size_t MinHeapSize                              = 67108864                                  {product} {command line}
    uintx NonNMethodCodeHeapSize                   = 5839372                                {pd product} {ergonomic}
    uintx NonProfiledCodeHeapSize                  = 122909434                              {pd product} {ergonomic}
    uintx ProfiledCodeHeapSize                     = 122909434                              {pd product} {ergonomic}
    uintx ReservedCodeCacheSize                    = 251658240                              {pd product} {ergonomic}
     bool SegmentedCodeCache                       = true                                      {product} {ergonomic}
   size_t SoftMaxHeapSize                          = 67108864                               {manageable} {ergonomic}
     bool UseCompressedClassPointers               = true                           {product lp64_product} {ergonomic}
     bool UseCompressedOops                        = true                           {product lp64_product} {ergonomic}
     bool UseG1GC                                  = true                                      {product} {ergonomic}
     bool UseLargePagesIndividualAllocation        = false                                  {pd product} {ergonomic}

Logging:
Log output configuration:
 #0: stdout all=warning uptime,level,tags
 #1: stderr all=off uptime,level,tags

Environment Variables:
JAVA_HOME=C:\Program Files\OpenLogic\jre-17.0.5.8-hotspot\
CLASSPATH=D:\TikTok\reelBanao\android\\gradle\wrapper\gradle-wrapper.jar
PATH=D:\TikTok\reelBanao\node_modules\.bin;D:\TikTok\reelBanao\node_modules\.bin;D:\TikTok\node_modules\.bin;D:\node_modules\.bin;C:\Program Files\nodejs\node_modules\npm\node_modules\@npmcli\run-script\lib\node-gyp-bin;D:\TikTok\reelBanao\node_modules\.bin;D:\TikTok\node_modules\.bin;D:\node_modules\.bin;C:\Program Files\nodejs\node_modules\npm\node_modules\@npmcli\run-script\lib\node-gyp-bin;C:\Program Files\Python311\Scripts\;C:\Program Files\Python311\;C:\Program Files\OpenLogic\jre-17.0.5.8-hotspot\bin;C:\WINDOWS\system32;C:\WINDOWS;C:\WINDOWS\System32\Wbem;C:\WINDOWS\System32\WindowsPowerShell\v1.0\;C:\WINDOWS\System32\OpenSSH\;C:\Program Files\Git\cmd;C:\Users\abhij\Downloads\mongosh-1.8.0-win32-x64\mongosh-1.8.0-win32-x64\bin;C:\Program Files\MongoDB\Server\6.0\bin;C:\Program Files\MongoDB\Server\6.0\bin;C:\Program Files\nodejs\;C:\ProgramData\chocolatey\bin;C:\Program Files\Go\bin;C:\Users\abhij\AppData\Local\Microsoft\WindowsApps;C:\Users\abhij\AppData\Local\Programs\Microsoft VS Code\bin;C:\Users\abhij\AppData\Local\GitHubDesktop\bin;C:\Users\abhij\AppData\Roaming\npm;C:\Users\abhij\AppData\Local\Android\Sdk;C:\Users\abhij\AppData\Local\Android\Sdk\platform-tools;C:\Users\abhij\AppData\Local\Android\Sdk\emulator;C:\Users\abhij\AppData\Local\Android\Sdk\tools;C:\Users\abhij\AppData\Local\Android\Sdk\tools\bin;C:\Users\abhij\go\bin
USERNAME=abhij
OS=Windows_NT
PROCESSOR_IDENTIFIER=Intel64 Family 6 Model 140 Stepping 1, GenuineIntel
TMP=C:\Users\abhij\AppData\Local\Temp
TEMP=C:\Users\abhij\AppData\Local\Temp



---------------  S Y S T E M  ---------------

OS:
 Windows 11 , 64 bit Build 22621 (10.0.22621.2428)
OS uptime: 0 days 5:08 hours

CPU: total 8 (initial active 8) (4 cores per cpu, 2 threads per core) family 6 model 140 stepping 1 microcode 0x86, cx8, cmov, fxsr, ht, mmx, 3dnowpref, sse, sse2, sse3, ssse3, sse4.1, sse4.2, popcnt, lzcnt, tsc, tscinvbit, avx, avx2, aes, erms, clmul, bmi1, bmi2, adx, avx512f, avx512dq, avx512cd, avx512bw, avx512vl, sha, fma, vzeroupper, avx512_vpopcntdq, avx512_vpclmulqdq, avx512_vaes, avx512_vnni, clflush, clflushopt, clwb, avx512_vbmi2, avx512_vbmi

Memory: 4k page, system-wide physical 7975M (504M free)
TotalPageFile size 26725M (AvailPageFile size 63M)
current process WorkingSet (physical memory assigned to process): 11M, peak: 11M
current process commit charge ("private bytes"): 59M, peak: 123M

vm_info: OpenJDK 64-Bit Server VM (17.0.5+8-adhoc..jdk17u) for windows-amd64 JRE (17.0.5+8-adhoc..jdk17u), built on Jun  8 2023 10:23:55 by "" with MS VC++ 16.10 / 16.11 (VS2019)

END.
