#
# There is insufficient memory for the Java Runtime Environment to continue.
# Native memory allocation (mmap) failed to map 45088768 bytes for G1 virtual space
# Possible reasons:
#   The system is out of physical RAM or swap space
#   The process is running with CompressedOops enabled, and the Java Heap may be blocking the growth of the native heap
# Possible solutions:
#   Reduce memory load on the system
#   Increase physical memory or swap space
#   Check if swap backing store is full
#   Decrease Java heap size (-Xmx/-Xms)
#   Decrease number of Java threads
#   Decrease Java thread stack sizes (-Xss)
#   Set larger code cache with -XX:ReservedCodeCacheSize=
#   JVM is running with Unscaled Compressed Oops mode in which the Java heap is
#     placed in the first 4GB address space. The Java Heap base address is the
#     maximum limit for the native heap growth. Please use -XX:HeapBaseMinAddress
#     to set the Java Heap base and to place the Java Heap above 4GB virtual address.
# This output file may be truncated or incomplete.
#
#  Out of Memory Error (os_windows.cpp:3548), pid=28388, tid=28496
#
# JRE version: OpenJDK Runtime Environment OpenLogic-OpenJDK (17.0.5+8) (build 17.0.5+8-adhoc..jdk17u)
# Java VM: OpenJDK 64-Bit Server VM OpenLogic-OpenJDK (17.0.5+8-adhoc..jdk17u, mixed mode, tiered, compressed oops, compressed class ptrs, g1 gc, windows-amd64)
# No core dump will be written. Minidumps are not enabled by default on client versions of Windows
#

---------------  S U M M A R Y ------------

Command Line: -XX:MaxMetaspaceSize=512m --add-opens=java.base/java.util=ALL-UNNAMED --add-opens=java.base/java.lang=ALL-UNNAMED --add-opens=java.base/java.lang.invoke=ALL-UNNAMED --add-opens=java.prefs/java.util.prefs=ALL-UNNAMED --add-opens=java.base/java.nio.charset=ALL-UNNAMED --add-opens=java.base/java.net=ALL-UNNAMED --add-opens=java.base/java.util.concurrent.atomic=ALL-UNNAMED -Xmx2048m -Dfile.encoding=windows-1252 -Duser.country=IN -Duser.language=en -Duser.variant org.gradle.launcher.daemon.bootstrap.GradleDaemon 8.0.1

Host: 11th Gen Intel(R) Core(TM) i5-11300H @ 3.10GHz, 8 cores, 7G,  Windows 11 , 64 bit Build 22621 (10.0.22621.2428)
Time: Mon Nov  6 20:53:16 2023 India Standard Time elapsed time: 114.329241 seconds (0d 0h 1m 54s)

---------------  T H R E A D  ---------------

Current thread (0x000002a1dd984a30):  VMThread "VM Thread" [stack: 0x000000f8aee00000,0x000000f8aef00000] [id=28496]

Stack: [0x000000f8aee00000,0x000000f8aef00000]
Native frames: (J=compiled Java code, j=interpreted, Vv=VM code, C=native code)
V  [jvm.dll+0x677b5a]
V  [jvm.dll+0x832c94]
V  [jvm.dll+0x83443e]
V  [jvm.dll+0x834aa3]
V  [jvm.dll+0x245035]
V  [jvm.dll+0x674a99]
V  [jvm.dll+0x66916a]
V  [jvm.dll+0x303fab]
V  [jvm.dll+0x30b466]
V  [jvm.dll+0x35b16e]
V  [jvm.dll+0x35b39f]
V  [jvm.dll+0x2daeb8]
V  [jvm.dll+0x2d9184]
V  [jvm.dll+0x2d878c]
V  [jvm.dll+0x31c51b]
V  [jvm.dll+0x838f7b]
V  [jvm.dll+0x839cb4]
V  [jvm.dll+0x83a1cd]
V  [jvm.dll+0x83a5a4]
V  [jvm.dll+0x83a670]
V  [jvm.dll+0x7e2b8a]
V  [jvm.dll+0x676a05]
C  [ucrtbase.dll+0x29363]
C  [KERNEL32.DLL+0x1257d]
C  [ntdll.dll+0x5aa78]

VM_Operation (0x000000f8b05f5b70): G1CollectForAllocation, mode: safepoint, requested by thread 0x000002a1dfee9140


---------------  P R O C E S S  ---------------

Threads class SMR info:
_java_thread_list=0x000002a1e17481c0, length=135, elements={
0x000002a1c3c627f0, 0x000002a1de401090, 0x000002a1de405c50, 0x000002a1de432010,
0x000002a1de432ad0, 0x000002a1de435490, 0x000002a1de435e40, 0x000002a1dd9e60b0,
0x000002a1dd9e6760, 0x000002a1dd9e7150, 0x000002a1de5b9db0, 0x000002a1de5ba280,
0x000002a1e12bc160, 0x000002a1e0db5010, 0x000002a1dfc356c0, 0x000002a1df7e2610,
0x000002a1dff7fd50, 0x000002a1dfee8c70, 0x000002a1dfee9140, 0x000002a1dfd8ea50,
0x000002a1e0842090, 0x000002a1e083f070, 0x000002a1e08416f0, 0x000002a1e0841bc0,
0x000002a1e083fee0, 0x000002a1e0842560, 0x000002a1e083f540, 0x000002a1e0840d50,
0x000002a1e08403b0, 0x000002a1e0842a30, 0x000002a1e0840880, 0x000002a1e083fa10,
0x000002a1e14efa30, 0x000002a1e14f03d0, 0x000002a1e14f1240, 0x000002a1e14eff00,
0x000002a1e14f2a50, 0x000002a1e14f08a0, 0x000002a1e14ef090, 0x000002a1e14f1be0,
0x000002a1de8085c0, 0x000002a1de808a90, 0x000002a1de80b5e0, 0x000002a1de809430,
0x000002a1de809dd0, 0x000002a1de80ac40, 0x000002a1de80b110, 0x000002a1de80bab0,
0x000002a1de80a2a0, 0x000002a1de8080f0, 0x000002a1de80a770, 0x000002a1df397a10,
0x000002a1df39da50, 0x000002a1df397070, 0x000002a1df39b3d0, 0x000002a1df399220,
0x000002a1df39e8c0, 0x000002a1df397ee0, 0x000002a1df3983b0, 0x000002a1df39df20,
0x000002a1df39a090, 0x000002a1df399bc0, 0x000002a1df3996f0, 0x000002a1df39aa30,
0x000002a1df39af00, 0x000002a1df39bd70, 0x000002a1df39b8a0, 0x000002a1df398880,
0x000002a1df398d50, 0x000002a1df397540, 0x000002a1df39cbe0, 0x000002a1df39d580,
0x000002a1e2c56220, 0x000002a1e2c57a30, 0x000002a1e2c56bc0, 0x000002a1e2c55d50,
0x000002a1e2c57560, 0x000002a1e2c57f00, 0x000002a1e2c583d0, 0x000002a1e2c588a0,
0x000002a1e2c54540, 0x000002a1e2c54070, 0x000002a1e2c54ee0, 0x000002a1e2c57090,
0x000002a1e2c58d70, 0x000002a1e2c59240, 0x000002a1e2c566f0, 0x000002a1e2c59be0,
0x000002a1e2c553b0, 0x000002a1e2c5af20, 0x000002a1e2c5a0b0, 0x000002a1e2c5a580,
0x000002a1e2c5aa50, 0x000002a1e2c5b3f0, 0x000002a1e2c54a10, 0x000002a1e2c5b8c0,
0x000002a1e2c55880, 0x000002a1e13791b0, 0x000002a1e137b360, 0x000002a1e13774d0,
0x000002a1e1378340, 0x000002a1e1379b50, 0x000002a1e1377e70, 0x000002a1e1377000,
0x000002a1e1379680, 0x000002a1e137bd00, 0x000002a1e137d040, 0x000002a1e13779a0,
0x000002a1e137e850, 0x000002a1e137c1d0, 0x000002a1e137ae90, 0x000002a1e137b830,
0x000002a1e137c6a0, 0x000002a1e137cb70, 0x000002a1e137d510, 0x000002a1e137d9e0,
0x000002a1e137deb0, 0x000002a1e137e380, 0x000002a1e4b15d70, 0x000002a1e4b19730,
0x000002a1e4b19c00, 0x000002a1e4b1a5a0, 0x000002a1e4b1a0d0, 0x000002a1e4b16240,
0x000002a1e4b16be0, 0x000002a1e4b1aa70, 0x000002a1e4b16710, 0x000002a1e4b14090,
0x000002a1e4b17580, 0x000002a1e4b1b410, 0x000002a1e4b1b8e0, 0x000002a1e4b153d0,
0x000002a1e4b1af40, 0x000002a1e4b188c0, 0x000002a1e4b170b0
}

Java Threads: ( => current thread )
  0x000002a1c3c627f0 JavaThread "main" [_thread_blocked, id=28452, stack(0x000000f8ae800000,0x000000f8ae900000)]
  0x000002a1de401090 JavaThread "Reference Handler" daemon [_thread_blocked, id=28508, stack(0x000000f8aef00000,0x000000f8af000000)]
  0x000002a1de405c50 JavaThread "Finalizer" daemon [_thread_blocked, id=28512, stack(0x000000f8af000000,0x000000f8af100000)]
  0x000002a1de432010 JavaThread "Signal Dispatcher" daemon [_thread_blocked, id=28516, stack(0x000000f8af100000,0x000000f8af200000)]
  0x000002a1de432ad0 JavaThread "Attach Listener" daemon [_thread_blocked, id=28520, stack(0x000000f8af200000,0x000000f8af300000)]
  0x000002a1de435490 JavaThread "Service Thread" daemon [_thread_blocked, id=28524, stack(0x000000f8af300000,0x000000f8af400000)]
  0x000002a1de435e40 JavaThread "Monitor Deflation Thread" daemon [_thread_blocked, id=28528, stack(0x000000f8af400000,0x000000f8af500000)]
  0x000002a1dd9e60b0 JavaThread "C2 CompilerThread0" daemon [_thread_in_native, id=28532, stack(0x000000f8af500000,0x000000f8af600000)]
  0x000002a1dd9e6760 JavaThread "C1 CompilerThread0" daemon [_thread_blocked, id=28536, stack(0x000000f8af600000,0x000000f8af700000)]
  0x000002a1dd9e7150 JavaThread "Sweeper thread" daemon [_thread_blocked, id=28540, stack(0x000000f8af700000,0x000000f8af800000)]
  0x000002a1de5b9db0 JavaThread "Common-Cleaner" daemon [_thread_blocked, id=28584, stack(0x000000f8af800000,0x000000f8af900000)]
  0x000002a1de5ba280 JavaThread "Notification Thread" daemon [_thread_blocked, id=28588, stack(0x000000f8af900000,0x000000f8afa00000)]
  0x000002a1e12bc160 JavaThread "Daemon health stats" [_thread_blocked, id=28984, stack(0x000000f8b0000000,0x000000f8b0100000)]
  0x000002a1e0db5010 JavaThread "Incoming local TCP Connector on port 54354" [_thread_in_native, id=29256, stack(0x000000f8afb00000,0x000000f8afc00000)]
  0x000002a1dfc356c0 JavaThread "Daemon periodic checks" [_thread_blocked, id=29352, stack(0x000000f8b0100000,0x000000f8b0200000)]
  0x000002a1df7e2610 JavaThread "Daemon" [_thread_blocked, id=29384, stack(0x000000f8b0200000,0x000000f8b0300000)]
  0x000002a1dff7fd50 JavaThread "Handler for socket connection from /127.0.0.1:54354 to /127.0.0.1:54355" [_thread_in_native, id=29392, stack(0x000000f8b0300000,0x000000f8b0400000)]
  0x000002a1dfee8c70 JavaThread "Cancel handler" [_thread_blocked, id=29404, stack(0x000000f8b0400000,0x000000f8b0500000)]
  0x000002a1dfee9140 JavaThread "Daemon worker" [_thread_blocked, id=29408, stack(0x000000f8b0500000,0x000000f8b0600000)]
  0x000002a1dfd8ea50 JavaThread "Asynchronous log dispatcher for DefaultDaemonConnection: socket connection from /127.0.0.1:54354 to /127.0.0.1:54355" [_thread_blocked, id=29428, stack(0x000000f8b0600000,0x000000f8b0700000)]
  0x000002a1e0842090 JavaThread "Daemon client event forwarder" [_thread_blocked, id=29440, stack(0x000000f8b0800000,0x000000f8b0900000)]
  0x000002a1e083f070 JavaThread "Cache worker for journal cache (C:\Users\abhij\.gradle\caches\journal-1)" [_thread_blocked, id=29528, stack(0x000000f8b0900000,0x000000f8b0a00000)]
  0x000002a1e08416f0 JavaThread "File lock request listener" [_thread_in_native, id=29532, stack(0x000000f8b0a00000,0x000000f8b0b00000)]
  0x000002a1e0841bc0 JavaThread "Cache worker for file hash cache (C:\Users\abhij\.gradle\caches\8.0.1\fileHashes)" [_thread_blocked, id=29648, stack(0x000000f8b0f00000,0x000000f8b1000000)]
  0x000002a1e083fee0 JavaThread "File lock release action executor" [_thread_blocked, id=27948, stack(0x000000f8b1000000,0x000000f8b1100000)]
  0x000002a1e0842560 JavaThread "File watcher server" daemon [_thread_in_native, id=2312, stack(0x000000f8b1200000,0x000000f8b1300000)]
  0x000002a1e083f540 JavaThread "File watcher consumer" daemon [_thread_blocked, id=28104, stack(0x000000f8b1100000,0x000000f8b1200000)]
  0x000002a1e0840d50 JavaThread "Cache worker for checksums cache (D:\TikTok\reelBanao\android\.gradle\8.0.1\checksums)" [_thread_blocked, id=27756, stack(0x000000f8b1300000,0x000000f8b1400000)]
  0x000002a1e08403b0 JavaThread "Cache worker for cache directory md-rule (C:\Users\abhij\.gradle\caches\8.0.1\md-rule)" [_thread_blocked, id=27800, stack(0x000000f8b1400000,0x000000f8b1500000)]
  0x000002a1e0842a30 JavaThread "Cache worker for file content cache (C:\Users\abhij\.gradle\caches\8.0.1\fileContent)" [_thread_blocked, id=16632, stack(0x000000f8b1500000,0x000000f8b1600000)]
  0x000002a1e0840880 JavaThread "Cache worker for file hash cache (D:\TikTok\reelBanao\android\.gradle\8.0.1\fileHashes)" [_thread_blocked, id=18032, stack(0x000000f8b1600000,0x000000f8b1700000)]
  0x000002a1e083fa10 JavaThread "Cache worker for cache directory md-supplier (C:\Users\abhij\.gradle\caches\8.0.1\md-supplier)" [_thread_blocked, id=22840, stack(0x000000f8b1700000,0x000000f8b1800000)]
  0x000002a1e14efa30 JavaThread "Cache worker for execution history cache (C:\Users\abhij\.gradle\caches\8.0.1\executionHistory)" [_thread_blocked, id=10120, stack(0x000000f8b1800000,0x000000f8b1900000)]
  0x000002a1e14f03d0 JavaThread "jar transforms" [_thread_blocked, id=28724, stack(0x000000f8b1900000,0x000000f8b1a00000)]
  0x000002a1e14f1240 JavaThread "jar transforms Thread 2" [_thread_blocked, id=16964, stack(0x000000f8b1a00000,0x000000f8b1b00000)]
  0x000002a1e14eff00 JavaThread "jar transforms Thread 3" [_thread_blocked, id=29672, stack(0x000000f8b1b00000,0x000000f8b1c00000)]
  0x000002a1e14f2a50 JavaThread "jar transforms Thread 4" [_thread_blocked, id=18080, stack(0x000000f8b1c00000,0x000000f8b1d00000)]
  0x000002a1e14f08a0 JavaThread "Cache worker for kotlin-dsl (C:\Users\abhij\.gradle\caches\8.0.1\kotlin-dsl)" [_thread_blocked, id=29656, stack(0x000000f8b1e00000,0x000000f8b1f00000)]
  0x000002a1e14ef090 JavaThread "jar transforms Thread 5" [_thread_blocked, id=28952, stack(0x000000f8ae600000,0x000000f8ae700000)]
  0x000002a1e14f1be0 JavaThread "jar transforms Thread 6" [_thread_blocked, id=28792, stack(0x000000f8b2000000,0x000000f8b2100000)]
  0x000002a1de8085c0 JavaThread "Cache worker for dependencies-accessors (D:\TikTok\reelBanao\android\.gradle\8.0.1\dependencies-accessors)" [_thread_blocked, id=27000, stack(0x000000f8b2100000,0x000000f8b2200000)]
  0x000002a1de808a90 JavaThread "Cache worker for Build Output Cleanup Cache (D:\TikTok\reelBanao\node_modules\@react-native\gradle-plugin\.gradle\buildOutputCleanup)" [_thread_blocked, id=19232, stack(0x000000f8b2200000,0x000000f8b2300000)]
  0x000002a1de80b5e0 JavaThread "jar transforms Thread 7" [_thread_blocked, id=5964, stack(0x000000f8b2300000,0x000000f8b2400000)]
  0x000002a1de809430 JavaThread "Unconstrained build operations" [_thread_blocked, id=27832, stack(0x000000f8b2400000,0x000000f8b2500000)]
  0x000002a1de809dd0 JavaThread "Unconstrained build operations Thread 2" [_thread_blocked, id=16888, stack(0x000000f8b2500000,0x000000f8b2600000)]
  0x000002a1de80ac40 JavaThread "Unconstrained build operations Thread 3" [_thread_blocked, id=23284, stack(0x000000f8b2600000,0x000000f8b2700000)]
  0x000002a1de80b110 JavaThread "Unconstrained build operations Thread 4" [_thread_blocked, id=22748, stack(0x000000f8b2700000,0x000000f8b2800000)]
  0x000002a1de80bab0 JavaThread "Unconstrained build operations Thread 5" [_thread_blocked, id=29168, stack(0x000000f8b2800000,0x000000f8b2900000)]
  0x000002a1de80a2a0 JavaThread "Unconstrained build operations Thread 6" [_thread_blocked, id=19540, stack(0x000000f8b2900000,0x000000f8b2a00000)]
  0x000002a1de8080f0 JavaThread "Unconstrained build operations Thread 7" [_thread_blocked, id=21588, stack(0x000000f8b2a00000,0x000000f8b2b00000)]
  0x000002a1de80a770 JavaThread "Unconstrained build operations Thread 8" [_thread_blocked, id=29232, stack(0x000000f8b2b00000,0x000000f8b2c00000)]
  0x000002a1df397a10 JavaThread "Unconstrained build operations Thread 9" [_thread_blocked, id=17088, stack(0x000000f8b2c00000,0x000000f8b2d00000)]
  0x000002a1df39da50 JavaThread "Unconstrained build operations Thread 10" [_thread_blocked, id=10868, stack(0x000000f8b2d00000,0x000000f8b2e00000)]
  0x000002a1df397070 JavaThread "Unconstrained build operations Thread 11" [_thread_blocked, id=3184, stack(0x000000f8b2e00000,0x000000f8b2f00000)]
  0x000002a1df39b3d0 JavaThread "Unconstrained build operations Thread 12" [_thread_blocked, id=3548, stack(0x000000f8b2f00000,0x000000f8b3000000)]
  0x000002a1df399220 JavaThread "Unconstrained build operations Thread 13" [_thread_blocked, id=26392, stack(0x000000f8b3000000,0x000000f8b3100000)]
  0x000002a1df39e8c0 JavaThread "Unconstrained build operations Thread 14" [_thread_blocked, id=29288, stack(0x000000f8b3100000,0x000000f8b3200000)]
  0x000002a1df397ee0 JavaThread "Unconstrained build operations Thread 15" [_thread_blocked, id=2200, stack(0x000000f8b3200000,0x000000f8b3300000)]
  0x000002a1df3983b0 JavaThread "Unconstrained build operations Thread 16" [_thread_blocked, id=28980, stack(0x000000f8b3300000,0x000000f8b3400000)]
  0x000002a1df39df20 JavaThread "Unconstrained build operations Thread 17" [_thread_blocked, id=27740, stack(0x000000f8b3400000,0x000000f8b3500000)]
  0x000002a1df39a090 JavaThread "Unconstrained build operations Thread 18" [_thread_blocked, id=20560, stack(0x000000f8b3500000,0x000000f8b3600000)]
  0x000002a1df399bc0 JavaThread "Unconstrained build operations Thread 19" [_thread_blocked, id=3768, stack(0x000000f8b3600000,0x000000f8b3700000)]
  0x000002a1df3996f0 JavaThread "Unconstrained build operations Thread 20" [_thread_blocked, id=7444, stack(0x000000f8b3700000,0x000000f8b3800000)]
  0x000002a1df39aa30 JavaThread "Unconstrained build operations Thread 21" [_thread_blocked, id=27940, stack(0x000000f8b3800000,0x000000f8b3900000)]
  0x000002a1df39af00 JavaThread "Unconstrained build operations Thread 22" [_thread_blocked, id=4172, stack(0x000000f8b3900000,0x000000f8b3a00000)]
  0x000002a1df39bd70 JavaThread "Unconstrained build operations Thread 23" [_thread_blocked, id=21752, stack(0x000000f8b3a00000,0x000000f8b3b00000)]
  0x000002a1df39b8a0 JavaThread "Unconstrained build operations Thread 24" [_thread_blocked, id=18168, stack(0x000000f8b3b00000,0x000000f8b3c00000)]
  0x000002a1df398880 JavaThread "Unconstrained build operations Thread 25" [_thread_blocked, id=27812, stack(0x000000f8b3c00000,0x000000f8b3d00000)]
  0x000002a1df398d50 JavaThread "Unconstrained build operations Thread 26" [_thread_blocked, id=14240, stack(0x000000f8b3d00000,0x000000f8b3e00000)]
  0x000002a1df397540 JavaThread "jar transforms Thread 8" [_thread_blocked, id=29848, stack(0x000000f8b3e00000,0x000000f8b3f00000)]
  0x000002a1df39cbe0 JavaThread "Memory manager" [_thread_blocked, id=30036, stack(0x000000f8b4000000,0x000000f8b4100000)]
  0x000002a1df39d580 JavaThread "Cache worker for Build Output Cleanup Cache (D:\TikTok\reelBanao\android\.gradle\buildOutputCleanup)" [_thread_blocked, id=29748, stack(0x000000f8b3f00000,0x000000f8b4000000)]
  0x000002a1e2c56220 JavaThread "included builds" [_thread_blocked, id=29572, stack(0x000000f8ae500000,0x000000f8ae600000)]
  0x000002a1e2c57a30 JavaThread "Execution worker" [_thread_blocked, id=28476, stack(0x000000f8ae700000,0x000000f8ae800000)]
  0x000002a1e2c56bc0 JavaThread "Execution worker Thread 2" [_thread_blocked, id=19548, stack(0x000000f8b4100000,0x000000f8b4200000)]
  0x000002a1e2c55d50 JavaThread "Execution worker Thread 3" [_thread_blocked, id=5308, stack(0x000000f8b4200000,0x000000f8b4300000)]
  0x000002a1e2c57560 JavaThread "Execution worker Thread 4" [_thread_blocked, id=29128, stack(0x000000f8b4300000,0x000000f8b4400000)]
  0x000002a1e2c57f00 JavaThread "Execution worker Thread 5" [_thread_blocked, id=25632, stack(0x000000f8b4400000,0x000000f8b4500000)]
  0x000002a1e2c583d0 JavaThread "Execution worker Thread 6" [_thread_blocked, id=29596, stack(0x000000f8b4500000,0x000000f8b4600000)]
  0x000002a1e2c588a0 JavaThread "Execution worker Thread 7" [_thread_blocked, id=27396, stack(0x000000f8b4600000,0x000000f8b4700000)]
  0x000002a1e2c54540 JavaThread "Cache worker for execution history cache (D:\TikTok\reelBanao\node_modules\@react-native\gradle-plugin\.gradle\8.0.1\executionHistory)" [_thread_blocked, id=24380, stack(0x000000f8b4700000,0x000000f8b4800000)]
  0x000002a1e2c54070 JavaThread "Unconstrained build operations Thread 27" [_thread_blocked, id=29900, stack(0x000000f8b4800000,0x000000f8b4900000)]
  0x000002a1e2c54ee0 JavaThread "Unconstrained build operations Thread 28" [_thread_blocked, id=3552, stack(0x000000f8b4900000,0x000000f8b4a00000)]
  0x000002a1e2c57090 JavaThread "Unconstrained build operations Thread 29" [_thread_blocked, id=29708, stack(0x000000f8b4a00000,0x000000f8b4b00000)]
  0x000002a1e2c58d70 JavaThread "Unconstrained build operations Thread 30" [_thread_blocked, id=10296, stack(0x000000f8b4b00000,0x000000f8b4c00000)]
  0x000002a1e2c59240 JavaThread "Unconstrained build operations Thread 31" [_thread_blocked, id=23852, stack(0x000000f8b4c00000,0x000000f8b4d00000)]
  0x000002a1e2c566f0 JavaThread "Unconstrained build operations Thread 32" [_thread_blocked, id=18448, stack(0x000000f8b4d00000,0x000000f8b4e00000)]
  0x000002a1e2c59be0 JavaThread "Unconstrained build operations Thread 33" [_thread_blocked, id=25808, stack(0x000000f8b4e00000,0x000000f8b4f00000)]
  0x000002a1e2c553b0 JavaThread "Unconstrained build operations Thread 34" [_thread_blocked, id=10584, stack(0x000000f8b4f00000,0x000000f8b5000000)]
  0x000002a1e2c5af20 JavaThread "Unconstrained build operations Thread 35" [_thread_blocked, id=23708, stack(0x000000f8b5000000,0x000000f8b5100000)]
  0x000002a1e2c5a0b0 JavaThread "Unconstrained build operations Thread 36" [_thread_blocked, id=29716, stack(0x000000f8b5100000,0x000000f8b5200000)]
  0x000002a1e2c5a580 JavaThread "Unconstrained build operations Thread 37" [_thread_blocked, id=11428, stack(0x000000f8b5200000,0x000000f8b5300000)]
  0x000002a1e2c5aa50 JavaThread "Unconstrained build operations Thread 38" [_thread_blocked, id=23736, stack(0x000000f8b5300000,0x000000f8b5400000)]
  0x000002a1e2c5b3f0 JavaThread "Unconstrained build operations Thread 39" [_thread_blocked, id=11912, stack(0x000000f8b5400000,0x000000f8b5500000)]
  0x000002a1e2c54a10 JavaThread "Unconstrained build operations Thread 40" [_thread_blocked, id=17504, stack(0x000000f8b5500000,0x000000f8b5600000)]
  0x000002a1e2c5b8c0 JavaThread "Unconstrained build operations Thread 41" [_thread_blocked, id=15760, stack(0x000000f8b5600000,0x000000f8b5700000)]
  0x000002a1e2c55880 JavaThread "Unconstrained build operations Thread 42" [_thread_blocked, id=18068, stack(0x000000f8b5700000,0x000000f8b5800000)]
  0x000002a1e13791b0 JavaThread "Unconstrained build operations Thread 43" [_thread_blocked, id=17448, stack(0x000000f8b5800000,0x000000f8b5900000)]
  0x000002a1e137b360 JavaThread "Unconstrained build operations Thread 44" [_thread_blocked, id=19428, stack(0x000000f8b5900000,0x000000f8b5a00000)]
  0x000002a1e13774d0 JavaThread "Unconstrained build operations Thread 45" [_thread_blocked, id=29724, stack(0x000000f8b5a00000,0x000000f8b5b00000)]
  0x000002a1e1378340 JavaThread "Unconstrained build operations Thread 46" [_thread_blocked, id=880, stack(0x000000f8b5b00000,0x000000f8b5c00000)]
  0x000002a1e1379b50 JavaThread "Unconstrained build operations Thread 47" [_thread_blocked, id=19952, stack(0x000000f8b5c00000,0x000000f8b5d00000)]
  0x000002a1e1377e70 JavaThread "Unconstrained build operations Thread 48" [_thread_blocked, id=6160, stack(0x000000f8b5d00000,0x000000f8b5e00000)]
  0x000002a1e1377000 JavaThread "Unconstrained build operations Thread 49" [_thread_blocked, id=29276, stack(0x000000f8b5e00000,0x000000f8b5f00000)]
  0x000002a1e1379680 JavaThread "Unconstrained build operations Thread 50" [_thread_blocked, id=30044, stack(0x000000f8b5f00000,0x000000f8b6000000)]
  0x000002a1e137bd00 JavaThread "Unconstrained build operations Thread 51" [_thread_blocked, id=30060, stack(0x000000f8b6000000,0x000000f8b6100000)]
  0x000002a1e137d040 JavaThread "Unconstrained build operations Thread 52" [_thread_blocked, id=30300, stack(0x000000f8b6100000,0x000000f8b6200000)]
  0x000002a1e13779a0 JavaThread "Unconstrained build operations Thread 53" [_thread_blocked, id=29752, stack(0x000000f8b6200000,0x000000f8b6300000)]
  0x000002a1e137e850 JavaThread "Unconstrained build operations Thread 54" [_thread_blocked, id=29908, stack(0x000000f8b6300000,0x000000f8b6400000)]
  0x000002a1e137c1d0 JavaThread "Unconstrained build operations Thread 55" [_thread_blocked, id=30032, stack(0x000000f8b6400000,0x000000f8b6500000)]
  0x000002a1e137ae90 JavaThread "Unconstrained build operations Thread 56" [_thread_blocked, id=30052, stack(0x000000f8b6500000,0x000000f8b6600000)]
  0x000002a1e137b830 JavaThread "Unconstrained build operations Thread 57" [_thread_blocked, id=30068, stack(0x000000f8b6600000,0x000000f8b6700000)]
  0x000002a1e137c6a0 JavaThread "Unconstrained build operations Thread 58" [_thread_blocked, id=30040, stack(0x000000f8b6700000,0x000000f8b6800000)]
  0x000002a1e137cb70 JavaThread "Unconstrained build operations Thread 59" [_thread_blocked, id=30056, stack(0x000000f8b6800000,0x000000f8b6900000)]
  0x000002a1e137d510 JavaThread "Unconstrained build operations Thread 60" [_thread_blocked, id=29904, stack(0x000000f8b6900000,0x000000f8b6a00000)]
  0x000002a1e137d9e0 JavaThread "Unconstrained build operations Thread 61" [_thread_blocked, id=9272, stack(0x000000f8b6a00000,0x000000f8b6b00000)]
  0x000002a1e137deb0 JavaThread "Unconstrained build operations Thread 62" [_thread_blocked, id=30072, stack(0x000000f8b6b00000,0x000000f8b6c00000)]
  0x000002a1e137e380 JavaThread "Unconstrained build operations Thread 63" [_thread_blocked, id=29712, stack(0x000000f8b6c00000,0x000000f8b6d00000)]
  0x000002a1e4b15d70 JavaThread "Unconstrained build operations Thread 64" [_thread_blocked, id=29884, stack(0x000000f8b6d00000,0x000000f8b6e00000)]
  0x000002a1e4b19730 JavaThread "Unconstrained build operations Thread 65" [_thread_blocked, id=29924, stack(0x000000f8b6e00000,0x000000f8b6f00000)]
  0x000002a1e4b19c00 JavaThread "Unconstrained build operations Thread 66" [_thread_blocked, id=27092, stack(0x000000f8b6f00000,0x000000f8b7000000)]
  0x000002a1e4b1a5a0 JavaThread "Unconstrained build operations Thread 67" [_thread_blocked, id=30064, stack(0x000000f8b7000000,0x000000f8b7100000)]
  0x000002a1e4b1a0d0 JavaThread "Unconstrained build operations Thread 68" [_thread_blocked, id=29760, stack(0x000000f8b7100000,0x000000f8b7200000)]
  0x000002a1e4b16240 JavaThread "Unconstrained build operations Thread 69" [_thread_blocked, id=29792, stack(0x000000f8b7200000,0x000000f8b7300000)]
  0x000002a1e4b16be0 JavaThread "Unconstrained build operations Thread 70" [_thread_blocked, id=24600, stack(0x000000f8b7300000,0x000000f8b7400000)]
  0x000002a1e4b1aa70 JavaThread "Unconstrained build operations Thread 71" [_thread_blocked, id=8256, stack(0x000000f8b7400000,0x000000f8b7500000)]
  0x000002a1e4b16710 JavaThread "Unconstrained build operations Thread 72" [_thread_blocked, id=29856, stack(0x000000f8b7500000,0x000000f8b7600000)]
  0x000002a1e4b14090 JavaThread "Unconstrained build operations Thread 73" [_thread_blocked, id=30652, stack(0x000000f8b7600000,0x000000f8b7700000)]
  0x000002a1e4b17580 JavaThread "Unconstrained build operations Thread 74" [_thread_blocked, id=27096, stack(0x000000f8b7700000,0x000000f8b7800000)]
  0x000002a1e4b1b410 JavaThread "Unconstrained build operations Thread 75" [_thread_blocked, id=5844, stack(0x000000f8b7800000,0x000000f8b7900000)]
  0x000002a1e4b1b8e0 JavaThread "Unconstrained build operations Thread 76" [_thread_blocked, id=29788, stack(0x000000f8b7900000,0x000000f8b7a00000)]
  0x000002a1e4b153d0 JavaThread "Unconstrained build operations Thread 77" [_thread_blocked, id=28940, stack(0x000000f8b7a00000,0x000000f8b7b00000)]
  0x000002a1e4b1af40 JavaThread "Unconstrained build operations Thread 78" [_thread_blocked, id=25764, stack(0x000000f8b7b00000,0x000000f8b7c00000)]
  0x000002a1e4b188c0 JavaThread "Unconstrained build operations Thread 79" [_thread_blocked, id=27604, stack(0x000000f8b7c00000,0x000000f8b7d00000)]
  0x000002a1e4b170b0 JavaThread "Unconstrained build operations Thread 80" [_thread_blocked, id=20232, stack(0x000000f8b7d00000,0x000000f8b7e00000)]

Other Threads:
=>0x000002a1dd984a30 VMThread "VM Thread" [stack: 0x000000f8aee00000,0x000000f8aef00000] [id=28496]
  0x000002a1de5c2770 WatcherThread [stack: 0x000000f8afa00000,0x000000f8afb00000] [id=28592]
  0x000002a1c3cbd310 GCTaskThread "GC Thread#0" [stack: 0x000000f8ae900000,0x000000f8aea00000] [id=28456]
  0x000002a1df0a88a0 GCTaskThread "GC Thread#1" [stack: 0x000000f8afc00000,0x000000f8afd00000] [id=28688]
  0x000002a1df0a8b50 GCTaskThread "GC Thread#2" [stack: 0x000000f8afd00000,0x000000f8afe00000] [id=28692]
  0x000002a1df40cfe0 GCTaskThread "GC Thread#3" [stack: 0x000000f8afe00000,0x000000f8aff00000] [id=28716]
  0x000002a1df40d290 GCTaskThread "GC Thread#4" [stack: 0x000000f8aff00000,0x000000f8b0000000] [id=28720]
  0x000002a1e1313b40 GCTaskThread "GC Thread#5" [stack: 0x000000f8b0b00000,0x000000f8b0c00000] [id=29612]
  0x000002a1dfe34220 GCTaskThread "GC Thread#6" [stack: 0x000000f8b0c00000,0x000000f8b0d00000] [id=29616]
  0x000002a1e1025a00 GCTaskThread "GC Thread#7" [stack: 0x000000f8b0d00000,0x000000f8b0e00000] [id=29620]
  0x000002a1c3cce250 ConcurrentGCThread "G1 Main Marker" [stack: 0x000000f8aea00000,0x000000f8aeb00000] [id=28460]
  0x000002a1c3ccec60 ConcurrentGCThread "G1 Conc#0" [stack: 0x000000f8aeb00000,0x000000f8aec00000] [id=28464]
  0x000002a1dfee3890 ConcurrentGCThread "G1 Conc#1" [stack: 0x000000f8b0e00000,0x000000f8b0f00000] [id=29640]
  0x000002a1c3d1e0d0 ConcurrentGCThread "G1 Refine#0" [stack: 0x000000f8aec00000,0x000000f8aed00000] [id=28468]
  0x000002a1c3d1eaf0 ConcurrentGCThread "G1 Service" [stack: 0x000000f8aed00000,0x000000f8aee00000] [id=28472]

Threads with active compile tasks:
C2 CompilerThread0   114397 12416       4       org.codehaus.groovy.reflection.stdclasses.CachedSAMClass::getAbstractMethods (122 bytes)

VM state: at safepoint (normal execution)

VM Mutex/Monitor currently owned by a thread:  ([mutex/lock_event])
[0x000002a1c3c5cd20] Threads_lock - owner thread: 0x000002a1dd984a30
[0x000002a1c3c5ced0] Heap_lock - owner thread: 0x000002a1dfee9140

Heap address: 0x0000000080000000, size: 2048 MB, Compressed Oops mode: 32-bit

CDS archive(s) not mapped
Compressed class space mapped at: 0x0000000100000000-0x0000000119c00000, reserved size: 432013312
Narrow klass base: 0x0000000000000000, Narrow klass shift: 3, Narrow klass range: 0x119c00000

GC Precious Log:
 CPUs: 8 total, 8 available
 Memory: 7975M
 Large Page Support: Disabled
 NUMA Support: Disabled
 Compressed Oops: Enabled (32-bit)
 Heap Region Size: 1M
 Heap Min Capacity: 8M
 Heap Initial Capacity: 126M
 Heap Max Capacity: 2G
 Pre-touch: Disabled
 Parallel Workers: 8
 Concurrent Workers: 2
 Concurrent Refinement Workers: 8
 Periodic GC: Disabled

Heap:
 garbage-first heap   total 220160K, used 134795K [0x0000000080000000, 0x0000000100000000)
  region size 1024K, 7 young (7168K), 7 survivors (7168K)
 Metaspace       used 98986K, committed 99840K, reserved 512000K
  class space    used 13536K, committed 13952K, reserved 421888K

Heap Regions: E=young(eden), S=young(survivor), O=old, HS=humongous(starts), HC=humongous(continues), CS=collection set, F=free, OA=open archive, CA=closed archive, TAMS=top-at-mark-start (previous, next)
|   0|0x0000000080000000, 0x0000000080100000, 0x0000000080100000|100%|HS|  |TAMS 0x0000000080100000, 0x0000000080000000| Complete 
|   1|0x0000000080100000, 0x0000000080200000, 0x0000000080200000|100%|HC|  |TAMS 0x0000000080200000, 0x0000000080100000| Complete 
|   2|0x0000000080200000, 0x0000000080300000, 0x0000000080300000|100%|HC|  |TAMS 0x0000000080300000, 0x0000000080200000| Complete 
|   3|0x0000000080300000, 0x0000000080400000, 0x0000000080400000|100%|HC|  |TAMS 0x0000000080400000, 0x0000000080300000| Complete 
|   4|0x0000000080400000, 0x0000000080500000, 0x0000000080500000|100%| O|  |TAMS 0x0000000080500000, 0x0000000080400000| Untracked 
|   5|0x0000000080500000, 0x0000000080600000, 0x0000000080600000|100%| O|  |TAMS 0x0000000080600000, 0x0000000080500000| Untracked 
|   6|0x0000000080600000, 0x0000000080700000, 0x0000000080700000|100%| O|  |TAMS 0x0000000080700000, 0x0000000080600000| Untracked 
|   7|0x0000000080700000, 0x0000000080800000, 0x0000000080800000|100%| O|  |TAMS 0x0000000080800000, 0x0000000080700000| Untracked 
|   8|0x0000000080800000, 0x0000000080900000, 0x0000000080900000|100%| O|  |TAMS 0x0000000080900000, 0x0000000080800000| Untracked 
|   9|0x0000000080900000, 0x0000000080a00000, 0x0000000080a00000|100%| O|  |TAMS 0x0000000080a00000, 0x0000000080900000| Untracked 
|  10|0x0000000080a00000, 0x0000000080b00000, 0x0000000080b00000|100%| O|  |TAMS 0x0000000080b00000, 0x0000000080a00000| Untracked 
|  11|0x0000000080b00000, 0x0000000080c00000, 0x0000000080c00000|100%| O|  |TAMS 0x0000000080c00000, 0x0000000080b00000| Untracked 
|  12|0x0000000080c00000, 0x0000000080d00000, 0x0000000080d00000|100%| O|  |TAMS 0x0000000080d00000, 0x0000000080c00000| Untracked 
|  13|0x0000000080d00000, 0x0000000080e00000, 0x0000000080e00000|100%| O|  |TAMS 0x0000000080e00000, 0x0000000080d00000| Untracked 
|  14|0x0000000080e00000, 0x0000000080f00000, 0x0000000080f00000|100%| O|  |TAMS 0x0000000080f00000, 0x0000000080e00000| Untracked 
|  15|0x0000000080f00000, 0x0000000081000000, 0x0000000081000000|100%| O|  |TAMS 0x0000000081000000, 0x0000000080f00000| Untracked 
|  16|0x0000000081000000, 0x0000000081100000, 0x0000000081100000|100%| O|  |TAMS 0x0000000081100000, 0x0000000081000000| Untracked 
|  17|0x0000000081100000, 0x0000000081200000, 0x0000000081200000|100%| O|  |TAMS 0x0000000081200000, 0x0000000081100000| Untracked 
|  18|0x0000000081200000, 0x0000000081300000, 0x0000000081300000|100%| O|  |TAMS 0x0000000081300000, 0x0000000081200000| Untracked 
|  19|0x0000000081300000, 0x0000000081400000, 0x0000000081400000|100%| O|  |TAMS 0x0000000081400000, 0x0000000081300000| Untracked 
|  20|0x0000000081400000, 0x0000000081500000, 0x0000000081500000|100%| O|  |TAMS 0x0000000081500000, 0x0000000081400000| Untracked 
|  21|0x0000000081500000, 0x0000000081600000, 0x0000000081600000|100%| O|  |TAMS 0x0000000081600000, 0x0000000081500000| Untracked 
|  22|0x0000000081600000, 0x0000000081700000, 0x0000000081700000|100%| O|  |TAMS 0x0000000081700000, 0x0000000081600000| Untracked 
|  23|0x0000000081700000, 0x0000000081800000, 0x0000000081800000|100%| O|  |TAMS 0x0000000081800000, 0x0000000081700000| Untracked 
|  24|0x0000000081800000, 0x0000000081900000, 0x0000000081900000|100%| O|  |TAMS 0x0000000081900000, 0x0000000081800000| Untracked 
|  25|0x0000000081900000, 0x0000000081a00000, 0x0000000081a00000|100%| O|  |TAMS 0x0000000081a00000, 0x0000000081900000| Untracked 
|  26|0x0000000081a00000, 0x0000000081b00000, 0x0000000081b00000|100%| O|  |TAMS 0x0000000081b00000, 0x0000000081a00000| Untracked 
|  27|0x0000000081b00000, 0x0000000081c00000, 0x0000000081c00000|100%| O|  |TAMS 0x0000000081c00000, 0x0000000081b00000| Untracked 
|  28|0x0000000081c00000, 0x0000000081d00000, 0x0000000081d00000|100%| O|  |TAMS 0x0000000081d00000, 0x0000000081c00000| Untracked 
|  29|0x0000000081d00000, 0x0000000081e00000, 0x0000000081e00000|100%| O|  |TAMS 0x0000000081e00000, 0x0000000081d00000| Untracked 
|  30|0x0000000081e00000, 0x0000000081f00000, 0x0000000081f00000|100%| O|  |TAMS 0x0000000081f00000, 0x0000000081e00000| Untracked 
|  31|0x0000000081f00000, 0x0000000082000000, 0x0000000082000000|100%|HS|  |TAMS 0x0000000082000000, 0x0000000081f00000| Complete 
|  32|0x0000000082000000, 0x0000000082100000, 0x0000000082100000|100%|HC|  |TAMS 0x0000000082100000, 0x0000000082000000| Complete 
|  33|0x0000000082100000, 0x0000000082200000, 0x0000000082200000|100%| O|  |TAMS 0x0000000082200000, 0x0000000082100000| Untracked 
|  34|0x0000000082200000, 0x0000000082300000, 0x0000000082300000|100%|HS|  |TAMS 0x0000000082300000, 0x0000000082200000| Complete 
|  35|0x0000000082300000, 0x0000000082400000, 0x0000000082400000|100%|HC|  |TAMS 0x0000000082400000, 0x0000000082300000| Complete 
|  36|0x0000000082400000, 0x0000000082500000, 0x0000000082500000|100%|HC|  |TAMS 0x0000000082500000, 0x0000000082400000| Complete 
|  37|0x0000000082500000, 0x0000000082600000, 0x0000000082600000|100%|HC|  |TAMS 0x0000000082600000, 0x0000000082500000| Complete 
|  38|0x0000000082600000, 0x0000000082700000, 0x0000000082700000|100%| O|  |TAMS 0x0000000082700000, 0x0000000082600000| Untracked 
|  39|0x0000000082700000, 0x0000000082800000, 0x0000000082800000|100%| O|  |TAMS 0x0000000082800000, 0x0000000082700000| Untracked 
|  40|0x0000000082800000, 0x0000000082900000, 0x0000000082900000|100%| O|  |TAMS 0x0000000082900000, 0x0000000082800000| Untracked 
|  41|0x0000000082900000, 0x0000000082a00000, 0x0000000082a00000|100%| O|  |TAMS 0x0000000082a00000, 0x0000000082900000| Untracked 
|  42|0x0000000082a00000, 0x0000000082b00000, 0x0000000082b00000|100%| O|  |TAMS 0x0000000082b00000, 0x0000000082a00000| Untracked 
|  43|0x0000000082b00000, 0x0000000082c00000, 0x0000000082c00000|100%| O|  |TAMS 0x0000000082c00000, 0x0000000082b00000| Untracked 
|  44|0x0000000082c00000, 0x0000000082d00000, 0x0000000082d00000|100%| O|  |TAMS 0x0000000082d00000, 0x0000000082c00000| Untracked 
|  45|0x0000000082d00000, 0x0000000082e00000, 0x0000000082e00000|100%| O|  |TAMS 0x0000000082e00000, 0x0000000082d00000| Untracked 
|  46|0x0000000082e00000, 0x0000000082f00000, 0x0000000082f00000|100%| O|  |TAMS 0x0000000082f00000, 0x0000000082e00000| Untracked 
|  47|0x0000000082f00000, 0x0000000083000000, 0x0000000083000000|100%| O|  |TAMS 0x0000000083000000, 0x0000000082f00000| Untracked 
|  48|0x0000000083000000, 0x0000000083100000, 0x0000000083100000|100%| O|  |TAMS 0x0000000083100000, 0x0000000083000000| Untracked 
|  49|0x0000000083100000, 0x0000000083200000, 0x0000000083200000|100%| O|  |TAMS 0x0000000083200000, 0x0000000083100000| Untracked 
|  50|0x0000000083200000, 0x0000000083300000, 0x0000000083300000|100%| O|  |TAMS 0x0000000083300000, 0x0000000083200000| Untracked 
|  51|0x0000000083300000, 0x0000000083400000, 0x0000000083400000|100%| O|  |TAMS 0x0000000083400000, 0x0000000083300000| Untracked 
|  52|0x0000000083400000, 0x0000000083500000, 0x0000000083500000|100%| O|  |TAMS 0x0000000083500000, 0x0000000083400000| Untracked 
|  53|0x0000000083500000, 0x0000000083600000, 0x0000000083600000|100%| O|  |TAMS 0x0000000083600000, 0x0000000083500000| Untracked 
|  54|0x0000000083600000, 0x0000000083700000, 0x0000000083700000|100%| O|  |TAMS 0x0000000083700000, 0x0000000083600000| Untracked 
|  55|0x0000000083700000, 0x0000000083800000, 0x0000000083800000|100%| O|  |TAMS 0x0000000083800000, 0x0000000083700000| Untracked 
|  56|0x0000000083800000, 0x0000000083900000, 0x0000000083900000|100%| O|  |TAMS 0x0000000083900000, 0x0000000083800000| Untracked 
|  57|0x0000000083900000, 0x0000000083a00000, 0x0000000083a00000|100%|HS|  |TAMS 0x0000000083a00000, 0x0000000083900000| Complete 
|  58|0x0000000083a00000, 0x0000000083b00000, 0x0000000083b00000|100%|HS|  |TAMS 0x0000000083b00000, 0x0000000083a00000| Complete 
|  59|0x0000000083b00000, 0x0000000083c00000, 0x0000000083c00000|100%| O|  |TAMS 0x0000000083c00000, 0x0000000083b00000| Untracked 
|  60|0x0000000083c00000, 0x0000000083d00000, 0x0000000083d00000|100%| O|  |TAMS 0x0000000083d00000, 0x0000000083c00000| Untracked 
|  61|0x0000000083d00000, 0x0000000083e00000, 0x0000000083e00000|100%| O|  |TAMS 0x0000000083e00000, 0x0000000083d00000| Untracked 
|  62|0x0000000083e00000, 0x0000000083f00000, 0x0000000083f00000|100%| O|  |TAMS 0x0000000083f00000, 0x0000000083e00000| Untracked 
|  63|0x0000000083f00000, 0x0000000084000000, 0x0000000084000000|100%| O|  |TAMS 0x0000000084000000, 0x0000000083f00000| Untracked 
|  64|0x0000000084000000, 0x0000000084100000, 0x0000000084100000|100%| O|  |TAMS 0x0000000084100000, 0x0000000084000000| Untracked 
|  65|0x0000000084100000, 0x0000000084200000, 0x0000000084200000|100%| O|  |TAMS 0x0000000084200000, 0x0000000084100000| Untracked 
|  66|0x0000000084200000, 0x0000000084300000, 0x0000000084300000|100%| O|  |TAMS 0x0000000084300000, 0x0000000084200000| Untracked 
|  67|0x0000000084300000, 0x0000000084400000, 0x0000000084400000|100%| O|  |TAMS 0x0000000084400000, 0x0000000084300000| Untracked 
|  68|0x0000000084400000, 0x0000000084500000, 0x0000000084500000|100%| O|  |TAMS 0x0000000084500000, 0x0000000084400000| Untracked 
|  69|0x0000000084500000, 0x0000000084600000, 0x0000000084600000|100%| O|  |TAMS 0x0000000084600000, 0x0000000084500000| Untracked 
|  70|0x0000000084600000, 0x0000000084700000, 0x0000000084700000|100%| O|  |TAMS 0x0000000084700000, 0x0000000084600000| Untracked 
|  71|0x0000000084700000, 0x0000000084800000, 0x0000000084800000|100%| O|  |TAMS 0x0000000084800000, 0x0000000084700000| Untracked 
|  72|0x0000000084800000, 0x0000000084900000, 0x0000000084900000|100%| O|  |TAMS 0x0000000084900000, 0x0000000084800000| Untracked 
|  73|0x0000000084900000, 0x0000000084a00000, 0x0000000084a00000|100%| O|  |TAMS 0x0000000084a00000, 0x0000000084900000| Untracked 
|  74|0x0000000084a00000, 0x0000000084b00000, 0x0000000084b00000|100%|HS|  |TAMS 0x0000000084b00000, 0x0000000084a00000| Complete 
|  75|0x0000000084b00000, 0x0000000084c00000, 0x0000000084c00000|100%| O|  |TAMS 0x0000000084c00000, 0x0000000084b00000| Untracked 
|  76|0x0000000084c00000, 0x0000000084d00000, 0x0000000084d00000|100%| O|  |TAMS 0x0000000084d00000, 0x0000000084c00000| Untracked 
|  77|0x0000000084d00000, 0x0000000084e00000, 0x0000000084e00000|100%| O|  |TAMS 0x0000000084e00000, 0x0000000084d00000| Untracked 
|  78|0x0000000084e00000, 0x0000000084f00000, 0x0000000084f00000|100%| O|  |TAMS 0x0000000084f00000, 0x0000000084e00000| Untracked 
|  79|0x0000000084f00000, 0x0000000085000000, 0x0000000085000000|100%| O|  |TAMS 0x0000000085000000, 0x0000000084f00000| Untracked 
|  80|0x0000000085000000, 0x0000000085100000, 0x0000000085100000|100%| O|  |TAMS 0x0000000085100000, 0x0000000085000000| Untracked 
|  81|0x0000000085100000, 0x0000000085200000, 0x0000000085200000|100%| O|  |TAMS 0x0000000085200000, 0x0000000085100000| Untracked 
|  82|0x0000000085200000, 0x0000000085300000, 0x0000000085300000|100%| O|  |TAMS 0x0000000085300000, 0x0000000085200000| Untracked 
|  83|0x0000000085300000, 0x0000000085400000, 0x0000000085400000|100%| O|  |TAMS 0x0000000085400000, 0x0000000085300000| Untracked 
|  84|0x0000000085400000, 0x0000000085500000, 0x0000000085500000|100%| O|  |TAMS 0x0000000085500000, 0x0000000085400000| Untracked 
|  85|0x0000000085500000, 0x0000000085600000, 0x0000000085600000|100%| O|  |TAMS 0x0000000085600000, 0x0000000085500000| Untracked 
|  86|0x0000000085600000, 0x0000000085700000, 0x0000000085700000|100%|HS|  |TAMS 0x0000000085700000, 0x0000000085600000| Complete 
|  87|0x0000000085700000, 0x0000000085800000, 0x0000000085800000|100%|HS|  |TAMS 0x0000000085800000, 0x0000000085700000| Complete 
|  88|0x0000000085800000, 0x0000000085900000, 0x0000000085900000|100%|HS|  |TAMS 0x0000000085900000, 0x0000000085800000| Complete 
|  89|0x0000000085900000, 0x0000000085a00000, 0x0000000085a00000|100%|HS|  |TAMS 0x0000000085a00000, 0x0000000085900000| Complete 
|  90|0x0000000085a00000, 0x0000000085b00000, 0x0000000085b00000|100%|HC|  |TAMS 0x0000000085b00000, 0x0000000085a00000| Complete 
|  91|0x0000000085b00000, 0x0000000085c00000, 0x0000000085c00000|100%|HC|  |TAMS 0x0000000085c00000, 0x0000000085b00000| Complete 
|  92|0x0000000085c00000, 0x0000000085d00000, 0x0000000085d00000|100%|HS|  |TAMS 0x0000000085d00000, 0x0000000085c00000| Complete 
|  93|0x0000000085d00000, 0x0000000085e00000, 0x0000000085e00000|100%|HC|  |TAMS 0x0000000085e00000, 0x0000000085d00000| Complete 
|  94|0x0000000085e00000, 0x0000000085f00000, 0x0000000085f00000|100%| O|  |TAMS 0x0000000085f00000, 0x0000000085e00000| Untracked 
|  95|0x0000000085f00000, 0x0000000086000000, 0x0000000086000000|100%| O|  |TAMS 0x0000000086000000, 0x0000000085f00000| Untracked 
|  96|0x0000000086000000, 0x0000000086100000, 0x0000000086100000|100%| O|  |TAMS 0x0000000086100000, 0x0000000086000000| Untracked 
|  97|0x0000000086100000, 0x0000000086200000, 0x0000000086200000|100%| O|  |TAMS 0x0000000086200000, 0x0000000086100000| Untracked 
|  98|0x0000000086200000, 0x0000000086300000, 0x0000000086300000|100%| O|  |TAMS 0x0000000086300000, 0x0000000086200000| Untracked 
|  99|0x0000000086300000, 0x0000000086400000, 0x0000000086400000|100%| O|  |TAMS 0x0000000086400000, 0x0000000086300000| Untracked 
| 100|0x0000000086400000, 0x0000000086500000, 0x0000000086500000|100%| O|  |TAMS 0x0000000086400000, 0x0000000086400000| Untracked 
| 101|0x0000000086500000, 0x00000000865a2c00, 0x0000000086600000| 63%| O|  |TAMS 0x0000000086500000, 0x0000000086500000| Untracked 
| 102|0x0000000086600000, 0x0000000086700000, 0x0000000086700000|100%| O|  |TAMS 0x0000000086700000, 0x0000000086600000| Untracked 
| 103|0x0000000086700000, 0x0000000086800000, 0x0000000086800000|100%| O|  |TAMS 0x0000000086800000, 0x0000000086700000| Untracked 
| 104|0x0000000086800000, 0x0000000086900000, 0x0000000086900000|100%| O|  |TAMS 0x0000000086900000, 0x0000000086800000| Untracked 
| 105|0x0000000086900000, 0x0000000086a00000, 0x0000000086a00000|100%| O|  |TAMS 0x0000000086a00000, 0x0000000086900000| Untracked 
| 106|0x0000000086a00000, 0x0000000086b00000, 0x0000000086b00000|100%| O|  |TAMS 0x0000000086b00000, 0x0000000086a00000| Untracked 
| 107|0x0000000086b00000, 0x0000000086c00000, 0x0000000086c00000|100%| O|  |TAMS 0x0000000086c00000, 0x0000000086b00000| Untracked 
| 108|0x0000000086c00000, 0x0000000086d00000, 0x0000000086d00000|100%| O|  |TAMS 0x0000000086d00000, 0x0000000086c00000| Untracked 
| 109|0x0000000086d00000, 0x0000000086e00000, 0x0000000086e00000|100%| O|  |TAMS 0x0000000086e00000, 0x0000000086d00000| Untracked 
| 110|0x0000000086e00000, 0x0000000086f00000, 0x0000000086f00000|100%|HS|  |TAMS 0x0000000086f00000, 0x0000000086e00000| Complete 
| 111|0x0000000086f00000, 0x0000000087000000, 0x0000000087000000|100%| O|  |TAMS 0x0000000087000000, 0x0000000086f00000| Untracked 
| 112|0x0000000087000000, 0x0000000087100000, 0x0000000087100000|100%| O|  |TAMS 0x0000000087100000, 0x0000000087000000| Untracked 
| 113|0x0000000087100000, 0x0000000087200000, 0x0000000087200000|100%| O|  |TAMS 0x0000000087200000, 0x0000000087100000| Untracked 
| 114|0x0000000087200000, 0x0000000087300000, 0x0000000087300000|100%| O|  |TAMS 0x0000000087300000, 0x0000000087200000| Untracked 
| 115|0x0000000087300000, 0x0000000087400000, 0x0000000087400000|100%| O|  |TAMS 0x0000000087400000, 0x0000000087300000| Untracked 
| 116|0x0000000087400000, 0x0000000087500000, 0x0000000087500000|100%| O|  |TAMS 0x0000000087500000, 0x0000000087400000| Untracked 
| 117|0x0000000087500000, 0x0000000087600000, 0x0000000087600000|100%| O|  |TAMS 0x0000000087600000, 0x0000000087500000| Untracked 
| 118|0x0000000087600000, 0x0000000087700000, 0x0000000087700000|100%| O|  |TAMS 0x0000000087630a00, 0x0000000087600000| Untracked 
| 119|0x0000000087700000, 0x0000000087800000, 0x0000000087800000|100%| O|  |TAMS 0x0000000087700000, 0x0000000087700000| Untracked 
| 120|0x0000000087800000, 0x0000000087900000, 0x0000000087900000|100%| O|  |TAMS 0x0000000087800000, 0x0000000087800000| Untracked 
| 121|0x0000000087900000, 0x0000000087a00000, 0x0000000087a00000|100%| O|  |TAMS 0x0000000087900000, 0x0000000087900000| Untracked 
| 122|0x0000000087a00000, 0x0000000087b00000, 0x0000000087b00000|100%| O|  |TAMS 0x0000000087a00000, 0x0000000087a00000| Untracked 
| 123|0x0000000087b00000, 0x0000000087c00000, 0x0000000087c00000|100%| O|  |TAMS 0x0000000087b00000, 0x0000000087b00000| Untracked 
| 124|0x0000000087c00000, 0x0000000087d00000, 0x0000000087d00000|100%| O|  |TAMS 0x0000000087c00000, 0x0000000087c00000| Untracked 
| 125|0x0000000087d00000, 0x0000000087d00000, 0x0000000087e00000|  0%| F|  |TAMS 0x0000000087d00000, 0x0000000087d00000| Untracked 
| 126|0x0000000087e00000, 0x0000000087e00000, 0x0000000087f00000|  0%| F|  |TAMS 0x0000000087e00000, 0x0000000087e00000| Untracked 
| 127|0x0000000087f00000, 0x0000000087f00000, 0x0000000088000000|  0%| F|  |TAMS 0x0000000087f00000, 0x0000000087f00000| Untracked 
| 128|0x0000000088000000, 0x0000000088000000, 0x0000000088100000|  0%| F|  |TAMS 0x0000000088000000, 0x0000000088000000| Untracked 
| 129|0x0000000088100000, 0x0000000088100000, 0x0000000088200000|  0%| F|  |TAMS 0x0000000088100000, 0x0000000088100000| Untracked 
| 130|0x0000000088200000, 0x0000000088200000, 0x0000000088300000|  0%| F|  |TAMS 0x0000000088200000, 0x0000000088200000| Untracked 
| 131|0x0000000088300000, 0x0000000088300000, 0x0000000088400000|  0%| F|  |TAMS 0x0000000088300000, 0x0000000088300000| Untracked 
| 132|0x0000000088400000, 0x0000000088400000, 0x0000000088500000|  0%| F|  |TAMS 0x0000000088400000, 0x0000000088400000| Untracked 
| 133|0x0000000088500000, 0x0000000088500000, 0x0000000088600000|  0%| F|  |TAMS 0x0000000088500000, 0x0000000088500000| Untracked 
| 134|0x0000000088600000, 0x0000000088600000, 0x0000000088700000|  0%| F|  |TAMS 0x0000000088600000, 0x0000000088600000| Untracked 
| 135|0x0000000088700000, 0x0000000088700000, 0x0000000088800000|  0%| F|  |TAMS 0x0000000088700000, 0x0000000088700000| Untracked 
| 136|0x0000000088800000, 0x0000000088800000, 0x0000000088900000|  0%| F|  |TAMS 0x0000000088800000, 0x0000000088800000| Untracked 
| 137|0x0000000088900000, 0x0000000088900000, 0x0000000088a00000|  0%| F|  |TAMS 0x0000000088900000, 0x0000000088900000| Untracked 
| 138|0x0000000088a00000, 0x0000000088a00000, 0x0000000088b00000|  0%| F|  |TAMS 0x0000000088a00000, 0x0000000088a00000| Untracked 
| 139|0x0000000088b00000, 0x0000000088b00000, 0x0000000088c00000|  0%| F|  |TAMS 0x0000000088b00000, 0x0000000088b00000| Untracked 
| 140|0x0000000088c00000, 0x0000000088c00000, 0x0000000088d00000|  0%| F|  |TAMS 0x0000000088c00000, 0x0000000088c00000| Untracked 
| 141|0x0000000088d00000, 0x0000000088d00000, 0x0000000088e00000|  0%| F|  |TAMS 0x0000000088d00000, 0x0000000088d00000| Untracked 
| 142|0x0000000088e00000, 0x0000000088e00000, 0x0000000088f00000|  0%| F|  |TAMS 0x0000000088e00000, 0x0000000088e00000| Untracked 
| 143|0x0000000088f00000, 0x0000000088f00000, 0x0000000089000000|  0%| F|  |TAMS 0x0000000088f00000, 0x0000000088f00000| Untracked 
| 144|0x0000000089000000, 0x0000000089000000, 0x0000000089100000|  0%| F|  |TAMS 0x0000000089000000, 0x0000000089000000| Untracked 
| 145|0x0000000089100000, 0x0000000089100000, 0x0000000089200000|  0%| F|  |TAMS 0x0000000089100000, 0x0000000089100000| Untracked 
| 146|0x0000000089200000, 0x0000000089200000, 0x0000000089300000|  0%| F|  |TAMS 0x0000000089200000, 0x0000000089200000| Untracked 
| 147|0x0000000089300000, 0x0000000089300000, 0x0000000089400000|  0%| F|  |TAMS 0x0000000089300000, 0x0000000089300000| Untracked 
| 148|0x0000000089400000, 0x0000000089400000, 0x0000000089500000|  0%| F|  |TAMS 0x0000000089400000, 0x0000000089400000| Untracked 
| 149|0x0000000089500000, 0x0000000089500000, 0x0000000089600000|  0%| F|  |TAMS 0x0000000089500000, 0x0000000089500000| Untracked 
| 150|0x0000000089600000, 0x0000000089600000, 0x0000000089700000|  0%| F|  |TAMS 0x0000000089600000, 0x0000000089600000| Untracked 
| 151|0x0000000089700000, 0x0000000089700000, 0x0000000089800000|  0%| F|  |TAMS 0x0000000089700000, 0x0000000089700000| Untracked 
| 152|0x0000000089800000, 0x0000000089800000, 0x0000000089900000|  0%| F|  |TAMS 0x0000000089800000, 0x0000000089800000| Untracked 
| 153|0x0000000089900000, 0x0000000089900000, 0x0000000089a00000|  0%| F|  |TAMS 0x0000000089900000, 0x0000000089900000| Untracked 
| 154|0x0000000089a00000, 0x0000000089a00000, 0x0000000089b00000|  0%| F|  |TAMS 0x0000000089a00000, 0x0000000089a00000| Untracked 
| 155|0x0000000089b00000, 0x0000000089b00000, 0x0000000089c00000|  0%| F|  |TAMS 0x0000000089b00000, 0x0000000089b00000| Untracked 
| 156|0x0000000089c00000, 0x0000000089d00000, 0x0000000089d00000|100%| S|CS|TAMS 0x0000000089c00000, 0x0000000089c00000| Complete 
| 157|0x0000000089d00000, 0x0000000089e00000, 0x0000000089e00000|100%| S|CS|TAMS 0x0000000089d00000, 0x0000000089d00000| Complete 
| 158|0x0000000089e00000, 0x0000000089f00000, 0x0000000089f00000|100%| S|CS|TAMS 0x0000000089e00000, 0x0000000089e00000| Complete 
| 159|0x0000000089f00000, 0x000000008a000000, 0x000000008a000000|100%| S|CS|TAMS 0x0000000089f00000, 0x0000000089f00000| Complete 
| 160|0x000000008a000000, 0x000000008a100000, 0x000000008a100000|100%| S|CS|TAMS 0x000000008a000000, 0x000000008a000000| Complete 
| 161|0x000000008a100000, 0x000000008a200000, 0x000000008a200000|100%| S|CS|TAMS 0x000000008a100000, 0x000000008a100000| Complete 
| 162|0x000000008a200000, 0x000000008a300000, 0x000000008a300000|100%| S|CS|TAMS 0x000000008a200000, 0x000000008a200000| Complete 
| 163|0x000000008a300000, 0x000000008a300000, 0x000000008a400000|  0%| F|  |TAMS 0x000000008a300000, 0x000000008a300000| Untracked 
| 164|0x000000008a400000, 0x000000008a400000, 0x000000008a500000|  0%| F|  |TAMS 0x000000008a400000, 0x000000008a400000| Untracked 
| 165|0x000000008a500000, 0x000000008a500000, 0x000000008a600000|  0%| F|  |TAMS 0x000000008a500000, 0x000000008a500000| Untracked 
| 166|0x000000008a600000, 0x000000008a600000, 0x000000008a700000|  0%| F|  |TAMS 0x000000008a600000, 0x000000008a600000| Untracked 
| 167|0x000000008a700000, 0x000000008a700000, 0x000000008a800000|  0%| F|  |TAMS 0x000000008a700000, 0x000000008a700000| Untracked 
| 168|0x000000008a800000, 0x000000008a800000, 0x000000008a900000|  0%| F|  |TAMS 0x000000008a800000, 0x000000008a800000| Untracked 
| 169|0x000000008a900000, 0x000000008a900000, 0x000000008aa00000|  0%| F|  |TAMS 0x000000008a900000, 0x000000008a900000| Untracked 
| 170|0x000000008aa00000, 0x000000008aa00000, 0x000000008ab00000|  0%| F|  |TAMS 0x000000008aa00000, 0x000000008aa00000| Untracked 
| 171|0x000000008ab00000, 0x000000008ab00000, 0x000000008ac00000|  0%| F|  |TAMS 0x000000008ab00000, 0x000000008ab00000| Untracked 
| 172|0x000000008ac00000, 0x000000008ac00000, 0x000000008ad00000|  0%| F|  |TAMS 0x000000008ac00000, 0x000000008ac00000| Untracked 
| 173|0x000000008ad00000, 0x000000008ad00000, 0x000000008ae00000|  0%| F|  |TAMS 0x000000008ad00000, 0x000000008ad00000| Untracked 
| 174|0x000000008ae00000, 0x000000008ae00000, 0x000000008af00000|  0%| F|  |TAMS 0x000000008ae00000, 0x000000008ae00000| Untracked 
| 175|0x000000008af00000, 0x000000008af00000, 0x000000008b000000|  0%| F|  |TAMS 0x000000008af00000, 0x000000008af00000| Untracked 
| 176|0x000000008b000000, 0x000000008b000000, 0x000000008b100000|  0%| F|  |TAMS 0x000000008b000000, 0x000000008b000000| Untracked 
| 177|0x000000008b100000, 0x000000008b100000, 0x000000008b200000|  0%| F|  |TAMS 0x000000008b100000, 0x000000008b100000| Untracked 
| 178|0x000000008b200000, 0x000000008b200000, 0x000000008b300000|  0%| F|  |TAMS 0x000000008b200000, 0x000000008b200000| Untracked 
| 179|0x000000008b300000, 0x000000008b300000, 0x000000008b400000|  0%| F|  |TAMS 0x000000008b300000, 0x000000008b300000| Untracked 
| 180|0x000000008b400000, 0x000000008b400000, 0x000000008b500000|  0%| F|  |TAMS 0x000000008b400000, 0x000000008b400000| Untracked 
| 181|0x000000008b500000, 0x000000008b500000, 0x000000008b600000|  0%| F|  |TAMS 0x000000008b500000, 0x000000008b500000| Untracked 
| 182|0x000000008b600000, 0x000000008b600000, 0x000000008b700000|  0%| F|  |TAMS 0x000000008b600000, 0x000000008b600000| Untracked 
| 183|0x000000008b700000, 0x000000008b700000, 0x000000008b800000|  0%| F|  |TAMS 0x000000008b700000, 0x000000008b700000| Untracked 
| 184|0x000000008b800000, 0x000000008b800000, 0x000000008b900000|  0%| F|  |TAMS 0x000000008b800000, 0x000000008b800000| Untracked 
| 185|0x000000008b900000, 0x000000008b900000, 0x000000008ba00000|  0%| F|  |TAMS 0x000000008b900000, 0x000000008b900000| Untracked 
| 186|0x000000008ba00000, 0x000000008ba00000, 0x000000008bb00000|  0%| F|  |TAMS 0x000000008ba00000, 0x000000008ba00000| Untracked 
| 187|0x000000008bb00000, 0x000000008bb00000, 0x000000008bc00000|  0%| F|  |TAMS 0x000000008bb00000, 0x000000008bb00000| Untracked 
| 188|0x000000008bc00000, 0x000000008bc00000, 0x000000008bd00000|  0%| F|  |TAMS 0x000000008bc00000, 0x000000008bc00000| Untracked 
| 189|0x000000008bd00000, 0x000000008bd00000, 0x000000008be00000|  0%| F|  |TAMS 0x000000008bd00000, 0x000000008bd00000| Untracked 
| 190|0x000000008be00000, 0x000000008be00000, 0x000000008bf00000|  0%| F|  |TAMS 0x000000008be00000, 0x000000008be00000| Untracked 
| 191|0x000000008bf00000, 0x000000008bf00000, 0x000000008c000000|  0%| F|  |TAMS 0x000000008bf00000, 0x000000008bf00000| Untracked 
| 192|0x000000008c000000, 0x000000008c000000, 0x000000008c100000|  0%| F|  |TAMS 0x000000008c000000, 0x000000008c000000| Untracked 
| 193|0x000000008c100000, 0x000000008c100000, 0x000000008c200000|  0%| F|  |TAMS 0x000000008c100000, 0x000000008c100000| Untracked 
| 194|0x000000008c200000, 0x000000008c200000, 0x000000008c300000|  0%| F|  |TAMS 0x000000008c200000, 0x000000008c200000| Untracked 
| 195|0x000000008c300000, 0x000000008c300000, 0x000000008c400000|  0%| F|  |TAMS 0x000000008c300000, 0x000000008c300000| Untracked 
| 196|0x000000008c400000, 0x000000008c400000, 0x000000008c500000|  0%| F|  |TAMS 0x000000008c400000, 0x000000008c400000| Untracked 
| 197|0x000000008c500000, 0x000000008c500000, 0x000000008c600000|  0%| F|  |TAMS 0x000000008c500000, 0x000000008c500000| Untracked 
| 198|0x000000008c600000, 0x000000008c600000, 0x000000008c700000|  0%| F|  |TAMS 0x000000008c600000, 0x000000008c600000| Untracked 
| 199|0x000000008c700000, 0x000000008c700000, 0x000000008c800000|  0%| F|  |TAMS 0x000000008c700000, 0x000000008c700000| Untracked 
| 200|0x000000008c800000, 0x000000008c800000, 0x000000008c900000|  0%| F|  |TAMS 0x000000008c800000, 0x000000008c800000| Untracked 
| 201|0x000000008c900000, 0x000000008c900000, 0x000000008ca00000|  0%| F|  |TAMS 0x000000008c900000, 0x000000008c900000| Untracked 
| 202|0x000000008ca00000, 0x000000008ca00000, 0x000000008cb00000|  0%| F|  |TAMS 0x000000008ca00000, 0x000000008ca00000| Untracked 
| 203|0x000000008cb00000, 0x000000008cb00000, 0x000000008cc00000|  0%| F|  |TAMS 0x000000008cb00000, 0x000000008cb00000| Untracked 
| 204|0x000000008cc00000, 0x000000008cc00000, 0x000000008cd00000|  0%| F|  |TAMS 0x000000008cc00000, 0x000000008cc00000| Untracked 
| 205|0x000000008cd00000, 0x000000008cd00000, 0x000000008ce00000|  0%| F|  |TAMS 0x000000008cd00000, 0x000000008cd00000| Untracked 
| 206|0x000000008ce00000, 0x000000008ce00000, 0x000000008cf00000|  0%| F|  |TAMS 0x000000008ce00000, 0x000000008ce00000| Untracked 
| 207|0x000000008cf00000, 0x000000008cf00000, 0x000000008d000000|  0%| F|  |TAMS 0x000000008cf00000, 0x000000008cf00000| Untracked 
| 208|0x000000008d000000, 0x000000008d000000, 0x000000008d100000|  0%| F|  |TAMS 0x000000008d000000, 0x000000008d000000| Untracked 
| 209|0x000000008d100000, 0x000000008d100000, 0x000000008d200000|  0%| F|  |TAMS 0x000000008d100000, 0x000000008d100000| Untracked 
| 210|0x000000008d200000, 0x000000008d200000, 0x000000008d300000|  0%| F|  |TAMS 0x000000008d200000, 0x000000008d200000| Untracked 
| 211|0x000000008d300000, 0x000000008d300000, 0x000000008d400000|  0%| F|  |TAMS 0x000000008d300000, 0x000000008d300000| Untracked 
| 212|0x000000008d400000, 0x000000008d400000, 0x000000008d500000|  0%| F|  |TAMS 0x000000008d400000, 0x000000008d400000| Untracked 
| 213|0x000000008d500000, 0x000000008d500000, 0x000000008d600000|  0%| F|  |TAMS 0x000000008d500000, 0x000000008d500000| Untracked 
| 214|0x000000008d600000, 0x000000008d600000, 0x000000008d700000|  0%| F|  |TAMS 0x000000008d600000, 0x000000008d600000| Untracked 

Card table byte_map: [0x000002a1d6770000,0x000002a1d6b70000] _byte_map_base: 0x000002a1d6370000

Marking Bits (Prev, Next): (CMBitMap*) 0x000002a1c3cbd960, (CMBitMap*) 0x000002a1c3cbd920
 Prev Bits: [0x000002a1d8f70000, 0x000002a1daf70000)
 Next Bits: [0x000002a1d6f70000, 0x000002a1d8f70000)

Polling page: 0x000002a1c3420000

Metaspace:

Usage:
  Non-class:     83.45 MB used.
      Class:     13.22 MB used.
       Both:     96.67 MB used.

Virtual space:
  Non-class space:       88.00 MB reserved,      83.88 MB ( 95%) committed,  11 nodes.
      Class space:      412.00 MB reserved,      13.62 MB (  3%) committed,  1 nodes.
             Both:      500.00 MB reserved,      97.50 MB ( 20%) committed. 

Chunk freelists:
   Non-Class:  3.69 MB
       Class:  2.20 MB
        Both:  5.89 MB

MaxMetaspaceSize: 512.00 MB
CompressedClassSpaceSize: 412.00 MB
Initial GC threshold: 21.00 MB
Current GC threshold: 160.25 MB
CDS: off
MetaspaceReclaimPolicy: balanced
 - commit_granule_bytes: 65536.
 - commit_granule_words: 8192.
 - virtual_space_node_default_size: 1048576.
 - enlarge_chunks_in_place: 1.
 - new_chunks_are_fully_committed: 0.
 - uncommit_free_chunks: 1.
 - use_allocation_guard: 0.
 - handle_deallocations: 1.


Internal statistics:

num_allocs_failed_limit: 6.
num_arena_births: 1116.
num_arena_deaths: 0.
num_vsnodes_births: 12.
num_vsnodes_deaths: 0.
num_space_committed: 1560.
num_space_uncommitted: 0.
num_chunks_returned_to_freelist: 6.
num_chunks_taken_from_freelist: 5066.
num_chunk_merges: 3.
num_chunk_splits: 3320.
num_chunks_enlarged: 2178.
num_purges: 0.
num_inconsistent_stats: 0.

CodeHeap 'non-profiled nmethods': size=120000Kb used=6539Kb max_used=6539Kb free=113460Kb
 bounds [0x000002a1ceb00000, 0x000002a1cf170000, 0x000002a1d6030000]
CodeHeap 'profiled nmethods': size=120000Kb used=22496Kb max_used=22496Kb free=97503Kb
 bounds [0x000002a1c75d0000, 0x000002a1c8bd0000, 0x000002a1ceb00000]
CodeHeap 'non-nmethods': size=5760Kb used=2427Kb max_used=2468Kb free=3332Kb
 bounds [0x000002a1c7030000, 0x000002a1c72b0000, 0x000002a1c75d0000]
 total_blobs=11974 nmethods=11019 adapters=867
 compilation: enabled
              stopped_count=0, restarted_count=0
 full_count=0

Compilation events (20 events):
Event: 114.203 Thread 0x000002a1dd9e6760 12451       3       org.gradle.internal.metaobject.CompositeDynamicObject::<init> (19 bytes)
Event: 114.203 Thread 0x000002a1dd9e6760 nmethod 12451 0x000002a1c8bc2810 code [0x000002a1c8bc29c0, 0x000002a1c8bc2c78]
Event: 114.203 Thread 0x000002a1dd9e6760 12450       3       org.codehaus.groovy.runtime.typehandling.DefaultTypeTransformation::box (14 bytes)
Event: 114.204 Thread 0x000002a1dd9e6760 nmethod 12450 0x000002a1c8bc2d90 code [0x000002a1c8bc2f20, 0x000002a1c8bc3098]
Event: 114.207 Thread 0x000002a1dd9e6760 12452   !   3       org.codehaus.groovy.runtime.callsite.AbstractCallSite::createGroovyObjectGetPropertySite (90 bytes)
Event: 114.208 Thread 0x000002a1dd9e6760 nmethod 12452 0x000002a1c8bc3110 code [0x000002a1c8bc3400, 0x000002a1c8bc47c8]
Event: 114.208 Thread 0x000002a1dd9e6760 12453       3       org.codehaus.groovy.runtime.callsite.AbstractCallSite::isMarkedInternal (16 bytes)
Event: 114.208 Thread 0x000002a1dd9e6760 nmethod 12453 0x000002a1c8bc4e10 code [0x000002a1c8bc5020, 0x000002a1c8bc5718]
Event: 114.208 Thread 0x000002a1dd9e6760 12454       3       groovy.lang.MetaClassImpl$MethodIndexAction::<init> (6 bytes)
Event: 114.209 Thread 0x000002a1dd9e6760 nmethod 12454 0x000002a1c8bc5910 code [0x000002a1c8bc5ac0, 0x000002a1c8bc5cd8]
Event: 114.209 Thread 0x000002a1dd9e6760 12455       3       groovy.lang.MetaClassImpl$MethodIndexAction::<init> (10 bytes)
Event: 114.209 Thread 0x000002a1dd9e6760 nmethod 12455 0x000002a1c8bc5e10 code [0x000002a1c8bc5fa0, 0x000002a1c8bc6178]
Event: 114.223 Thread 0x000002a1dd9e6760 12456       3       org.codehaus.groovy.runtime.callsite.PogoGetPropertySite::<init> (11 bytes)
Event: 114.224 Thread 0x000002a1dd9e6760 nmethod 12456 0x000002a1c8bc6290 code [0x000002a1c8bc6460, 0x000002a1c8bc6998]
Event: 114.287 Thread 0x000002a1dd9e6760 12458       3       java.lang.Class::getPackage (38 bytes)
Event: 114.289 Thread 0x000002a1dd9e6760 nmethod 12458 0x000002a1c8bc6b90 code [0x000002a1c8bc6da0, 0x000002a1c8bc73b8]
Event: 114.292 Thread 0x000002a1dd9e6760 12459       3       java.beans.Introspector::getPropertyDescriptors (37 bytes)
Event: 114.293 Thread 0x000002a1dd9e6760 nmethod 12459 0x000002a1c8bc7590 code [0x000002a1c8bc7760, 0x000002a1c8bc7b78]
Event: 114.293 Thread 0x000002a1dd9e6760 12460   !   3       com.sun.beans.introspect.ClassInfo::getProperties (47 bytes)
Event: 114.293 Thread 0x000002a1dd9e6760 nmethod 12460 0x000002a1c8bc7d10 code [0x000002a1c8bc7ec0, 0x000002a1c8bc81c8]

GC Heap History (20 events):
Event: 102.060 GC heap after
{Heap after GC invocations=46 (full 0):
 garbage-first heap   total 177152K, used 80868K [0x0000000080000000, 0x0000000100000000)
  region size 1024K, 6 young (6144K), 6 survivors (6144K)
 Metaspace       used 84788K, committed 85440K, reserved 503808K
  class space    used 11572K, committed 11904K, reserved 421888K
}
Event: 105.496 GC heap before
{Heap before GC invocations=46 (full 0):
 garbage-first heap   total 177152K, used 139236K [0x0000000080000000, 0x0000000100000000)
  region size 1024K, 63 young (64512K), 6 survivors (6144K)
 Metaspace       used 88180K, committed 88896K, reserved 503808K
  class space    used 12071K, committed 12416K, reserved 421888K
}
Event: 105.596 GC heap after
{Heap after GC invocations=47 (full 0):
 garbage-first heap   total 177152K, used 87778K [0x0000000080000000, 0x0000000100000000)
  region size 1024K, 7 young (7168K), 7 survivors (7168K)
 Metaspace       used 88180K, committed 88896K, reserved 503808K
  class space    used 12071K, committed 12416K, reserved 421888K
}
Event: 108.489 GC heap before
{Heap before GC invocations=47 (full 0):
 garbage-first heap   total 177152K, used 126690K [0x0000000080000000, 0x0000000100000000)
  region size 1024K, 47 young (48128K), 7 survivors (7168K)
 Metaspace       used 89374K, committed 90176K, reserved 503808K
  class space    used 12237K, committed 12608K, reserved 421888K
}
Event: 108.510 GC heap after
{Heap after GC invocations=48 (full 0):
 garbage-first heap   total 177152K, used 91729K [0x0000000080000000, 0x0000000100000000)
  region size 1024K, 5 young (5120K), 5 survivors (5120K)
 Metaspace       used 89374K, committed 90176K, reserved 503808K
  class space    used 12237K, committed 12608K, reserved 421888K
}
Event: 110.228 GC heap before
{Heap before GC invocations=49 (full 0):
 garbage-first heap   total 183296K, used 149073K [0x0000000080000000, 0x0000000100000000)
  region size 1024K, 54 young (55296K), 5 survivors (5120K)
 Metaspace       used 92069K, committed 92864K, reserved 503808K
  class space    used 12601K, committed 12992K, reserved 421888K
}
Event: 110.242 GC heap after
{Heap after GC invocations=50 (full 0):
 garbage-first heap   total 183296K, used 111421K [0x0000000080000000, 0x0000000100000000)
  region size 1024K, 7 young (7168K), 7 survivors (7168K)
 Metaspace       used 92069K, committed 92864K, reserved 503808K
  class space    used 12601K, committed 12992K, reserved 421888K
}
Event: 110.254 GC heap before
{Heap before GC invocations=50 (full 0):
 garbage-first heap   total 183296K, used 112445K [0x0000000080000000, 0x0000000100000000)
  region size 1024K, 8 young (8192K), 7 survivors (7168K)
 Metaspace       used 92069K, committed 92864K, reserved 503808K
  class space    used 12601K, committed 12992K, reserved 421888K
}
Event: 110.260 GC heap after
{Heap after GC invocations=51 (full 0):
 garbage-first heap   total 183296K, used 112065K [0x0000000080000000, 0x0000000100000000)
  region size 1024K, 1 young (1024K), 1 survivors (1024K)
 Metaspace       used 92069K, committed 92864K, reserved 503808K
  class space    used 12601K, committed 12992K, reserved 421888K
}
Event: 111.231 GC heap before
{Heap before GC invocations=51 (full 0):
 garbage-first heap   total 183296K, used 153025K [0x0000000080000000, 0x0000000100000000)
  region size 1024K, 39 young (39936K), 1 survivors (1024K)
 Metaspace       used 92976K, committed 93824K, reserved 503808K
  class space    used 12760K, committed 13120K, reserved 421888K
}
Event: 111.237 GC heap after
{Heap after GC invocations=52 (full 0):
 garbage-first heap   total 183296K, used 120787K [0x0000000080000000, 0x0000000100000000)
  region size 1024K, 5 young (5120K), 5 survivors (5120K)
 Metaspace       used 92976K, committed 93824K, reserved 503808K
  class space    used 12760K, committed 13120K, reserved 421888K
}
Event: 112.340 GC heap before
{Heap before GC invocations=52 (full 0):
 garbage-first heap   total 183296K, used 151507K [0x0000000080000000, 0x0000000100000000)
  region size 1024K, 35 young (35840K), 5 survivors (5120K)
 Metaspace       used 95660K, committed 96512K, reserved 512000K
  class space    used 13056K, committed 13440K, reserved 421888K
}
Event: 112.346 GC heap after
{Heap after GC invocations=53 (full 0):
 garbage-first heap   total 183296K, used 123074K [0x0000000080000000, 0x0000000100000000)
  region size 1024K, 2 young (2048K), 2 survivors (2048K)
 Metaspace       used 95660K, committed 96512K, reserved 512000K
  class space    used 13056K, committed 13440K, reserved 421888K
}
Event: 112.936 GC heap before
{Heap before GC invocations=53 (full 0):
 garbage-first heap   total 183296K, used 152770K [0x0000000080000000, 0x0000000100000000)
  region size 1024K, 31 young (31744K), 2 survivors (2048K)
 Metaspace       used 97233K, committed 98176K, reserved 512000K
  class space    used 13305K, committed 13760K, reserved 421888K
}
Event: 112.940 GC heap after
{Heap after GC invocations=54 (full 0):
 garbage-first heap   total 183296K, used 124402K [0x0000000080000000, 0x0000000100000000)
  region size 1024K, 4 young (4096K), 4 survivors (4096K)
 Metaspace       used 97233K, committed 98176K, reserved 512000K
  class space    used 13305K, committed 13760K, reserved 421888K
}
Event: 113.519 GC heap before
{Heap before GC invocations=55 (full 0):
 garbage-first heap   total 220160K, used 150002K [0x0000000080000000, 0x0000000100000000)
  region size 1024K, 29 young (29696K), 4 survivors (4096K)
 Metaspace       used 98496K, committed 99392K, reserved 512000K
  class space    used 13480K, committed 13888K, reserved 421888K
}
Event: 113.525 GC heap after
{Heap after GC invocations=56 (full 0):
 garbage-first heap   total 220160K, used 126534K [0x0000000080000000, 0x0000000100000000)
  region size 1024K, 4 young (4096K), 4 survivors (4096K)
 Metaspace       used 98496K, committed 99392K, reserved 512000K
  class space    used 13480K, committed 13888K, reserved 421888K
}
Event: 113.635 GC heap before
{Heap before GC invocations=56 (full 0):
 garbage-first heap   total 220160K, used 132678K [0x0000000080000000, 0x0000000100000000)
  region size 1024K, 10 young (10240K), 4 survivors (4096K)
 Metaspace       used 98749K, committed 99648K, reserved 512000K
  class space    used 13514K, committed 13952K, reserved 421888K
}
Event: 113.641 GC heap after
{Heap after GC invocations=57 (full 0):
 garbage-first heap   total 220160K, used 126071K [0x0000000080000000, 0x0000000100000000)
  region size 1024K, 2 young (2048K), 2 survivors (2048K)
 Metaspace       used 98749K, committed 99648K, reserved 512000K
  class space    used 13514K, committed 13952K, reserved 421888K
}
Event: 114.315 GC heap before
{Heap before GC invocations=57 (full 0):
 garbage-first heap   total 220160K, used 177271K [0x0000000080000000, 0x0000000100000000)
  region size 1024K, 52 young (53248K), 2 survivors (2048K)
 Metaspace       used 98986K, committed 99840K, reserved 512000K
  class space    used 13536K, committed 13952K, reserved 421888K
}

Dll operation events (11 events):
Event: 0.018 Loaded shared library C:\Program Files\OpenLogic\jre-17.0.5.8-hotspot\bin\java.dll
Event: 0.093 Loaded shared library C:\Program Files\OpenLogic\jre-17.0.5.8-hotspot\bin\jsvml.dll
Event: 0.345 Loaded shared library C:\Program Files\OpenLogic\jre-17.0.5.8-hotspot\bin\net.dll
Event: 0.348 Loaded shared library C:\Program Files\OpenLogic\jre-17.0.5.8-hotspot\bin\nio.dll
Event: 0.362 Loaded shared library C:\Program Files\OpenLogic\jre-17.0.5.8-hotspot\bin\zip.dll
Event: 1.517 Loaded shared library C:\Program Files\OpenLogic\jre-17.0.5.8-hotspot\bin\jimage.dll
Event: 1.684 Loaded shared library C:\Program Files\OpenLogic\jre-17.0.5.8-hotspot\bin\verify.dll
Event: 2.807 Loaded shared library C:\Users\abhij\.gradle\native\68d5fa5c4cc2d200863cafc0d521ce42e7d3e7ee720ec0a83991735586a16f82\windows-amd64\native-platform.dll
Event: 2.851 Loaded shared library C:\Users\abhij\.gradle\native\e376f236ea51e6404a007f0833ffe2c6e607c4080706a723a18a27aeea778392\windows-amd64\native-platform-file-events.dll
Event: 5.146 Loaded shared library C:\Program Files\OpenLogic\jre-17.0.5.8-hotspot\bin\management.dll
Event: 5.149 Loaded shared library C:\Program Files\OpenLogic\jre-17.0.5.8-hotspot\bin\management_ext.dll

Deoptimization events (20 events):
Event: 113.003 Thread 0x000002a1dfee9140 DEOPT PACKING pc=0x000002a1cf127478 sp=0x000000f8b05f5d60
Event: 113.003 Thread 0x000002a1dfee9140 DEOPT UNPACKING pc=0x000002a1c7085ba3 sp=0x000000f8b05f5d48 mode 2
Event: 113.111 Thread 0x000002a1dfee9140 Uncommon trap: trap_request=0xfffffff4 fr.pc=0x000002a1cf12f20c relative=0x000000000000016c
Event: 113.111 Thread 0x000002a1dfee9140 Uncommon trap: reason=null_check action=make_not_entrant pc=0x000002a1cf12f20c method=org.gradle.internal.instantiation.generator.AbstractClassGenerator.isPropertyType(Ljava/lang/Class;)Z @ 12 c2
Event: 113.111 Thread 0x000002a1dfee9140 DEOPT PACKING pc=0x000002a1cf12f20c sp=0x000000f8b05f5d20
Event: 113.111 Thread 0x000002a1dfee9140 DEOPT UNPACKING pc=0x000002a1c7085ba3 sp=0x000000f8b05f5cd0 mode 2
Event: 113.138 Thread 0x000002a1dfee9140 Uncommon trap: trap_request=0xfffffff4 fr.pc=0x000002a1cf130114 relative=0x0000000000000174
Event: 113.138 Thread 0x000002a1dfee9140 Uncommon trap: reason=null_check action=make_not_entrant pc=0x000002a1cf130114 method=org.gradle.internal.instantiation.generator.AbstractClassGenerator.isPropertyType(Ljava/lang/Class;)Z @ 21 c2
Event: 113.138 Thread 0x000002a1dfee9140 DEOPT PACKING pc=0x000002a1cf130114 sp=0x000000f8b05f5d70
Event: 113.139 Thread 0x000002a1dfee9140 DEOPT UNPACKING pc=0x000002a1c7085ba3 sp=0x000000f8b05f5d10 mode 2
Event: 113.474 Thread 0x000002a1dfee9140 Uncommon trap: trap_request=0xfffffff4 fr.pc=0x000002a1cf142408 relative=0x0000000000000a28
Event: 113.474 Thread 0x000002a1dfee9140 Uncommon trap: reason=null_check action=make_not_entrant pc=0x000002a1cf142408 method=org.gradle.internal.instantiation.generator.AbstractClassGenerator$DslMixInPropertyType.visitProperty(Lorg/gradle/internal/instantiation/generator/AbstractClassGenerator
Event: 113.474 Thread 0x000002a1dfee9140 DEOPT PACKING pc=0x000002a1cf142408 sp=0x000000f8b05f5d50
Event: 113.477 Thread 0x000002a1dfee9140 DEOPT UNPACKING pc=0x000002a1c7085ba3 sp=0x000000f8b05f5d28 mode 2
Event: 113.668 Thread 0x000002a1dfee9140 DEOPT PACKING pc=0x000002a1c807f62d sp=0x000000f8b05f6240
Event: 113.668 Thread 0x000002a1dfee9140 DEOPT UNPACKING pc=0x000002a1c70866e3 sp=0x000000f8b05f56a0 mode 0
Event: 114.187 Thread 0x000002a1dfee9140 DEOPT PACKING pc=0x000002a1c8746ba9 sp=0x000000f8b05f63f0
Event: 114.187 Thread 0x000002a1dfee9140 DEOPT UNPACKING pc=0x000002a1c70866e3 sp=0x000000f8b05f58a0 mode 0
Event: 114.281 Thread 0x000002a1dfee9140 DEOPT PACKING pc=0x000002a1c8746ba9 sp=0x000000f8b05f6430
Event: 114.281 Thread 0x000002a1dfee9140 DEOPT UNPACKING pc=0x000002a1c70866e3 sp=0x000000f8b05f58e0 mode 0

Classes unloaded (0 events):
No events

Classes redefined (0 events):
No events

Internal exceptions (20 events):
Event: 114.270 Thread 0x000002a1dfee9140 Exception <a 'java/lang/ClassNotFoundException'{0x000000008a61a440}: com/android/build/gradle/tasks/MapSourceSetPathsTask_DecoratedBeanInfo> (0x000000008a61a440) 
thrown [s\src\hotspot\share\classfile\systemDictionary.cpp, line 256]
Event: 114.271 Thread 0x000002a1dfee9140 Exception <a 'java/lang/ClassNotFoundException'{0x000000008a628048}: com/android/build/gradle/tasks/MapSourceSetPathsTaskBeanInfo> (0x000000008a628048) 
thrown [s\src\hotspot\share\classfile\systemDictionary.cpp, line 256]
Event: 114.271 Thread 0x000002a1dfee9140 Exception <a 'java/lang/ClassNotFoundException'{0x000000008a634ee8}: com/android/build/gradle/tasks/MapSourceSetPathsTaskCustomizer> (0x000000008a634ee8) 
thrown [s\src\hotspot\share\classfile\systemDictionary.cpp, line 256]
Event: 114.275 Thread 0x000002a1dfee9140 Exception <a 'java/lang/ClassNotFoundException'{0x000000008a664060}: com/android/build/gradle/tasks/MapSourceSetPathsTask_DecoratedCustomizer> (0x000000008a664060) 
thrown [s\src\hotspot\share\classfile\systemDictionary.cpp, line 256]
Event: 114.282 Thread 0x000002a1dfee9140 Exception <a 'java/lang/ClassNotFoundException'{0x000000008a50d120}: com/android/build/gradle/tasks/MergeSourceSetFolders_DecoratedBeanInfo> (0x000000008a50d120) 
thrown [s\src\hotspot\share\classfile\systemDictionary.cpp, line 256]
Event: 114.283 Thread 0x000002a1dfee9140 Exception <a 'java/lang/ClassNotFoundException'{0x000000008a51ad28}: com/android/build/gradle/tasks/MergeSourceSetFoldersBeanInfo> (0x000000008a51ad28) 
thrown [s\src\hotspot\share\classfile\systemDictionary.cpp, line 256]
Event: 114.284 Thread 0x000002a1dfee9140 Exception <a 'java/lang/ClassNotFoundException'{0x000000008a527bc8}: com/android/build/gradle/tasks/MergeSourceSetFoldersCustomizer> (0x000000008a527bc8) 
thrown [s\src\hotspot\share\classfile\systemDictionary.cpp, line 256]
Event: 114.286 Thread 0x000002a1dfee9140 Exception <a 'java/lang/ClassNotFoundException'{0x000000008a556d58}: com/android/build/gradle/tasks/MergeSourceSetFolders_DecoratedCustomizer> (0x000000008a556d58) 
thrown [s\src\hotspot\share\classfile\systemDictionary.cpp, line 256]
Event: 114.291 Thread 0x000002a1dfee9140 Exception <a 'java/lang/ClassNotFoundException'{0x000000008a5e95e8}: com/android/build/gradle/internal/tasks/MergeFileTask_DecoratedBeanInfo> (0x000000008a5e95e8) 
thrown [s\src\hotspot\share\classfile\systemDictionary.cpp, line 256]
Event: 114.291 Thread 0x000002a1dfee9140 Exception <a 'java/lang/ClassNotFoundException'{0x000000008a5f72f8}: com/android/build/gradle/internal/tasks/MergeFileTaskBeanInfo> (0x000000008a5f72f8) 
thrown [s\src\hotspot\share\classfile\systemDictionary.cpp, line 256]
Event: 114.292 Thread 0x000002a1dfee9140 Exception <a 'java/lang/ClassNotFoundException'{0x000000008a404870}: com/android/build/gradle/internal/tasks/MergeFileTaskCustomizer> (0x000000008a404870) 
thrown [s\src\hotspot\share\classfile\systemDictionary.cpp, line 256]
Event: 114.293 Thread 0x000002a1dfee9140 Exception <a 'java/lang/ClassNotFoundException'{0x000000008a4225f8}: com/android/build/gradle/internal/tasks/MergeFileTask_DecoratedCustomizer> (0x000000008a4225f8) 
thrown [s\src\hotspot\share\classfile\systemDictionary.cpp, line 256]
Event: 114.296 Thread 0x000002a1dfee9140 Exception <a 'java/lang/ClassNotFoundException'{0x000000008a4b2180}: com/android/build/gradle/internal/tasks/MergeJavaResourceTask_DecoratedBeanInfo> (0x000000008a4b2180) 
thrown [s\src\hotspot\share\classfile\systemDictionary.cpp, line 256]
Event: 114.306 Thread 0x000002a1dfee9140 Exception <a 'java/lang/ClassNotFoundException'{0x000000008a4bff80}: com/android/build/gradle/internal/tasks/MergeJavaResourceTaskBeanInfo> (0x000000008a4bff80) 
thrown [s\src\hotspot\share\classfile\systemDictionary.cpp, line 256]
Event: 114.306 Thread 0x000002a1dfee9140 Exception <a 'java/lang/ClassNotFoundException'{0x000000008a4cd070}: com/android/build/gradle/internal/tasks/MergeJavaResourceTaskCustomizer> (0x000000008a4cd070) 
thrown [s\src\hotspot\share\classfile\systemDictionary.cpp, line 256]
Event: 114.308 Thread 0x000002a1dfee9140 Exception <a 'java/lang/ClassNotFoundException'{0x000000008a301430}: com/android/build/gradle/internal/tasks/MergeJavaResourceTask_DecoratedCustomizer> (0x000000008a301430) 
thrown [s\src\hotspot\share\classfile\systemDictionary.cpp, line 256]
Event: 114.312 Thread 0x000002a1dfee9140 Exception <a 'java/lang/ClassNotFoundException'{0x000000008a39cee8}: com/android/build/gradle/internal/tasks/MergeNativeLibsTask_DecoratedBeanInfo> (0x000000008a39cee8) 
thrown [s\src\hotspot\share\classfile\systemDictionary.cpp, line 256]
Event: 114.313 Thread 0x000002a1dfee9140 Exception <a 'java/lang/ClassNotFoundException'{0x000000008a3aace0}: com/android/build/gradle/internal/tasks/MergeNativeLibsTaskBeanInfo> (0x000000008a3aace0) 
thrown [s\src\hotspot\share\classfile\systemDictionary.cpp, line 256]
Event: 114.313 Thread 0x000002a1dfee9140 Exception <a 'java/lang/ClassNotFoundException'{0x000000008a3b7d60}: com/android/build/gradle/internal/tasks/MergeNativeLibsTaskCustomizer> (0x000000008a3b7d60) 
thrown [s\src\hotspot\share\classfile\systemDictionary.cpp, line 256]
Event: 114.314 Thread 0x000002a1dfee9140 Exception <a 'java/lang/ClassNotFoundException'{0x000000008a3e2800}: com/android/build/gradle/internal/tasks/MergeNativeLibsTask_DecoratedCustomizer> (0x000000008a3e2800) 
thrown [s\src\hotspot\share\classfile\systemDictionary.cpp, line 256]

VM Operations (20 events):
Event: 110.749 Executing VM operation: HandshakeAllThreads done
Event: 111.230 Executing VM operation: G1CollectForAllocation
Event: 111.249 Executing VM operation: G1CollectForAllocation done
Event: 111.622 Executing VM operation: HandshakeAllThreads
Event: 111.623 Executing VM operation: HandshakeAllThreads done
Event: 112.340 Executing VM operation: G1CollectForAllocation
Event: 112.346 Executing VM operation: G1CollectForAllocation done
Event: 112.530 Executing VM operation: HandshakeAllThreads
Event: 112.539 Executing VM operation: HandshakeAllThreads done
Event: 112.936 Executing VM operation: G1CollectForAllocation
Event: 112.941 Executing VM operation: G1CollectForAllocation done
Event: 113.078 Executing VM operation: G1Concurrent
Event: 113.085 Executing VM operation: G1Concurrent done
Event: 113.157 Executing VM operation: G1Concurrent
Event: 113.157 Executing VM operation: G1Concurrent done
Event: 113.519 Executing VM operation: G1CollectForAllocation
Event: 113.525 Executing VM operation: G1CollectForAllocation done
Event: 113.635 Executing VM operation: G1CollectForAllocation
Event: 113.641 Executing VM operation: G1CollectForAllocation done
Event: 114.315 Executing VM operation: G1CollectForAllocation

Events (20 events):
Event: 112.547 Thread 0x000002a1dd9e7150 flushing nmethod 0x000002a1c79e9390
Event: 112.548 Thread 0x000002a1dd9e7150 flushing nmethod 0x000002a1c7a1f410
Event: 112.548 Thread 0x000002a1dd9e7150 flushing nmethod 0x000002a1c7a49310
Event: 112.548 Thread 0x000002a1dd9e7150 flushing nmethod 0x000002a1c7a79210
Event: 112.549 Thread 0x000002a1dd9e7150 flushing nmethod 0x000002a1c7b67810
Event: 112.549 Thread 0x000002a1dd9e7150 flushing nmethod 0x000002a1c7bcf610
Event: 112.549 Thread 0x000002a1dd9e7150 flushing nmethod 0x000002a1c7bd0990
Event: 112.549 Thread 0x000002a1dd9e7150 flushing nmethod 0x000002a1c7c33c90
Event: 112.549 Thread 0x000002a1dd9e7150 flushing nmethod 0x000002a1c7c36b10
Event: 112.550 Thread 0x000002a1dd9e7150 flushing nmethod 0x000002a1c7cc7b90
Event: 112.550 Thread 0x000002a1dd9e7150 flushing nmethod 0x000002a1c7d1cc90
Event: 112.550 Thread 0x000002a1dd9e7150 flushing nmethod 0x000002a1c7d28510
Event: 112.550 Thread 0x000002a1dd9e7150 flushing nmethod 0x000002a1c7d29210
Event: 112.551 Thread 0x000002a1dd9e7150 flushing nmethod 0x000002a1c7ddeb90
Event: 112.554 Thread 0x000002a1dd9e7150 flushing nmethod 0x000002a1c8061b90
Event: 112.563 Thread 0x000002a1dd9e7150 flushing nmethod 0x000002a1c8743610
Event: 113.296 loading class java/util/zip/ZipOutputStream
Event: 113.296 loading class java/util/zip/ZipOutputStream done
Event: 113.585 loading class java/security/cert/CertificateEncodingException
Event: 113.586 loading class java/security/cert/CertificateEncodingException done


Dynamic libraries:
0x00007ff6e5640000 - 0x00007ff6e564e000 	C:\Program Files\OpenLogic\jre-17.0.5.8-hotspot\bin\java.exe
0x00007ffac8ad0000 - 0x00007ffac8ce7000 	C:\WINDOWS\SYSTEM32\ntdll.dll
0x00007ffac7f10000 - 0x00007ffac7fd4000 	C:\WINDOWS\System32\KERNEL32.DLL
0x00007ffac61f0000 - 0x00007ffac6596000 	C:\WINDOWS\System32\KERNELBASE.dll
0x00007ffa945f0000 - 0x00007ffa94607000 	C:\Program Files\OpenLogic\jre-17.0.5.8-hotspot\bin\jli.dll
0x00007ffac5ef0000 - 0x00007ffac6001000 	C:\WINDOWS\System32\ucrtbase.dll
0x00007ffac8440000 - 0x00007ffac85ed000 	C:\WINDOWS\System32\USER32.dll
0x00007ffa49e10000 - 0x00007ffa49e2b000 	C:\Program Files\OpenLogic\jre-17.0.5.8-hotspot\bin\VCRUNTIME140.dll
0x00007ffac65a0000 - 0x00007ffac65c6000 	C:\WINDOWS\System32\win32u.dll
0x00007ffac7840000 - 0x00007ffac7869000 	C:\WINDOWS\System32\GDI32.dll
0x00007ffaaed00000 - 0x00007ffaaef93000 	C:\WINDOWS\WinSxS\amd64_microsoft.windows.common-controls_6595b64144ccf1df_6.0.22621.2361_none_2712ced57382f843\COMCTL32.dll
0x00007ffac65d0000 - 0x00007ffac66e8000 	C:\WINDOWS\System32\gdi32full.dll
0x00007ffac8350000 - 0x00007ffac83f7000 	C:\WINDOWS\System32\msvcrt.dll
0x00007ffac5e50000 - 0x00007ffac5eea000 	C:\WINDOWS\System32\msvcp_win.dll
0x00007ffac8400000 - 0x00007ffac8431000 	C:\WINDOWS\System32\IMM32.DLL
0x00007ffaaeb10000 - 0x00007ffaaeb1c000 	C:\Program Files\OpenLogic\jre-17.0.5.8-hotspot\bin\vcruntime140_1.dll
0x00007ffa49790000 - 0x00007ffa4981d000 	C:\Program Files\OpenLogic\jre-17.0.5.8-hotspot\bin\msvcp140.dll
0x00007ffa3b580000 - 0x00007ffa3c1db000 	C:\Program Files\OpenLogic\jre-17.0.5.8-hotspot\bin\server\jvm.dll
0x00007ffac87f0000 - 0x00007ffac88a0000 	C:\WINDOWS\System32\ADVAPI32.dll
0x00007ffac89c0000 - 0x00007ffac8a66000 	C:\WINDOWS\System32\sechost.dll
0x00007ffac6840000 - 0x00007ffac6957000 	C:\WINDOWS\System32\RPCRT4.dll
0x00007ffa97b10000 - 0x00007ffa97b19000 	C:\WINDOWS\SYSTEM32\WSOCK32.dll
0x00007ffabb530000 - 0x00007ffabb564000 	C:\WINDOWS\SYSTEM32\WINMM.dll
0x00007ffac7a10000 - 0x00007ffac7a81000 	C:\WINDOWS\System32\WS2_32.dll
0x00007ffaba0d0000 - 0x00007ffaba0da000 	C:\WINDOWS\SYSTEM32\VERSION.dll
0x00007ffac4e30000 - 0x00007ffac4e48000 	C:\WINDOWS\SYSTEM32\kernel.appcore.dll
0x00007ffa97a50000 - 0x00007ffa97a5a000 	C:\Program Files\OpenLogic\jre-17.0.5.8-hotspot\bin\jimage.dll
0x00007ffac35e0000 - 0x00007ffac380e000 	C:\WINDOWS\SYSTEM32\DBGHELP.DLL
0x00007ffac6960000 - 0x00007ffac6cea000 	C:\WINDOWS\System32\combase.dll
0x00007ffac8100000 - 0x00007ffac81d7000 	C:\WINDOWS\System32\OLEAUT32.dll
0x00007ffaa5000000 - 0x00007ffaa5032000 	C:\WINDOWS\SYSTEM32\dbgcore.DLL
0x00007ffac66f0000 - 0x00007ffac676a000 	C:\WINDOWS\System32\bcryptPrimitives.dll
0x00007ffa49c60000 - 0x00007ffa49c85000 	C:\Program Files\OpenLogic\jre-17.0.5.8-hotspot\bin\java.dll
0x00007ffa49c40000 - 0x00007ffa49c58000 	C:\Program Files\OpenLogic\jre-17.0.5.8-hotspot\bin\zip.dll
0x00007ffa496b0000 - 0x00007ffa49786000 	C:\Program Files\OpenLogic\jre-17.0.5.8-hotspot\bin\jsvml.dll
0x00007ffac6d70000 - 0x00007ffac75c8000 	C:\WINDOWS\System32\SHELL32.dll
0x00007ffac3db0000 - 0x00007ffac46a2000 	C:\WINDOWS\SYSTEM32\windows.storage.dll
0x00007ffac3c70000 - 0x00007ffac3dae000 	C:\WINDOWS\SYSTEM32\wintypes.dll
0x00007ffac8250000 - 0x00007ffac8343000 	C:\WINDOWS\System32\SHCORE.dll
0x00007ffac6d10000 - 0x00007ffac6d6e000 	C:\WINDOWS\System32\shlwapi.dll
0x00007ffac5d80000 - 0x00007ffac5da6000 	C:\WINDOWS\SYSTEM32\profapi.dll
0x00007ffa49c20000 - 0x00007ffa49c39000 	C:\Program Files\OpenLogic\jre-17.0.5.8-hotspot\bin\net.dll
0x00007ffabca30000 - 0x00007ffabcb67000 	C:\WINDOWS\SYSTEM32\WINHTTP.dll
0x00007ffac5380000 - 0x00007ffac53e9000 	C:\WINDOWS\system32\mswsock.dll
0x00007ffa49980000 - 0x00007ffa49996000 	C:\Program Files\OpenLogic\jre-17.0.5.8-hotspot\bin\nio.dll
0x00007ffaa6540000 - 0x00007ffaa6550000 	C:\Program Files\OpenLogic\jre-17.0.5.8-hotspot\bin\verify.dll
0x00007ffa86c10000 - 0x00007ffa86c37000 	C:\Users\abhij\.gradle\native\68d5fa5c4cc2d200863cafc0d521ce42e7d3e7ee720ec0a83991735586a16f82\windows-amd64\native-platform.dll
0x00007ffa3d1a0000 - 0x00007ffa3d2e4000 	C:\Users\abhij\.gradle\native\e376f236ea51e6404a007f0833ffe2c6e607c4080706a723a18a27aeea778392\windows-amd64\native-platform-file-events.dll
0x00007ffa94610000 - 0x00007ffa94619000 	C:\Program Files\OpenLogic\jre-17.0.5.8-hotspot\bin\management.dll
0x00007ffa945c0000 - 0x00007ffa945cb000 	C:\Program Files\OpenLogic\jre-17.0.5.8-hotspot\bin\management_ext.dll
0x00007ffac6830000 - 0x00007ffac6838000 	C:\WINDOWS\System32\PSAPI.DLL
0x00007ffac55d0000 - 0x00007ffac55eb000 	C:\WINDOWS\SYSTEM32\CRYPTSP.dll
0x00007ffac4df0000 - 0x00007ffac4e25000 	C:\WINDOWS\system32\rsaenh.dll
0x00007ffac5470000 - 0x00007ffac549c000 	C:\WINDOWS\SYSTEM32\USERENV.dll
0x00007ffac5810000 - 0x00007ffac5838000 	C:\WINDOWS\SYSTEM32\bcrypt.dll
0x00007ffac5600000 - 0x00007ffac560c000 	C:\WINDOWS\SYSTEM32\CRYPTBASE.dll
0x00007ffac4910000 - 0x00007ffac493d000 	C:\WINDOWS\SYSTEM32\IPHLPAPI.DLL
0x00007ffac6cf0000 - 0x00007ffac6cf9000 	C:\WINDOWS\System32\NSI.dll
0x00007ffaba130000 - 0x00007ffaba149000 	C:\WINDOWS\SYSTEM32\dhcpcsvc6.DLL
0x00007ffaba110000 - 0x00007ffaba12f000 	C:\WINDOWS\SYSTEM32\dhcpcsvc.DLL
0x00007ffac4980000 - 0x00007ffac4a79000 	C:\WINDOWS\SYSTEM32\DNSAPI.dll
0x00007ffa94620000 - 0x00007ffa94628000 	C:\WINDOWS\system32\wshunix.dll

dbghelp: loaded successfully - version: 4.0.5 - missing functions: none
symbol engine: initialized successfully - sym options: 0x614 - pdb path: .;C:\Program Files\OpenLogic\jre-17.0.5.8-hotspot\bin;C:\WINDOWS\SYSTEM32;C:\WINDOWS\WinSxS\amd64_microsoft.windows.common-controls_6595b64144ccf1df_6.0.22621.2361_none_2712ced57382f843;C:\Program Files\OpenLogic\jre-17.0.5.8-hotspot\bin\server;C:\Users\abhij\.gradle\native\68d5fa5c4cc2d200863cafc0d521ce42e7d3e7ee720ec0a83991735586a16f82\windows-amd64;C:\Users\abhij\.gradle\native\e376f236ea51e6404a007f0833ffe2c6e607c4080706a723a18a27aeea778392\windows-amd64

VM Arguments:
jvm_args: -XX:MaxMetaspaceSize=512m --add-opens=java.base/java.util=ALL-UNNAMED --add-opens=java.base/java.lang=ALL-UNNAMED --add-opens=java.base/java.lang.invoke=ALL-UNNAMED --add-opens=java.prefs/java.util.prefs=ALL-UNNAMED --add-opens=java.base/java.nio.charset=ALL-UNNAMED --add-opens=java.base/java.net=ALL-UNNAMED --add-opens=java.base/java.util.concurrent.atomic=ALL-UNNAMED -Xmx2048m -Dfile.encoding=windows-1252 -Duser.country=IN -Duser.language=en -Duser.variant 
java_command: org.gradle.launcher.daemon.bootstrap.GradleDaemon 8.0.1
java_class_path (initial): C:\Users\abhij\.gradle\wrapper\dists\gradle-8.0.1-all\aro4hu1c3oeioove7l0i4i14o\gradle-8.0.1\lib\gradle-launcher-8.0.1.jar
Launcher Type: SUN_STANDARD

[Global flags]
     intx CICompilerCount                          = 4                                         {product} {ergonomic}
   size_t CompressedClassSpaceSize                 = 432013312                                 {product} {ergonomic}
     uint ConcGCThreads                            = 2                                         {product} {ergonomic}
     uint G1ConcRefinementThreads                  = 8                                         {product} {ergonomic}
   size_t G1HeapRegionSize                         = 1048576                                   {product} {ergonomic}
    uintx GCDrainStackTargetSize                   = 64                                        {product} {ergonomic}
   size_t InitialHeapSize                          = 132120576                                 {product} {ergonomic}
   size_t MarkStackSize                            = 4194304                                   {product} {ergonomic}
   size_t MaxHeapSize                              = 2147483648                                {product} {command line}
   size_t MaxMetaspaceSize                         = 536870912                                 {product} {command line}
   size_t MaxNewSize                               = 1287651328                                {product} {ergonomic}
   size_t MinHeapDeltaBytes                        = 1048576                                   {product} {ergonomic}
   size_t MinHeapSize                              = 8388608                                   {product} {ergonomic}
    uintx NonNMethodCodeHeapSize                   = 5839372                                {pd product} {ergonomic}
    uintx NonProfiledCodeHeapSize                  = 122909434                              {pd product} {ergonomic}
    uintx ProfiledCodeHeapSize                     = 122909434                              {pd product} {ergonomic}
    uintx ReservedCodeCacheSize                    = 251658240                              {pd product} {ergonomic}
     bool SegmentedCodeCache                       = true                                      {product} {ergonomic}
   size_t SoftMaxHeapSize                          = 2147483648                             {manageable} {ergonomic}
     bool UseCompressedClassPointers               = true                           {product lp64_product} {ergonomic}
     bool UseCompressedOops                        = true                           {product lp64_product} {ergonomic}
     bool UseG1GC                                  = true                                      {product} {ergonomic}
     bool UseLargePagesIndividualAllocation        = false                                  {pd product} {ergonomic}

Logging:
Log output configuration:
 #0: stdout all=warning uptime,level,tags
 #1: stderr all=off uptime,level,tags

Environment Variables:
JAVA_HOME=C:\Program Files\OpenLogic\jre-17.0.5.8-hotspot\
CLASSPATH=D:\TikTok\reelBanao\android\\gradle\wrapper\gradle-wrapper.jar
PATH=D:\TikTok\reelBanao\node_modules\.bin;D:\TikTok\reelBanao\node_modules\.bin;D:\TikTok\node_modules\.bin;D:\node_modules\.bin;C:\Program Files\nodejs\node_modules\npm\node_modules\@npmcli\run-script\lib\node-gyp-bin;D:\TikTok\reelBanao\node_modules\.bin;D:\TikTok\node_modules\.bin;D:\node_modules\.bin;C:\Program Files\nodejs\node_modules\npm\node_modules\@npmcli\run-script\lib\node-gyp-bin;C:\Program Files\Python311\Scripts\;C:\Program Files\Python311\;C:\Program Files\OpenLogic\jre-17.0.5.8-hotspot\bin;C:\WINDOWS\system32;C:\WINDOWS;C:\WINDOWS\System32\Wbem;C:\WINDOWS\System32\WindowsPowerShell\v1.0\;C:\WINDOWS\System32\OpenSSH\;C:\Program Files\Git\cmd;C:\Users\abhij\Downloads\mongosh-1.8.0-win32-x64\mongosh-1.8.0-win32-x64\bin;C:\Program Files\MongoDB\Server\6.0\bin;C:\Program Files\MongoDB\Server\6.0\bin;C:\Program Files\nodejs\;C:\ProgramData\chocolatey\bin;C:\Program Files\Go\bin;C:\Users\abhij\AppData\Local\Microsoft\WindowsApps;C:\Users\abhij\AppData\Local\Programs\Microsoft VS Code\bin;C:\Users\abhij\AppData\Local\GitHubDesktop\bin;C:\Users\abhij\AppData\Roaming\npm;C:\Users\abhij\AppData\Local\Android\Sdk;C:\Users\abhij\AppData\Local\Android\Sdk\platform-tools;C:\Users\abhij\AppData\Local\Android\Sdk\emulator;C:\Users\abhij\AppData\Local\Android\Sdk\tools;C:\Users\abhij\AppData\Local\Android\Sdk\tools\bin;C:\Users\abhij\go\bin
USERNAME=abhij
OS=Windows_NT
PROCESSOR_IDENTIFIER=Intel64 Family 6 Model 140 Stepping 1, GenuineIntel
TMP=C:\Users\abhij\AppData\Local\Temp
TEMP=C:\Users\abhij\AppData\Local\Temp



---------------  S Y S T E M  ---------------

OS:
 Windows 11 , 64 bit Build 22621 (10.0.22621.2428)
OS uptime: 0 days 5:04 hours

CPU: total 8 (initial active 8) (4 cores per cpu, 2 threads per core) family 6 model 140 stepping 1 microcode 0x86, cx8, cmov, fxsr, ht, mmx, 3dnowpref, sse, sse2, sse3, ssse3, sse4.1, sse4.2, popcnt, lzcnt, tsc, tscinvbit, avx, avx2, aes, erms, clmul, bmi1, bmi2, adx, avx512f, avx512dq, avx512cd, avx512bw, avx512vl, sha, fma, vzeroupper, avx512_vpopcntdq, avx512_vpclmulqdq, avx512_vaes, avx512_vnni, clflush, clflushopt, clwb, avx512_vbmi2, avx512_vbmi

Memory: 4k page, system-wide physical 7975M (125M free)
TotalPageFile size 26725M (AvailPageFile size 13M)
current process WorkingSet (physical memory assigned to process): 391M, peak: 392M
current process commit charge ("private bytes"): 515M, peak: 557M

vm_info: OpenJDK 64-Bit Server VM (17.0.5+8-adhoc..jdk17u) for windows-amd64 JRE (17.0.5+8-adhoc..jdk17u), built on Jun  8 2023 10:23:55 by "" with MS VC++ 16.10 / 16.11 (VS2019)

END.
