#
# There is insufficient memory for the Java Runtime Environment to continue.
# Native memory allocation (mmap) failed to map 282066944 bytes for G1 virtual space
# Possible reasons:
#   The system is out of physical RAM or swap space
#   The process is running with CompressedOops enabled, and the Java Heap may be blocking the growth of the native heap
# Possible solutions:
#   Reduce memory load on the system
#   Increase physical memory or swap space
#   Check if swap backing store is full
#   Decrease Java heap size (-Xmx/-Xms)
#   Decrease number of Java threads
#   Decrease Java thread stack sizes (-Xss)
#   Set larger code cache with -XX:ReservedCodeCacheSize=
#   JVM is running with Unscaled Compressed Oops mode in which the Java heap is
#     placed in the first 4GB address space. The Java Heap base address is the
#     maximum limit for the native heap growth. Please use -XX:HeapBaseMinAddress
#     to set the Java Heap base and to place the Java Heap above 4GB virtual address.
# This output file may be truncated or incomplete.
#
#  Out of Memory Error (os_windows.cpp:3548), pid=8860, tid=19368
#
# JRE version: OpenJDK Runtime Environment OpenLogic-OpenJDK (17.0.5+8) (build 17.0.5+8-adhoc..jdk17u)
# Java VM: OpenJDK 64-Bit Server VM OpenLogic-OpenJDK (17.0.5+8-adhoc..jdk17u, mixed mode, tiered, compressed oops, compressed class ptrs, g1 gc, windows-amd64)
# No core dump will be written. Minidumps are not enabled by default on client versions of Windows
#

---------------  S U M M A R Y ------------

Command Line: -XX:MaxMetaspaceSize=512m --add-opens=java.base/java.util=ALL-UNNAMED --add-opens=java.base/java.lang=ALL-UNNAMED --add-opens=java.base/java.lang.invoke=ALL-UNNAMED --add-opens=java.prefs/java.util.prefs=ALL-UNNAMED --add-opens=java.base/java.nio.charset=ALL-UNNAMED --add-opens=java.base/java.net=ALL-UNNAMED --add-opens=java.base/java.util.concurrent.atomic=ALL-UNNAMED -Xmx2048m -Dfile.encoding=windows-1252 -Duser.country=IN -Duser.language=en -Duser.variant org.gradle.launcher.daemon.bootstrap.GradleDaemon 8.0.1

Host: 11th Gen Intel(R) Core(TM) i5-11300H @ 3.10GHz, 8 cores, 7G,  Windows 11 , 64 bit Build 22621 (10.0.22621.2428)
Time: Mon Nov  6 20:56:32 2023 India Standard Time elapsed time: 608.862388 seconds (0d 0h 10m 8s)

---------------  T H R E A D  ---------------

Current thread (0x000002622d75cc70):  VMThread "VM Thread" [stack: 0x000000f6d9900000,0x000000f6d9a00000] [id=19368]

Stack: [0x000000f6d9900000,0x000000f6d9a00000]
Native frames: (J=compiled Java code, j=interpreted, Vv=VM code, C=native code)
V  [jvm.dll+0x677b5a]
V  [jvm.dll+0x832c94]
V  [jvm.dll+0x83443e]
V  [jvm.dll+0x834aa3]
V  [jvm.dll+0x245035]
V  [jvm.dll+0x674a99]
V  [jvm.dll+0x66916a]
V  [jvm.dll+0x303fab]
V  [jvm.dll+0x30b466]
V  [jvm.dll+0x35b16e]
V  [jvm.dll+0x35b39f]
V  [jvm.dll+0x2daeb8]
V  [jvm.dll+0x2d9184]
V  [jvm.dll+0x2d878c]
V  [jvm.dll+0x31c51b]
V  [jvm.dll+0x838f7b]
V  [jvm.dll+0x839cb4]
V  [jvm.dll+0x83a1cd]
V  [jvm.dll+0x83a5a4]
V  [jvm.dll+0x83a670]
V  [jvm.dll+0x7e2b8a]
V  [jvm.dll+0x676a05]
C  [ucrtbase.dll+0x29363]
C  [KERNEL32.DLL+0x1257d]
C  [ntdll.dll+0x5aa78]

VM_Operation (0x000000f6e1ffbb50): G1CollectForAllocation, mode: safepoint, requested by thread 0x0000026230bd3260


---------------  P R O C E S S  ---------------

Threads class SMR info:
_java_thread_list=0x00000262337c0420, length=133, elements={
0x0000026213b1f690, 0x000002622d78eaa0, 0x000002622e422710, 0x000002622e44a5b0,
0x000002622e44cf80, 0x000002622e44f940, 0x000002622e4502f0, 0x000002622e451080,
0x000002622e451b20, 0x000002622e452510, 0x000002622e5dbbe0, 0x000002622e60be60,
0x000002622f98fb00, 0x0000026230fb1050, 0x000002623109b6b0, 0x000002622f958a60,
0x0000026230c103c0, 0x000002622ff9bb10, 0x000002622ff9bfe0, 0x000002622f0a2750,
0x000002622f09fc00, 0x000002622f0a18e0, 0x000002622f09f260, 0x000002622f0a00d0,
0x000002622f0a1410, 0x000002622f0a1db0, 0x000002622f09ed90, 0x000002622f0a2280,
0x0000026232aa9e00, 0x0000026232aa9930, 0x0000026232aa72b0, 0x0000026232aa8f90,
0x0000026232aa7780, 0x0000026232aa9460, 0x0000026232aaa2d0, 0x0000026232aaac70,
0x0000026232aa6910, 0x0000026232aabae0, 0x0000026232aa7c50, 0x0000026232aab610,
0x0000026232aabfb0, 0x0000026232aa6de0, 0x0000026232aa85f0, 0x0000026232aa8ac0,
0x0000026232aa4c30, 0x0000026232aac480, 0x000002622f584bd0, 0x000002622f57f060,
0x000002622f580870, 0x000002622f5850a0, 0x000002622f585570, 0x000002622f585a40,
0x000002622f57f530, 0x000002622f5868b0, 0x000002622f5863e0, 0x000002622f583d60,
0x000002622f584230, 0x000002622f580d40, 0x000002622f582080, 0x000002622f582ef0,
0x000002622f5803a0, 0x000002622f585f10, 0x000002622f57fa00, 0x000002622f583890,
0x000002622f57fed0, 0x000002622f5833c0, 0x000002622f584700, 0x000002622f581210,
0x000002622f5816e0, 0x000002622f582550, 0x0000026230e7f550, 0x0000026230e7fef0,
0x0000026230e7e6e0, 0x0000026230e838b0, 0x0000026230e81230, 0x0000026230e7c060,
0x0000026230e803c0, 0x0000026230e7ebb0, 0x0000026230e81bd0, 0x0000026230e80890,
0x0000026230e820a0, 0x0000026230e7f080, 0x0000026230e82570, 0x0000026230e7fa20,
0x0000026230e80d60, 0x0000026230e82a40, 0x0000026230e82f10, 0x0000026230e7c530,
0x0000026230e7d3a0, 0x0000026230e7ca00, 0x0000026230e7d870, 0x0000026230e7dd40,
0x0000026230cd3230, 0x0000026230cd3700, 0x0000026230cd4570, 0x0000026230cd2d60,
0x0000026230cd1080, 0x0000026230cce060, 0x0000026230cd1550, 0x0000026230cd0210,
0x0000026230cd06e0, 0x0000026230cd3bd0, 0x0000026230ccea00, 0x0000026230cceed0,
0x0000026230ccfd40, 0x0000026230cd2890, 0x0000026230ccf3a0, 0x0000026230cd40a0,
0x0000026230cd58b0, 0x0000026230cd53e0, 0x0000026230cce530, 0x0000026230ccf870,
0x0000026230cd0bb0, 0x0000026230cd1a20, 0x0000026230cd1ef0, 0x0000026230bcd6f0,
0x0000026230bd3730, 0x0000026230bcef00, 0x0000026230bd28c0, 0x0000026230bcdbc0,
0x0000026230bd0be0, 0x0000026230bd3260, 0x0000026230bce090, 0x0000026230bd1f20,
0x0000026230bce560, 0x0000026230bccd50, 0x0000026230bcf3d0, 0x0000026230bcea30,
0x0000026230bcd220, 0x0000026230bcf8a0, 0x0000026230bcfd70, 0x0000026230bd0240,
0x0000026230bd2d90
}

Java Threads: ( => current thread )
  0x0000026213b1f690 JavaThread "main" [_thread_blocked, id=15424, stack(0x000000f6d9300000,0x000000f6d9400000)]
  0x000002622d78eaa0 JavaThread "Reference Handler" daemon [_thread_blocked, id=13176, stack(0x000000f6d9a00000,0x000000f6d9b00000)]
  0x000002622e422710 JavaThread "Finalizer" daemon [_thread_blocked, id=22156, stack(0x000000f6d9b00000,0x000000f6d9c00000)]
  0x000002622e44a5b0 JavaThread "Signal Dispatcher" daemon [_thread_blocked, id=17092, stack(0x000000f6d9c00000,0x000000f6d9d00000)]
  0x000002622e44cf80 JavaThread "Attach Listener" daemon [_thread_blocked, id=19972, stack(0x000000f6d9d00000,0x000000f6d9e00000)]
  0x000002622e44f940 JavaThread "Service Thread" daemon [_thread_blocked, id=21952, stack(0x000000f6d9e00000,0x000000f6d9f00000)]
  0x000002622e4502f0 JavaThread "Monitor Deflation Thread" daemon [_thread_blocked, id=9156, stack(0x000000f6d9f00000,0x000000f6da000000)]
  0x000002622e451080 JavaThread "C2 CompilerThread0" daemon [_thread_blocked, id=22484, stack(0x000000f6da000000,0x000000f6da100000)]
  0x000002622e451b20 JavaThread "C1 CompilerThread0" daemon [_thread_blocked, id=13736, stack(0x000000f6da100000,0x000000f6da200000)]
  0x000002622e452510 JavaThread "Sweeper thread" daemon [_thread_blocked, id=21464, stack(0x000000f6da200000,0x000000f6da300000)]
  0x000002622e5dbbe0 JavaThread "Common-Cleaner" daemon [_thread_blocked, id=16736, stack(0x000000f6da300000,0x000000f6da400000)]
  0x000002622e60be60 JavaThread "Notification Thread" daemon [_thread_blocked, id=4712, stack(0x000000f6da400000,0x000000f6da500000)]
  0x000002622f98fb00 JavaThread "Daemon health stats" [_thread_blocked, id=15628, stack(0x000000f6dab00000,0x000000f6dac00000)]
  0x0000026230fb1050 JavaThread "Incoming local TCP Connector on port 54232" [_thread_in_native, id=9964, stack(0x000000f6dac00000,0x000000f6dad00000)]
  0x000002623109b6b0 JavaThread "Daemon periodic checks" [_thread_blocked, id=16424, stack(0x000000f6dad00000,0x000000f6dae00000)]
  0x000002622f958a60 JavaThread "Daemon" [_thread_blocked, id=20580, stack(0x000000f6dae00000,0x000000f6daf00000)]
  0x0000026230c103c0 JavaThread "Handler for socket connection from /127.0.0.1:54232 to /127.0.0.1:54233" [_thread_in_native, id=22400, stack(0x000000f6daf00000,0x000000f6db000000)]
  0x000002622ff9bb10 JavaThread "Cancel handler" [_thread_blocked, id=17160, stack(0x000000f6db000000,0x000000f6db100000)]
  0x000002622ff9bfe0 JavaThread "Daemon worker" [_thread_blocked, id=12336, stack(0x000000f6db100000,0x000000f6db200000)]
  0x000002622f0a2750 JavaThread "Asynchronous log dispatcher for DefaultDaemonConnection: socket connection from /127.0.0.1:54232 to /127.0.0.1:54233" [_thread_blocked, id=12784, stack(0x000000f6db200000,0x000000f6db300000)]
  0x000002622f09fc00 JavaThread "Daemon client event forwarder" [_thread_blocked, id=9924, stack(0x000000f6db400000,0x000000f6db500000)]
  0x000002622f0a18e0 JavaThread "Cache worker for journal cache (C:\Users\abhij\.gradle\caches\journal-1)" [_thread_blocked, id=11900, stack(0x000000f6db500000,0x000000f6db600000)]
  0x000002622f09f260 JavaThread "File lock request listener" [_thread_in_native, id=8504, stack(0x000000f6db600000,0x000000f6db700000)]
  0x000002622f0a00d0 JavaThread "Cache worker for file hash cache (C:\Users\abhij\.gradle\caches\8.0.1\fileHashes)" [_thread_blocked, id=11828, stack(0x000000f6dbb00000,0x000000f6dbc00000)]
  0x000002622f0a1410 JavaThread "File watcher server" daemon [_thread_in_native, id=9176, stack(0x000000f6dbc00000,0x000000f6dbd00000)]
  0x000002622f0a1db0 JavaThread "File watcher consumer" daemon [_thread_blocked, id=8272, stack(0x000000f6dbd00000,0x000000f6dbe00000)]
  0x000002622f09ed90 JavaThread "Cache worker for checksums cache (D:\TikTok\reelBanao\android\.gradle\8.0.1\checksums)" [_thread_blocked, id=25184, stack(0x000000f6dbe00000,0x000000f6dbf00000)]
  0x000002622f0a2280 JavaThread "Cache worker for cache directory md-rule (C:\Users\abhij\.gradle\caches\8.0.1\md-rule)" [_thread_blocked, id=17768, stack(0x000000f6dbf00000,0x000000f6dc000000)]
  0x0000026232aa9e00 JavaThread "Cache worker for file content cache (C:\Users\abhij\.gradle\caches\8.0.1\fileContent)" [_thread_blocked, id=25468, stack(0x000000f6dc000000,0x000000f6dc100000)]
  0x0000026232aa9930 JavaThread "Cache worker for file hash cache (D:\TikTok\reelBanao\android\.gradle\8.0.1\fileHashes)" [_thread_blocked, id=10732, stack(0x000000f6dc100000,0x000000f6dc200000)]
  0x0000026232aa72b0 JavaThread "Cache worker for cache directory md-supplier (C:\Users\abhij\.gradle\caches\8.0.1\md-supplier)" [_thread_blocked, id=24312, stack(0x000000f6dc200000,0x000000f6dc300000)]
  0x0000026232aa8f90 JavaThread "Cache worker for execution history cache (C:\Users\abhij\.gradle\caches\8.0.1\executionHistory)" [_thread_blocked, id=16200, stack(0x000000f6dc300000,0x000000f6dc400000)]
  0x0000026232aa7780 JavaThread "jar transforms" [_thread_blocked, id=9972, stack(0x000000f6dc400000,0x000000f6dc500000)]
  0x0000026232aa9460 JavaThread "jar transforms Thread 2" [_thread_blocked, id=11920, stack(0x000000f6dc500000,0x000000f6dc600000)]
  0x0000026232aaa2d0 JavaThread "jar transforms Thread 3" [_thread_blocked, id=3576, stack(0x000000f6dc600000,0x000000f6dc700000)]
  0x0000026232aaac70 JavaThread "jar transforms Thread 4" [_thread_blocked, id=1984, stack(0x000000f6dc700000,0x000000f6dc800000)]
  0x0000026232aa6910 JavaThread "Cache worker for kotlin-dsl (C:\Users\abhij\.gradle\caches\8.0.1\kotlin-dsl)" [_thread_blocked, id=14876, stack(0x000000f6dc900000,0x000000f6dca00000)]
  0x0000026232aabae0 JavaThread "jar transforms Thread 5" [_thread_blocked, id=24820, stack(0x000000f6dca00000,0x000000f6dcb00000)]
  0x0000026232aa7c50 JavaThread "jar transforms Thread 6" [_thread_blocked, id=8468, stack(0x000000f6dcb00000,0x000000f6dcc00000)]
  0x0000026232aab610 JavaThread "Cache worker for dependencies-accessors (D:\TikTok\reelBanao\android\.gradle\8.0.1\dependencies-accessors)" [_thread_blocked, id=6216, stack(0x000000f6dcc00000,0x000000f6dcd00000)]
  0x0000026232aabfb0 JavaThread "Cache worker for Build Output Cleanup Cache (D:\TikTok\reelBanao\node_modules\@react-native\gradle-plugin\.gradle\buildOutputCleanup)" [_thread_blocked, id=17696, stack(0x000000f6dcd00000,0x000000f6dce00000)]
  0x0000026232aa6de0 JavaThread "jar transforms Thread 7" [_thread_blocked, id=21032, stack(0x000000f6dce00000,0x000000f6dcf00000)]
  0x0000026232aa85f0 JavaThread "Unconstrained build operations" [_thread_blocked, id=14448, stack(0x000000f6dcf00000,0x000000f6dd000000)]
  0x0000026232aa8ac0 JavaThread "Unconstrained build operations Thread 2" [_thread_blocked, id=4700, stack(0x000000f6dd000000,0x000000f6dd100000)]
  0x0000026232aa4c30 JavaThread "Unconstrained build operations Thread 3" [_thread_blocked, id=16116, stack(0x000000f6dd100000,0x000000f6dd200000)]
  0x0000026232aac480 JavaThread "Unconstrained build operations Thread 4" [_thread_blocked, id=25956, stack(0x000000f6dd200000,0x000000f6dd300000)]
  0x000002622f584bd0 JavaThread "Unconstrained build operations Thread 5" [_thread_blocked, id=17780, stack(0x000000f6dd300000,0x000000f6dd400000)]
  0x000002622f57f060 JavaThread "Unconstrained build operations Thread 6" [_thread_blocked, id=24548, stack(0x000000f6dd400000,0x000000f6dd500000)]
  0x000002622f580870 JavaThread "Unconstrained build operations Thread 7" [_thread_blocked, id=9784, stack(0x000000f6dd500000,0x000000f6dd600000)]
  0x000002622f5850a0 JavaThread "Unconstrained build operations Thread 8" [_thread_blocked, id=12036, stack(0x000000f6dd600000,0x000000f6dd700000)]
  0x000002622f585570 JavaThread "Unconstrained build operations Thread 9" [_thread_blocked, id=26184, stack(0x000000f6dd700000,0x000000f6dd800000)]
  0x000002622f585a40 JavaThread "Unconstrained build operations Thread 10" [_thread_blocked, id=17328, stack(0x000000f6dd800000,0x000000f6dd900000)]
  0x000002622f57f530 JavaThread "Unconstrained build operations Thread 11" [_thread_blocked, id=3536, stack(0x000000f6dd900000,0x000000f6dda00000)]
  0x000002622f5868b0 JavaThread "Unconstrained build operations Thread 12" [_thread_blocked, id=24536, stack(0x000000f6dda00000,0x000000f6ddb00000)]
  0x000002622f5863e0 JavaThread "Unconstrained build operations Thread 13" [_thread_blocked, id=13056, stack(0x000000f6ddb00000,0x000000f6ddc00000)]
  0x000002622f583d60 JavaThread "Unconstrained build operations Thread 14" [_thread_blocked, id=20680, stack(0x000000f6ddc00000,0x000000f6ddd00000)]
  0x000002622f584230 JavaThread "Unconstrained build operations Thread 15" [_thread_blocked, id=8028, stack(0x000000f6ddd00000,0x000000f6dde00000)]
  0x000002622f580d40 JavaThread "Unconstrained build operations Thread 16" [_thread_blocked, id=17644, stack(0x000000f6dde00000,0x000000f6ddf00000)]
  0x000002622f582080 JavaThread "Unconstrained build operations Thread 17" [_thread_blocked, id=14684, stack(0x000000f6ddf00000,0x000000f6de000000)]
  0x000002622f582ef0 JavaThread "Unconstrained build operations Thread 18" [_thread_blocked, id=9772, stack(0x000000f6de000000,0x000000f6de100000)]
  0x000002622f5803a0 JavaThread "Unconstrained build operations Thread 19" [_thread_blocked, id=1548, stack(0x000000f6de100000,0x000000f6de200000)]
  0x000002622f585f10 JavaThread "Unconstrained build operations Thread 20" [_thread_blocked, id=4940, stack(0x000000f6de200000,0x000000f6de300000)]
  0x000002622f57fa00 JavaThread "Unconstrained build operations Thread 21" [_thread_blocked, id=21608, stack(0x000000f6de300000,0x000000f6de400000)]
  0x000002622f583890 JavaThread "Unconstrained build operations Thread 22" [_thread_blocked, id=10672, stack(0x000000f6de400000,0x000000f6de500000)]
  0x000002622f57fed0 JavaThread "Unconstrained build operations Thread 23" [_thread_blocked, id=12140, stack(0x000000f6de500000,0x000000f6de600000)]
  0x000002622f5833c0 JavaThread "Unconstrained build operations Thread 24" [_thread_blocked, id=6684, stack(0x000000f6de600000,0x000000f6de700000)]
  0x000002622f584700 JavaThread "Unconstrained build operations Thread 25" [_thread_blocked, id=7440, stack(0x000000f6de700000,0x000000f6de800000)]
  0x000002622f581210 JavaThread "Unconstrained build operations Thread 26" [_thread_blocked, id=19864, stack(0x000000f6de800000,0x000000f6de900000)]
  0x000002622f5816e0 JavaThread "jar transforms Thread 8" [_thread_blocked, id=8476, stack(0x000000f6de900000,0x000000f6dea00000)]
  0x000002622f582550 JavaThread "Memory manager" [_thread_blocked, id=2976, stack(0x000000f6dea00000,0x000000f6deb00000)]
  0x0000026230e7f550 JavaThread "Cache worker for Build Output Cleanup Cache (D:\TikTok\reelBanao\android\.gradle\buildOutputCleanup)" [_thread_blocked, id=25788, stack(0x000000f6deb00000,0x000000f6dec00000)]
  0x0000026230e7fef0 JavaThread "Execution worker" [_thread_blocked, id=21240, stack(0x000000f6ded00000,0x000000f6dee00000)]
  0x0000026230e7e6e0 JavaThread "Execution worker Thread 2" [_thread_blocked, id=7228, stack(0x000000f6dee00000,0x000000f6def00000)]
  0x0000026230e838b0 JavaThread "Execution worker Thread 3" [_thread_blocked, id=9168, stack(0x000000f6def00000,0x000000f6df000000)]
  0x0000026230e81230 JavaThread "Execution worker Thread 4" [_thread_blocked, id=1068, stack(0x000000f6df000000,0x000000f6df100000)]
  0x0000026230e7c060 JavaThread "Execution worker Thread 5" [_thread_blocked, id=18416, stack(0x000000f6df100000,0x000000f6df200000)]
  0x0000026230e803c0 JavaThread "Execution worker Thread 6" [_thread_blocked, id=16628, stack(0x000000f6df200000,0x000000f6df300000)]
  0x0000026230e7ebb0 JavaThread "Execution worker Thread 7" [_thread_blocked, id=1292, stack(0x000000f6df300000,0x000000f6df400000)]
  0x0000026230e81bd0 JavaThread "Cache worker for execution history cache (D:\TikTok\reelBanao\node_modules\@react-native\gradle-plugin\.gradle\8.0.1\executionHistory)" [_thread_blocked, id=24492, stack(0x000000f6df400000,0x000000f6df500000)]
  0x0000026230e80890 JavaThread "Unconstrained build operations Thread 27" [_thread_blocked, id=6152, stack(0x000000f6df500000,0x000000f6df600000)]
  0x0000026230e820a0 JavaThread "Unconstrained build operations Thread 28" [_thread_blocked, id=15876, stack(0x000000f6df600000,0x000000f6df700000)]
  0x0000026230e7f080 JavaThread "Unconstrained build operations Thread 29" [_thread_blocked, id=5012, stack(0x000000f6df700000,0x000000f6df800000)]
  0x0000026230e82570 JavaThread "Unconstrained build operations Thread 30" [_thread_blocked, id=24388, stack(0x000000f6df800000,0x000000f6df900000)]
  0x0000026230e7fa20 JavaThread "Unconstrained build operations Thread 31" [_thread_blocked, id=26152, stack(0x000000f6df900000,0x000000f6dfa00000)]
  0x0000026230e80d60 JavaThread "Unconstrained build operations Thread 32" [_thread_blocked, id=25328, stack(0x000000f6dfa00000,0x000000f6dfb00000)]
  0x0000026230e82a40 JavaThread "Unconstrained build operations Thread 33" [_thread_blocked, id=14704, stack(0x000000f6dfb00000,0x000000f6dfc00000)]
  0x0000026230e82f10 JavaThread "Unconstrained build operations Thread 34" [_thread_blocked, id=21920, stack(0x000000f6dfc00000,0x000000f6dfd00000)]
  0x0000026230e7c530 JavaThread "Unconstrained build operations Thread 35" [_thread_blocked, id=20980, stack(0x000000f6dfd00000,0x000000f6dfe00000)]
  0x0000026230e7d3a0 JavaThread "Unconstrained build operations Thread 36" [_thread_blocked, id=8472, stack(0x000000f6dfe00000,0x000000f6dff00000)]
  0x0000026230e7ca00 JavaThread "Unconstrained build operations Thread 37" [_thread_blocked, id=19532, stack(0x000000f6dff00000,0x000000f6e0000000)]
  0x0000026230e7d870 JavaThread "Unconstrained build operations Thread 38" [_thread_blocked, id=21300, stack(0x000000f6e0000000,0x000000f6e0100000)]
  0x0000026230e7dd40 JavaThread "Unconstrained build operations Thread 39" [_thread_blocked, id=20396, stack(0x000000f6e0100000,0x000000f6e0200000)]
  0x0000026230cd3230 JavaThread "Unconstrained build operations Thread 40" [_thread_blocked, id=12896, stack(0x000000f6e0200000,0x000000f6e0300000)]
  0x0000026230cd3700 JavaThread "Unconstrained build operations Thread 41" [_thread_blocked, id=12848, stack(0x000000f6e0300000,0x000000f6e0400000)]
  0x0000026230cd4570 JavaThread "Unconstrained build operations Thread 42" [_thread_in_native, id=26492, stack(0x000000f6e0400000,0x000000f6e0500000)]
  0x0000026230cd2d60 JavaThread "Unconstrained build operations Thread 43" [_thread_blocked, id=23780, stack(0x000000f6e0500000,0x000000f6e0600000)]
  0x0000026230cd1080 JavaThread "Unconstrained build operations Thread 44" [_thread_in_native, id=5600, stack(0x000000f6e0600000,0x000000f6e0700000)]
  0x0000026230cce060 JavaThread "Unconstrained build operations Thread 45" [_thread_blocked, id=9960, stack(0x000000f6e0700000,0x000000f6e0800000)]
  0x0000026230cd1550 JavaThread "Unconstrained build operations Thread 46" [_thread_blocked, id=8444, stack(0x000000f6e0800000,0x000000f6e0900000)]
  0x0000026230cd0210 JavaThread "Unconstrained build operations Thread 47" [_thread_blocked, id=8524, stack(0x000000f6e0900000,0x000000f6e0a00000)]
  0x0000026230cd06e0 JavaThread "Unconstrained build operations Thread 48" [_thread_blocked, id=6764, stack(0x000000f6e0a00000,0x000000f6e0b00000)]
  0x0000026230cd3bd0 JavaThread "Unconstrained build operations Thread 49" [_thread_blocked, id=9152, stack(0x000000f6e0b00000,0x000000f6e0c00000)]
  0x0000026230ccea00 JavaThread "Unconstrained build operations Thread 50" [_thread_blocked, id=19412, stack(0x000000f6e0c00000,0x000000f6e0d00000)]
  0x0000026230cceed0 JavaThread "Unconstrained build operations Thread 51" [_thread_blocked, id=25388, stack(0x000000f6e0d00000,0x000000f6e0e00000)]
  0x0000026230ccfd40 JavaThread "Unconstrained build operations Thread 52" [_thread_blocked, id=7020, stack(0x000000f6e0e00000,0x000000f6e0f00000)]
  0x0000026230cd2890 JavaThread "Unconstrained build operations Thread 53" [_thread_blocked, id=22444, stack(0x000000f6e0f00000,0x000000f6e1000000)]
  0x0000026230ccf3a0 JavaThread "Unconstrained build operations Thread 54" [_thread_blocked, id=9640, stack(0x000000f6e1000000,0x000000f6e1100000)]
  0x0000026230cd40a0 JavaThread "Unconstrained build operations Thread 55" [_thread_blocked, id=19228, stack(0x000000f6e1100000,0x000000f6e1200000)]
  0x0000026230cd58b0 JavaThread "Unconstrained build operations Thread 56" [_thread_blocked, id=2892, stack(0x000000f6e1200000,0x000000f6e1300000)]
  0x0000026230cd53e0 JavaThread "Unconstrained build operations Thread 57" [_thread_blocked, id=5480, stack(0x000000f6e1300000,0x000000f6e1400000)]
  0x0000026230cce530 JavaThread "Unconstrained build operations Thread 58" [_thread_blocked, id=25012, stack(0x000000f6e1400000,0x000000f6e1500000)]
  0x0000026230ccf870 JavaThread "Unconstrained build operations Thread 59" [_thread_blocked, id=7892, stack(0x000000f6e1500000,0x000000f6e1600000)]
  0x0000026230cd0bb0 JavaThread "Unconstrained build operations Thread 60" [_thread_blocked, id=23084, stack(0x000000f6e1600000,0x000000f6e1700000)]
  0x0000026230cd1a20 JavaThread "Unconstrained build operations Thread 61" [_thread_blocked, id=7464, stack(0x000000f6e1700000,0x000000f6e1800000)]
  0x0000026230cd1ef0 JavaThread "Unconstrained build operations Thread 62" [_thread_blocked, id=25088, stack(0x000000f6e1800000,0x000000f6e1900000)]
  0x0000026230bcd6f0 JavaThread "Unconstrained build operations Thread 63" [_thread_blocked, id=6812, stack(0x000000f6e1900000,0x000000f6e1a00000)]
  0x0000026230bd3730 JavaThread "Unconstrained build operations Thread 64" [_thread_blocked, id=21316, stack(0x000000f6e1a00000,0x000000f6e1b00000)]
  0x0000026230bcef00 JavaThread "Unconstrained build operations Thread 65" [_thread_blocked, id=16348, stack(0x000000f6e1b00000,0x000000f6e1c00000)]
  0x0000026230bd28c0 JavaThread "Unconstrained build operations Thread 66" [_thread_in_native, id=25056, stack(0x000000f6e1c00000,0x000000f6e1d00000)]
  0x0000026230bcdbc0 JavaThread "Unconstrained build operations Thread 67" [_thread_blocked, id=4040, stack(0x000000f6e1d00000,0x000000f6e1e00000)]
  0x0000026230bd0be0 JavaThread "Unconstrained build operations Thread 68" [_thread_blocked, id=24716, stack(0x000000f6e1e00000,0x000000f6e1f00000)]
  0x0000026230bd3260 JavaThread "Unconstrained build operations Thread 69" [_thread_blocked, id=26120, stack(0x000000f6e1f00000,0x000000f6e2000000)]
  0x0000026230bce090 JavaThread "Unconstrained build operations Thread 70" [_thread_blocked, id=15156, stack(0x000000f6e2000000,0x000000f6e2100000)]
  0x0000026230bd1f20 JavaThread "Unconstrained build operations Thread 71" [_thread_blocked, id=1572, stack(0x000000f6e2100000,0x000000f6e2200000)]
  0x0000026230bce560 JavaThread "Unconstrained build operations Thread 72" [_thread_blocked, id=12836, stack(0x000000f6e2200000,0x000000f6e2300000)]
  0x0000026230bccd50 JavaThread "Unconstrained build operations Thread 73" [_thread_blocked, id=11832, stack(0x000000f6e2300000,0x000000f6e2400000)]
  0x0000026230bcf3d0 JavaThread "Unconstrained build operations Thread 74" [_thread_blocked, id=19644, stack(0x000000f6e2400000,0x000000f6e2500000)]
  0x0000026230bcea30 JavaThread "Unconstrained build operations Thread 75" [_thread_blocked, id=19392, stack(0x000000f6e2500000,0x000000f6e2600000)]
  0x0000026230bcd220 JavaThread "Unconstrained build operations Thread 76" [_thread_blocked, id=12940, stack(0x000000f6e2600000,0x000000f6e2700000)]
  0x0000026230bcf8a0 JavaThread "Unconstrained build operations Thread 77" [_thread_blocked, id=12564, stack(0x000000f6e2700000,0x000000f6e2800000)]
  0x0000026230bcfd70 JavaThread "Unconstrained build operations Thread 78" [_thread_blocked, id=19024, stack(0x000000f6e2800000,0x000000f6e2900000)]
  0x0000026230bd0240 JavaThread "Unconstrained build operations Thread 79" [_thread_blocked, id=18760, stack(0x000000f6e2900000,0x000000f6e2a00000)]
  0x0000026230bd2d90 JavaThread "Unconstrained build operations Thread 80" [_thread_blocked, id=21668, stack(0x000000f6e2a00000,0x000000f6e2b00000)]

Other Threads:
=>0x000002622d75cc70 VMThread "VM Thread" [stack: 0x000000f6d9900000,0x000000f6d9a00000] [id=19368]
  0x000002622e5d4fe0 WatcherThread [stack: 0x000000f6da500000,0x000000f6da600000] [id=12292]
  0x0000026213b7a740 GCTaskThread "GC Thread#0" [stack: 0x000000f6d9400000,0x000000f6d9500000] [id=18620]
  0x000002622e7e1390 GCTaskThread "GC Thread#1" [stack: 0x000000f6da600000,0x000000f6da700000] [id=22456]
  0x000002622e7e1640 GCTaskThread "GC Thread#2" [stack: 0x000000f6da700000,0x000000f6da800000] [id=1280]
  0x000002622f10e860 GCTaskThread "GC Thread#3" [stack: 0x000000f6da800000,0x000000f6da900000] [id=5596]
  0x000002622f2ef5d0 GCTaskThread "GC Thread#4" [stack: 0x000000f6daa00000,0x000000f6dab00000] [id=16720]
  0x0000026230e5d430 GCTaskThread "GC Thread#5" [stack: 0x000000f6db700000,0x000000f6db800000] [id=13376]
  0x000002622fcc6a70 GCTaskThread "GC Thread#6" [stack: 0x000000f6db800000,0x000000f6db900000] [id=22344]
  0x000002622f1d7060 GCTaskThread "GC Thread#7" [stack: 0x000000f6db900000,0x000000f6dba00000] [id=18112]
  0x0000026213b8b680 ConcurrentGCThread "G1 Main Marker" [stack: 0x000000f6d9500000,0x000000f6d9600000] [id=5748]
  0x0000026213b8c090 ConcurrentGCThread "G1 Conc#0" [stack: 0x000000f6d9600000,0x000000f6d9700000] [id=26464]
  0x0000026230eec7c0 ConcurrentGCThread "G1 Conc#1" [stack: 0x000000f6dba00000,0x000000f6dbb00000] [id=7308]
  0x000002622d605f40 ConcurrentGCThread "G1 Refine#0" [stack: 0x000000f6d9700000,0x000000f6d9800000] [id=25532]
  0x000002622d606960 ConcurrentGCThread "G1 Service" [stack: 0x000000f6d9800000,0x000000f6d9900000] [id=23264]

Threads with active compile tasks:

VM state: at safepoint (normal execution)

VM Mutex/Monitor currently owned by a thread:  ([mutex/lock_event])
[0x0000026213b1b010] Threads_lock - owner thread: 0x000002622d75cc70
[0x0000026213b1a3b0] Heap_lock - owner thread: 0x0000026230bd3260

Heap address: 0x0000000080000000, size: 2048 MB, Compressed Oops mode: 32-bit

CDS archive(s) not mapped
Compressed class space mapped at: 0x0000000100000000-0x0000000119c00000, reserved size: 432013312
Narrow klass base: 0x0000000000000000, Narrow klass shift: 3, Narrow klass range: 0x119c00000

GC Precious Log:
 CPUs: 8 total, 8 available
 Memory: 7975M
 Large Page Support: Disabled
 NUMA Support: Disabled
 Compressed Oops: Enabled (32-bit)
 Heap Region Size: 1M
 Heap Min Capacity: 8M
 Heap Initial Capacity: 126M
 Heap Max Capacity: 2G
 Pre-touch: Disabled
 Parallel Workers: 8
 Concurrent Workers: 2
 Concurrent Refinement Workers: 8
 Periodic GC: Disabled

Heap:
 garbage-first heap   total 266240K, used 156229K [0x0000000080000000, 0x0000000100000000)
  region size 1024K, 3 young (3072K), 3 survivors (3072K)
 Metaspace       used 106633K, committed 107584K, reserved 520192K
  class space    used 14549K, committed 14976K, reserved 421888K

Heap Regions: E=young(eden), S=young(survivor), O=old, HS=humongous(starts), HC=humongous(continues), CS=collection set, F=free, OA=open archive, CA=closed archive, TAMS=top-at-mark-start (previous, next)
|   0|0x0000000080000000, 0x0000000080100000, 0x0000000080100000|100%|HS|  |TAMS 0x0000000080100000, 0x0000000080000000| Complete 
|   1|0x0000000080100000, 0x0000000080200000, 0x0000000080200000|100%|HC|  |TAMS 0x0000000080200000, 0x0000000080100000| Complete 
|   2|0x0000000080200000, 0x0000000080300000, 0x0000000080300000|100%|HC|  |TAMS 0x0000000080300000, 0x0000000080200000| Complete 
|   3|0x0000000080300000, 0x0000000080400000, 0x0000000080400000|100%|HC|  |TAMS 0x0000000080400000, 0x0000000080300000| Complete 
|   4|0x0000000080400000, 0x0000000080500000, 0x0000000080500000|100%| O|  |TAMS 0x0000000080500000, 0x0000000080400000| Untracked 
|   5|0x0000000080500000, 0x0000000080600000, 0x0000000080600000|100%| O|  |TAMS 0x0000000080600000, 0x0000000080500000| Untracked 
|   6|0x0000000080600000, 0x0000000080700000, 0x0000000080700000|100%| O|  |TAMS 0x0000000080700000, 0x0000000080600000| Untracked 
|   7|0x0000000080700000, 0x0000000080800000, 0x0000000080800000|100%| O|  |TAMS 0x0000000080800000, 0x0000000080700000| Untracked 
|   8|0x0000000080800000, 0x0000000080900000, 0x0000000080900000|100%| O|  |TAMS 0x0000000080900000, 0x0000000080800000| Untracked 
|   9|0x0000000080900000, 0x0000000080a00000, 0x0000000080a00000|100%| O|  |TAMS 0x0000000080a00000, 0x0000000080900000| Untracked 
|  10|0x0000000080a00000, 0x0000000080b00000, 0x0000000080b00000|100%| O|  |TAMS 0x0000000080b00000, 0x0000000080a00000| Untracked 
|  11|0x0000000080b00000, 0x0000000080c00000, 0x0000000080c00000|100%| O|  |TAMS 0x0000000080c00000, 0x0000000080b00000| Untracked 
|  12|0x0000000080c00000, 0x0000000080d00000, 0x0000000080d00000|100%| O|  |TAMS 0x0000000080d00000, 0x0000000080c00000| Untracked 
|  13|0x0000000080d00000, 0x0000000080e00000, 0x0000000080e00000|100%| O|  |TAMS 0x0000000080e00000, 0x0000000080d00000| Untracked 
|  14|0x0000000080e00000, 0x0000000080f00000, 0x0000000080f00000|100%| O|  |TAMS 0x0000000080f00000, 0x0000000080e00000| Untracked 
|  15|0x0000000080f00000, 0x0000000081000000, 0x0000000081000000|100%| O|  |TAMS 0x0000000081000000, 0x0000000080f00000| Untracked 
|  16|0x0000000081000000, 0x0000000081100000, 0x0000000081100000|100%| O|  |TAMS 0x0000000081100000, 0x0000000081000000| Untracked 
|  17|0x0000000081100000, 0x0000000081200000, 0x0000000081200000|100%| O|  |TAMS 0x0000000081200000, 0x0000000081100000| Untracked 
|  18|0x0000000081200000, 0x0000000081300000, 0x0000000081300000|100%| O|  |TAMS 0x0000000081300000, 0x0000000081200000| Untracked 
|  19|0x0000000081300000, 0x0000000081400000, 0x0000000081400000|100%| O|  |TAMS 0x0000000081400000, 0x0000000081300000| Untracked 
|  20|0x0000000081400000, 0x0000000081500000, 0x0000000081500000|100%| O|  |TAMS 0x0000000081500000, 0x0000000081400000| Untracked 
|  21|0x0000000081500000, 0x0000000081600000, 0x0000000081600000|100%|HS|  |TAMS 0x0000000081600000, 0x0000000081500000| Complete 
|  22|0x0000000081600000, 0x0000000081700000, 0x0000000081700000|100%| O|  |TAMS 0x0000000081700000, 0x0000000081600000| Untracked 
|  23|0x0000000081700000, 0x0000000081800000, 0x0000000081800000|100%| O|  |TAMS 0x0000000081800000, 0x0000000081700000| Untracked 
|  24|0x0000000081800000, 0x0000000081900000, 0x0000000081900000|100%| O|  |TAMS 0x0000000081900000, 0x0000000081800000| Untracked 
|  25|0x0000000081900000, 0x0000000081a00000, 0x0000000081a00000|100%| O|  |TAMS 0x0000000081900000, 0x0000000081900000| Untracked 
|  26|0x0000000081a00000, 0x0000000081b00000, 0x0000000081b00000|100%| O|  |TAMS 0x0000000081b00000, 0x0000000081a00000| Untracked 
|  27|0x0000000081b00000, 0x0000000081c00000, 0x0000000081c00000|100%| O|  |TAMS 0x0000000081c00000, 0x0000000081b00000| Untracked 
|  28|0x0000000081c00000, 0x0000000081d00000, 0x0000000081d00000|100%| O|  |TAMS 0x0000000081d00000, 0x0000000081c00000| Untracked 
|  29|0x0000000081d00000, 0x0000000081e00000, 0x0000000081e00000|100%| O|  |TAMS 0x0000000081e00000, 0x0000000081d00000| Untracked 
|  30|0x0000000081e00000, 0x0000000081f00000, 0x0000000081f00000|100%| O|  |TAMS 0x0000000081f00000, 0x0000000081e00000| Untracked 
|  31|0x0000000081f00000, 0x0000000082000000, 0x0000000082000000|100%| O|  |TAMS 0x0000000082000000, 0x0000000081f00000| Untracked 
|  32|0x0000000082000000, 0x0000000082100000, 0x0000000082100000|100%| O|  |TAMS 0x0000000082100000, 0x0000000082000000| Untracked 
|  33|0x0000000082100000, 0x0000000082200000, 0x0000000082200000|100%| O|  |TAMS 0x0000000082200000, 0x0000000082100000| Untracked 
|  34|0x0000000082200000, 0x0000000082300000, 0x0000000082300000|100%| O|  |TAMS 0x0000000082300000, 0x0000000082200000| Untracked 
|  35|0x0000000082300000, 0x0000000082400000, 0x0000000082400000|100%| O|  |TAMS 0x0000000082400000, 0x0000000082300000| Untracked 
|  36|0x0000000082400000, 0x0000000082500000, 0x0000000082500000|100%| O|  |TAMS 0x0000000082500000, 0x0000000082400000| Untracked 
|  37|0x0000000082500000, 0x0000000082600000, 0x0000000082600000|100%| O|  |TAMS 0x0000000082600000, 0x0000000082500000| Untracked 
|  38|0x0000000082600000, 0x0000000082700000, 0x0000000082700000|100%|HS|  |TAMS 0x0000000082700000, 0x0000000082600000| Complete 
|  39|0x0000000082700000, 0x0000000082800000, 0x0000000082800000|100%|HC|  |TAMS 0x0000000082800000, 0x0000000082700000| Complete 
|  40|0x0000000082800000, 0x0000000082900000, 0x0000000082900000|100%|HS|  |TAMS 0x0000000082900000, 0x0000000082800000| Complete 
|  41|0x0000000082900000, 0x0000000082a00000, 0x0000000082a00000|100%|HC|  |TAMS 0x0000000082a00000, 0x0000000082900000| Complete 
|  42|0x0000000082a00000, 0x0000000082b00000, 0x0000000082b00000|100%|HC|  |TAMS 0x0000000082b00000, 0x0000000082a00000| Complete 
|  43|0x0000000082b00000, 0x0000000082c00000, 0x0000000082c00000|100%|HC|  |TAMS 0x0000000082c00000, 0x0000000082b00000| Complete 
|  44|0x0000000082c00000, 0x0000000082d00000, 0x0000000082d00000|100%| O|  |TAMS 0x0000000082d00000, 0x0000000082c00000| Untracked 
|  45|0x0000000082d00000, 0x0000000082e00000, 0x0000000082e00000|100%| O|  |TAMS 0x0000000082e00000, 0x0000000082d00000| Untracked 
|  46|0x0000000082e00000, 0x0000000082f00000, 0x0000000082f00000|100%| O|  |TAMS 0x0000000082f00000, 0x0000000082e00000| Untracked 
|  47|0x0000000082f00000, 0x0000000083000000, 0x0000000083000000|100%| O|  |TAMS 0x0000000083000000, 0x0000000082f00000| Untracked 
|  48|0x0000000083000000, 0x0000000083100000, 0x0000000083100000|100%| O|  |TAMS 0x0000000083100000, 0x0000000083000000| Untracked 
|  49|0x0000000083100000, 0x0000000083200000, 0x0000000083200000|100%| O|  |TAMS 0x0000000083200000, 0x0000000083100000| Untracked 
|  50|0x0000000083200000, 0x0000000083300000, 0x0000000083300000|100%| O|  |TAMS 0x0000000083300000, 0x0000000083200000| Untracked 
|  51|0x0000000083300000, 0x0000000083400000, 0x0000000083400000|100%| O|  |TAMS 0x0000000083400000, 0x0000000083300000| Untracked 
|  52|0x0000000083400000, 0x0000000083500000, 0x0000000083500000|100%| O|  |TAMS 0x0000000083500000, 0x0000000083400000| Untracked 
|  53|0x0000000083500000, 0x0000000083600000, 0x0000000083600000|100%| O|  |TAMS 0x0000000083600000, 0x0000000083500000| Untracked 
|  54|0x0000000083600000, 0x0000000083700000, 0x0000000083700000|100%| O|  |TAMS 0x0000000083700000, 0x0000000083600000| Untracked 
|  55|0x0000000083700000, 0x0000000083800000, 0x0000000083800000|100%| O|  |TAMS 0x0000000083800000, 0x0000000083700000| Untracked 
|  56|0x0000000083800000, 0x0000000083900000, 0x0000000083900000|100%|HS|  |TAMS 0x0000000083900000, 0x0000000083800000| Complete 
|  57|0x0000000083900000, 0x0000000083a00000, 0x0000000083a00000|100%|HS|  |TAMS 0x0000000083a00000, 0x0000000083900000| Complete 
|  58|0x0000000083a00000, 0x0000000083b00000, 0x0000000083b00000|100%| O|  |TAMS 0x0000000083b00000, 0x0000000083a00000| Untracked 
|  59|0x0000000083b00000, 0x0000000083c00000, 0x0000000083c00000|100%| O|  |TAMS 0x0000000083c00000, 0x0000000083b00000| Untracked 
|  60|0x0000000083c00000, 0x0000000083d00000, 0x0000000083d00000|100%| O|  |TAMS 0x0000000083d00000, 0x0000000083c00000| Untracked 
|  61|0x0000000083d00000, 0x0000000083e00000, 0x0000000083e00000|100%| O|  |TAMS 0x0000000083e00000, 0x0000000083d00000| Untracked 
|  62|0x0000000083e00000, 0x0000000083f00000, 0x0000000083f00000|100%| O|  |TAMS 0x0000000083f00000, 0x0000000083e00000| Untracked 
|  63|0x0000000083f00000, 0x0000000084000000, 0x0000000084000000|100%| O|  |TAMS 0x0000000084000000, 0x0000000083f00000| Untracked 
|  64|0x0000000084000000, 0x0000000084100000, 0x0000000084100000|100%| O|  |TAMS 0x0000000084100000, 0x0000000084000000| Untracked 
|  65|0x0000000084100000, 0x0000000084200000, 0x0000000084200000|100%| O|  |TAMS 0x0000000084200000, 0x0000000084100000| Untracked 
|  66|0x0000000084200000, 0x0000000084300000, 0x0000000084300000|100%| O|  |TAMS 0x0000000084300000, 0x0000000084200000| Untracked 
|  67|0x0000000084300000, 0x0000000084400000, 0x0000000084400000|100%| O|  |TAMS 0x0000000084400000, 0x0000000084300000| Untracked 
|  68|0x0000000084400000, 0x0000000084500000, 0x0000000084500000|100%| O|  |TAMS 0x0000000084500000, 0x0000000084400000| Untracked 
|  69|0x0000000084500000, 0x0000000084600000, 0x0000000084600000|100%| O|  |TAMS 0x0000000084600000, 0x0000000084500000| Untracked 
|  70|0x0000000084600000, 0x0000000084700000, 0x0000000084700000|100%| O|  |TAMS 0x0000000084700000, 0x0000000084600000| Untracked 
|  71|0x0000000084700000, 0x0000000084800000, 0x0000000084800000|100%| O|  |TAMS 0x0000000084800000, 0x0000000084700000| Untracked 
|  72|0x0000000084800000, 0x0000000084900000, 0x0000000084900000|100%| O|  |TAMS 0x0000000084900000, 0x0000000084800000| Untracked 
|  73|0x0000000084900000, 0x0000000084a00000, 0x0000000084a00000|100%|HS|  |TAMS 0x0000000084a00000, 0x0000000084900000| Complete 
|  74|0x0000000084a00000, 0x0000000084b00000, 0x0000000084b00000|100%| O|  |TAMS 0x0000000084b00000, 0x0000000084a00000| Untracked 
|  75|0x0000000084b00000, 0x0000000084c00000, 0x0000000084c00000|100%|HS|  |TAMS 0x0000000084c00000, 0x0000000084b00000| Complete 
|  76|0x0000000084c00000, 0x0000000084d00000, 0x0000000084d00000|100%|HS|  |TAMS 0x0000000084d00000, 0x0000000084c00000| Complete 
|  77|0x0000000084d00000, 0x0000000084e00000, 0x0000000084e00000|100%|HC|  |TAMS 0x0000000084e00000, 0x0000000084d00000| Complete 
|  78|0x0000000084e00000, 0x0000000084f00000, 0x0000000084f00000|100%|HC|  |TAMS 0x0000000084f00000, 0x0000000084e00000| Complete 
|  79|0x0000000084f00000, 0x0000000085000000, 0x0000000085000000|100%|HS|  |TAMS 0x0000000085000000, 0x0000000084f00000| Complete 
|  80|0x0000000085000000, 0x0000000085100000, 0x0000000085100000|100%|HC|  |TAMS 0x0000000085100000, 0x0000000085000000| Complete 
|  81|0x0000000085100000, 0x0000000085200000, 0x0000000085200000|100%| O|  |TAMS 0x0000000085200000, 0x0000000085100000| Untracked 
|  82|0x0000000085200000, 0x0000000085300000, 0x0000000085300000|100%| O|  |TAMS 0x0000000085300000, 0x0000000085200000| Untracked 
|  83|0x0000000085300000, 0x0000000085400000, 0x0000000085400000|100%| O|  |TAMS 0x0000000085400000, 0x0000000085300000| Untracked 
|  84|0x0000000085400000, 0x0000000085500000, 0x0000000085500000|100%| O|  |TAMS 0x0000000085500000, 0x0000000085400000| Untracked 
|  85|0x0000000085500000, 0x0000000085600000, 0x0000000085600000|100%| O|  |TAMS 0x0000000085600000, 0x0000000085500000| Untracked 
|  86|0x0000000085600000, 0x0000000085700000, 0x0000000085700000|100%| O|  |TAMS 0x0000000085700000, 0x0000000085600000| Untracked 
|  87|0x0000000085700000, 0x0000000085800000, 0x0000000085800000|100%| O|  |TAMS 0x0000000085800000, 0x0000000085700000| Untracked 
|  88|0x0000000085800000, 0x0000000085900000, 0x0000000085900000|100%| O|  |TAMS 0x0000000085900000, 0x0000000085800000| Untracked 
|  89|0x0000000085900000, 0x0000000085a00000, 0x0000000085a00000|100%| O|  |TAMS 0x0000000085a00000, 0x0000000085900000| Untracked 
|  90|0x0000000085a00000, 0x0000000085b00000, 0x0000000085b00000|100%| O|  |TAMS 0x0000000085b00000, 0x0000000085a00000| Untracked 
|  91|0x0000000085b00000, 0x0000000085c00000, 0x0000000085c00000|100%|HS|  |TAMS 0x0000000085c00000, 0x0000000085b00000| Complete 
|  92|0x0000000085c00000, 0x0000000085d00000, 0x0000000085d00000|100%|HS|  |TAMS 0x0000000085d00000, 0x0000000085c00000| Complete 
|  93|0x0000000085d00000, 0x0000000085e00000, 0x0000000085e00000|100%| O|  |TAMS 0x0000000085e00000, 0x0000000085d00000| Untracked 
|  94|0x0000000085e00000, 0x0000000085f00000, 0x0000000085f00000|100%| O|  |TAMS 0x0000000085f00000, 0x0000000085e00000| Untracked 
|  95|0x0000000085f00000, 0x0000000086000000, 0x0000000086000000|100%| O|  |TAMS 0x0000000086000000, 0x0000000085f00000| Untracked 
|  96|0x0000000086000000, 0x0000000086100000, 0x0000000086100000|100%| O|  |TAMS 0x0000000086100000, 0x0000000086000000| Untracked 
|  97|0x0000000086100000, 0x0000000086200000, 0x0000000086200000|100%| O|  |TAMS 0x0000000086200000, 0x0000000086100000| Untracked 
|  98|0x0000000086200000, 0x0000000086300000, 0x0000000086300000|100%| O|  |TAMS 0x0000000086300000, 0x0000000086200000| Untracked 
|  99|0x0000000086300000, 0x0000000086400000, 0x0000000086400000|100%| O|  |TAMS 0x0000000086400000, 0x0000000086300000| Untracked 
| 100|0x0000000086400000, 0x0000000086500000, 0x0000000086500000|100%| O|  |TAMS 0x0000000086500000, 0x0000000086400000| Untracked 
| 101|0x0000000086500000, 0x0000000086600000, 0x0000000086600000|100%| O|  |TAMS 0x0000000086600000, 0x0000000086500000| Untracked 
| 102|0x0000000086600000, 0x0000000086700000, 0x0000000086700000|100%| O|  |TAMS 0x0000000086700000, 0x0000000086600000| Untracked 
| 103|0x0000000086700000, 0x0000000086800000, 0x0000000086800000|100%| O|  |TAMS 0x0000000086800000, 0x0000000086700000| Untracked 
| 104|0x0000000086800000, 0x0000000086900000, 0x0000000086900000|100%| O|  |TAMS 0x0000000086900000, 0x0000000086800000| Untracked 
| 105|0x0000000086900000, 0x0000000086a00000, 0x0000000086a00000|100%| O|  |TAMS 0x0000000086a00000, 0x0000000086900000| Untracked 
| 106|0x0000000086a00000, 0x0000000086a00000, 0x0000000086b00000|  0%| F|  |TAMS 0x0000000086a00000, 0x0000000086a00000| Untracked 
| 107|0x0000000086b00000, 0x0000000086c00000, 0x0000000086c00000|100%| O|  |TAMS 0x0000000086c00000, 0x0000000086b00000| Untracked 
| 108|0x0000000086c00000, 0x0000000086d00000, 0x0000000086d00000|100%| O|  |TAMS 0x0000000086d00000, 0x0000000086c00000| Untracked 
| 109|0x0000000086d00000, 0x0000000086e00000, 0x0000000086e00000|100%| O|  |TAMS 0x0000000086e00000, 0x0000000086d00000| Untracked 
| 110|0x0000000086e00000, 0x0000000086f00000, 0x0000000086f00000|100%| O|  |TAMS 0x0000000086f00000, 0x0000000086e00000| Untracked 
| 111|0x0000000086f00000, 0x0000000087000000, 0x0000000087000000|100%| O|  |TAMS 0x0000000087000000, 0x0000000086f00000| Untracked 
| 112|0x0000000087000000, 0x0000000087100000, 0x0000000087100000|100%| O|  |TAMS 0x0000000087100000, 0x0000000087000000| Untracked 
| 113|0x0000000087100000, 0x0000000087200000, 0x0000000087200000|100%| O|  |TAMS 0x0000000087200000, 0x0000000087100000| Untracked 
| 114|0x0000000087200000, 0x0000000087300000, 0x0000000087300000|100%| O|  |TAMS 0x0000000087300000, 0x0000000087200000| Untracked 
| 115|0x0000000087300000, 0x0000000087400000, 0x0000000087400000|100%| O|  |TAMS 0x0000000087400000, 0x0000000087300000| Untracked 
| 116|0x0000000087400000, 0x0000000087500000, 0x0000000087500000|100%| O|  |TAMS 0x0000000087500000, 0x0000000087400000| Untracked 
| 117|0x0000000087500000, 0x0000000087500000, 0x0000000087600000|  0%| F|  |TAMS 0x0000000087500000, 0x0000000087500000| Untracked 
| 118|0x0000000087600000, 0x0000000087700000, 0x0000000087700000|100%| O|  |TAMS 0x0000000087700000, 0x0000000087600000| Untracked 
| 119|0x0000000087700000, 0x0000000087800000, 0x0000000087800000|100%| O|  |TAMS 0x0000000087800000, 0x0000000087700000| Untracked 
| 120|0x0000000087800000, 0x0000000087900000, 0x0000000087900000|100%| O|  |TAMS 0x0000000087900000, 0x0000000087800000| Untracked 
| 121|0x0000000087900000, 0x0000000087a00000, 0x0000000087a00000|100%| O|  |TAMS 0x0000000087a00000, 0x0000000087900000| Untracked 
| 122|0x0000000087a00000, 0x0000000087b00000, 0x0000000087b00000|100%| O|  |TAMS 0x0000000087b00000, 0x0000000087a00000| Untracked 
| 123|0x0000000087b00000, 0x0000000087c00000, 0x0000000087c00000|100%| O|  |TAMS 0x0000000087c00000, 0x0000000087b00000| Untracked 
| 124|0x0000000087c00000, 0x0000000087d00000, 0x0000000087d00000|100%| O|  |TAMS 0x0000000087d00000, 0x0000000087c00000| Untracked 
| 125|0x0000000087d00000, 0x0000000087e00000, 0x0000000087e00000|100%| O|  |TAMS 0x0000000087e00000, 0x0000000087d00000| Untracked 
| 126|0x0000000087e00000, 0x0000000087f00000, 0x0000000087f00000|100%| O|  |TAMS 0x0000000087f00000, 0x0000000087e00000| Untracked 
| 127|0x0000000087f00000, 0x0000000088000000, 0x0000000088000000|100%| O|  |TAMS 0x0000000088000000, 0x0000000087f00000| Untracked 
| 128|0x0000000088000000, 0x0000000088100000, 0x0000000088100000|100%| O|  |TAMS 0x0000000088100000, 0x0000000088000000| Untracked 
| 129|0x0000000088100000, 0x0000000088200000, 0x0000000088200000|100%| O|  |TAMS 0x0000000088200000, 0x0000000088100000| Untracked 
| 130|0x0000000088200000, 0x0000000088300000, 0x0000000088300000|100%| O|  |TAMS 0x0000000088276600, 0x0000000088200000| Untracked 
| 131|0x0000000088300000, 0x0000000088400000, 0x0000000088400000|100%| O|  |TAMS 0x0000000088300000, 0x0000000088300000| Untracked 
| 132|0x0000000088400000, 0x0000000088500000, 0x0000000088500000|100%| O|  |TAMS 0x0000000088400000, 0x0000000088400000| Untracked 
| 133|0x0000000088500000, 0x0000000088600000, 0x0000000088600000|100%| O|  |TAMS 0x0000000088500000, 0x0000000088500000| Untracked 
| 134|0x0000000088600000, 0x0000000088700000, 0x0000000088700000|100%|HS|  |TAMS 0x0000000088600000, 0x0000000088600000| Complete 
| 135|0x0000000088700000, 0x0000000088800000, 0x0000000088800000|100%|HS|  |TAMS 0x0000000088700000, 0x0000000088700000| Complete 
| 136|0x0000000088800000, 0x0000000088900000, 0x0000000088900000|100%|HC|  |TAMS 0x0000000088800000, 0x0000000088800000| Complete 
| 137|0x0000000088900000, 0x0000000088a00000, 0x0000000088a00000|100%|HC|  |TAMS 0x0000000088900000, 0x0000000088900000| Complete 
| 138|0x0000000088a00000, 0x0000000088b00000, 0x0000000088b00000|100%| O|  |TAMS 0x0000000088a00000, 0x0000000088a00000| Untracked 
| 139|0x0000000088b00000, 0x0000000088c00000, 0x0000000088c00000|100%| O|  |TAMS 0x0000000088b00000, 0x0000000088b00000| Untracked 
| 140|0x0000000088c00000, 0x0000000088d00000, 0x0000000088d00000|100%| O|  |TAMS 0x0000000088c00000, 0x0000000088c00000| Untracked 
| 141|0x0000000088d00000, 0x0000000088e00000, 0x0000000088e00000|100%| O|  |TAMS 0x0000000088d00000, 0x0000000088d00000| Untracked 
| 142|0x0000000088e00000, 0x0000000088f00000, 0x0000000088f00000|100%| O|  |TAMS 0x0000000088e00000, 0x0000000088e00000| Untracked 
| 143|0x0000000088f00000, 0x0000000089000000, 0x0000000089000000|100%| O|  |TAMS 0x0000000088f00000, 0x0000000088f00000| Untracked 
| 144|0x0000000089000000, 0x0000000089100000, 0x0000000089100000|100%| O|  |TAMS 0x0000000089000000, 0x0000000089000000| Untracked 
| 145|0x0000000089100000, 0x0000000089200000, 0x0000000089200000|100%| O|  |TAMS 0x0000000089100000, 0x0000000089100000| Untracked 
| 146|0x0000000089200000, 0x0000000089300000, 0x0000000089300000|100%| O|  |TAMS 0x0000000089200000, 0x0000000089200000| Untracked 
| 147|0x0000000089300000, 0x0000000089400000, 0x0000000089400000|100%| O|  |TAMS 0x0000000089300000, 0x0000000089300000| Untracked 
| 148|0x0000000089400000, 0x0000000089500000, 0x0000000089500000|100%| O|  |TAMS 0x0000000089400000, 0x0000000089400000| Untracked 
| 149|0x0000000089500000, 0x0000000089600000, 0x0000000089600000|100%| O|  |TAMS 0x0000000089500000, 0x0000000089500000| Untracked 
| 150|0x0000000089600000, 0x0000000089700000, 0x0000000089700000|100%| O|  |TAMS 0x0000000089600000, 0x0000000089600000| Untracked 
| 151|0x0000000089700000, 0x00000000897bc400, 0x0000000089800000| 73%| O|  |TAMS 0x0000000089700000, 0x0000000089700000| Untracked 
| 152|0x0000000089800000, 0x0000000089800000, 0x0000000089900000|  0%| F|  |TAMS 0x0000000089800000, 0x0000000089800000| Untracked 
| 153|0x0000000089900000, 0x0000000089900000, 0x0000000089a00000|  0%| F|  |TAMS 0x0000000089900000, 0x0000000089900000| Untracked 
| 154|0x0000000089a00000, 0x0000000089a00000, 0x0000000089b00000|  0%| F|  |TAMS 0x0000000089a00000, 0x0000000089a00000| Untracked 
| 155|0x0000000089b00000, 0x0000000089b00000, 0x0000000089c00000|  0%| F|  |TAMS 0x0000000089b00000, 0x0000000089b00000| Untracked 
| 156|0x0000000089c00000, 0x0000000089c00000, 0x0000000089d00000|  0%| F|  |TAMS 0x0000000089c00000, 0x0000000089c00000| Untracked 
| 157|0x0000000089d00000, 0x0000000089d00000, 0x0000000089e00000|  0%| F|  |TAMS 0x0000000089d00000, 0x0000000089d00000| Untracked 
| 158|0x0000000089e00000, 0x0000000089e00000, 0x0000000089f00000|  0%| F|  |TAMS 0x0000000089e00000, 0x0000000089e00000| Untracked 
| 159|0x0000000089f00000, 0x0000000089f00000, 0x000000008a000000|  0%| F|  |TAMS 0x0000000089f00000, 0x0000000089f00000| Untracked 
| 160|0x000000008a000000, 0x000000008a000000, 0x000000008a100000|  0%| F|  |TAMS 0x000000008a000000, 0x000000008a000000| Untracked 
| 161|0x000000008a100000, 0x000000008a100000, 0x000000008a200000|  0%| F|  |TAMS 0x000000008a100000, 0x000000008a100000| Untracked 
| 162|0x000000008a200000, 0x000000008a200000, 0x000000008a300000|  0%| F|  |TAMS 0x000000008a200000, 0x000000008a200000| Untracked 
| 163|0x000000008a300000, 0x000000008a300000, 0x000000008a400000|  0%| F|  |TAMS 0x000000008a300000, 0x000000008a300000| Untracked 
| 164|0x000000008a400000, 0x000000008a400000, 0x000000008a500000|  0%| F|  |TAMS 0x000000008a400000, 0x000000008a400000| Untracked 
| 165|0x000000008a500000, 0x000000008a500000, 0x000000008a600000|  0%| F|  |TAMS 0x000000008a500000, 0x000000008a500000| Untracked 
| 166|0x000000008a600000, 0x000000008a600000, 0x000000008a700000|  0%| F|  |TAMS 0x000000008a600000, 0x000000008a600000| Untracked 
| 167|0x000000008a700000, 0x000000008a700000, 0x000000008a800000|  0%| F|  |TAMS 0x000000008a700000, 0x000000008a700000| Untracked 
| 168|0x000000008a800000, 0x000000008a800000, 0x000000008a900000|  0%| F|  |TAMS 0x000000008a800000, 0x000000008a800000| Untracked 
| 169|0x000000008a900000, 0x000000008a900000, 0x000000008aa00000|  0%| F|  |TAMS 0x000000008a900000, 0x000000008a900000| Untracked 
| 170|0x000000008aa00000, 0x000000008aa00000, 0x000000008ab00000|  0%| F|  |TAMS 0x000000008aa00000, 0x000000008aa00000| Untracked 
| 171|0x000000008ab00000, 0x000000008ab00000, 0x000000008ac00000|  0%| F|  |TAMS 0x000000008ab00000, 0x000000008ab00000| Untracked 
| 172|0x000000008ac00000, 0x000000008ac00000, 0x000000008ad00000|  0%| F|  |TAMS 0x000000008ac00000, 0x000000008ac00000| Untracked 
| 173|0x000000008ad00000, 0x000000008ad00000, 0x000000008ae00000|  0%| F|  |TAMS 0x000000008ad00000, 0x000000008ad00000| Untracked 
| 174|0x000000008ae00000, 0x000000008ae00000, 0x000000008af00000|  0%| F|  |TAMS 0x000000008ae00000, 0x000000008ae00000| Untracked 
| 175|0x000000008af00000, 0x000000008af00000, 0x000000008b000000|  0%| F|  |TAMS 0x000000008af00000, 0x000000008af00000| Untracked 
| 176|0x000000008b000000, 0x000000008b000000, 0x000000008b100000|  0%| F|  |TAMS 0x000000008b000000, 0x000000008b000000| Untracked 
| 177|0x000000008b100000, 0x000000008b100000, 0x000000008b200000|  0%| F|  |TAMS 0x000000008b100000, 0x000000008b100000| Untracked 
| 178|0x000000008b200000, 0x000000008b200000, 0x000000008b300000|  0%| F|  |TAMS 0x000000008b200000, 0x000000008b200000| Untracked 
| 179|0x000000008b300000, 0x000000008b300000, 0x000000008b400000|  0%| F|  |TAMS 0x000000008b300000, 0x000000008b300000| Untracked 
| 180|0x000000008b400000, 0x000000008b400000, 0x000000008b500000|  0%| F|  |TAMS 0x000000008b400000, 0x000000008b400000| Untracked 
| 181|0x000000008b500000, 0x000000008b500000, 0x000000008b600000|  0%| F|  |TAMS 0x000000008b500000, 0x000000008b500000| Untracked 
| 182|0x000000008b600000, 0x000000008b600000, 0x000000008b700000|  0%| F|  |TAMS 0x000000008b600000, 0x000000008b600000| Untracked 
| 183|0x000000008b700000, 0x000000008b700000, 0x000000008b800000|  0%| F|  |TAMS 0x000000008b700000, 0x000000008b700000| Untracked 
| 184|0x000000008b800000, 0x000000008b800000, 0x000000008b900000|  0%| F|  |TAMS 0x000000008b800000, 0x000000008b800000| Untracked 
| 185|0x000000008b900000, 0x000000008b900000, 0x000000008ba00000|  0%| F|  |TAMS 0x000000008b900000, 0x000000008b900000| Untracked 
| 186|0x000000008ba00000, 0x000000008ba00000, 0x000000008bb00000|  0%| F|  |TAMS 0x000000008ba00000, 0x000000008ba00000| Untracked 
| 187|0x000000008bb00000, 0x000000008bb00000, 0x000000008bc00000|  0%| F|  |TAMS 0x000000008bb00000, 0x000000008bb00000| Untracked 
| 188|0x000000008bc00000, 0x000000008bc00000, 0x000000008bd00000|  0%| F|  |TAMS 0x000000008bc00000, 0x000000008bc00000| Untracked 
| 189|0x000000008bd00000, 0x000000008bd00000, 0x000000008be00000|  0%| F|  |TAMS 0x000000008bd00000, 0x000000008bd00000| Untracked 
| 190|0x000000008be00000, 0x000000008be00000, 0x000000008bf00000|  0%| F|  |TAMS 0x000000008be00000, 0x000000008be00000| Untracked 
| 191|0x000000008bf00000, 0x000000008bf00000, 0x000000008c000000|  0%| F|  |TAMS 0x000000008bf00000, 0x000000008bf00000| Untracked 
| 192|0x000000008c000000, 0x000000008c000000, 0x000000008c100000|  0%| F|  |TAMS 0x000000008c000000, 0x000000008c000000| Untracked 
| 193|0x000000008c100000, 0x000000008c100000, 0x000000008c200000|  0%| F|  |TAMS 0x000000008c100000, 0x000000008c100000| Untracked 
| 194|0x000000008c200000, 0x000000008c200000, 0x000000008c300000|  0%| F|  |TAMS 0x000000008c200000, 0x000000008c200000| Untracked 
| 195|0x000000008c300000, 0x000000008c300000, 0x000000008c400000|  0%| F|  |TAMS 0x000000008c300000, 0x000000008c300000| Untracked 
| 196|0x000000008c400000, 0x000000008c4d51b0, 0x000000008c500000| 83%| S|CS|TAMS 0x000000008c400000, 0x000000008c400000| Complete 
| 197|0x000000008c500000, 0x000000008c600000, 0x000000008c600000|100%| S|CS|TAMS 0x000000008c500000, 0x000000008c500000| Complete 
| 198|0x000000008c600000, 0x000000008c700000, 0x000000008c700000|100%| S|CS|TAMS 0x000000008c600000, 0x000000008c600000| Complete 
| 199|0x000000008c700000, 0x000000008c700000, 0x000000008c800000|  0%| F|  |TAMS 0x000000008c700000, 0x000000008c700000| Untracked 
| 200|0x000000008c800000, 0x000000008c800000, 0x000000008c900000|  0%| F|  |TAMS 0x000000008c800000, 0x000000008c800000| Untracked 
| 201|0x000000008c900000, 0x000000008c900000, 0x000000008ca00000|  0%| F|  |TAMS 0x000000008c900000, 0x000000008c900000| Untracked 
| 202|0x000000008ca00000, 0x000000008ca00000, 0x000000008cb00000|  0%| F|  |TAMS 0x000000008ca00000, 0x000000008ca00000| Untracked 
| 203|0x000000008cb00000, 0x000000008cb00000, 0x000000008cc00000|  0%| F|  |TAMS 0x000000008cb00000, 0x000000008cb00000| Untracked 
| 204|0x000000008cc00000, 0x000000008cc00000, 0x000000008cd00000|  0%| F|  |TAMS 0x000000008cc00000, 0x000000008cc00000| Untracked 
| 205|0x000000008cd00000, 0x000000008cd00000, 0x000000008ce00000|  0%| F|  |TAMS 0x000000008cd00000, 0x000000008cd00000| Untracked 
| 206|0x000000008ce00000, 0x000000008ce00000, 0x000000008cf00000|  0%| F|  |TAMS 0x000000008ce00000, 0x000000008ce00000| Untracked 
| 207|0x000000008cf00000, 0x000000008cf00000, 0x000000008d000000|  0%| F|  |TAMS 0x000000008cf00000, 0x000000008cf00000| Untracked 
| 208|0x000000008d000000, 0x000000008d000000, 0x000000008d100000|  0%| F|  |TAMS 0x000000008d000000, 0x000000008d000000| Untracked 
| 209|0x000000008d100000, 0x000000008d100000, 0x000000008d200000|  0%| F|  |TAMS 0x000000008d100000, 0x000000008d100000| Untracked 
| 210|0x000000008d200000, 0x000000008d200000, 0x000000008d300000|  0%| F|  |TAMS 0x000000008d200000, 0x000000008d200000| Untracked 
| 211|0x000000008d300000, 0x000000008d300000, 0x000000008d400000|  0%| F|  |TAMS 0x000000008d300000, 0x000000008d300000| Untracked 
| 212|0x000000008d400000, 0x000000008d400000, 0x000000008d500000|  0%| F|  |TAMS 0x000000008d400000, 0x000000008d400000| Untracked 
| 213|0x000000008d500000, 0x000000008d500000, 0x000000008d600000|  0%| F|  |TAMS 0x000000008d500000, 0x000000008d500000| Untracked 
| 214|0x000000008d600000, 0x000000008d600000, 0x000000008d700000|  0%| F|  |TAMS 0x000000008d600000, 0x000000008d600000| Untracked 
| 215|0x000000008d700000, 0x000000008d700000, 0x000000008d800000|  0%| F|  |TAMS 0x000000008d700000, 0x000000008d700000| Untracked 
| 216|0x000000008d800000, 0x000000008d800000, 0x000000008d900000|  0%| F|  |TAMS 0x000000008d800000, 0x000000008d800000| Untracked 
| 217|0x000000008d900000, 0x000000008d900000, 0x000000008da00000|  0%| F|  |TAMS 0x000000008d900000, 0x000000008d900000| Untracked 
| 218|0x000000008da00000, 0x000000008da00000, 0x000000008db00000|  0%| F|  |TAMS 0x000000008da00000, 0x000000008da00000| Untracked 
| 219|0x000000008db00000, 0x000000008db00000, 0x000000008dc00000|  0%| F|  |TAMS 0x000000008db00000, 0x000000008db00000| Untracked 
| 220|0x000000008dc00000, 0x000000008dc00000, 0x000000008dd00000|  0%| F|  |TAMS 0x000000008dc00000, 0x000000008dc00000| Untracked 
| 221|0x000000008dd00000, 0x000000008dd00000, 0x000000008de00000|  0%| F|  |TAMS 0x000000008dd00000, 0x000000008dd00000| Untracked 
| 222|0x000000008de00000, 0x000000008de00000, 0x000000008df00000|  0%| F|  |TAMS 0x000000008de00000, 0x000000008de00000| Untracked 
| 223|0x000000008df00000, 0x000000008df00000, 0x000000008e000000|  0%| F|  |TAMS 0x000000008df00000, 0x000000008df00000| Untracked 
| 224|0x000000008e000000, 0x000000008e000000, 0x000000008e100000|  0%| F|  |TAMS 0x000000008e000000, 0x000000008e000000| Untracked 
| 225|0x000000008e100000, 0x000000008e100000, 0x000000008e200000|  0%| F|  |TAMS 0x000000008e100000, 0x000000008e100000| Untracked 
| 226|0x000000008e200000, 0x000000008e200000, 0x000000008e300000|  0%| F|  |TAMS 0x000000008e200000, 0x000000008e200000| Untracked 
| 227|0x000000008e300000, 0x000000008e300000, 0x000000008e400000|  0%| F|  |TAMS 0x000000008e300000, 0x000000008e300000| Untracked 
| 228|0x000000008e400000, 0x000000008e400000, 0x000000008e500000|  0%| F|  |TAMS 0x000000008e400000, 0x000000008e400000| Untracked 
| 229|0x000000008e500000, 0x000000008e500000, 0x000000008e600000|  0%| F|  |TAMS 0x000000008e500000, 0x000000008e500000| Untracked 
| 230|0x000000008e600000, 0x000000008e600000, 0x000000008e700000|  0%| F|  |TAMS 0x000000008e600000, 0x000000008e600000| Untracked 
| 231|0x000000008e700000, 0x000000008e700000, 0x000000008e800000|  0%| F|  |TAMS 0x000000008e700000, 0x000000008e700000| Untracked 
| 232|0x000000008e800000, 0x000000008e800000, 0x000000008e900000|  0%| F|  |TAMS 0x000000008e800000, 0x000000008e800000| Untracked 
| 233|0x000000008e900000, 0x000000008e900000, 0x000000008ea00000|  0%| F|  |TAMS 0x000000008e900000, 0x000000008e900000| Untracked 
| 234|0x000000008ea00000, 0x000000008ea00000, 0x000000008eb00000|  0%| F|  |TAMS 0x000000008ea00000, 0x000000008ea00000| Untracked 
| 235|0x000000008eb00000, 0x000000008eb00000, 0x000000008ec00000|  0%| F|  |TAMS 0x000000008eb00000, 0x000000008eb00000| Untracked 
| 236|0x000000008ec00000, 0x000000008ec00000, 0x000000008ed00000|  0%| F|  |TAMS 0x000000008ec00000, 0x000000008ec00000| Untracked 
| 237|0x000000008ed00000, 0x000000008ed00000, 0x000000008ee00000|  0%| F|  |TAMS 0x000000008ed00000, 0x000000008ed00000| Untracked 
| 238|0x000000008ee00000, 0x000000008ee00000, 0x000000008ef00000|  0%| F|  |TAMS 0x000000008ee00000, 0x000000008ee00000| Untracked 
| 239|0x000000008ef00000, 0x000000008ef00000, 0x000000008f000000|  0%| F|  |TAMS 0x000000008ef00000, 0x000000008ef00000| Untracked 
| 240|0x000000008f000000, 0x000000008f000000, 0x000000008f100000|  0%| F|  |TAMS 0x000000008f000000, 0x000000008f000000| Untracked 
| 241|0x000000008f100000, 0x000000008f100000, 0x000000008f200000|  0%| F|  |TAMS 0x000000008f100000, 0x000000008f100000| Untracked 
| 242|0x000000008f200000, 0x000000008f200000, 0x000000008f300000|  0%| F|  |TAMS 0x000000008f200000, 0x000000008f200000| Untracked 
| 243|0x000000008f300000, 0x000000008f300000, 0x000000008f400000|  0%| F|  |TAMS 0x000000008f300000, 0x000000008f300000| Untracked 
| 244|0x000000008f400000, 0x000000008f400000, 0x000000008f500000|  0%| F|  |TAMS 0x000000008f400000, 0x000000008f400000| Untracked 
| 245|0x000000008f500000, 0x000000008f500000, 0x000000008f600000|  0%| F|  |TAMS 0x000000008f500000, 0x000000008f500000| Untracked 
| 246|0x000000008f600000, 0x000000008f600000, 0x000000008f700000|  0%| F|  |TAMS 0x000000008f600000, 0x000000008f600000| Untracked 
| 247|0x000000008f700000, 0x000000008f700000, 0x000000008f800000|  0%| F|  |TAMS 0x000000008f700000, 0x000000008f700000| Untracked 
| 248|0x000000008f800000, 0x000000008f800000, 0x000000008f900000|  0%| F|  |TAMS 0x000000008f800000, 0x000000008f800000| Untracked 
| 249|0x000000008f900000, 0x000000008f900000, 0x000000008fa00000|  0%| F|  |TAMS 0x000000008f900000, 0x000000008f900000| Untracked 
| 250|0x000000008fa00000, 0x000000008fa00000, 0x000000008fb00000|  0%| F|  |TAMS 0x000000008fa00000, 0x000000008fa00000| Untracked 
| 251|0x000000008fb00000, 0x000000008fb00000, 0x000000008fc00000|  0%| F|  |TAMS 0x000000008fb00000, 0x000000008fb00000| Untracked 
| 252|0x000000008fc00000, 0x000000008fc00000, 0x000000008fd00000|  0%| F|  |TAMS 0x000000008fc00000, 0x000000008fc00000| Untracked 
| 253|0x000000008fd00000, 0x000000008fd00000, 0x000000008fe00000|  0%| F|  |TAMS 0x000000008fd00000, 0x000000008fd00000| Untracked 
| 254|0x000000008fe00000, 0x000000008fe00000, 0x000000008ff00000|  0%| F|  |TAMS 0x000000008fe00000, 0x000000008fe00000| Untracked 
| 255|0x000000008ff00000, 0x000000008ff00000, 0x0000000090000000|  0%| F|  |TAMS 0x000000008ff00000, 0x000000008ff00000| Untracked 
| 256|0x0000000090000000, 0x0000000090000000, 0x0000000090100000|  0%| F|  |TAMS 0x0000000090000000, 0x0000000090000000| Untracked 
| 257|0x0000000090100000, 0x0000000090100000, 0x0000000090200000|  0%| F|  |TAMS 0x0000000090100000, 0x0000000090100000| Untracked 
| 258|0x0000000090200000, 0x0000000090200000, 0x0000000090300000|  0%| F|  |TAMS 0x0000000090200000, 0x0000000090200000| Untracked 
| 259|0x0000000090300000, 0x0000000090300000, 0x0000000090400000|  0%| F|  |TAMS 0x0000000090300000, 0x0000000090300000| Untracked 

Card table byte_map: [0x0000026226620000,0x0000026226a20000] _byte_map_base: 0x0000026226220000

Marking Bits (Prev, Next): (CMBitMap*) 0x0000026213b7ad50, (CMBitMap*) 0x0000026213b7ad90
 Prev Bits: [0x0000026226e20000, 0x0000026228e20000)
 Next Bits: [0x0000026228e20000, 0x000002622ae20000)

Polling page: 0x00000262132e0000

Metaspace:

Usage:
  Non-class:     89.93 MB used.
      Class:     14.21 MB used.
       Both:    104.13 MB used.

Virtual space:
  Non-class space:       96.00 MB reserved,      90.44 MB ( 94%) committed,  12 nodes.
      Class space:      412.00 MB reserved,      14.62 MB (  4%) committed,  1 nodes.
             Both:      508.00 MB reserved,     105.06 MB ( 21%) committed. 

Chunk freelists:
   Non-Class:  896.00 KB
       Class:  1.41 MB
        Both:  2.28 MB

MaxMetaspaceSize: 512.00 MB
CompressedClassSpaceSize: 412.00 MB
Initial GC threshold: 21.00 MB
Current GC threshold: 162.50 MB
CDS: off
MetaspaceReclaimPolicy: balanced
 - commit_granule_bytes: 65536.
 - commit_granule_words: 8192.
 - virtual_space_node_default_size: 1048576.
 - enlarge_chunks_in_place: 1.
 - new_chunks_are_fully_committed: 0.
 - uncommit_free_chunks: 1.
 - use_allocation_guard: 0.
 - handle_deallocations: 1.


Internal statistics:

num_allocs_failed_limit: 6.
num_arena_births: 1168.
num_arena_deaths: 0.
num_vsnodes_births: 13.
num_vsnodes_deaths: 0.
num_space_committed: 1681.
num_space_uncommitted: 0.
num_chunks_returned_to_freelist: 6.
num_chunks_taken_from_freelist: 5310.
num_chunk_merges: 3.
num_chunk_splits: 3494.
num_chunks_enlarged: 2307.
num_purges: 0.
num_inconsistent_stats: 0.

CodeHeap 'non-profiled nmethods': size=120000Kb used=7739Kb max_used=7739Kb free=112260Kb
 bounds [0x000002621e9c0000, 0x000002621f170000, 0x0000026225ef0000]
CodeHeap 'profiled nmethods': size=120000Kb used=22529Kb max_used=24329Kb free=97470Kb
 bounds [0x0000026217490000, 0x0000026218c60000, 0x000002621e9c0000]
CodeHeap 'non-nmethods': size=5760Kb used=2470Kb max_used=2523Kb free=3289Kb
 bounds [0x0000026216ef0000, 0x0000026217180000, 0x0000026217490000]
 total_blobs=12518 nmethods=11515 adapters=915
 compilation: enabled
              stopped_count=0, restarted_count=0
 full_count=0

Compilation events (20 events):
Event: 551.566 Thread 0x000002622e451b20 13741       3       org.gradle.internal.time.DefaultTimer::reset (14 bytes)
Event: 551.569 Thread 0x000002622e451b20 nmethod 13741 0x0000026217cd7310 code [0x0000026217cd74c0, 0x0000026217cd7698]
Event: 558.285 Thread 0x000002622e451b20 13742       3       com.sun.jmx.mbeanserver.JmxMBeanServer::cloneObjectName (11 bytes)
Event: 558.286 Thread 0x000002622e451b20 nmethod 13742 0x0000026217a7c990 code [0x0000026217a7cba0, 0x0000026217a7d198]
Event: 558.286 Thread 0x000002622e451b20 13743       3       javax.management.ObjectName::getInstance (22 bytes)
Event: 558.286 Thread 0x000002622e451b20 nmethod 13743 0x0000026217af5390 code [0x0000026217af5580, 0x0000026217af5a98]
Event: 561.560 Thread 0x000002622e451b20 13744       3       org.gradle.internal.time.DefaultTimer::<init> (14 bytes)
Event: 561.562 Thread 0x000002622e451b20 nmethod 13744 0x00000262179abe90 code [0x00000262179ac040, 0x00000262179ac398]
Event: 561.562 Thread 0x000002622e451b20 13745       3       org.gradle.launcher.daemon.registry.DaemonRegistryContent$Serializer::readAddresses (137 bytes)
Event: 561.570 Thread 0x000002622e451b20 nmethod 13745 0x00000262178e2c10 code [0x00000262178e2f80, 0x00000262178e4ab8]
Event: 563.681 Thread 0x000002622e451b20 13746       3       javax.crypto.spec.IvParameterSpec::<init> (83 bytes)
Event: 563.686 Thread 0x000002622e451b20 nmethod 13746 0x00000262174c0990 code [0x00000262174c0ba0, 0x00000262174c12a8]
Event: 572.020 Thread 0x000002622e451080 13747       4       org.gradle.internal.resource.transfer.ResourceOperation::logProcessedBytes (87 bytes)
Event: 572.055 Thread 0x000002622e451080 nmethod 13747 0x000002621efa3910 code [0x000002621efa3b60, 0x000002621efa53a0]
Event: 584.736 Thread 0x000002622e451080 13748       4       java.nio.ByteBuffer::hasArray (20 bytes)
Event: 584.737 Thread 0x000002622e451080 nmethod 13748 0x000002621efa3610 code [0x000002621efa3780, 0x000002621efa3838]
Event: 590.391 Thread 0x000002622e451080 13749       4       sun.security.util.math.intpoly.IntegerPolynomial1305::reduceIn (19 bytes)
Event: 590.392 Thread 0x000002622e451080 nmethod 13749 0x000002621efa3310 code [0x000002621efa3480, 0x000002621efa3538]
Event: 601.556 Thread 0x000002622e451b20 13750       3       java.io.RandomAccessFile$1::close (11 bytes)
Event: 601.559 Thread 0x000002622e451b20 nmethod 13750 0x0000026217c2fc90 code [0x0000026217c2fe60, 0x0000026217c30358]

GC Heap History (20 events):
Event: 11.304 GC heap after
{Heap after GC invocations=39 (full 0):
 garbage-first heap   total 235520K, used 75378K [0x0000000080000000, 0x0000000100000000)
  region size 1024K, 2 young (2048K), 2 survivors (2048K)
 Metaspace       used 78847K, committed 79552K, reserved 495616K
  class space    used 10616K, committed 10944K, reserved 421888K
}
Event: 14.863 GC heap before
{Heap before GC invocations=39 (full 0):
 garbage-first heap   total 235520K, used 181874K [0x0000000080000000, 0x0000000100000000)
  region size 1024K, 105 young (107520K), 2 survivors (2048K)
 Metaspace       used 86218K, committed 86912K, reserved 503808K
  class space    used 11851K, committed 12160K, reserved 421888K
}
Event: 14.872 GC heap after
{Heap after GC invocations=40 (full 0):
 garbage-first heap   total 235520K, used 82903K [0x0000000080000000, 0x0000000100000000)
  region size 1024K, 9 young (9216K), 9 survivors (9216K)
 Metaspace       used 86218K, committed 86912K, reserved 503808K
  class space    used 11851K, committed 12160K, reserved 421888K
}
Event: 15.595 GC heap before
{Heap before GC invocations=40 (full 0):
 garbage-first heap   total 235520K, used 184279K [0x0000000080000000, 0x0000000100000000)
  region size 1024K, 101 young (103424K), 9 survivors (9216K)
 Metaspace       used 89641K, committed 90368K, reserved 503808K
  class space    used 12328K, committed 12672K, reserved 421888K
}
Event: 15.606 GC heap after
{Heap after GC invocations=41 (full 0):
 garbage-first heap   total 235520K, used 106145K [0x0000000080000000, 0x0000000100000000)
  region size 1024K, 13 young (13312K), 13 survivors (13312K)
 Metaspace       used 89641K, committed 90368K, reserved 503808K
  class space    used 12328K, committed 12672K, reserved 421888K
}
Event: 16.196 GC heap before
{Heap before GC invocations=41 (full 0):
 garbage-first heap   total 235520K, used 182944K [0x0000000080000000, 0x0000000100000000)
  region size 1024K, 86 young (88064K), 13 survivors (13312K)
 Metaspace       used 92637K, committed 93440K, reserved 503808K
  class space    used 12772K, committed 13120K, reserved 421888K
}
Event: 16.208 GC heap after
{Heap after GC invocations=42 (full 0):
 garbage-first heap   total 235520K, used 119999K [0x0000000080000000, 0x0000000100000000)
  region size 1024K, 11 young (11264K), 11 survivors (11264K)
 Metaspace       used 92637K, committed 93440K, reserved 503808K
  class space    used 12772K, committed 13120K, reserved 421888K
}
Event: 16.787 GC heap before
{Heap before GC invocations=42 (full 0):
 garbage-first heap   total 235520K, used 182463K [0x0000000080000000, 0x0000000100000000)
  region size 1024K, 72 young (73728K), 11 survivors (11264K)
 Metaspace       used 96993K, committed 97856K, reserved 512000K
  class space    used 13331K, committed 13696K, reserved 421888K
}
Event: 16.796 GC heap after
{Heap after GC invocations=43 (full 0):
 garbage-first heap   total 235520K, used 124441K [0x0000000080000000, 0x0000000100000000)
  region size 1024K, 4 young (4096K), 4 survivors (4096K)
 Metaspace       used 96993K, committed 97856K, reserved 512000K
  class space    used 13331K, committed 13696K, reserved 421888K
}
Event: 17.135 GC heap before
{Heap before GC invocations=44 (full 0):
 garbage-first heap   total 235520K, used 187929K [0x0000000080000000, 0x0000000100000000)
  region size 1024K, 66 young (67584K), 4 survivors (4096K)
 Metaspace       used 98617K, committed 99584K, reserved 512000K
  class space    used 13549K, committed 14016K, reserved 421888K
}
Event: 17.144 GC heap after
{Heap after GC invocations=45 (full 0):
 garbage-first heap   total 235520K, used 132763K [0x0000000080000000, 0x0000000100000000)
  region size 1024K, 9 young (9216K), 9 survivors (9216K)
 Metaspace       used 98617K, committed 99584K, reserved 512000K
  class space    used 13549K, committed 14016K, reserved 421888K
}
Event: 17.151 GC heap before
{Heap before GC invocations=45 (full 0):
 garbage-first heap   total 235520K, used 134811K [0x0000000080000000, 0x0000000100000000)
  region size 1024K, 11 young (11264K), 9 survivors (9216K)
 Metaspace       used 98618K, committed 99584K, reserved 512000K
  class space    used 13549K, committed 14016K, reserved 421888K
}
Event: 17.157 GC heap after
{Heap after GC invocations=46 (full 0):
 garbage-first heap   total 235520K, used 133991K [0x0000000080000000, 0x0000000100000000)
  region size 1024K, 2 young (2048K), 2 survivors (2048K)
 Metaspace       used 98618K, committed 99584K, reserved 512000K
  class space    used 13549K, committed 14016K, reserved 421888K
}
Event: 17.385 GC heap before
{Heap before GC invocations=46 (full 0):
 garbage-first heap   total 235520K, used 189287K [0x0000000080000000, 0x0000000100000000)
  region size 1024K, 56 young (57344K), 2 survivors (2048K)
 Metaspace       used 98805K, committed 99840K, reserved 512000K
  class space    used 13561K, committed 14016K, reserved 421888K
}
Event: 17.393 GC heap after
{Heap after GC invocations=47 (full 0):
 garbage-first heap   total 235520K, used 143766K [0x0000000080000000, 0x0000000100000000)
  region size 1024K, 7 young (7168K), 7 survivors (7168K)
 Metaspace       used 98805K, committed 99840K, reserved 512000K
  class space    used 13561K, committed 14016K, reserved 421888K
}
Event: 17.937 GC heap before
{Heap before GC invocations=48 (full 0):
 garbage-first heap   total 266240K, used 192918K [0x0000000080000000, 0x0000000100000000)
  region size 1024K, 51 young (52224K), 7 survivors (7168K)
 Metaspace       used 101998K, committed 103040K, reserved 512000K
  class space    used 13969K, committed 14464K, reserved 421888K
}
Event: 17.946 GC heap after
{Heap after GC invocations=49 (full 0):
 garbage-first heap   total 266240K, used 154362K [0x0000000080000000, 0x0000000100000000)
  region size 1024K, 7 young (7168K), 7 survivors (7168K)
 Metaspace       used 101998K, committed 103040K, reserved 512000K
  class space    used 13969K, committed 14464K, reserved 421888K
}
Event: 18.004 GC heap before
{Heap before GC invocations=49 (full 0):
 garbage-first heap   total 266240K, used 159482K [0x0000000080000000, 0x0000000100000000)
  region size 1024K, 13 young (13312K), 7 survivors (7168K)
 Metaspace       used 103158K, committed 104128K, reserved 512000K
  class space    used 14115K, committed 14592K, reserved 421888K
}
Event: 18.009 GC heap after
{Heap after GC invocations=50 (full 0):
 garbage-first heap   total 266240K, used 154782K [0x0000000080000000, 0x0000000100000000)
  region size 1024K, 2 young (2048K), 2 survivors (2048K)
 Metaspace       used 103158K, committed 104128K, reserved 512000K
  class space    used 14115K, committed 14592K, reserved 421888K
}
Event: 608.783 GC heap before
{Heap before GC invocations=50 (full 0):
 garbage-first heap   total 266240K, used 214174K [0x0000000080000000, 0x0000000100000000)
  region size 1024K, 61 young (62464K), 2 survivors (2048K)
 Metaspace       used 106633K, committed 107584K, reserved 520192K
  class space    used 14549K, committed 14976K, reserved 421888K
}

Dll operation events (11 events):
Event: 0.038 Loaded shared library C:\Program Files\OpenLogic\jre-17.0.5.8-hotspot\bin\java.dll
Event: 0.052 Loaded shared library C:\Program Files\OpenLogic\jre-17.0.5.8-hotspot\bin\jsvml.dll
Event: 0.107 Loaded shared library C:\Program Files\OpenLogic\jre-17.0.5.8-hotspot\bin\net.dll
Event: 0.107 Loaded shared library C:\Program Files\OpenLogic\jre-17.0.5.8-hotspot\bin\nio.dll
Event: 0.112 Loaded shared library C:\Program Files\OpenLogic\jre-17.0.5.8-hotspot\bin\zip.dll
Event: 0.238 Loaded shared library C:\Program Files\OpenLogic\jre-17.0.5.8-hotspot\bin\jimage.dll
Event: 0.281 Loaded shared library C:\Program Files\OpenLogic\jre-17.0.5.8-hotspot\bin\verify.dll
Event: 0.441 Loaded shared library C:\Users\abhij\.gradle\native\68d5fa5c4cc2d200863cafc0d521ce42e7d3e7ee720ec0a83991735586a16f82\windows-amd64\native-platform.dll
Event: 0.754 Loaded shared library C:\Users\abhij\.gradle\native\e376f236ea51e6404a007f0833ffe2c6e607c4080706a723a18a27aeea778392\windows-amd64\native-platform-file-events.dll
Event: 1.282 Loaded shared library C:\Program Files\OpenLogic\jre-17.0.5.8-hotspot\bin\management.dll
Event: 1.285 Loaded shared library C:\Program Files\OpenLogic\jre-17.0.5.8-hotspot\bin\management_ext.dll

Deoptimization events (20 events):
Event: 93.140 Thread 0x000002622f580d40 Uncommon trap: trap_request=0xffffff45 fr.pc=0x000002621f07f524 relative=0x0000000000000104
Event: 93.140 Thread 0x000002622f580d40 Uncommon trap: reason=unstable_if action=reinterpret pc=0x000002621f07f524 method=java.math.BigDecimal.longMultiplyPowerTen(JI)J @ 42 c2
Event: 93.140 Thread 0x000002622f580d40 DEOPT PACKING pc=0x000002621f07f524 sp=0x000000f6ddefd3c0
Event: 93.140 Thread 0x000002622f580d40 DEOPT UNPACKING pc=0x0000026216f45ba3 sp=0x000000f6ddefd338 mode 2
Event: 94.324 Thread 0x000002622f580d40 DEOPT PACKING pc=0x0000026218c4fefd sp=0x000000f6ddefc8f0
Event: 94.324 Thread 0x000002622f580d40 DEOPT UNPACKING pc=0x0000026216f466e3 sp=0x000000f6ddefbe20 mode 0
Event: 247.850 Thread 0x0000026230cd4570 Uncommon trap: trap_request=0xffffff45 fr.pc=0x000002621f15aefc relative=0x000000000000501c
Event: 247.850 Thread 0x0000026230cd4570 Uncommon trap: reason=unstable_if action=reinterpret pc=0x000002621f15aefc method=org.gradle.internal.resource.transfer.ResourceOperation.logProcessedBytes(J)V @ 25 c2
Event: 247.850 Thread 0x0000026230cd4570 DEOPT PACKING pc=0x000002621f15aefc sp=0x000000f6e04fd4e0
Event: 247.850 Thread 0x0000026230cd4570 DEOPT UNPACKING pc=0x0000026216f45ba3 sp=0x000000f6e04fd4d0 mode 2
Event: 451.575 Thread 0x000002623109b6b0 Uncommon trap: trap_request=0xffffff45 fr.pc=0x000002621eecca48 relative=0x0000000000000808
Event: 451.576 Thread 0x000002623109b6b0 Uncommon trap: reason=unstable_if action=reinterpret pc=0x000002621eecca48 method=java.lang.AbstractStringBuilder.append(Ljava/lang/String;)Ljava/lang/AbstractStringBuilder; @ 1 c2
Event: 451.576 Thread 0x000002623109b6b0 DEOPT PACKING pc=0x000002621eecca48 sp=0x000000f6dadfe960
Event: 451.577 Thread 0x000002623109b6b0 DEOPT UNPACKING pc=0x0000026216f45ba3 sp=0x000000f6dadfe8f0 mode 2
Event: 471.763 Thread 0x000002623109b6b0 Uncommon trap: trap_request=0xffffff45 fr.pc=0x000002621eb4d70c relative=0x0000000000001e6c
Event: 471.764 Thread 0x000002623109b6b0 Uncommon trap: reason=unstable_if action=reinterpret pc=0x000002621eb4d70c method=java.io.DataInputStream.readUTF(Ljava/io/DataInput;)Ljava/lang/String; @ 31 c2
Event: 471.764 Thread 0x000002623109b6b0 DEOPT PACKING pc=0x000002621eb4d70c sp=0x000000f6dadfe8b0
Event: 471.764 Thread 0x000002623109b6b0 DEOPT UNPACKING pc=0x0000026216f45ba3 sp=0x000000f6dadfe880 mode 2
Event: 551.075 Thread 0x000002622f580d40 DEOPT PACKING pc=0x00000262176887f1 sp=0x000000f6ddefcef0
Event: 551.075 Thread 0x000002622f580d40 DEOPT UNPACKING pc=0x0000026216f466e3 sp=0x000000f6ddefc3e0 mode 0

Classes unloaded (0 events):
No events

Classes redefined (0 events):
No events

Internal exceptions (20 events):
Event: 17.632 Thread 0x000002622ff9bfe0 Exception <a 'java/lang/ClassNotFoundException'{0x000000008f7fa978}: com/android/build/gradle/internal/dsl/NdkOptions_DecoratedCustomizer> (0x000000008f7fa978) 
thrown [s\src\hotspot\share\classfile\systemDictionary.cpp, line 256]
Event: 17.640 Thread 0x000002622ff9bfe0 Exception <a 'java/lang/ClassNotFoundException'{0x000000008f6908c0}: org/jetbrains/kotlin/gradle/plugin/sources/DefaultKotlinSourceSetBeanInfo> (0x000000008f6908c0) 
thrown [s\src\hotspot\share\classfile\systemDictionary.cpp, line 256]
Event: 17.640 Thread 0x000002622ff9bfe0 Exception <a 'java/lang/ClassNotFoundException'{0x000000008f69fa20}: org/jetbrains/kotlin/gradle/plugin/sources/DefaultKotlinSourceSetCustomizer> (0x000000008f69fa20) 
thrown [s\src\hotspot\share\classfile\systemDictionary.cpp, line 256]
Event: 17.727 Thread 0x000002622ff9bfe0 Exception <a 'java/lang/NoClassDefFoundError'{0x000000008f009910}: org/jetbrains/kotlin/gradle/plugin/KotlinBasePluginWrapper> (0x000000008f009910) 
thrown [s\src\hotspot\share\oops\constantPool.cpp, line 835]
Event: 17.783 Thread 0x000002622ff9bfe0 Exception <a 'java/lang/ClassNotFoundException'{0x000000008eef2108}: build_2vy621b64gitedj5oz5pxv09eBeanInfo> (0x000000008eef2108) 
thrown [s\src\hotspot\share\classfile\systemDictionary.cpp, line 256]
Event: 17.783 Thread 0x000002622ff9bfe0 Exception <a 'java/lang/ClassNotFoundException'{0x000000008eef8988}: build_2vy621b64gitedj5oz5pxv09eCustomizer> (0x000000008eef8988) 
thrown [s\src\hotspot\share\classfile\systemDictionary.cpp, line 256]
Event: 17.788 Thread 0x000002622ff9bfe0 Exception <a 'java/lang/ClassNotFoundException'{0x000000008ed5a050}: build_2vy621b64gitedj5oz5pxv09e$_run_closure1BeanInfo> (0x000000008ed5a050) 
thrown [s\src\hotspot\share\classfile\systemDictionary.cpp, line 256]
Event: 17.788 Thread 0x000002622ff9bfe0 Exception <a 'java/lang/ClassNotFoundException'{0x000000008ed60fa8}: build_2vy621b64gitedj5oz5pxv09e$_run_closure1Customizer> (0x000000008ed60fa8) 
thrown [s\src\hotspot\share\classfile\systemDictionary.cpp, line 256]
Event: 17.876 Thread 0x0000026230cd4570 Implicit null exception at 0x000002621eeb4572 to 0x000002621eeb4d20
Event: 17.885 Thread 0x0000026230cd1080 Implicit null exception at 0x000002621eb2c6cb to 0x000002621eb2c6f0
Event: 17.885 Thread 0x0000026230cd4570 Implicit null exception at 0x000002621eb2c6cb to 0x000002621eb2c6f0
Event: 17.885 Thread 0x000002622f580d40 Implicit null exception at 0x000002621eb2c6cb to 0x000002621eb2c6f0
Event: 17.885 Thread 0x0000026230bd3260 Implicit null exception at 0x000002621eb2c6cb to 0x000002621eb2c6f0
Event: 17.885 Thread 0x0000026230bd28c0 Implicit null exception at 0x000002621eb2c6cb to 0x000002621eb2c6f0
Event: 17.907 Thread 0x0000026230bd3260 Exception <a 'sun/nio/fs/WindowsException'{0x000000008d81fb48}> (0x000000008d81fb48) 
thrown [s\src\hotspot\share\prims\jni.cpp, line 516]
Event: 17.993 Thread 0x0000026230bd3260 Implicit null exception at 0x000002621ec43ca9 to 0x000002621ec4444c
Event: 18.046 Thread 0x0000026230bd3260 Implicit null exception at 0x000002621eff6b05 to 0x000002621eff7450
Event: 18.046 Thread 0x000002622f580d40 Implicit null exception at 0x000002621eff6b05 to 0x000002621eff7450
Event: 18.760 Thread 0x0000026230bd3260 Implicit null exception at 0x000002621ea9d7e8 to 0x000002621ea9d968
Event: 451.575 Thread 0x000002623109b6b0 Implicit null exception at 0x000002621eecc275 to 0x000002621eecca30

VM Operations (20 events):
Event: 375.542 Executing VM operation: Cleanup done
Event: 392.623 Executing VM operation: Cleanup
Event: 392.623 Executing VM operation: Cleanup done
Event: 393.637 Executing VM operation: Cleanup
Event: 393.637 Executing VM operation: Cleanup done
Event: 411.762 Executing VM operation: Cleanup
Event: 411.763 Executing VM operation: Cleanup done
Event: 418.816 Executing VM operation: Cleanup
Event: 418.816 Executing VM operation: Cleanup done
Event: 452.072 Executing VM operation: Cleanup
Event: 452.072 Executing VM operation: Cleanup done
Event: 483.295 Executing VM operation: Cleanup
Event: 483.295 Executing VM operation: Cleanup done
Event: 484.300 Executing VM operation: Cleanup
Event: 484.300 Executing VM operation: Cleanup done
Event: 488.333 Executing VM operation: Cleanup
Event: 488.333 Executing VM operation: Cleanup done
Event: 497.409 Executing VM operation: Cleanup
Event: 497.409 Executing VM operation: Cleanup done
Event: 608.782 Executing VM operation: G1CollectForAllocation

Events (20 events):
Event: 54.025 Thread 0x000002622e452510 flushing nmethod 0x0000026218b7de10
Event: 54.025 Thread 0x000002622e452510 flushing nmethod 0x0000026218b7e290
Event: 54.025 Thread 0x000002622e452510 flushing nmethod 0x0000026218b7f710
Event: 54.025 Thread 0x000002622e452510 flushing nmethod 0x0000026218b7fc10
Event: 54.025 Thread 0x000002622e452510 flushing nmethod 0x0000026218b80610
Event: 54.025 Thread 0x000002622e452510 flushing nmethod 0x0000026218b80990
Event: 54.025 Thread 0x000002622e452510 flushing nmethod 0x0000026218b80e10
Event: 54.025 Thread 0x000002622e452510 flushing nmethod 0x0000026218b81e90
Event: 54.025 Thread 0x000002622e452510 flushing nmethod 0x0000026218b9a710
Event: 54.025 Thread 0x000002622e452510 flushing nmethod 0x0000026218b9b490
Event: 54.025 Thread 0x000002622e452510 flushing nmethod 0x0000026218b9b810
Event: 54.025 Thread 0x000002622e452510 flushing nmethod 0x0000026218b9c110
Event: 54.025 Thread 0x000002622e452510 flushing nmethod 0x0000026218ba8e90
Event: 61.636 Thread 0x000002622f0a0f40 Thread exited: 0x000002622f0a0f40
Event: 70.365 Thread 0x0000026230e81700 Thread exited: 0x0000026230e81700
Event: 84.808 Thread 0x000002622e6f86b0 Thread exited: 0x000002622e6f86b0
Event: 110.807 Thread 0x000002622e6f8b80 Thread added: 0x000002622e6f8b80
Event: 177.716 Thread 0x000002622e6f8b80 Thread exited: 0x000002622e6f8b80
Event: 194.698 loading class jdk/internal/misc/ScopedMemoryAccess$Scope$Handle
Event: 194.698 loading class jdk/internal/misc/ScopedMemoryAccess$Scope$Handle done


Dynamic libraries:
0x00007ff6e5640000 - 0x00007ff6e564e000 	C:\Program Files\OpenLogic\jre-17.0.5.8-hotspot\bin\java.exe
0x00007ffac8ad0000 - 0x00007ffac8ce7000 	C:\WINDOWS\SYSTEM32\ntdll.dll
0x00007ffac7f10000 - 0x00007ffac7fd4000 	C:\WINDOWS\System32\KERNEL32.DLL
0x00007ffac61f0000 - 0x00007ffac6596000 	C:\WINDOWS\System32\KERNELBASE.dll
0x00007ffac5ef0000 - 0x00007ffac6001000 	C:\WINDOWS\System32\ucrtbase.dll
0x00007ffa945f0000 - 0x00007ffa94607000 	C:\Program Files\OpenLogic\jre-17.0.5.8-hotspot\bin\jli.dll
0x00007ffa49e10000 - 0x00007ffa49e2b000 	C:\Program Files\OpenLogic\jre-17.0.5.8-hotspot\bin\VCRUNTIME140.dll
0x00007ffac8440000 - 0x00007ffac85ed000 	C:\WINDOWS\System32\USER32.dll
0x00007ffac65a0000 - 0x00007ffac65c6000 	C:\WINDOWS\System32\win32u.dll
0x00007ffaaed00000 - 0x00007ffaaef93000 	C:\WINDOWS\WinSxS\amd64_microsoft.windows.common-controls_6595b64144ccf1df_6.0.22621.2361_none_2712ced57382f843\COMCTL32.dll
0x00007ffac7840000 - 0x00007ffac7869000 	C:\WINDOWS\System32\GDI32.dll
0x00007ffac8350000 - 0x00007ffac83f7000 	C:\WINDOWS\System32\msvcrt.dll
0x00007ffac65d0000 - 0x00007ffac66e8000 	C:\WINDOWS\System32\gdi32full.dll
0x00007ffac5e50000 - 0x00007ffac5eea000 	C:\WINDOWS\System32\msvcp_win.dll
0x00007ffac8400000 - 0x00007ffac8431000 	C:\WINDOWS\System32\IMM32.DLL
0x00007ffaaeb10000 - 0x00007ffaaeb1c000 	C:\Program Files\OpenLogic\jre-17.0.5.8-hotspot\bin\vcruntime140_1.dll
0x00007ffa49790000 - 0x00007ffa4981d000 	C:\Program Files\OpenLogic\jre-17.0.5.8-hotspot\bin\msvcp140.dll
0x00007ffa3b580000 - 0x00007ffa3c1db000 	C:\Program Files\OpenLogic\jre-17.0.5.8-hotspot\bin\server\jvm.dll
0x00007ffac87f0000 - 0x00007ffac88a0000 	C:\WINDOWS\System32\ADVAPI32.dll
0x00007ffac89c0000 - 0x00007ffac8a66000 	C:\WINDOWS\System32\sechost.dll
0x00007ffac6840000 - 0x00007ffac6957000 	C:\WINDOWS\System32\RPCRT4.dll
0x00007ffa97b10000 - 0x00007ffa97b19000 	C:\WINDOWS\SYSTEM32\WSOCK32.dll
0x00007ffabb530000 - 0x00007ffabb564000 	C:\WINDOWS\SYSTEM32\WINMM.dll
0x00007ffaba0d0000 - 0x00007ffaba0da000 	C:\WINDOWS\SYSTEM32\VERSION.dll
0x00007ffac7a10000 - 0x00007ffac7a81000 	C:\WINDOWS\System32\WS2_32.dll
0x00007ffac4e30000 - 0x00007ffac4e48000 	C:\WINDOWS\SYSTEM32\kernel.appcore.dll
0x00007ffa97a50000 - 0x00007ffa97a5a000 	C:\Program Files\OpenLogic\jre-17.0.5.8-hotspot\bin\jimage.dll
0x00007ffac35e0000 - 0x00007ffac380e000 	C:\WINDOWS\SYSTEM32\DBGHELP.DLL
0x00007ffac6960000 - 0x00007ffac6cea000 	C:\WINDOWS\System32\combase.dll
0x00007ffac8100000 - 0x00007ffac81d7000 	C:\WINDOWS\System32\OLEAUT32.dll
0x00007ffaa5000000 - 0x00007ffaa5032000 	C:\WINDOWS\SYSTEM32\dbgcore.DLL
0x00007ffac66f0000 - 0x00007ffac676a000 	C:\WINDOWS\System32\bcryptPrimitives.dll
0x00007ffa49c60000 - 0x00007ffa49c85000 	C:\Program Files\OpenLogic\jre-17.0.5.8-hotspot\bin\java.dll
0x00007ffa49c40000 - 0x00007ffa49c58000 	C:\Program Files\OpenLogic\jre-17.0.5.8-hotspot\bin\zip.dll
0x00007ffa496b0000 - 0x00007ffa49786000 	C:\Program Files\OpenLogic\jre-17.0.5.8-hotspot\bin\jsvml.dll
0x00007ffac6d70000 - 0x00007ffac75c8000 	C:\WINDOWS\System32\SHELL32.dll
0x00007ffac3db0000 - 0x00007ffac46a2000 	C:\WINDOWS\SYSTEM32\windows.storage.dll
0x00007ffac3c70000 - 0x00007ffac3dae000 	C:\WINDOWS\SYSTEM32\wintypes.dll
0x00007ffac8250000 - 0x00007ffac8343000 	C:\WINDOWS\System32\SHCORE.dll
0x00007ffac6d10000 - 0x00007ffac6d6e000 	C:\WINDOWS\System32\shlwapi.dll
0x00007ffac5d80000 - 0x00007ffac5da6000 	C:\WINDOWS\SYSTEM32\profapi.dll
0x00007ffa49c20000 - 0x00007ffa49c39000 	C:\Program Files\OpenLogic\jre-17.0.5.8-hotspot\bin\net.dll
0x00007ffabca30000 - 0x00007ffabcb67000 	C:\WINDOWS\SYSTEM32\WINHTTP.dll
0x00007ffac5380000 - 0x00007ffac53e9000 	C:\WINDOWS\system32\mswsock.dll
0x00007ffa49980000 - 0x00007ffa49996000 	C:\Program Files\OpenLogic\jre-17.0.5.8-hotspot\bin\nio.dll
0x00007ffaa6540000 - 0x00007ffaa6550000 	C:\Program Files\OpenLogic\jre-17.0.5.8-hotspot\bin\verify.dll
0x00007ffa86c10000 - 0x00007ffa86c37000 	C:\Users\abhij\.gradle\native\68d5fa5c4cc2d200863cafc0d521ce42e7d3e7ee720ec0a83991735586a16f82\windows-amd64\native-platform.dll
0x00007ffa3d1a0000 - 0x00007ffa3d2e4000 	C:\Users\abhij\.gradle\native\e376f236ea51e6404a007f0833ffe2c6e607c4080706a723a18a27aeea778392\windows-amd64\native-platform-file-events.dll
0x00007ffa94610000 - 0x00007ffa94619000 	C:\Program Files\OpenLogic\jre-17.0.5.8-hotspot\bin\management.dll
0x00007ffa945c0000 - 0x00007ffa945cb000 	C:\Program Files\OpenLogic\jre-17.0.5.8-hotspot\bin\management_ext.dll
0x00007ffac6830000 - 0x00007ffac6838000 	C:\WINDOWS\System32\PSAPI.DLL
0x00007ffac55d0000 - 0x00007ffac55eb000 	C:\WINDOWS\SYSTEM32\CRYPTSP.dll
0x00007ffac4df0000 - 0x00007ffac4e25000 	C:\WINDOWS\system32\rsaenh.dll
0x00007ffac5470000 - 0x00007ffac549c000 	C:\WINDOWS\SYSTEM32\USERENV.dll
0x00007ffac5810000 - 0x00007ffac5838000 	C:\WINDOWS\SYSTEM32\bcrypt.dll
0x00007ffac5600000 - 0x00007ffac560c000 	C:\WINDOWS\SYSTEM32\CRYPTBASE.dll
0x00007ffac4910000 - 0x00007ffac493d000 	C:\WINDOWS\SYSTEM32\IPHLPAPI.DLL
0x00007ffac6cf0000 - 0x00007ffac6cf9000 	C:\WINDOWS\System32\NSI.dll
0x00007ffaba130000 - 0x00007ffaba149000 	C:\WINDOWS\SYSTEM32\dhcpcsvc6.DLL
0x00007ffaba110000 - 0x00007ffaba12f000 	C:\WINDOWS\SYSTEM32\dhcpcsvc.DLL
0x00007ffac4980000 - 0x00007ffac4a79000 	C:\WINDOWS\SYSTEM32\DNSAPI.dll
0x00007ffa94620000 - 0x00007ffa94628000 	C:\WINDOWS\system32\wshunix.dll
0x000000006c8b0000 - 0x000000006c8d6000 	C:\Program Files\Bonjour\mdnsNSP.dll
0x00007ffaba100000 - 0x00007ffaba10a000 	C:\Windows\System32\rasadhlp.dll
0x00007ffab9000000 - 0x00007ffab9084000 	C:\WINDOWS\System32\fwpuclnt.dll

dbghelp: loaded successfully - version: 4.0.5 - missing functions: none
symbol engine: initialized successfully - sym options: 0x614 - pdb path: .;C:\Program Files\OpenLogic\jre-17.0.5.8-hotspot\bin;C:\WINDOWS\SYSTEM32;C:\WINDOWS\WinSxS\amd64_microsoft.windows.common-controls_6595b64144ccf1df_6.0.22621.2361_none_2712ced57382f843;C:\Program Files\OpenLogic\jre-17.0.5.8-hotspot\bin\server;C:\Users\abhij\.gradle\native\68d5fa5c4cc2d200863cafc0d521ce42e7d3e7ee720ec0a83991735586a16f82\windows-amd64;C:\Users\abhij\.gradle\native\e376f236ea51e6404a007f0833ffe2c6e607c4080706a723a18a27aeea778392\windows-amd64;C:\Program Files\Bonjour

VM Arguments:
jvm_args: -XX:MaxMetaspaceSize=512m --add-opens=java.base/java.util=ALL-UNNAMED --add-opens=java.base/java.lang=ALL-UNNAMED --add-opens=java.base/java.lang.invoke=ALL-UNNAMED --add-opens=java.prefs/java.util.prefs=ALL-UNNAMED --add-opens=java.base/java.nio.charset=ALL-UNNAMED --add-opens=java.base/java.net=ALL-UNNAMED --add-opens=java.base/java.util.concurrent.atomic=ALL-UNNAMED -Xmx2048m -Dfile.encoding=windows-1252 -Duser.country=IN -Duser.language=en -Duser.variant 
java_command: org.gradle.launcher.daemon.bootstrap.GradleDaemon 8.0.1
java_class_path (initial): C:\Users\abhij\.gradle\wrapper\dists\gradle-8.0.1-all\aro4hu1c3oeioove7l0i4i14o\gradle-8.0.1\lib\gradle-launcher-8.0.1.jar
Launcher Type: SUN_STANDARD

[Global flags]
     intx CICompilerCount                          = 4                                         {product} {ergonomic}
   size_t CompressedClassSpaceSize                 = 432013312                                 {product} {ergonomic}
     uint ConcGCThreads                            = 2                                         {product} {ergonomic}
     uint G1ConcRefinementThreads                  = 8                                         {product} {ergonomic}
   size_t G1HeapRegionSize                         = 1048576                                   {product} {ergonomic}
    uintx GCDrainStackTargetSize                   = 64                                        {product} {ergonomic}
   size_t InitialHeapSize                          = 132120576                                 {product} {ergonomic}
   size_t MarkStackSize                            = 4194304                                   {product} {ergonomic}
   size_t MaxHeapSize                              = 2147483648                                {product} {command line}
   size_t MaxMetaspaceSize                         = 536870912                                 {product} {command line}
   size_t MaxNewSize                               = 1287651328                                {product} {ergonomic}
   size_t MinHeapDeltaBytes                        = 1048576                                   {product} {ergonomic}
   size_t MinHeapSize                              = 8388608                                   {product} {ergonomic}
    uintx NonNMethodCodeHeapSize                   = 5839372                                {pd product} {ergonomic}
    uintx NonProfiledCodeHeapSize                  = 122909434                              {pd product} {ergonomic}
    uintx ProfiledCodeHeapSize                     = 122909434                              {pd product} {ergonomic}
    uintx ReservedCodeCacheSize                    = 251658240                              {pd product} {ergonomic}
     bool SegmentedCodeCache                       = true                                      {product} {ergonomic}
   size_t SoftMaxHeapSize                          = 2147483648                             {manageable} {ergonomic}
     bool UseCompressedClassPointers               = true                           {product lp64_product} {ergonomic}
     bool UseCompressedOops                        = true                           {product lp64_product} {ergonomic}
     bool UseG1GC                                  = true                                      {product} {ergonomic}
     bool UseLargePagesIndividualAllocation        = false                                  {pd product} {ergonomic}

Logging:
Log output configuration:
 #0: stdout all=warning uptime,level,tags
 #1: stderr all=off uptime,level,tags

Environment Variables:
JAVA_HOME=C:\Program Files\OpenLogic\jre-17.0.5.8-hotspot\
CLASSPATH=D:\TikTok\reelBanao\android\\gradle\wrapper\gradle-wrapper.jar
PATH=D:\TikTok\reelBanao\node_modules\.bin;D:\TikTok\reelBanao\node_modules\.bin;D:\TikTok\node_modules\.bin;D:\node_modules\.bin;C:\Program Files\nodejs\node_modules\npm\node_modules\@npmcli\run-script\lib\node-gyp-bin;D:\TikTok\reelBanao\node_modules\.bin;D:\TikTok\node_modules\.bin;D:\node_modules\.bin;C:\Program Files\nodejs\node_modules\npm\node_modules\@npmcli\run-script\lib\node-gyp-bin;C:\Program Files\Python311\Scripts\;C:\Program Files\Python311\;C:\Program Files\OpenLogic\jre-17.0.5.8-hotspot\bin;C:\WINDOWS\system32;C:\WINDOWS;C:\WINDOWS\System32\Wbem;C:\WINDOWS\System32\WindowsPowerShell\v1.0\;C:\WINDOWS\System32\OpenSSH\;C:\Program Files\Git\cmd;C:\Users\abhij\Downloads\mongosh-1.8.0-win32-x64\mongosh-1.8.0-win32-x64\bin;C:\Program Files\MongoDB\Server\6.0\bin;C:\Program Files\MongoDB\Server\6.0\bin;C:\Program Files\nodejs\;C:\ProgramData\chocolatey\bin;C:\Program Files\Go\bin;C:\Users\abhij\AppData\Local\Microsoft\WindowsApps;C:\Users\abhij\AppData\Local\Programs\Microsoft VS Code\bin;C:\Users\abhij\AppData\Local\GitHubDesktop\bin;C:\Users\abhij\AppData\Roaming\npm;C:\Users\abhij\AppData\Local\Android\Sdk;C:\Users\abhij\AppData\Local\Android\Sdk\platform-tools;C:\Users\abhij\AppData\Local\Android\Sdk\emulator;C:\Users\abhij\AppData\Local\Android\Sdk\tools;C:\Users\abhij\AppData\Local\Android\Sdk\tools\bin;C:\Users\abhij\go\bin
USERNAME=abhij
LANG=en_US.UTF-8
OS=Windows_NT
PROCESSOR_IDENTIFIER=Intel64 Family 6 Model 140 Stepping 1, GenuineIntel
TMP=C:\Users\abhij\AppData\Local\Temp
TEMP=C:\Users\abhij\AppData\Local\Temp



---------------  S Y S T E M  ---------------

OS:
 Windows 11 , 64 bit Build 22621 (10.0.22621.2428)
OS uptime: 0 days 5:08 hours

CPU: total 8 (initial active 8) (4 cores per cpu, 2 threads per core) family 6 model 140 stepping 1 microcode 0x86, cx8, cmov, fxsr, ht, mmx, 3dnowpref, sse, sse2, sse3, ssse3, sse4.1, sse4.2, popcnt, lzcnt, tsc, tscinvbit, avx, avx2, aes, erms, clmul, bmi1, bmi2, adx, avx512f, avx512dq, avx512cd, avx512bw, avx512vl, sha, fma, vzeroupper, avx512_vpopcntdq, avx512_vpclmulqdq, avx512_vaes, avx512_vnni, clflush, clflushopt, clwb, avx512_vbmi2, avx512_vbmi

Memory: 4k page, system-wide physical 7975M (604M free)
TotalPageFile size 26725M (AvailPageFile size 296M)
current process WorkingSet (physical memory assigned to process): 92M, peak: 558M
current process commit charge ("private bytes"): 576M, peak: 845M

vm_info: OpenJDK 64-Bit Server VM (17.0.5+8-adhoc..jdk17u) for windows-amd64 JRE (17.0.5+8-adhoc..jdk17u), built on Jun  8 2023 10:23:55 by "" with MS VC++ 16.10 / 16.11 (VS2019)

END.
